\BOOKMARK [1][-]{section.1}{\376\377\000I\000n\000t\000r\000o\000d\000u\000z\000i\000o\000n\000e}{}% 1
\BOOKMARK [1][-]{section.2}{\376\377\000I\000l\000\040\000M\000o\000d\000e\000l\000l\000o\000\040\000R\000e\000l\000a\000z\000i\000o\000n\000a\000l\000e}{}% 2
\BOOKMARK [2][-]{subsection.2.1}{\376\377\000N\000o\000t\000a\000z\000i\000o\000n\000e\000\040\000c\000o\000n\000\040\000I\000n\000d\000i\000c\000e}{section.2}% 3
\BOOKMARK [2][-]{subsection.2.2}{\376\377\000R\000a\000p\000p\000r\000e\000s\000e\000n\000t\000a\000z\000i\000o\000n\000e\000\040\000c\000o\000m\000e\000\040\000F\000u\000n\000z\000i\000o\000n\000i}{section.2}% 4
\BOOKMARK [2][-]{subsection.2.3}{\376\377\000I\000n\000t\000e\000g\000r\000i\000t\000\340\000\040\000d\000e\000i\000\040\000D\000a\000t\000i}{section.2}% 5
\BOOKMARK [2][-]{subsection.2.4}{\376\377\000L\000e\000\040\000C\000h\000i\000a\000v\000i}{section.2}% 6
\BOOKMARK [3][-]{subsubsection.2.4.1}{\376\377\000L\000a\000\040\000C\000h\000i\000a\000v\000e\000\040\000E\000s\000t\000e\000r\000n\000a}{subsection.2.4}% 7
\BOOKMARK [2][-]{subsection.2.5}{\376\377\000L\000e\000\040\000D\000i\000p\000e\000n\000d\000e\000n\000z\000e\000\040\000F\000u\000n\000z\000i\000o\000n\000a\000l\000i}{section.2}% 8
\BOOKMARK [1][-]{section.3}{\376\377\000A\000l\000g\000e\000b\000r\000a\000\040\000r\000e\000l\000a\000z\000i\000o\000n\000a\000l\000e}{}% 9
\BOOKMARK [2][-]{subsubsection.3.0.1}{\376\377\000P\000r\000o\000i\000e\000z\000i\000o\000n\000e}{section.3}% 10
\BOOKMARK [3][-]{subsubsection.3.0.2}{\376\377\000S\000e\000l\000e\000z\000i\000o\000n\000e}{subsubsection.3.0.1}% 11
\BOOKMARK [3][-]{subsubsection.3.0.3}{\376\377\000U\000n\000i\000o\000n\000e}{subsubsection.3.0.1}% 12
\BOOKMARK [3][-]{subsubsection.3.0.4}{\376\377\000D\000i\000f\000f\000e\000r\000e\000n\000z\000a}{subsubsection.3.0.1}% 13
\BOOKMARK [3][-]{subsubsection.3.0.5}{\376\377\000I\000n\000t\000e\000r\000s\000e\000z\000i\000o\000n\000e}{subsubsection.3.0.1}% 14
\BOOKMARK [3][-]{subsubsection.3.0.6}{\376\377\000P\000r\000o\000d\000o\000t\000t\000o\000\040\000C\000a\000r\000t\000e\000s\000i\000a\000n\000o}{subsubsection.3.0.1}% 15
\BOOKMARK [3][-]{subsubsection.3.0.7}{\376\377\000J\000o\000i\000n}{subsubsection.3.0.1}% 16
\BOOKMARK [3][-]{subsubsection.3.0.8}{\376\377\000-\000J\000o\000i\000n}{subsubsection.3.0.1}% 17
\BOOKMARK [3][-]{subsubsection.3.0.9}{\376\377\000C\000o\000n\000d\000i\000z\000i\000o\000n\000i\000\040\000N\000e\000g\000a\000t\000i\000v\000e}{subsubsection.3.0.1}% 18
\BOOKMARK [2][-]{subsection.3.1}{\376\377\000Q\000u\000a\000n\000t\000i\000f\000i\000c\000a\000z\000i\000o\000n\000e\000\040\000U\000n\000i\000v\000e\000r\000s\000a\000l\000e}{section.3}% 19
\BOOKMARK [2][-]{subsection.3.2}{\376\377\000E\000s\000e\000m\000p\000i\000\040\000d\000i\000\040\000E\000s\000e\000r\000c\000i\000z\000i}{section.3}% 20
\BOOKMARK [3][-]{subsubsection.3.2.1}{\376\377\000E\000s\000e\000m\000p\000i\000o\000\040\0001}{subsection.3.2}% 21
\BOOKMARK [3][-]{subsubsection.3.2.2}{\376\377\000E\000s\000e\000m\000p\000i\000o\000\040\0002}{subsection.3.2}% 22
\BOOKMARK [1][-]{section.4}{\376\377\000T\000e\000o\000r\000i\000a\000\040\000d\000e\000l\000l\000a\000\040\000N\000o\000r\000m\000a\000l\000i\000z\000z\000a\000z\000i\000o\000n\000e}{}% 23
\BOOKMARK [2][-]{subsection.4.1}{\376\377\000D\000e\000f\000i\000n\000i\000z\000i\000o\000n\000i\000\040\000F\000o\000r\000m\000a\000l\000i}{section.4}% 24
\BOOKMARK [2][-]{subsection.4.2}{\376\377\000G\000l\000i\000\040\000A\000s\000s\000i\000o\000m\000i\000\040\000d\000i\000\040\000A\000r\000m\000s\000t\000r\000o\000n\000g}{section.4}% 25
\BOOKMARK [3][-]{subsubsection.4.2.1}{\376\377\000C\000h\000i\000u\000s\000u\000r\000a\000\040\000d\000i\000\040\000u\000n\000\040\000I\000n\000s\000i\000e\000m\000e\000\040\000d\000i\000\040\000A\000t\000t\000r\000i\000b\000u\000t\000i}{subsection.4.2}% 26
\BOOKMARK [2][-]{subsection.4.3}{\376\377\000T\000e\000o\000r\000e\000m\000a\000\040\000F\000o\000n\000d\000a\000m\000e\000n\000t\000a\000l\000e\000\040\000:\000\040\000F\000+\000=\000F\000A}{section.4}% 27
\BOOKMARK [3][-]{subsubsection.4.3.1}{\376\377\000D\000i\000m\000o\000s\000t\000r\000a\000z\000i\000o\000n\000e}{subsection.4.3}% 28
\BOOKMARK [2][-]{subsection.4.4}{\376\377\000L\000a\000\040\000T\000e\000r\000z\000a\000\040\000F\000o\000r\000m\000a\000\040\000N\000o\000r\000m\000a\000l\000e}{section.4}% 29
\BOOKMARK [3][-]{subsubsection.4.4.1}{\376\377\000D\000i\000p\000e\000n\000d\000e\000n\000z\000e\000\040\000P\000a\000r\000z\000i\000a\000l\000i\000\040\000e\000\040\000T\000r\000a\000n\000s\000i\000t\000i\000v\000e}{subsection.4.4}% 30
\BOOKMARK [3][-]{subsubsection.4.4.2}{\376\377\000D\000e\000c\000o\000m\000p\000o\000s\000i\000z\000i\000o\000n\000e\000\040\000i\000n\000\040\000p\000i\000\371\000\040\000S\000c\000h\000e\000m\000i}{subsection.4.4}% 31
\BOOKMARK [3][-]{subsubsection.4.4.3}{\376\377\000F\000o\000r\000m\000a\000\040\000N\000o\000r\000m\000a\000l\000e\000\040\000B\000o\000y\000c\000e\000-\000C\000o\000d\000d}{subsection.4.4}% 32
\BOOKMARK [2][-]{subsection.4.5}{\376\377\000C\000a\000l\000c\000o\000l\000o\000\040\000p\000e\000r\000\040\000l\000a\000\040\000C\000h\000i\000u\000s\000u\000r\000a\000\040\000d\000i\000\040\000X}{section.4}% 33
\BOOKMARK [3][-]{subsubsection.4.5.1}{\376\377\000L\000'\000A\000l\000g\000o\000r\000i\000t\000m\000o\000\040\0001\000\040\000\050\000w\000h\000i\000t\000e\000C\000o\000m\000p\000u\000t\000e\000\040\000X\000+\000F\000w\000h\000i\000t\000e\000\040\000f\000r\000o\000m\000\040\000F\000\051}{subsection.4.5}% 34
\BOOKMARK [3][-]{subsubsection.4.5.2}{\376\377\000L\000a\000\040\000R\000i\000c\000e\000r\000c\000a\000\040\000d\000e\000l\000l\000e\000\040\000C\000h\000i\000a\000v\000i}{subsection.4.5}% 35
\BOOKMARK [2][-]{subsection.4.6}{\376\377\000P\000r\000e\000s\000e\000r\000v\000a\000r\000e\000\040\000l\000e\000\040\000D\000i\000p\000e\000n\000d\000e\000n\000z\000e\000\040\000F\000u\000n\000z\000i\000o\000n\000a\000l\000i}{section.4}% 36
\BOOKMARK [3][-]{subsubsection.4.6.1}{\376\377\000C\000o\000n\000t\000r\000o\000l\000l\000o\000\040\000d\000e\000l\000l\000'\000U\000n\000i\000o\000n\000e}{subsection.4.6}% 37
\BOOKMARK [3][-]{subsubsection.4.6.2}{\376\377\000L\000'\000A\000l\000g\000o\000r\000i\000t\000m\000o\000\040\0002\000\040\000\050\000w\000h\000i\000t\000e\000C\000o\000m\000p\000u\000t\000e\000\040\000X\000+\000G\000w\000h\000i\000t\000e\000\040\000f\000r\000o\000m\000\040\000F\000\051}{subsection.4.6}% 38
\BOOKMARK [3][-]{subsubsection.4.6.3}{\376\377\000S\000o\000m\000m\000a\000r\000i\000o\000\040\000d\000e\000l\000\040\000P\000r\000o\000c\000e\000d\000i\000m\000e\000n\000t\000o\000\040\000C\000o\000m\000p\000l\000e\000t\000o}{subsection.4.6}% 39
\BOOKMARK [3][-]{subsubsection.4.6.4}{\376\377\000L\000'\000A\000l\000g\000o\000r\000i\000t\000m\000o\000\040\0003\000\040\000\050\000w\000h\000i\000t\000e\000C\000h\000e\000c\000k\000\040\000i\000f\000\040\000F\000G\000+\000\051}{subsection.4.6}% 40
\BOOKMARK [2][-]{subsection.4.7}{\376\377\000J\000o\000i\000n\000\040\000S\000e\000n\000z\000a\000\040\000P\000e\000r\000d\000i\000t\000a}{section.4}% 41
\BOOKMARK [3][-]{subsubsection.4.7.1}{\376\377\000L\000'\000A\000l\000g\000o\000r\000i\000t\000m\000o\000\040\000p\000e\000r\000\040\000i\000l\000\040\000l\000o\000s\000e\000l\000e\000s\000s\000\040\000J\000O\000I\000N\000\040\000\050\000w\000h\000i\000t\000e\000c\000h\000e\000c\000k\000\040\000i\000f\000\040\000w\000h\000i\000t\000e\000\040\000h\000a\000s\000\040\000a\000\040\000l\000o\000s\000e\000l\000e\000s\000s\000\040\000J\000O\000I\000N\000\040\000\051}{subsection.4.7}% 42
\BOOKMARK [2][-]{subsection.4.8}{\376\377\000T\000r\000o\000v\000a\000r\000e\000\040\000u\000n\000a\000\040\000B\000u\000o\000n\000a\000\040\000D\000e\000c\000o\000m\000p\000o\000s\000i\000z\000i\000o\000n\000e}{section.4}% 43
\BOOKMARK [3][-]{subsubsection.4.8.1}{\376\377\000C\000o\000p\000e\000r\000t\000u\000r\000a\000\040\000M\000i\000n\000i\000m\000a\000l\000e}{subsection.4.8}% 44
\BOOKMARK [3][-]{subsubsection.4.8.2}{\376\377\000L\000'\000A\000l\000g\000o\000r\000i\000t\000m\000o\000\040\000p\000e\000r\000\040\000l\000a\000\040\000d\000e\000c\000o\000m\000p\000o\000s\000i\000z\000i\000o\000n\000e\000\040\000\050\000w\000h\000i\000t\000e\000f\000i\000n\000d\000\040\000\051}{subsection.4.8}% 45
\BOOKMARK [1][-]{section.5}{\376\377\000O\000r\000g\000a\000n\000i\000z\000z\000a\000z\000i\000o\000n\000e\000\040\000F\000i\000s\000i\000c\000a}{}% 46
\BOOKMARK [2][-]{subsection.5.1}{\376\377\000S\000p\000e\000c\000i\000f\000i\000c\000h\000e\000\040\000F\000i\000s\000i\000c\000h\000e\000\040\000d\000e\000l\000\040\000D\000i\000s\000c\000o}{section.5}% 47
\BOOKMARK [2][-]{subsection.5.2}{\376\377\000M\000o\000d\000e\000l\000l\000i\000\040\000d\000i\000\040\000O\000r\000g\000a\000n\000i\000z\000z\000a\000z\000i\000o\000n\000e}{section.5}% 48
\BOOKMARK [3][-]{subsubsection.5.2.1}{\376\377\000H\000e\000a\000p\000\040\000F\000i\000l\000e\000\040\000O\000r\000g\000a\000n\000i\000z\000a\000t\000i\000o\000n}{subsection.5.2}% 49
\BOOKMARK [3][-]{subsubsection.5.2.2}{\376\377\000S\000e\000q\000u\000e\000n\000t\000i\000a\000l\000\040\000F\000i\000l\000e\000\040\000O\000r\000g\000a\000n\000i\000z\000a\000t\000i\000o\000n}{subsection.5.2}% 50
\BOOKMARK [3][-]{subsubsection.5.2.3}{\376\377\000R\000a\000n\000d\000o\000m\000\040\000F\000i\000l\000e\000\040\000O\000r\000g\000a\000n\000i\000z\000a\000t\000i\000o\000n\000\040\000\050\000H\000a\000s\000h\000i\000n\000g\000\051}{subsection.5.2}% 51
\BOOKMARK [3][-]{subsubsection.5.2.4}{\376\377\000I\000n\000d\000e\000x\000e\000d\000\040\000S\000e\000q\000u\000e\000n\000t\000i\000a\000l\000\040\000F\000i\000l\000e\000\040\000O\000r\000g\000a\000n\000i\000z\000a\000t\000i\000o\000n}{subsection.5.2}% 52
\BOOKMARK [3][-]{subsubsection.5.2.5}{\376\377\000T\000r\000e\000e\000-\000S\000t\000r\000u\000c\000t\000u\000r\000e\000d\000\040\000I\000n\000d\000e\000x}{subsection.5.2}% 53
\BOOKMARK [1][-]{section.6}{\376\377\000C\000o\000n\000t\000r\000o\000l\000l\000o\000\040\000d\000e\000l\000l\000a\000\040\000C\000o\000n\000c\000o\000r\000r\000e\000n\000z\000a}{}% 54
\BOOKMARK [2][-]{subsection.6.1}{\376\377\000S\000c\000h\000e\000d\000u\000l\000e\000\040\000e\000\040\000T\000r\000a\000n\000s\000a\000z\000i\000o\000n\000i}{section.6}% 55
\BOOKMARK [3][-]{subsubsection.6.1.1}{\376\377\000E\000r\000r\000o\000r\000i\000\040\000s\000u\000i\000\040\000D\000a\000t\000i}{subsection.6.1}% 56
\BOOKMARK [2][-]{subsection.6.2}{\376\377\000P\000r\000o\000t\000o\000c\000o\000l\000l\000i\000\040\000e\000\040\000L\000o\000c\000k\000\040\000a\000\040\0002\000\040\000S\000t\000a\000t\000i}{section.6}% 57
\BOOKMARK [3][-]{subsubsection.6.2.1}{\376\377\000D\000e\000f\000i\000n\000i\000z\000i\000o\000n\000e\000\040\000d\000i\000\040\000L\000o\000c\000k}{subsection.6.2}% 58
\BOOKMARK [3][-]{subsubsection.6.2.2}{\376\377\000G\000r\000a\000f\000o\000\040\000d\000i\000\040\000S\000e\000r\000i\000a\000l\000i\000z\000z\000a\000z\000i\000o\000n\000e}{subsection.6.2}% 59
\BOOKMARK [3][-]{subsubsection.6.2.3}{\376\377\000P\000r\000o\000t\000o\000c\000o\000l\000l\000o\000\040\000a\000\040\000D\000u\000e\000\040\000F\000a\000s\000i}{subsection.6.2}% 60
\BOOKMARK [2][-]{subsection.6.3}{\376\377\000L\000o\000c\000k\000\040\000a\000\040\0003\000\040\000S\000t\000a\000t\000i}{section.6}% 61
\BOOKMARK [3][-]{subsubsection.6.3.1}{\376\377\000N\000u\000o\000v\000o\000\040\000G\000r\000a\000f\000o\000\040\000d\000i\000\040\000S\000e\000r\000i\000a\000l\000i\000z\000z\000a\000z\000i\000o\000n\000e}{subsection.6.3}% 62
\BOOKMARK [2][-]{subsection.6.4}{\376\377\000D\000e\000a\000d\000l\000o\000c\000k\000\040\000e\000\040\000L\000i\000v\000e\000l\000o\000c\000k}{section.6}% 63
\BOOKMARK [3][-]{subsubsection.6.4.1}{\376\377\000S\000t\000a\000l\000l\000o\000\040\000d\000e\000l\000l\000e\000\040\000T\000r\000a\000n\000s\000a\000z\000i\000o\000n\000i\000\040\000e\000\040\000G\000r\000a\000f\000o\000\040\000d\000i\000\040\000A\000t\000t\000e\000s\000a}{subsection.6.4}% 64
\BOOKMARK [3][-]{subsubsection.6.4.2}{\376\377\000S\000i\000t\000u\000a\000z\000i\000o\000n\000e\000\040\000d\000i\000\040\000S\000t\000a\000r\000v\000a\000t\000i\000o\000n}{subsection.6.4}% 65
\BOOKMARK [2][-]{subsection.6.5}{\376\377\000R\000o\000l\000l\000-\000b\000a\000c\000k\000\040\000e\000\040\000P\000u\000n\000t\000i\000\040\000d\000i\000\040\000C\000o\000m\000m\000i\000t}{section.6}% 66
\BOOKMARK [3][-]{subsubsection.6.5.1}{\376\377\000p\000r\000o\000t\000o\000c\000o\000l\000l\000o\000\040\000a\000\040\000d\000u\000e\000\040\000f\000a\000s\000i\000\040\000s\000t\000r\000e\000t\000t\000o}{subsection.6.5}% 67
