This is pdfTeX, Version 3.141592653-2.6-1.40.25 (MiKTeX 23.9.24) (preloaded format=pdflatex 2023.10.3)  17 DEC 2023 16:19
entering extended mode
 restricted \write18 enabled.
 file:line:error style messages enabled.
 %&-line parsing enabled.
**"c:/Users/mcasu/OneDrive/Desktop/University_notes/Secondo Anno/Calcolo delle Probabilita/Latex source file/Calcolo delle Probabilita.tex"
(c:/Users/mcasu/OneDrive/Desktop/University_notes/Secondo Anno/Calcolo delle Probabilita/Latex source file/Calcolo delle Probabilita.tex
LaTeX2e <2023-06-01> patch level 1
L3 programming layer <2023-08-29>
(C:\Users\mcasu\AppData\Local\Programs\MiKTeX\tex/latex/base\article.cls
Document Class: article 2023/05/17 v1.4n Standard LaTeX document class
(C:\Users\mcasu\AppData\Local\Programs\MiKTeX\tex/latex/base\size12.clo
File: size12.clo 2023/05/17 v1.4n Standard LaTeX file (size option)
)
\c@part=\count185
\c@section=\count186
\c@subsection=\count187
\c@subsubsection=\count188
\c@paragraph=\count189
\c@subparagraph=\count190
\c@figure=\count191
\c@table=\count192
\abovecaptionskip=\skip48
\belowcaptionskip=\skip49
\bibindent=\dimen140
) (C:\Users\mcasu\AppData\Local\Programs\MiKTeX\tex/latex/graphics\graphicx.sty
Package: graphicx 2021/09/16 v1.2d Enhanced LaTeX Graphics (DPC,SPQR)
 (C:\Users\mcasu\AppData\Local\Programs\MiKTeX\tex/latex/graphics\keyval.sty
Package: keyval 2022/05/29 v1.15 key=value parser (DPC)
\KV@toks@=\toks17
) (C:\Users\mcasu\AppData\Local\Programs\MiKTeX\tex/latex/graphics\graphics.sty
Package: graphics 2022/03/10 v1.4e Standard LaTeX Graphics (DPC,SPQR)
 (C:\Users\mcasu\AppData\Local\Programs\MiKTeX\tex/latex/graphics\trig.sty
Package: trig 2021/08/11 v1.11 sin cos tan (DPC)
) (C:\Users\mcasu\AppData\Local\Programs\MiKTeX\tex/latex/graphics-cfg\graphics.cfg
File: graphics.cfg 2016/06/04 v1.11 sample graphics configuration
)
Package graphics Info: Driver file: pdftex.def on input line 107.
 (C:\Users\mcasu\AppData\Local\Programs\MiKTeX\tex/latex/graphics-def\pdftex.def
File: pdftex.def 2022/09/22 v1.2b Graphics/color driver for pdftex
))
\Gin@req@height=\dimen141
\Gin@req@width=\dimen142
) (C:\Users\mcasu\AppData\Local\Programs\MiKTeX\tex/latex/hyperref\hyperref.sty
Package: hyperref 2023-07-08 v7.01b Hypertext links for LaTeX
 (C:\Program Files\MiKTeX2\tex/generic/ltxcmds\ltxcmds.sty
Package: ltxcmds 2020-05-10 v1.25 LaTeX kernel commands for general use (HO)
) (C:\Users\mcasu\AppData\Local\Programs\MiKTeX\tex/generic/iftex\iftex.sty
Package: iftex 2022/02/03 v1.0f TeX engine tests
) (C:\Users\mcasu\AppData\Local\Programs\MiKTeX\tex/generic/pdftexcmds\pdftexcmds.sty
Package: pdftexcmds 2020-06-27 v0.33 Utility functions of pdfTeX for LuaTeX (HO)
 (C:\Program Files\MiKTeX2\tex/generic/infwarerr\infwarerr.sty
Package: infwarerr 2019/12/03 v1.5 Providing info/warning/error messages (HO)
)
Package pdftexcmds Info: \pdf@primitive is available.
Package pdftexcmds Info: \pdf@ifprimitive is available.
Package pdftexcmds Info: \pdfdraftmode found.
) (C:\Program Files\MiKTeX2\tex/latex/kvsetkeys\kvsetkeys.sty
Package: kvsetkeys 2022-10-05 v1.19 Key value parser (HO)
) (C:\Program Files\MiKTeX2\tex/generic/kvdefinekeys\kvdefinekeys.sty
Package: kvdefinekeys 2019-12-19 v1.6 Define keys (HO)
) (C:\Program Files\MiKTeX2\tex/generic/pdfescape\pdfescape.sty
Package: pdfescape 2019/12/09 v1.15 Implements pdfTeX's escape features (HO)
) (C:\Program Files\MiKTeX2\tex/latex/hycolor\hycolor.sty
Package: hycolor 2020-01-27 v1.10 Color options for hyperref/bookmark (HO)
) (C:\Program Files\MiKTeX2\tex/latex/letltxmacro\letltxmacro.sty
Package: letltxmacro 2019/12/03 v1.6 Let assignment for LaTeX macros (HO)
) (C:\Program Files\MiKTeX2\tex/latex/auxhook\auxhook.sty
Package: auxhook 2019-12-17 v1.6 Hooks for auxiliary files (HO)
) (C:\Users\mcasu\AppData\Local\Programs\MiKTeX\tex/latex/hyperref\nameref.sty
Package: nameref 2023-08-07 v2.53 Cross-referencing by name of section
 (C:\Program Files\MiKTeX2\tex/latex/refcount\refcount.sty
Package: refcount 2019/12/15 v3.6 Data extraction from label references (HO)
) (C:\Program Files\MiKTeX2\tex/generic/gettitlestring\gettitlestring.sty
Package: gettitlestring 2019/12/15 v1.6 Cleanup title references (HO)
 (C:\Program Files\MiKTeX2\tex/latex/kvoptions\kvoptions.sty
Package: kvoptions 2022-06-15 v3.15 Key value format for package options (HO)
))
\c@section@level=\count193
) (C:\Users\mcasu\AppData\Local\Programs\MiKTeX\tex/latex/etoolbox\etoolbox.sty
Package: etoolbox 2020/10/05 v2.5k e-TeX tools for LaTeX (JAW)
\etb@tempcnta=\count194
)
\@linkdim=\dimen143
\Hy@linkcounter=\count195
\Hy@pagecounter=\count196
 (C:\Users\mcasu\AppData\Local\Programs\MiKTeX\tex/latex/hyperref\pd1enc.def
File: pd1enc.def 2023-07-08 v7.01b Hyperref: PDFDocEncoding definition (HO)
Now handling font encoding PD1 ...
... no UTF-8 mapping file for font encoding PD1
) (C:\Program Files\MiKTeX2\tex/generic/intcalc\intcalc.sty
Package: intcalc 2019/12/15 v1.3 Expandable calculations with integers (HO)
)
\Hy@SavedSpaceFactor=\count197
 (C:\Users\mcasu\AppData\Local\Programs\MiKTeX\tex/latex/hyperref\puenc.def
File: puenc.def 2023-07-08 v7.01b Hyperref: PDF Unicode definition (HO)
Now handling font encoding PU ...
... no UTF-8 mapping file for font encoding PU
)
Package hyperref Info: Hyper figures OFF on input line 4167.
Package hyperref Info: Link nesting OFF on input line 4172.
Package hyperref Info: Hyper index ON on input line 4175.
Package hyperref Info: Plain pages OFF on input line 4182.
Package hyperref Info: Backreferencing OFF on input line 4187.
Package hyperref Info: Implicit mode ON; LaTeX internals redefined.
Package hyperref Info: Bookmarks ON on input line 4434.
\c@Hy@tempcnt=\count198
 (C:\Users\mcasu\AppData\Local\Programs\MiKTeX\tex/latex/url\url.sty
\Urlmuskip=\muskip16
Package: url 2013/09/16  ver 3.4  Verb mode for urls, etc.
)
LaTeX Info: Redefining \url on input line 4772.
\XeTeXLinkMargin=\dimen144
 (C:\Program Files\MiKTeX2\tex/generic/bitset\bitset.sty
Package: bitset 2019/12/09 v1.3 Handle bit-vector datatype (HO)
 (C:\Program Files\MiKTeX2\tex/generic/bigintcalc\bigintcalc.sty
Package: bigintcalc 2019/12/15 v1.5 Expandable calculations on big integers (HO)
))
\Fld@menulength=\count199
\Field@Width=\dimen145
\Fld@charsize=\dimen146
Package hyperref Info: Hyper figures OFF on input line 6051.
Package hyperref Info: Link nesting OFF on input line 6056.
Package hyperref Info: Hyper index ON on input line 6059.
Package hyperref Info: backreferencing OFF on input line 6066.
Package hyperref Info: Link coloring OFF on input line 6071.
Package hyperref Info: Link coloring with OCG OFF on input line 6076.
Package hyperref Info: PDF/A mode OFF on input line 6081.
 (C:\Users\mcasu\AppData\Local\Programs\MiKTeX\tex/latex/base\atbegshi-ltx.sty
Package: atbegshi-ltx 2021/01/10 v1.0c Emulation of the original atbegshi
package with kernel methods
)
\Hy@abspage=\count266
\c@Item=\count267
\c@Hfootnote=\count268
)
Package hyperref Info: Driver (autodetected): hpdftex.
 (C:\Users\mcasu\AppData\Local\Programs\MiKTeX\tex/latex/hyperref\hpdftex.def
File: hpdftex.def 2023-07-08 v7.01b Hyperref driver for pdfTeX
 (C:\Users\mcasu\AppData\Local\Programs\MiKTeX\tex/latex/base\atveryend-ltx.sty
Package: atveryend-ltx 2020/08/19 v1.0a Emulation of the original atveryend package
with kernel methods
)
\Fld@listcount=\count269
\c@bookmark@seq@number=\count270
 (C:\Program Files\MiKTeX2\tex/latex/rerunfilecheck\rerunfilecheck.sty
Package: rerunfilecheck 2022-07-10 v1.10 Rerun checks for auxiliary files (HO)
 (C:\Program Files\MiKTeX2\tex/generic/uniquecounter\uniquecounter.sty
Package: uniquecounter 2019/12/15 v1.4 Provide unlimited unique counter (HO)
)
Package uniquecounter Info: New unique counter `rerunfilecheck' on input line 285.
)
\Hy@SectionHShift=\skip50
) (C:\Users\mcasu\AppData\Local\Programs\MiKTeX\tex/latex/amsfonts\amssymb.sty
Package: amssymb 2013/01/14 v3.01 AMS font symbols
 (C:\Users\mcasu\AppData\Local\Programs\MiKTeX\tex/latex/amsfonts\amsfonts.sty
Package: amsfonts 2013/01/14 v3.01 Basic AMSFonts support
\@emptytoks=\toks18
\symAMSa=\mathgroup4
\symAMSb=\mathgroup5
LaTeX Font Info:    Redeclaring math symbol \hbar on input line 98.
LaTeX Font Info:    Overwriting math alphabet `\mathfrak' in version `bold'
(Font)                  U/euf/m/n --> U/euf/b/n on input line 106.
)) (C:\Users\mcasu\AppData\Local\Programs\MiKTeX\tex/latex/amsmath\amsmath.sty
Package: amsmath 2023/05/13 v2.17o AMS math features
\@mathmargin=\skip51

For additional information on amsmath, use the `?' option.
(C:\Users\mcasu\AppData\Local\Programs\MiKTeX\tex/latex/amsmath\amstext.sty
Package: amstext 2021/08/26 v2.01 AMS text
 (C:\Users\mcasu\AppData\Local\Programs\MiKTeX\tex/latex/amsmath\amsgen.sty
File: amsgen.sty 1999/11/30 v2.0 generic functions
\@emptytoks=\toks19
\ex@=\dimen147
)) (C:\Users\mcasu\AppData\Local\Programs\MiKTeX\tex/latex/amsmath\amsbsy.sty
Package: amsbsy 1999/11/29 v1.2d Bold Symbols
\pmbraise@=\dimen148
) (C:\Users\mcasu\AppData\Local\Programs\MiKTeX\tex/latex/amsmath\amsopn.sty
Package: amsopn 2022/04/08 v2.04 operator names
)
\inf@bad=\count271
LaTeX Info: Redefining \frac on input line 234.
\uproot@=\count272
\leftroot@=\count273
LaTeX Info: Redefining \overline on input line 399.
LaTeX Info: Redefining \colon on input line 410.
\classnum@=\count274
\DOTSCASE@=\count275
LaTeX Info: Redefining \ldots on input line 496.
LaTeX Info: Redefining \dots on input line 499.
LaTeX Info: Redefining \cdots on input line 620.
\Mathstrutbox@=\box51
\strutbox@=\box52
LaTeX Info: Redefining \big on input line 722.
LaTeX Info: Redefining \Big on input line 723.
LaTeX Info: Redefining \bigg on input line 724.
LaTeX Info: Redefining \Bigg on input line 725.
\big@size=\dimen149
LaTeX Font Info:    Redeclaring font encoding OML on input line 743.
LaTeX Font Info:    Redeclaring font encoding OMS on input line 744.
\macc@depth=\count276
LaTeX Info: Redefining \bmod on input line 905.
LaTeX Info: Redefining \pmod on input line 910.
LaTeX Info: Redefining \smash on input line 940.
LaTeX Info: Redefining \relbar on input line 970.
LaTeX Info: Redefining \Relbar on input line 971.
\c@MaxMatrixCols=\count277
\dotsspace@=\muskip17
\c@parentequation=\count278
\dspbrk@lvl=\count279
\tag@help=\toks20
\row@=\count280
\column@=\count281
\maxfields@=\count282
\andhelp@=\toks21
\eqnshift@=\dimen150
\alignsep@=\dimen151
\tagshift@=\dimen152
\tagwidth@=\dimen153
\totwidth@=\dimen154
\lineht@=\dimen155
\@envbody=\toks22
\multlinegap=\skip52
\multlinetaggap=\skip53
\mathdisplay@stack=\toks23
LaTeX Info: Redefining \[ on input line 2953.
LaTeX Info: Redefining \] on input line 2954.
) (C:\Users\mcasu\AppData\Local\Programs\MiKTeX\tex/generic/babel\babel.sty
Package: babel 2023/09/29 v3.95 The Babel package
\babel@savecnt=\count283
\U@D=\dimen156
\l@unhyphenated=\language79
 (C:\Users\mcasu\AppData\Local\Programs\MiKTeX\tex/generic/babel\txtbabel.def)
\bbl@readstream=\read2
\bbl@dirlevel=\count284

*************************************
* Local config file bblopts.cfg used
*
(C:\Users\mcasu\AppData\Local\Programs\MiKTeX\tex/latex/arabi\bblopts.cfg
File: bblopts.cfg 2005/09/08 v0.1 add Arabic and Farsi to "declared" options of babel
) (C:\Users\mcasu\AppData\Local\Programs\MiKTeX\tex/latex/babel-english\english.ldf
Language: english 2017/06/06 v3.3r English support from the babel system
Package babel Info: Hyphen rules for 'canadian' set to \l@english
(babel)             (\language0). Reported on input line 102.
Package babel Info: Hyphen rules for 'australian' set to \l@ukenglish
(babel)             (\language73). Reported on input line 105.
Package babel Info: Hyphen rules for 'newzealand' set to \l@ukenglish
(babel)             (\language73). Reported on input line 108.
)) (C:\Users\mcasu\AppData\Local\Programs\MiKTeX\tex/generic/babel/locale/en\babel-english.tex
Package babel Info: Importing font and identification data for english
(babel)             from babel-en.ini. Reported on input line 11.
) (C:\Program Files\MiKTeX2\tex/latex/units\nicefrac.sty
Package: nicefrac 1998/08/04 v0.9b Nice fractions
\L@UnitsRaiseDisplaystyle=\skip54
\L@UnitsRaiseTextstyle=\skip55
\L@UnitsRaiseScriptstyle=\skip56
 (C:\Users\mcasu\AppData\Local\Programs\MiKTeX\tex/latex/base\ifthen.sty
Package: ifthen 2022/04/13 v1.1d Standard LaTeX ifthen package (DPC)
)) (C:\Users\mcasu\AppData\Local\Programs\MiKTeX\tex/latex/l3packages/xfrac\xfrac.sty (C:\Users\mcasu\AppData\Local\Programs\MiKTeX\tex/latex/l3kernel\expl3.sty
Package: expl3 2023-08-29 L3 programming layer (loader) 
 (C:\Users\mcasu\AppData\Local\Programs\MiKTeX\tex/latex/l3backend\l3backend-pdftex.def
File: l3backend-pdftex.def 2023-04-19 L3 backend support: PDF output (pdfTeX)
\l__color_backend_stack_int=\count285
\l__pdf_internal_box=\box53
)) (C:\Users\mcasu\AppData\Local\Programs\MiKTeX\tex/latex/l3packages/l3keys2e\l3keys2e.sty
Package: l3keys2e 2023-08-29 LaTeX2e option processing using LaTeX3 keys
) (C:\Users\mcasu\AppData\Local\Programs\MiKTeX\tex/latex/base\textcomp.sty
Package: textcomp 2020/02/02 v2.0n Standard LaTeX package
) (C:\Users\mcasu\AppData\Local\Programs\MiKTeX\tex/latex/l3packages/xparse\xparse.sty
Package: xparse 2023-08-29 L3 Experimental document command parser
) (C:\Users\mcasu\AppData\Local\Programs\MiKTeX\tex/latex/l3packages/xtemplate\xtemplate.sty
Package: xtemplate 2023-08-29 L3 Experimental prototype document functions
\l__xtemplate_tmp_dim=\dimen157
\l__xtemplate_tmp_int=\count286
\l__xtemplate_tmp_muskip=\muskip18
\l__xtemplate_tmp_skip=\skip57
)
Package: xfrac 2023-08-29 L3 Experimental split-level fractions
\l__xfrac_slash_box=\box54
\l__xfrac_tmp_box=\box55
\l__xfrac_denominator_bot_sep_dim=\dimen158
\l__xfrac_numerator_bot_sep_dim=\dimen159
\l__xfrac_numerator_top_sep_dim=\dimen160
\l__xfrac_slash_left_sep_dim=\dimen161
\l__xfrac_slash_right_sep_dim=\dimen162
\l__xfrac_slash_left_muskip=\muskip19
\l__xfrac_slash_right_muskip=\muskip20

Package xtemplate Info: Declaring object type 'xfrac' taking 3 argument(s) on
(xtemplate)             line 80.

) (C:\Users\mcasu\AppData\Local\Programs\MiKTeX\tex/latex/graphics\epsfig.sty
Package: epsfig 2017/06/25 v1.7b (e)psfig emulation (SPQR)
\epsfxsize=\dimen163
\epsfysize=\dimen164
) (C:\Users\mcasu\AppData\Local\Programs\MiKTeX\tex/latex/xcolor\xcolor.sty
Package: xcolor 2022/06/12 v2.14 LaTeX color extensions (UK)
 (C:\Users\mcasu\AppData\Local\Programs\MiKTeX\tex/latex/graphics-cfg\color.cfg
File: color.cfg 2016/01/02 v1.6 sample color configuration
)
Package xcolor Info: Driver file: pdftex.def on input line 227.
 (C:\Program Files\MiKTeX2\tex/latex/colortbl\colortbl.sty
Package: colortbl 2022/06/20 v1.0f Color table columns (DPC)
 (C:\Users\mcasu\AppData\Local\Programs\MiKTeX\tex/latex/tools\array.sty
Package: array 2022/09/04 v2.5g Tabular extension package (FMi)
\col@sep=\dimen165
\ar@mcellbox=\box56
\extrarowheight=\dimen166
\NC@list=\toks24
\extratabsurround=\skip58
\backup@length=\skip59
\ar@cellbox=\box57
)
\everycr=\toks25
\minrowclearance=\skip60
\rownum=\count287
) (C:\Users\mcasu\AppData\Local\Programs\MiKTeX\tex/latex/graphics\mathcolor.ltx)
Package xcolor Info: Model `cmy' substituted by `cmy0' on input line 1353.
Package xcolor Info: Model `hsb' substituted by `rgb' on input line 1357.
Package xcolor Info: Model `RGB' extended on input line 1369.
Package xcolor Info: Model `HTML' substituted by `rgb' on input line 1371.
Package xcolor Info: Model `Hsb' substituted by `hsb' on input line 1372.
Package xcolor Info: Model `tHsb' substituted by `hsb' on input line 1373.
Package xcolor Info: Model `HSB' substituted by `hsb' on input line 1374.
Package xcolor Info: Model `Gray' substituted by `gray' on input line 1375.
Package xcolor Info: Model `wave' substituted by `hsb' on input line 1376.
) (C:\Program Files\MiKTeX2\tex/latex/geometry\geometry.sty
Package: geometry 2020/01/02 v5.9 Page Geometry
 (C:\Users\mcasu\AppData\Local\Programs\MiKTeX\tex/generic/iftex\ifvtex.sty
Package: ifvtex 2019/10/25 v1.7 ifvtex legacy package. Use iftex instead.
)
\Gm@cnth=\count288
\Gm@cntv=\count289
\c@Gm@tempcnt=\count290
\Gm@bindingoffset=\dimen167
\Gm@wd@mp=\dimen168
\Gm@odd@mp=\dimen169
\Gm@even@mp=\dimen170
\Gm@layoutwidth=\dimen171
\Gm@layoutheight=\dimen172
\Gm@layouthoffset=\dimen173
\Gm@layoutvoffset=\dimen174
\Gm@dimlist=\toks26
 (C:\Program Files\MiKTeX2\tex/latex/geometry\geometry.cfg)) (Calcolo delle Probabilita.aux)
\openout1 = `"Calcolo delle Probabilita.aux"'.

LaTeX Font Info:    Checking defaults for OML/cmm/m/it on input line 24.
LaTeX Font Info:    ... okay on input line 24.
LaTeX Font Info:    Checking defaults for OMS/cmsy/m/n on input line 24.
LaTeX Font Info:    ... okay on input line 24.
LaTeX Font Info:    Checking defaults for OT1/cmr/m/n on input line 24.
LaTeX Font Info:    ... okay on input line 24.
LaTeX Font Info:    Checking defaults for T1/cmr/m/n on input line 24.
LaTeX Font Info:    ... okay on input line 24.
LaTeX Font Info:    Checking defaults for TS1/cmr/m/n on input line 24.
LaTeX Font Info:    ... okay on input line 24.
LaTeX Font Info:    Checking defaults for OMX/cmex/m/n on input line 24.
LaTeX Font Info:    ... okay on input line 24.
LaTeX Font Info:    Checking defaults for U/cmr/m/n on input line 24.
LaTeX Font Info:    ... okay on input line 24.
LaTeX Font Info:    Checking defaults for PD1/pdf/m/n on input line 24.
LaTeX Font Info:    ... okay on input line 24.
LaTeX Font Info:    Checking defaults for PU/pdf/m/n on input line 24.
LaTeX Font Info:    ... okay on input line 24.
 (C:\Users\mcasu\AppData\Local\Programs\MiKTeX\tex/context/base/mkii\supp-pdf.mkii
[Loading MPS to PDF converter (version 2006.09.02).]
\scratchcounter=\count291
\scratchdimen=\dimen175
\scratchbox=\box58
\nofMPsegments=\count292
\nofMParguments=\count293
\everyMPshowfont=\toks27
\MPscratchCnt=\count294
\MPscratchDim=\dimen176
\MPnumerator=\count295
\makeMPintoPDFobject=\count296
\everyMPtoPDFconversion=\toks28
) (C:\Users\mcasu\AppData\Local\Programs\MiKTeX\tex/latex/epstopdf-pkg\epstopdf-base.sty
Package: epstopdf-base 2020-01-24 v2.11 Base part for package epstopdf
Package epstopdf-base Info: Redefining graphics rule for `.eps' on input line 485.
 (C:\Users\mcasu\AppData\Local\Programs\MiKTeX\tex/latex/00miktex\epstopdf-sys.cfg
File: epstopdf-sys.cfg 2021/03/18 v2.0 Configuration of epstopdf for MiKTeX
))
Package hyperref Info: Link coloring OFF on input line 24.
 (Calcolo delle Probabilita.out) (Calcolo delle Probabilita.out)
\@outlinefile=\write3
\openout3 = `"Calcolo delle Probabilita.out"'.


*geometry* driver: auto-detecting
*geometry* detected driver: pdftex
*geometry* verbose mode - [ preamble ] result:
* driver: pdftex
* paper: a4paper
* layout: <same size as paper>
* layoutoffset:(h,v)=(0.0pt,0.0pt)
* modes: 
* h-part:(L,W,R)=(56.9055pt, 483.69687pt, 56.9055pt)
* v-part:(T,H,B)=(71.13188pt, 702.78308pt, 71.13188pt)
* \paperwidth=597.50787pt
* \paperheight=845.04684pt
* \textwidth=483.69687pt
* \textheight=702.78308pt
* \oddsidemargin=-15.36449pt
* \evensidemargin=-15.36449pt
* \topmargin=-38.1381pt
* \headheight=12.0pt
* \headsep=25.0pt
* \topskip=12.0pt
* \footskip=30.0pt
* \marginparwidth=44.0pt
* \marginparsep=10.0pt
* \columnsep=10.0pt
* \skip\footins=10.8pt plus 4.0pt minus 2.0pt
* \hoffset=0.0pt
* \voffset=0.0pt
* \mag=1000
* \@twocolumnfalse
* \@twosidefalse
* \@mparswitchfalse
* \@reversemarginfalse
* (1in=72.27pt=25.4mm, 1cm=28.453pt)

LaTeX Font Info:    Trying to load font information for U+msa on input line 29.
(C:\Users\mcasu\AppData\Local\Programs\MiKTeX\tex/latex/amsfonts\umsa.fd
File: umsa.fd 2013/01/14 v3.01 AMS symbols A
)
LaTeX Font Info:    Trying to load font information for U+msb on input line 29.
 (C:\Users\mcasu\AppData\Local\Programs\MiKTeX\tex/latex/amsfonts\umsb.fd
File: umsb.fd 2013/01/14 v3.01 AMS symbols B
)
<images/cop.jpeg, id=239, 1027.84pt x 1027.84pt>
File: images/cop.jpeg Graphic file (type jpg)
<use images/cop.jpeg>
Package pdftex.def Info: images/cop.jpeg  used on input line 31.
(pdftex.def)             Requested size: 435.32422pt x 435.32845pt.
 [1

{C:/Users/mcasu/AppData/Local/MiKTeX/fonts/map/pdftex/pdftex.map} <./images/cop.jpeg>] (Calcolo delle Probabilita.toc [2])
\tf@toc=\write4
\openout4 = `"Calcolo delle Probabilita.toc"'.

 [3] [4] [5] [6] [7]
LaTeX Font Info:    Calculating math sizes for size <8.4> on input line 239.


LaTeX Font Warning: Font shape `OT1/cmr/m/n' in size <4.2> not available
(Font)              size <5> substituted on input line 239.


LaTeX Font Warning: Font shape `OML/cmm/m/it' in size <4.2> not available
(Font)              size <5> substituted on input line 239.


LaTeX Font Warning: Font shape `OMS/cmsy/m/n' in size <4.2> not available
(Font)              size <5> substituted on input line 239.

[8] [9] [10] [11] [12]
LaTeX Font Info:    Trying to load font information for OMS+cmr on input line 472.
 (C:\Users\mcasu\AppData\Local\Programs\MiKTeX\tex/latex/base\omscmr.fd
File: omscmr.fd 2023/04/13 v2.5m Standard LaTeX font definitions
)
LaTeX Font Info:    Font shape `OMS/cmr/m/n' in size <12> not available
(Font)              Font shape `OMS/cmsy/m/n' tried instead on input line 472.
 [13]
<images/probTotale.png, id=397, 1217.2978pt x 466.74374pt>
File: images/probTotale.png Graphic file (type png)
<use images/probTotale.png>
Package pdftex.def Info: images/probTotale.png  used on input line 504.
(pdftex.def)             Requested size: 290.22107pt x 111.27298pt.
 [14 <./images/probTotale.png>] [15]
Package epstopdf Info: Source file: <images/PasseggiataAleatoriaPiano.eps>
(epstopdf)                    date: 2023-10-28 14:05:39
(epstopdf)                    size: 32633 bytes
(epstopdf)             Output file: <images/PasseggiataAleatoriaPiano-eps-converted-to.pdf>
(epstopdf)                    date: 2023-10-28 14:05:42
(epstopdf)                    size: 5159 bytes
(epstopdf)             Command: <miktex-epstopdf --outfile=images/PasseggiataAleatoriaPiano-eps-converted-to.pdf images/PasseggiataAleatoriaPiano.eps>
(epstopdf)             \includegraphics on input line 579.
Package epstopdf Info: Output file is already uptodate.
<images/PasseggiataAleatoriaPiano-eps-converted-to.pdf, id=420, 336.25626pt x 276.03125pt>
File: images/PasseggiataAleatoriaPiano-eps-converted-to.pdf Graphic file (type pdf)
<use images/PasseggiataAleatoriaPiano-eps-converted-to.pdf>
Package pdftex.def Info: images/PasseggiataAleatoriaPiano-eps-converted-to.pdf  used on input line 579.
(pdftex.def)             Requested size: 218.56396pt x 179.41817pt.
 [16 <./images/PasseggiataAleatoriaPiano-eps-converted-to.pdf>]
Package epstopdf Info: Source file: <images/PasseggiataRovinata.eps>
(epstopdf)                    date: 2023-10-28 14:22:04
(epstopdf)                    size: 67026 bytes
(epstopdf)             Output file: <images/PasseggiataRovinata-eps-converted-to.pdf>
(epstopdf)                    date: 2023-10-28 14:22:20
(epstopdf)                    size: 8620 bytes
(epstopdf)             Command: <miktex-epstopdf --outfile=images/PasseggiataRovinata-eps-converted-to.pdf images/PasseggiataRovinata.eps>
(epstopdf)             \includegraphics on input line 606.
Package epstopdf Info: Output file is already uptodate.
<images/PasseggiataRovinata-eps-converted-to.pdf, id=434, 405.515pt x 276.03125pt>
File: images/PasseggiataRovinata-eps-converted-to.pdf Graphic file (type pdf)
<use images/PasseggiataRovinata-eps-converted-to.pdf>
Package pdftex.def Info: images/PasseggiataRovinata-eps-converted-to.pdf  used on input line 606.
(pdftex.def)             Requested size: 304.13548pt x 207.02292pt.
 [17 <./images/PasseggiataRovinata-eps-converted-to.pdf>] [18] [19]
Package epstopdf Info: Source file: <images/istogramma.eps>
(epstopdf)                    date: 2023-11-01 18:53:05
(epstopdf)                    size: 33693 bytes
(epstopdf)             Output file: <images/istogramma-eps-converted-to.pdf>
(epstopdf)                    date: 2023-11-01 18:53:08
(epstopdf)                    size: 5129 bytes
(epstopdf)             Command: <miktex-epstopdf --outfile=images/istogramma-eps-converted-to.pdf images/istogramma.eps>
(epstopdf)             \includegraphics on input line 701.
Package epstopdf Info: Output file is already uptodate.
<images/istogramma-eps-converted-to.pdf, id=472, 177.66376pt x 117.43875pt>
File: images/istogramma-eps-converted-to.pdf Graphic file (type pdf)
<use images/istogramma-eps-converted-to.pdf>
Package pdftex.def Info: images/istogramma-eps-converted-to.pdf  used on input line 701.
(pdftex.def)             Requested size: 266.49496pt x 176.15767pt.
 [20 <./images/istogramma-eps-converted-to.pdf>]
Package epstopdf Info: Source file: <images/istogrammaFisico.eps>
(epstopdf)                    date: 2023-11-05 19:07:37
(epstopdf)                    size: 52289 bytes
(epstopdf)             Output file: <images/istogrammaFisico-eps-converted-to.pdf>
(epstopdf)                    date: 2023-11-05 19:07:41
(epstopdf)                    size: 7507 bytes
(epstopdf)             Command: <miktex-epstopdf --outfile=images/istogrammaFisico-eps-converted-to.pdf images/istogrammaFisico.eps>
(epstopdf)             \includegraphics on input line 744.
Package epstopdf Info: Output file is already uptodate.
<images/istogrammaFisico-eps-converted-to.pdf, id=485, 325.215pt x 116.435pt>
File: images/istogrammaFisico-eps-converted-to.pdf Graphic file (type pdf)
<use images/istogrammaFisico-eps-converted-to.pdf>
Package pdftex.def Info: images/istogrammaFisico-eps-converted-to.pdf  used on input line 744.
(pdftex.def)             Requested size: 487.8213pt x 174.65205pt.

Overfull \hbox (4.12444pt too wide) in paragraph at lines 744--745
 [] 
 []

[21 <./images/istogrammaFisico-eps-converted-to.pdf>] [22]
Package epstopdf Info: Source file: <images/VABernoulli.eps>
(epstopdf)                    date: 2023-11-05 19:34:40
(epstopdf)                    size: 45953 bytes
(epstopdf)             Output file: <images/VABernoulli-eps-converted-to.pdf>
(epstopdf)                    date: 2023-11-05 19:35:03
(epstopdf)                    size: 5799 bytes
(epstopdf)             Command: <miktex-epstopdf --outfile=images/VABernoulli-eps-converted-to.pdf images/VABernoulli.eps>
(epstopdf)             \includegraphics on input line 835.
Package epstopdf Info: Output file is already uptodate.
<images/VABernoulli-eps-converted-to.pdf, id=509, 97.36375pt x 67.25125pt>
File: images/VABernoulli-eps-converted-to.pdf Graphic file (type pdf)
<use images/VABernoulli-eps-converted-to.pdf>
Package pdftex.def Info: images/VABernoulli-eps-converted-to.pdf  used on input line 835.
(pdftex.def)             Requested size: 97.3635pt x 67.25107pt.
 [23 <./images/VABernoulli-eps-converted-to.pdf>] [24] [25]
Package epstopdf Info: Source file: <images/cov.eps>
(epstopdf)                    date: 2023-11-14 18:50:56
(epstopdf)                    size: 65343 bytes
(epstopdf)             Output file: <images/cov-eps-converted-to.pdf>
(epstopdf)                    date: 2023-11-14 18:50:56
(epstopdf)                    size: 10751 bytes
(epstopdf)             Command: <miktex-epstopdf --outfile=images/cov-eps-converted-to.pdf images/cov.eps>
(epstopdf)             \includegraphics on input line 976.
Package epstopdf Info: Output file is already uptodate.


pdfTeX warning: pdflatex.exe (file ./images/cov-eps-converted-to.pdf): PDF inclusion: found PDF version <1.7>, but at most version <1.5> allowed
<images/cov-eps-converted-to.pdf, id=554, 542.025pt x 182.6825pt>
File: images/cov-eps-converted-to.pdf Graphic file (type pdf)
<use images/cov-eps-converted-to.pdf>
Package pdftex.def Info: images/cov-eps-converted-to.pdf  used on input line 976.
(pdftex.def)             Requested size: 362.77264pt x 122.27118pt.
[26 <./images/cov-eps-converted-to.pdf>] [27]
Package epstopdf Info: Source file: <images/x2.eps>
(epstopdf)                    date: 2023-11-17 11:16:16
(epstopdf)                    size: 60831 bytes
(epstopdf)             Output file: <images/x2-eps-converted-to.pdf>
(epstopdf)                    date: 2023-11-17 11:16:20
(epstopdf)                    size: 6975 bytes
(epstopdf)             Command: <miktex-epstopdf --outfile=images/x2-eps-converted-to.pdf images/x2.eps>
(epstopdf)             \includegraphics on input line 1070.
Package epstopdf Info: Output file is already uptodate.
<images/x2-eps-converted-to.pdf, id=582, 194.7275pt x 65.24374pt>
File: images/x2-eps-converted-to.pdf Graphic file (type pdf)
<use images/x2-eps-converted-to.pdf>
Package pdftex.def Info: images/x2-eps-converted-to.pdf  used on input line 1070.
(pdftex.def)             Requested size: 241.84843pt x 81.03479pt.


LaTeX Warning: `h' float specifier changed to `ht'.

[28]
Overfull \hbox (14.92801pt too wide) detected at line 1095
[][][][] \U/msb/m/n/12 P\OT1/cmr/m/n/12 (\OML/cmm/m/it/12 Z \OT1/cmr/m/n/12 = \OML/cmm/m/it/12 z; X \OT1/cmr/m/n/12 = \OML/cmm/m/it/12 x\OT1/cmr/m/n/12 ) = [] \U/msb/m/n/12 P\OT1/cmr/m/n/12 (\OML/cmm/m/it/12 x \OT1/cmr/m/n/12 + \OML/cmm/m/it/12 Y \OT1/cmr/m/n/12 = \OML/cmm/m/it/12 z; X \OT1/cmr/m/n/12 = \OML/cmm/m/it/12 x\OT1/cmr/m/n/12 ) = [] \U/msb/m/n/12 P\OT1/cmr/m/n/12 (\OML/cmm/m/it/12 Y \OT1/cmr/m/n/12 = \OML/cmm/m/it/12 z \OMS/cmsy/m/n/12 ^^@ \OML/cmm/m/it/12 x; X \OT1/cmr/m/n/12 = \OML/cmm/m/it/12 x\OT1/cmr/m/n/12 )\OMS/cmsy/m/n/12 8\OML/cmm/m/it/12 z \OMS/cmsy/m/n/12 2 \OML/cmm/m/it/12 Im\OT1/cmr/m/n/12 (\OML/cmm/m/it/12 Z\OT1/cmr/m/n/12 )
 []

[29 <./images/x2-eps-converted-to.pdf>] [30] [31] [32]
Package epstopdf Info: Source file: <images/leggeGrandiNum.eps>
(epstopdf)                    date: 2023-11-22 11:51:54
(epstopdf)                    size: 84649 bytes
(epstopdf)             Output file: <images/leggeGrandiNum-eps-converted-to.pdf>
(epstopdf)                    date: 2023-11-22 11:52:21
(epstopdf)                    size: 10777 bytes
(epstopdf)             Command: <miktex-epstopdf --outfile=images/leggeGrandiNum-eps-converted-to.pdf images/leggeGrandiNum.eps>
(epstopdf)             \includegraphics on input line 1247.
Package epstopdf Info: Output file is already uptodate.
<images/leggeGrandiNum-eps-converted-to.pdf, id=640, 450.68375pt x 143.53625pt>
File: images/leggeGrandiNum-eps-converted-to.pdf Graphic file (type pdf)
<use images/leggeGrandiNum-eps-converted-to.pdf>
Package pdftex.def Info: images/leggeGrandiNum-eps-converted-to.pdf  used on input line 1247.
(pdftex.def)             Requested size: 483.69687pt x 154.05753pt.


LaTeX Warning: `h' float specifier changed to `ht'.

[33] [34 <./images/leggeGrandiNum-eps-converted-to.pdf>] [35]
Package epstopdf Info: Source file: <images/varCongiunte.eps>
(epstopdf)                    date: 2023-11-25 16:33:57
(epstopdf)                    size: 62952 bytes
(epstopdf)             Output file: <images/varCongiunte-eps-converted-to.pdf>
(epstopdf)                    date: 2023-11-25 16:34:16
(epstopdf)                    size: 7868 bytes
(epstopdf)             Command: <miktex-epstopdf --outfile=images/varCongiunte-eps-converted-to.pdf images/varCongiunte.eps>
(epstopdf)             \includegraphics on input line 1330.
Package epstopdf Info: Output file is already uptodate.
<images/varCongiunte-eps-converted-to.pdf, id=679, 364.36125pt x 135.50626pt>
File: images/varCongiunte-eps-converted-to.pdf Graphic file (type pdf)
<use images/varCongiunte-eps-converted-to.pdf>
Package pdftex.def Info: images/varCongiunte-eps-converted-to.pdf  used on input line 1330.
(pdftex.def)             Requested size: 338.58632pt x 125.92438pt.
 [36 <./images/varCongiunte-eps-converted-to.pdf>] [37]
Package epstopdf Info: Source file: <images/vaContinua.eps>
(epstopdf)                    date: 2023-11-28 19:29:55
(epstopdf)                    size: 178136 bytes
(epstopdf)             Output file: <images/vaContinua-eps-converted-to.pdf>
(epstopdf)                    date: 2023-11-28 19:30:15
(epstopdf)                    size: 23387 bytes
(epstopdf)             Command: <miktex-epstopdf --outfile=images/vaContinua-eps-converted-to.pdf images/vaContinua.eps>
(epstopdf)             \includegraphics on input line 1429.
Package epstopdf Info: Output file is already uptodate.
<images/vaContinua-eps-converted-to.pdf, id=705, 360.34625pt x 273.02pt>
File: images/vaContinua-eps-converted-to.pdf Graphic file (type pdf)
<use images/vaContinua-eps-converted-to.pdf>
Package pdftex.def Info: images/vaContinua-eps-converted-to.pdf  used on input line 1429.
(pdftex.def)             Requested size: 338.58632pt x 256.53052pt.
Package epstopdf Info: Source file: <images/unCont.eps>
(epstopdf)                    date: 2023-11-28 20:00:12
(epstopdf)                    size: 61666 bytes
(epstopdf)             Output file: <images/unCont-eps-converted-to.pdf>
(epstopdf)                    date: 2023-11-28 20:00:16
(epstopdf)                    size: 7119 bytes
(epstopdf)             Command: <miktex-epstopdf --outfile=images/unCont-eps-converted-to.pdf images/unCont.eps>
(epstopdf)             \includegraphics on input line 1455.
Package epstopdf Info: Output file is already uptodate.
<images/unCont-eps-converted-to.pdf, id=706, 300.12125pt x 149.55875pt>
File: images/unCont-eps-converted-to.pdf Graphic file (type pdf)
<use images/unCont-eps-converted-to.pdf>
Package pdftex.def Info: images/unCont-eps-converted-to.pdf  used on input line 1455.
(pdftex.def)             Requested size: 241.84843pt x 120.52347pt.
 [38 <./images/vaContinua-eps-converted-to.pdf>] [39 <./images/unCont-eps-converted-to.pdf>]
Package epstopdf Info: Source file: <images/distCont.eps>
(epstopdf)                    date: 2023-11-28 20:58:09
(epstopdf)                    size: 80565 bytes
(epstopdf)             Output file: <images/distCont-eps-converted-to.pdf>
(epstopdf)                    date: 2023-11-28 20:58:27
(epstopdf)                    size: 9216 bytes
(epstopdf)             Command: <miktex-epstopdf --outfile=images/distCont-eps-converted-to.pdf images/distCont.eps>
(epstopdf)             \includegraphics on input line 1512.
Package epstopdf Info: Output file is already uptodate.
<images/distCont-eps-converted-to.pdf, id=778, 814.04124pt x 149.55875pt>
File: images/distCont-eps-converted-to.pdf Graphic file (type pdf)
<use images/distCont-eps-converted-to.pdf>
Package pdftex.def Info: images/distCont-eps-converted-to.pdf  used on input line 1512.
(pdftex.def)             Requested size: 483.69687pt x 88.86646pt.
Package epstopdf Info: Source file: <images/Gaussiana.eps>
(epstopdf)                    date: 2023-12-05 19:22:00
(epstopdf)                    size: 32034 bytes
(epstopdf)             Output file: <images/Gaussiana-eps-converted-to.pdf>
(epstopdf)                    date: 2023-12-05 19:22:03
(epstopdf)                    size: 4941 bytes
(epstopdf)             Command: <miktex-epstopdf --outfile=images/Gaussiana-eps-converted-to.pdf images/Gaussiana.eps>
(epstopdf)             \includegraphics on input line 1534.
Package epstopdf Info: Output file is already uptodate.
<images/Gaussiana-eps-converted-to.pdf, id=779, 194.7275pt x 109.40875pt>
File: images/Gaussiana-eps-converted-to.pdf Graphic file (type pdf)
<use images/Gaussiana-eps-converted-to.pdf>
Package pdftex.def Info: images/Gaussiana-eps-converted-to.pdf  used on input line 1534.
(pdftex.def)             Requested size: 241.84843pt x 135.88913pt.
 [40 <./images/distCont-eps-converted-to.pdf> <./images/Gaussiana-eps-converted-to.pdf>] [41]
Package epstopdf Info: Source file: <images/Gaussiana2.eps>
(epstopdf)                    date: 2023-12-05 20:17:34
(epstopdf)                    size: 140878 bytes
(epstopdf)             Output file: <images/Gaussiana2-eps-converted-to.pdf>
(epstopdf)                    date: 2023-12-05 20:17:38
(epstopdf)                    size: 14817 bytes
(epstopdf)             Command: <miktex-epstopdf --outfile=images/Gaussiana2-eps-converted-to.pdf images/Gaussiana2.eps>
(epstopdf)             \includegraphics on input line 1596.
Package epstopdf Info: Output file is already uptodate.
<images/Gaussiana2-eps-converted-to.pdf, id=826, 378.41376pt x 109.40875pt>
File: images/Gaussiana2-eps-converted-to.pdf Graphic file (type pdf)
<use images/Gaussiana2-eps-converted-to.pdf>
Package pdftex.def Info: images/Gaussiana2-eps-converted-to.pdf  used on input line 1596.
(pdftex.def)             Requested size: 483.69687pt x 139.85071pt.
 [42 <./images/Gaussiana2-eps-converted-to.pdf>] [43]
Package epstopdf Info: Source file: <images/phi.eps>
(epstopdf)                    date: 2023-12-14 13:47:05
(epstopdf)                    size: 62593 bytes
(epstopdf)             Output file: <images/phi-eps-converted-to.pdf>
(epstopdf)                    date: 2023-12-14 13:47:32
(epstopdf)                    size: 7645 bytes
(epstopdf)             Command: <miktex-epstopdf --outfile=images/phi-eps-converted-to.pdf images/phi.eps>
(epstopdf)             \includegraphics on input line 1676.
Package epstopdf Info: Output file is already uptodate.
<images/phi-eps-converted-to.pdf, id=872, 281.05pt x 136.51pt>
File: images/phi-eps-converted-to.pdf Graphic file (type pdf)
<use images/phi-eps-converted-to.pdf>
Package pdftex.def Info: images/phi-eps-converted-to.pdf  used on input line 1676.
(pdftex.def)             Requested size: 241.84843pt x 117.46921pt.
 [44 <./images/phi-eps-converted-to.pdf>]
Overfull \hbox (0.39742pt too wide) detected at line 1682
\OMS/cmsy/m/n/12 8\OML/cmm/m/it/12 x \OMS/cmsy/m/n/12 2 \U/msb/m/n/12 R[]P\OT1/cmr/m/n/12 (\OML/cmm/m/it/12 ^^^\OT1/cmr/m/n/12 (\OML/cmm/m/it/12 X\OT1/cmr/m/n/12 ) \OMS/cmsy/m/n/12 ^^T \OML/cmm/m/it/12 x\OT1/cmr/m/n/12 ) = \U/msb/m/n/12 P\OT1/cmr/m/n/12 (\OML/cmm/m/it/12 F[]\OT1/cmr/m/n/12 (\OML/cmm/m/it/12 U\OT1/cmr/m/n/12 ) \OMS/cmsy/m/n/12 ^^T \OML/cmm/m/it/12 x\OT1/cmr/m/n/12 ) = []\OML/cmm/m/it/12 F[][] \OT1/cmr/m/n/12 = \U/msb/m/n/12 P\OT1/cmr/m/n/12 (\OML/cmm/m/it/12 U \OMS/cmsy/m/n/12 ^^T \OML/cmm/m/it/12 F[]\OT1/cmr/m/n/12 (\OML/cmm/m/it/12 x\OT1/cmr/m/n/12 ))
 []

Package epstopdf Info: Source file: <images/markovGraph.eps>
(epstopdf)                    date: 2023-12-16 16:42:00
(epstopdf)                    size: 45017 bytes
(epstopdf)             Output file: <images/markovGraph-eps-converted-to.pdf>
(epstopdf)                    date: 2023-12-16 16:42:17
(epstopdf)                    size: 27447 bytes
(epstopdf)             Command: <miktex-epstopdf --outfile=images/markovGraph-eps-converted-to.pdf images/markovGraph.eps>
(epstopdf)             \includegraphics on input line 1703.
Package epstopdf Info: Output file is already uptodate.
<images/markovGraph-eps-converted-to.pdf, id=892, 327.2225pt x 272.01625pt>
File: images/markovGraph-eps-converted-to.pdf Graphic file (type pdf)
<use images/markovGraph-eps-converted-to.pdf>
Package pdftex.def Info: images/markovGraph-eps-converted-to.pdf  used on input line 1703.
(pdftex.def)             Requested size: 241.84843pt x 201.04398pt.
[45 <./images/markovGraph-eps-converted-to.pdf>]
Package epstopdf Info: Source file: <images/markovWx.eps>
(epstopdf)                    date: 2023-12-16 17:04:56
(epstopdf)                    size: 133437 bytes
(epstopdf)             Output file: <images/markovWx-eps-converted-to.pdf>
(epstopdf)                    date: 2023-12-16 17:05:13
(epstopdf)                    size: 29162 bytes
(epstopdf)             Command: <miktex-epstopdf --outfile=images/markovWx-eps-converted-to.pdf images/markovWx.eps>
(epstopdf)             \includegraphics on input line 1729.
Package epstopdf Info: Output file is already uptodate.
<images/markovWx-eps-converted-to.pdf, id=913, 727.71875pt x 289.08pt>
File: images/markovWx-eps-converted-to.pdf Graphic file (type pdf)
<use images/markovWx-eps-converted-to.pdf>
Package pdftex.def Info: images/markovWx-eps-converted-to.pdf  used on input line 1729.
(pdftex.def)             Requested size: 532.0695pt x 211.36629pt.

Overfull \hbox (48.37263pt too wide) in paragraph at lines 1729--1731
 [][] 
 []

[46 <./images/markovWx-eps-converted-to.pdf>] (Calcolo delle Probabilita.aux)
 ***********
LaTeX2e <2023-06-01> patch level 1
L3 programming layer <2023-08-29>
 ***********


LaTeX Font Warning: Size substitutions with differences
(Font)              up to 2.90001pt have occurred.

Package rerunfilecheck Info: File `"Calcolo delle Probabilita".out' has not changed.
(rerunfilecheck)             Checksum: 2C337FFB28546955B1F6731DAE125761;12357.
 ) 
Here is how much of TeX's memory you used:
 12908 strings out of 475248
 212255 string characters out of 5757813
 1939785 words of memory out of 5000000
 34023 multiletter control sequences out of 15000+600000
 574008 words of font info for 101 fonts, out of 8000000 for 9000
 1141 hyphenation exceptions out of 8191
 75i,14n,79p,547b,549s stack positions out of 10000i,1000n,20000p,200000b,200000s
 <C:\Users\mcasu\AppData\Local\MiKTeX\fonts/pk/ljfour/jknappen/ec/dpi600\tcrm1200.pk><C:/Users/mcasu/AppData/Local/Programs/MiKTeX/fonts/type1/public/amsfonts/cm/cmbx12.pfb><C:/Users/mcasu/AppData/Local/Programs/MiKTeX/fonts/type1/public/amsfonts/cm/cmex10.pfb><C:/Users/mcasu/AppData/Local/Programs/MiKTeX/fonts/type1/public/amsfonts/cm/cmmi12.pfb><C:/Users/mcasu/AppData/Local/Programs/MiKTeX/fonts/type1/public/amsfonts/cm/cmmi6.pfb><C:/Users/mcasu/AppData/Local/Programs/MiKTeX/fonts/type1/public/amsfonts/cm/cmmi8.pfb><C:/Users/mcasu/AppData/Local/Programs/MiKTeX/fonts/type1/public/amsfonts/cm/cmr10.pfb><C:/Users/mcasu/AppData/Local/Programs/MiKTeX/fonts/type1/public/amsfonts/cm/cmr12.pfb><C:/Users/mcasu/AppData/Local/Programs/MiKTeX/fonts/type1/public/amsfonts/cm/cmr17.pfb><C:/Users/mcasu/AppData/Local/Programs/MiKTeX/fonts/type1/public/amsfonts/cm/cmr6.pfb><C:/Users/mcasu/AppData/Local/Programs/MiKTeX/fonts/type1/public/amsfonts/cm/cmr7.pfb><C:/Users/mcasu/AppData/Local/Programs/MiKTeX/fonts/type1/public/amsfonts/cm/cmr8.pfb><C:/Users/mcasu/AppData/Local/Programs/MiKTeX/fonts/type1/public/amsfonts/cm/cmsy10.pfb><C:/Users/mcasu/AppData/Local/Programs/MiKTeX/fonts/type1/public/amsfonts/cm/cmsy6.pfb><C:/Users/mcasu/AppData/Local/Programs/MiKTeX/fonts/type1/public/amsfonts/cm/cmsy8.pfb><C:/Users/mcasu/AppData/Local/Programs/MiKTeX/fonts/type1/public/amsfonts/cm/cmti12.pfb><C:/Users/mcasu/AppData/Local/Programs/MiKTeX/fonts/type1/public/amsfonts/symbols/msam10.pfb><C:/Users/mcasu/AppData/Local/Programs/MiKTeX/fonts/type1/public/amsfonts/symbols/msbm10.pfb>
Output written on "Calcolo delle Probabilita.pdf" (46 pages, 953494 bytes).
PDF statistics:
 1074 PDF objects out of 1200 (max. 8388607)
 216 named destinations out of 1000 (max. 500000)
 568 words of extra memory for PDF output out of 10000 (max. 10000000)

