\BOOKMARK [1][-]{section.1}{\376\377\000I\000l\000\040\000M\000o\000d\000e\000l\000l\000o\000\040\000P\000r\000o\000b\000a\000b\000i\000l\000i\000s\000t\000i\000c\000o}{}% 1
\BOOKMARK [2][-]{subsection.1.1}{\376\377\000I\000l\000\040\000P\000r\000o\000b\000l\000e\000m\000a\000\040\000d\000e\000i\000\040\000C\000o\000m\000p\000l\000e\000a\000n\000n\000i}{section.1}% 2
\BOOKMARK [2][-]{subsection.1.2}{\376\377\000A\000s\000s\000i\000o\000m\000i\000\040\000d\000e\000l\000l\000a\000\040\000p\000r\000o\000b\000a\000b\000i\000l\000i\000t\000\340}{section.1}% 3
\BOOKMARK [1][-]{section.2}{\376\377\000C\000a\000l\000c\000o\000l\000o\000\040\000C\000o\000m\000b\000i\000n\000a\000t\000o\000r\000i\000o}{}% 4
\BOOKMARK [2][-]{subsection.2.1}{\376\377\000P\000r\000i\000n\000c\000i\000p\000i\000o\000\040\000f\000o\000n\000d\000a\000m\000e\000n\000t\000a\000l\000e\000\040\000d\000e\000l\000\040\000c\000a\000l\000c\000o\000l\000o\000\040\000c\000o\000m\000b\000i\000n\000a\000t\000o\000r\000i\000o}{section.2}% 5
\BOOKMARK [2][-]{subsection.2.2}{\376\377\000M\000o\000d\000e\000l\000l\000i\000\040\000d\000e\000l\000\040\000c\000a\000l\000c\000o\000l\000o\000\040\000c\000o\000m\000b\000i\000n\000a\000t\000o\000r\000i\000o}{section.2}% 6
\BOOKMARK [3][-]{subsubsection.2.2.1}{\376\377\000C\000a\000s\000o\000\040\0001\000\040\000-\000\040\000E\000s\000t\000r\000a\000z\000i\000o\000n\000i\000\040\000O\000r\000d\000i\000n\000a\000t\000e\000\040\000c\000o\000n\000\040\000R\000i\000m\000p\000i\000a\000z\000z\000o}{subsection.2.2}% 7
\BOOKMARK [3][-]{subsubsection.2.2.2}{\376\377\000C\000a\000s\000o\000\040\0002\000\040\000-\000\040\000E\000s\000t\000r\000a\000z\000i\000o\000n\000i\000\040\000O\000r\000d\000i\000n\000a\000t\000e\000\040\000s\000e\000n\000z\000a\000\040\000R\000i\000m\000p\000i\000a\000z\000z\000o}{subsection.2.2}% 8
\BOOKMARK [3][-]{subsubsection.2.2.3}{\376\377\000C\000a\000s\000o\000\040\0003\000\040\000-\000\040\000E\000s\000t\000r\000a\000z\000i\000o\000n\000i\000\040\000n\000o\000n\000\040\000O\000r\000d\000i\000n\000a\000t\000e\000\040\000s\000e\000n\000z\000a\000\040\000R\000i\000m\000p\000i\000a\000z\000z\000o}{subsection.2.2}% 9
\BOOKMARK [3][-]{subsubsection.2.2.4}{\376\377\000C\000a\000s\000o\000\040\0004\000\040\000-\000\040\000E\000s\000t\000r\000a\000z\000i\000o\000n\000i\000\040\000n\000o\000n\000\040\000O\000r\000d\000i\000n\000a\000t\000e\000\040\000c\000o\000n\000\040\000R\000i\000m\000p\000i\000a\000z\000z\000o}{subsection.2.2}% 10
\BOOKMARK [2][-]{subsection.2.3}{\376\377\000P\000r\000i\000n\000c\000i\000p\000i\000o\000\040\000d\000i\000\040\000E\000s\000c\000l\000u\000s\000i\000o\000n\000e\000/\000I\000n\000c\000l\000u\000s\000i\000o\000n\000e}{section.2}% 11
\BOOKMARK [2][-]{subsection.2.4}{\376\377\000I\000l\000\040\000M\000u\000l\000t\000i\000n\000o\000m\000i\000o}{section.2}% 12
\BOOKMARK [2][-]{subsection.2.5}{\376\377\000P\000r\000o\000b\000l\000e\000m\000a\000\040\000d\000e\000g\000l\000i\000\040\000A\000c\000c\000o\000p\000p\000i\000a\000m\000e\000n\000t\000i}{section.2}% 13
\BOOKMARK [1][-]{section.3}{\376\377\000S\000p\000a\000z\000i\000\040\000d\000i\000\040\000P\000r\000o\000b\000a\000b\000i\000l\000i\000t\000\340\000\040\000N\000o\000t\000e\000v\000o\000l\000i}{}% 14
\BOOKMARK [2][-]{subsection.3.1}{\376\377\000S\000p\000a\000z\000i\000\040\000d\000i\000\040\000P\000r\000o\000b\000a\000b\000i\000l\000i\000t\000\340\000\040\000P\000r\000o\000d\000o\000t\000t\000o}{section.3}% 15
\BOOKMARK [3][-]{subsubsection.3.1.1}{\376\377\000I\000n\000d\000i\000p\000e\000n\000d\000e\000n\000z\000a\000\040\000d\000i\000\040\000E\000v\000e\000n\000t\000i}{subsection.3.1}% 16
\BOOKMARK [2][-]{subsection.3.2}{\376\377\000S\000c\000h\000e\000m\000a\000\040\000d\000i\000\040\000B\000e\000r\000n\000o\000u\000l\000l\000i}{section.3}% 17
\BOOKMARK [2][-]{subsection.3.3}{\376\377\000P\000r\000o\000b\000a\000b\000i\000l\000i\000t\000\340\000\040\000C\000o\000n\000d\000i\000z\000i\000o\000n\000a\000t\000a}{section.3}% 18
\BOOKMARK [3][-]{subsubsection.3.3.1}{\376\377\000F\000o\000r\000m\000u\000l\000a\000\040\000d\000i\000\040\000P\000r\000o\000b\000a\000b\000i\000l\000i\000t\000\340\000\040\000C\000o\000m\000p\000o\000s\000t\000e}{subsection.3.3}% 19
\BOOKMARK [3][-]{subsubsection.3.3.2}{\376\377\000F\000o\000r\000m\000u\000l\000a\000\040\000d\000i\000\040\000P\000r\000o\000b\000a\000b\000i\000l\000i\000t\000\340\000\040\000T\000o\000t\000a\000l\000e}{subsection.3.3}% 20
\BOOKMARK [3][-]{subsubsection.3.3.3}{\376\377\000F\000o\000r\000m\000u\000l\000a\000\040\000d\000i\000\040\000B\000a\000y\000e\000s}{subsection.3.3}% 21
\BOOKMARK [3][-]{subsubsection.3.3.4}{\376\377\000M\000a\000p\000p\000a\000\040\000s\000u\000l\000l\000a\000\040\000P\000r\000o\000b\000a\000b\000i\000l\000i\000t\000\340\000\040\000C\000o\000n\000d\000i\000z\000i\000o\000n\000a\000t\000a}{subsection.3.3}% 22
\BOOKMARK [2][-]{subsection.3.4}{\376\377\000P\000a\000s\000s\000e\000g\000g\000i\000a\000t\000a\000\040\000A\000l\000e\000a\000t\000o\000r\000i\000a}{section.3}% 23
\BOOKMARK [3][-]{subsubsection.3.4.1}{\376\377\000L\000a\000\040\000R\000o\000v\000i\000n\000a\000\040\000d\000e\000l\000\040\000G\000i\000o\000c\000a\000t\000o\000r\000e}{subsection.3.4}% 24
\BOOKMARK [3][-]{subsubsection.3.4.2}{\376\377\000M\000o\000d\000e\000l\000l\000i\000z\000z\000a\000z\000i\000o\000n\000e}{subsection.3.4}% 25
\BOOKMARK [1][-]{section.4}{\376\377\000V\000a\000r\000i\000a\000b\000i\000l\000i\000\040\000A\000l\000e\000a\000t\000o\000r\000i\000e}{}% 26
\BOOKMARK [2][-]{subsection.4.1}{\376\377\000V\000a\000l\000o\000r\000e\000\040\000A\000t\000t\000e\000s\000o}{section.4}% 27
