This is pdfTeX, Version 3.141592653-2.6-1.40.25 (MiKTeX 23.9.24) (preloaded format=pdflatex 2023.10.3)  22 JAN 2024 11:11
entering extended mode
 restricted \write18 enabled.
 file:line:error style messages enabled.
 %&-line parsing enabled.
**"c:/Users/mcasu/OneDrive/Desktop/University_notes/Secondo Anno/Basi di Dati 1/Latex source file/Basi di Dati modulo 1.tex"
(c:/Users/mcasu/OneDrive/Desktop/University_notes/Secondo Anno/Basi di Dati 1/Latex source file/Basi di Dati modulo 1.tex
LaTeX2e <2023-06-01> patch level 1
L3 programming layer <2023-08-29>
(C:\Users\mcasu\AppData\Local\Programs\MiKTeX\tex/latex/base\article.cls
Document Class: article 2023/05/17 v1.4n Standard LaTeX document class
(C:\Users\mcasu\AppData\Local\Programs\MiKTeX\tex/latex/base\size12.clo
File: size12.clo 2023/05/17 v1.4n Standard LaTeX file (size option)
)
\c@part=\count185
\c@section=\count186
\c@subsection=\count187
\c@subsubsection=\count188
\c@paragraph=\count189
\c@subparagraph=\count190
\c@figure=\count191
\c@table=\count192
\abovecaptionskip=\skip48
\belowcaptionskip=\skip49
\bibindent=\dimen140
) (C:\Users\mcasu\AppData\Local\Programs\MiKTeX\tex/latex/graphics\graphicx.sty
Package: graphicx 2021/09/16 v1.2d Enhanced LaTeX Graphics (DPC,SPQR)
 (C:\Users\mcasu\AppData\Local\Programs\MiKTeX\tex/latex/graphics\keyval.sty
Package: keyval 2022/05/29 v1.15 key=value parser (DPC)
\KV@toks@=\toks17
) (C:\Users\mcasu\AppData\Local\Programs\MiKTeX\tex/latex/graphics\graphics.sty
Package: graphics 2022/03/10 v1.4e Standard LaTeX Graphics (DPC,SPQR)
 (C:\Users\mcasu\AppData\Local\Programs\MiKTeX\tex/latex/graphics\trig.sty
Package: trig 2021/08/11 v1.11 sin cos tan (DPC)
) (C:\Users\mcasu\AppData\Local\Programs\MiKTeX\tex/latex/graphics-cfg\graphics.cfg
File: graphics.cfg 2016/06/04 v1.11 sample graphics configuration
)
Package graphics Info: Driver file: pdftex.def on input line 107.
 (C:\Users\mcasu\AppData\Local\Programs\MiKTeX\tex/latex/graphics-def\pdftex.def
File: pdftex.def 2022/09/22 v1.2b Graphics/color driver for pdftex
))
\Gin@req@height=\dimen141
\Gin@req@width=\dimen142
) (C:\Users\mcasu\AppData\Local\Programs\MiKTeX\tex/latex/hyperref\hyperref.sty
Package: hyperref 2023-07-08 v7.01b Hypertext links for LaTeX
 (C:\Program Files\MiKTeX2\tex/generic/ltxcmds\ltxcmds.sty
Package: ltxcmds 2020-05-10 v1.25 LaTeX kernel commands for general use (HO)
) (C:\Users\mcasu\AppData\Local\Programs\MiKTeX\tex/generic/iftex\iftex.sty
Package: iftex 2022/02/03 v1.0f TeX engine tests
) (C:\Users\mcasu\AppData\Local\Programs\MiKTeX\tex/generic/pdftexcmds\pdftexcmds.sty
Package: pdftexcmds 2020-06-27 v0.33 Utility functions of pdfTeX for LuaTeX (HO)
 (C:\Program Files\MiKTeX2\tex/generic/infwarerr\infwarerr.sty
Package: infwarerr 2019/12/03 v1.5 Providing info/warning/error messages (HO)
)
Package pdftexcmds Info: \pdf@primitive is available.
Package pdftexcmds Info: \pdf@ifprimitive is available.
Package pdftexcmds Info: \pdfdraftmode found.
) (C:\Program Files\MiKTeX2\tex/latex/kvsetkeys\kvsetkeys.sty
Package: kvsetkeys 2022-10-05 v1.19 Key value parser (HO)
) (C:\Program Files\MiKTeX2\tex/generic/kvdefinekeys\kvdefinekeys.sty
Package: kvdefinekeys 2019-12-19 v1.6 Define keys (HO)
) (C:\Program Files\MiKTeX2\tex/generic/pdfescape\pdfescape.sty
Package: pdfescape 2019/12/09 v1.15 Implements pdfTeX's escape features (HO)
) (C:\Program Files\MiKTeX2\tex/latex/hycolor\hycolor.sty
Package: hycolor 2020-01-27 v1.10 Color options for hyperref/bookmark (HO)
) (C:\Program Files\MiKTeX2\tex/latex/letltxmacro\letltxmacro.sty
Package: letltxmacro 2019/12/03 v1.6 Let assignment for LaTeX macros (HO)
) (C:\Program Files\MiKTeX2\tex/latex/auxhook\auxhook.sty
Package: auxhook 2019-12-17 v1.6 Hooks for auxiliary files (HO)
) (C:\Users\mcasu\AppData\Local\Programs\MiKTeX\tex/latex/hyperref\nameref.sty
Package: nameref 2023-08-07 v2.53 Cross-referencing by name of section
 (C:\Program Files\MiKTeX2\tex/latex/refcount\refcount.sty
Package: refcount 2019/12/15 v3.6 Data extraction from label references (HO)
) (C:\Program Files\MiKTeX2\tex/generic/gettitlestring\gettitlestring.sty
Package: gettitlestring 2019/12/15 v1.6 Cleanup title references (HO)
 (C:\Program Files\MiKTeX2\tex/latex/kvoptions\kvoptions.sty
Package: kvoptions 2022-06-15 v3.15 Key value format for package options (HO)
))
\c@section@level=\count193
) (C:\Users\mcasu\AppData\Local\Programs\MiKTeX\tex/latex/etoolbox\etoolbox.sty
Package: etoolbox 2020/10/05 v2.5k e-TeX tools for LaTeX (JAW)
\etb@tempcnta=\count194
)
\@linkdim=\dimen143
\Hy@linkcounter=\count195
\Hy@pagecounter=\count196
 (C:\Users\mcasu\AppData\Local\Programs\MiKTeX\tex/latex/hyperref\pd1enc.def
File: pd1enc.def 2023-07-08 v7.01b Hyperref: PDFDocEncoding definition (HO)
Now handling font encoding PD1 ...
... no UTF-8 mapping file for font encoding PD1
) (C:\Program Files\MiKTeX2\tex/generic/intcalc\intcalc.sty
Package: intcalc 2019/12/15 v1.3 Expandable calculations with integers (HO)
)
\Hy@SavedSpaceFactor=\count197
 (C:\Users\mcasu\AppData\Local\Programs\MiKTeX\tex/latex/hyperref\puenc.def
File: puenc.def 2023-07-08 v7.01b Hyperref: PDF Unicode definition (HO)
Now handling font encoding PU ...
... no UTF-8 mapping file for font encoding PU
)
Package hyperref Info: Hyper figures OFF on input line 4167.
Package hyperref Info: Link nesting OFF on input line 4172.
Package hyperref Info: Hyper index ON on input line 4175.
Package hyperref Info: Plain pages OFF on input line 4182.
Package hyperref Info: Backreferencing OFF on input line 4187.
Package hyperref Info: Implicit mode ON; LaTeX internals redefined.
Package hyperref Info: Bookmarks ON on input line 4434.
\c@Hy@tempcnt=\count198
 (C:\Users\mcasu\AppData\Local\Programs\MiKTeX\tex/latex/url\url.sty
\Urlmuskip=\muskip16
Package: url 2013/09/16  ver 3.4  Verb mode for urls, etc.
)
LaTeX Info: Redefining \url on input line 4772.
\XeTeXLinkMargin=\dimen144
 (C:\Program Files\MiKTeX2\tex/generic/bitset\bitset.sty
Package: bitset 2019/12/09 v1.3 Handle bit-vector datatype (HO)
 (C:\Program Files\MiKTeX2\tex/generic/bigintcalc\bigintcalc.sty
Package: bigintcalc 2019/12/15 v1.5 Expandable calculations on big integers (HO)
))
\Fld@menulength=\count199
\Field@Width=\dimen145
\Fld@charsize=\dimen146
Package hyperref Info: Hyper figures OFF on input line 6051.
Package hyperref Info: Link nesting OFF on input line 6056.
Package hyperref Info: Hyper index ON on input line 6059.
Package hyperref Info: backreferencing OFF on input line 6066.
Package hyperref Info: Link coloring OFF on input line 6071.
Package hyperref Info: Link coloring with OCG OFF on input line 6076.
Package hyperref Info: PDF/A mode OFF on input line 6081.
 (C:\Users\mcasu\AppData\Local\Programs\MiKTeX\tex/latex/base\atbegshi-ltx.sty
Package: atbegshi-ltx 2021/01/10 v1.0c Emulation of the original atbegshi
package with kernel methods
)
\Hy@abspage=\count266
\c@Item=\count267
\c@Hfootnote=\count268
)
Package hyperref Info: Driver (autodetected): hpdftex.
 (C:\Users\mcasu\AppData\Local\Programs\MiKTeX\tex/latex/hyperref\hpdftex.def
File: hpdftex.def 2023-07-08 v7.01b Hyperref driver for pdfTeX
 (C:\Users\mcasu\AppData\Local\Programs\MiKTeX\tex/latex/base\atveryend-ltx.sty
Package: atveryend-ltx 2020/08/19 v1.0a Emulation of the original atveryend package
with kernel methods
)
\Fld@listcount=\count269
\c@bookmark@seq@number=\count270
 (C:\Program Files\MiKTeX2\tex/latex/rerunfilecheck\rerunfilecheck.sty
Package: rerunfilecheck 2022-07-10 v1.10 Rerun checks for auxiliary files (HO)
 (C:\Program Files\MiKTeX2\tex/generic/uniquecounter\uniquecounter.sty
Package: uniquecounter 2019/12/15 v1.4 Provide unlimited unique counter (HO)
)
Package uniquecounter Info: New unique counter `rerunfilecheck' on input line 285.
)
\Hy@SectionHShift=\skip50
) (C:\Users\mcasu\AppData\Local\Programs\MiKTeX\tex/latex/listings\listings.sty
\lst@mode=\count271
\lst@gtempboxa=\box51
\lst@token=\toks18
\lst@length=\count272
\lst@currlwidth=\dimen147
\lst@column=\count273
\lst@pos=\count274
\lst@lostspace=\dimen148
\lst@width=\dimen149
\lst@newlines=\count275
\lst@lineno=\count276
\lst@maxwidth=\dimen150
 (C:\Users\mcasu\AppData\Local\Programs\MiKTeX\tex/latex/listings\lstmisc.sty
File: lstmisc.sty 2023/02/27 1.9 (Carsten Heinz)
\c@lstnumber=\count277
\lst@skipnumbers=\count278
\lst@framebox=\box52
) (C:\Users\mcasu\AppData\Local\Programs\MiKTeX\tex/latex/listings\listings.cfg
File: listings.cfg 2023/02/27 1.9 listings configuration
))
Package: listings 2023/02/27 1.9 (Carsten Heinz)
 (C:\Users\mcasu\AppData\Local\Programs\MiKTeX\tex/latex/amsfonts\amssymb.sty
Package: amssymb 2013/01/14 v3.01 AMS font symbols
 (C:\Users\mcasu\AppData\Local\Programs\MiKTeX\tex/latex/amsfonts\amsfonts.sty
Package: amsfonts 2013/01/14 v3.01 Basic AMSFonts support
\@emptytoks=\toks19
\symAMSa=\mathgroup4
\symAMSb=\mathgroup5
LaTeX Font Info:    Redeclaring math symbol \hbar on input line 98.
LaTeX Font Info:    Overwriting math alphabet `\mathfrak' in version `bold'
(Font)                  U/euf/m/n --> U/euf/b/n on input line 106.
)) (C:\Users\mcasu\AppData\Local\Programs\MiKTeX\tex/latex/amsmath\amsmath.sty
Package: amsmath 2023/05/13 v2.17o AMS math features
\@mathmargin=\skip51

For additional information on amsmath, use the `?' option.
(C:\Users\mcasu\AppData\Local\Programs\MiKTeX\tex/latex/amsmath\amstext.sty
Package: amstext 2021/08/26 v2.01 AMS text
 (C:\Users\mcasu\AppData\Local\Programs\MiKTeX\tex/latex/amsmath\amsgen.sty
File: amsgen.sty 1999/11/30 v2.0 generic functions
\@emptytoks=\toks20
\ex@=\dimen151
)) (C:\Users\mcasu\AppData\Local\Programs\MiKTeX\tex/latex/amsmath\amsbsy.sty
Package: amsbsy 1999/11/29 v1.2d Bold Symbols
\pmbraise@=\dimen152
) (C:\Users\mcasu\AppData\Local\Programs\MiKTeX\tex/latex/amsmath\amsopn.sty
Package: amsopn 2022/04/08 v2.04 operator names
)
\inf@bad=\count279
LaTeX Info: Redefining \frac on input line 234.
\uproot@=\count280
\leftroot@=\count281
LaTeX Info: Redefining \overline on input line 399.
LaTeX Info: Redefining \colon on input line 410.
\classnum@=\count282
\DOTSCASE@=\count283
LaTeX Info: Redefining \ldots on input line 496.
LaTeX Info: Redefining \dots on input line 499.
LaTeX Info: Redefining \cdots on input line 620.
\Mathstrutbox@=\box53
\strutbox@=\box54
LaTeX Info: Redefining \big on input line 722.
LaTeX Info: Redefining \Big on input line 723.
LaTeX Info: Redefining \bigg on input line 724.
LaTeX Info: Redefining \Bigg on input line 725.
\big@size=\dimen153
LaTeX Font Info:    Redeclaring font encoding OML on input line 743.
LaTeX Font Info:    Redeclaring font encoding OMS on input line 744.
\macc@depth=\count284
LaTeX Info: Redefining \bmod on input line 905.
LaTeX Info: Redefining \pmod on input line 910.
LaTeX Info: Redefining \smash on input line 940.
LaTeX Info: Redefining \relbar on input line 970.
LaTeX Info: Redefining \Relbar on input line 971.
\c@MaxMatrixCols=\count285
\dotsspace@=\muskip17
\c@parentequation=\count286
\dspbrk@lvl=\count287
\tag@help=\toks21
\row@=\count288
\column@=\count289
\maxfields@=\count290
\andhelp@=\toks22
\eqnshift@=\dimen154
\alignsep@=\dimen155
\tagshift@=\dimen156
\tagwidth@=\dimen157
\totwidth@=\dimen158
\lineht@=\dimen159
\@envbody=\toks23
\multlinegap=\skip52
\multlinetaggap=\skip53
\mathdisplay@stack=\toks24
LaTeX Info: Redefining \[ on input line 2953.
LaTeX Info: Redefining \] on input line 2954.
) (C:\Users\mcasu\AppData\Local\Programs\MiKTeX\tex/generic/babel\babel.sty
Package: babel 2023/09/29 v3.95 The Babel package
\babel@savecnt=\count291
\U@D=\dimen160
\l@unhyphenated=\language79
 (C:\Users\mcasu\AppData\Local\Programs\MiKTeX\tex/generic/babel\txtbabel.def)
\bbl@readstream=\read2
\bbl@dirlevel=\count292

*************************************
* Local config file bblopts.cfg used
*
(C:\Users\mcasu\AppData\Local\Programs\MiKTeX\tex/latex/arabi\bblopts.cfg
File: bblopts.cfg 2005/09/08 v0.1 add Arabic and Farsi to "declared" options of babel
) (C:\Users\mcasu\AppData\Local\Programs\MiKTeX\tex/latex/babel-english\english.ldf
Language: english 2017/06/06 v3.3r English support from the babel system
Package babel Info: Hyphen rules for 'canadian' set to \l@english
(babel)             (\language0). Reported on input line 102.
Package babel Info: Hyphen rules for 'australian' set to \l@ukenglish
(babel)             (\language73). Reported on input line 105.
Package babel Info: Hyphen rules for 'newzealand' set to \l@ukenglish
(babel)             (\language73). Reported on input line 108.
)) (C:\Users\mcasu\AppData\Local\Programs\MiKTeX\tex/generic/babel/locale/en\babel-english.tex
Package babel Info: Importing font and identification data for english
(babel)             from babel-en.ini. Reported on input line 11.
) (C:\Program Files\MiKTeX2\tex/latex/units\nicefrac.sty
Package: nicefrac 1998/08/04 v0.9b Nice fractions
\L@UnitsRaiseDisplaystyle=\skip54
\L@UnitsRaiseTextstyle=\skip55
\L@UnitsRaiseScriptstyle=\skip56
 (C:\Users\mcasu\AppData\Local\Programs\MiKTeX\tex/latex/base\ifthen.sty
Package: ifthen 2022/04/13 v1.1d Standard LaTeX ifthen package (DPC)
)) (C:\Users\mcasu\AppData\Local\Programs\MiKTeX\tex/latex/l3packages/xfrac\xfrac.sty (C:\Users\mcasu\AppData\Local\Programs\MiKTeX\tex/latex/l3kernel\expl3.sty
Package: expl3 2023-08-29 L3 programming layer (loader) 
 (C:\Users\mcasu\AppData\Local\Programs\MiKTeX\tex/latex/l3backend\l3backend-pdftex.def
File: l3backend-pdftex.def 2023-04-19 L3 backend support: PDF output (pdfTeX)
\l__color_backend_stack_int=\count293
\l__pdf_internal_box=\box55
)) (C:\Users\mcasu\AppData\Local\Programs\MiKTeX\tex/latex/l3packages/l3keys2e\l3keys2e.sty
Package: l3keys2e 2023-08-29 LaTeX2e option processing using LaTeX3 keys
) (C:\Users\mcasu\AppData\Local\Programs\MiKTeX\tex/latex/base\textcomp.sty
Package: textcomp 2020/02/02 v2.0n Standard LaTeX package
) (C:\Users\mcasu\AppData\Local\Programs\MiKTeX\tex/latex/l3packages/xparse\xparse.sty
Package: xparse 2023-08-29 L3 Experimental document command parser
) (C:\Users\mcasu\AppData\Local\Programs\MiKTeX\tex/latex/l3packages/xtemplate\xtemplate.sty
Package: xtemplate 2023-08-29 L3 Experimental prototype document functions
\l__xtemplate_tmp_dim=\dimen161
\l__xtemplate_tmp_int=\count294
\l__xtemplate_tmp_muskip=\muskip18
\l__xtemplate_tmp_skip=\skip57
)
Package: xfrac 2023-08-29 L3 Experimental split-level fractions
\l__xfrac_slash_box=\box56
\l__xfrac_tmp_box=\box57
\l__xfrac_denominator_bot_sep_dim=\dimen162
\l__xfrac_numerator_bot_sep_dim=\dimen163
\l__xfrac_numerator_top_sep_dim=\dimen164
\l__xfrac_slash_left_sep_dim=\dimen165
\l__xfrac_slash_right_sep_dim=\dimen166
\l__xfrac_slash_left_muskip=\muskip19
\l__xfrac_slash_right_muskip=\muskip20

Package xtemplate Info: Declaring object type 'xfrac' taking 3 argument(s) on
(xtemplate)             line 80.

) (C:\Program Files\MiKTeX2\tex/latex/mathtools\mathtools.sty
Package: mathtools 2022/06/29 v1.29 mathematical typesetting tools
 (C:\Users\mcasu\AppData\Local\Programs\MiKTeX\tex/latex/tools\calc.sty
Package: calc 2017/05/25 v4.3 Infix arithmetic (KKT,FJ)
\calc@Acount=\count295
\calc@Bcount=\count296
\calc@Adimen=\dimen167
\calc@Bdimen=\dimen168
\calc@Askip=\skip58
\calc@Bskip=\skip59
LaTeX Info: Redefining \setlength on input line 80.
LaTeX Info: Redefining \addtolength on input line 81.
\calc@Ccount=\count297
\calc@Cskip=\skip60
) (C:\Program Files\MiKTeX2\tex/latex/mathtools\mhsetup.sty
Package: mhsetup 2021/03/18 v1.4 programming setup (MH)
)
\g_MT_multlinerow_int=\count298
\l_MT_multwidth_dim=\dimen169
\origjot=\skip61
\l_MT_shortvdotswithinadjustabove_dim=\dimen170
\l_MT_shortvdotswithinadjustbelow_dim=\dimen171
\l_MT_above_intertext_sep=\dimen172
\l_MT_below_intertext_sep=\dimen173
\l_MT_above_shortintertext_sep=\dimen174
\l_MT_below_shortintertext_sep=\dimen175
\xmathstrut@box=\box58
\xmathstrut@dim=\dimen176
) (C:\Users\mcasu\AppData\Local\Programs\MiKTeX\tex/latex/xcolor\xcolor.sty
Package: xcolor 2022/06/12 v2.14 LaTeX color extensions (UK)
 (C:\Users\mcasu\AppData\Local\Programs\MiKTeX\tex/latex/graphics-cfg\color.cfg
File: color.cfg 2016/01/02 v1.6 sample color configuration
)
Package xcolor Info: Driver file: pdftex.def on input line 227.
 (C:\Program Files\MiKTeX2\tex/latex/colortbl\colortbl.sty
Package: colortbl 2022/06/20 v1.0f Color table columns (DPC)
 (C:\Users\mcasu\AppData\Local\Programs\MiKTeX\tex/latex/tools\array.sty
Package: array 2022/09/04 v2.5g Tabular extension package (FMi)
\col@sep=\dimen177
\ar@mcellbox=\box59
\extrarowheight=\dimen178
\NC@list=\toks25
\extratabsurround=\skip62
\backup@length=\skip63
\ar@cellbox=\box60
)
\everycr=\toks26
\minrowclearance=\skip64
\rownum=\count299
) (C:\Users\mcasu\AppData\Local\Programs\MiKTeX\tex/latex/graphics\mathcolor.ltx)
Package xcolor Info: Model `cmy' substituted by `cmy0' on input line 1353.
Package xcolor Info: Model `hsb' substituted by `rgb' on input line 1357.
Package xcolor Info: Model `RGB' extended on input line 1369.
Package xcolor Info: Model `HTML' substituted by `rgb' on input line 1371.
Package xcolor Info: Model `Hsb' substituted by `hsb' on input line 1372.
Package xcolor Info: Model `tHsb' substituted by `hsb' on input line 1373.
Package xcolor Info: Model `HSB' substituted by `hsb' on input line 1374.
Package xcolor Info: Model `Gray' substituted by `gray' on input line 1375.
Package xcolor Info: Model `wave' substituted by `hsb' on input line 1376.
) (C:\Program Files\MiKTeX2\tex/latex/geometry\geometry.sty
Package: geometry 2020/01/02 v5.9 Page Geometry
 (C:\Users\mcasu\AppData\Local\Programs\MiKTeX\tex/generic/iftex\ifvtex.sty
Package: ifvtex 2019/10/25 v1.7 ifvtex legacy package. Use iftex instead.
)
\Gm@cnth=\count300
\Gm@cntv=\count301
\c@Gm@tempcnt=\count302
\Gm@bindingoffset=\dimen179
\Gm@wd@mp=\dimen180
\Gm@odd@mp=\dimen181
\Gm@even@mp=\dimen182
\Gm@layoutwidth=\dimen183
\Gm@layoutheight=\dimen184
\Gm@layouthoffset=\dimen185
\Gm@layoutvoffset=\dimen186
\Gm@dimlist=\toks27
 (C:\Program Files\MiKTeX2\tex/latex/geometry\geometry.cfg)) (Basi di Dati modulo 1.aux)
\openout1 = `"Basi di Dati modulo 1.aux"'.

LaTeX Font Info:    Checking defaults for OML/cmm/m/it on input line 24.
LaTeX Font Info:    ... okay on input line 24.
LaTeX Font Info:    Checking defaults for OMS/cmsy/m/n on input line 24.
LaTeX Font Info:    ... okay on input line 24.
LaTeX Font Info:    Checking defaults for OT1/cmr/m/n on input line 24.
LaTeX Font Info:    ... okay on input line 24.
LaTeX Font Info:    Checking defaults for T1/cmr/m/n on input line 24.
LaTeX Font Info:    ... okay on input line 24.
LaTeX Font Info:    Checking defaults for TS1/cmr/m/n on input line 24.
LaTeX Font Info:    ... okay on input line 24.
LaTeX Font Info:    Checking defaults for OMX/cmex/m/n on input line 24.
LaTeX Font Info:    ... okay on input line 24.
LaTeX Font Info:    Checking defaults for U/cmr/m/n on input line 24.
LaTeX Font Info:    ... okay on input line 24.
LaTeX Font Info:    Checking defaults for PD1/pdf/m/n on input line 24.
LaTeX Font Info:    ... okay on input line 24.
LaTeX Font Info:    Checking defaults for PU/pdf/m/n on input line 24.
LaTeX Font Info:    ... okay on input line 24.
 (C:\Users\mcasu\AppData\Local\Programs\MiKTeX\tex/context/base/mkii\supp-pdf.mkii
[Loading MPS to PDF converter (version 2006.09.02).]
\scratchcounter=\count303
\scratchdimen=\dimen187
\scratchbox=\box61
\nofMPsegments=\count304
\nofMParguments=\count305
\everyMPshowfont=\toks28
\MPscratchCnt=\count306
\MPscratchDim=\dimen188
\MPnumerator=\count307
\makeMPintoPDFobject=\count308
\everyMPtoPDFconversion=\toks29
) (C:\Users\mcasu\AppData\Local\Programs\MiKTeX\tex/latex/epstopdf-pkg\epstopdf-base.sty
Package: epstopdf-base 2020-01-24 v2.11 Base part for package epstopdf
Package epstopdf-base Info: Redefining graphics rule for `.eps' on input line 485.
 (C:\Users\mcasu\AppData\Local\Programs\MiKTeX\tex/latex/00miktex\epstopdf-sys.cfg
File: epstopdf-sys.cfg 2021/03/18 v2.0 Configuration of epstopdf for MiKTeX
))
Package hyperref Info: Link coloring OFF on input line 24.
 (Basi di Dati modulo 1.out) (Basi di Dati modulo 1.out)
\@outlinefile=\write3
\openout3 = `"Basi di Dati modulo 1.out"'.

\c@lstlisting=\count309

*geometry* driver: auto-detecting
*geometry* detected driver: pdftex
*geometry* verbose mode - [ preamble ] result:
* driver: pdftex
* paper: a4paper
* layout: <same size as paper>
* layoutoffset:(h,v)=(0.0pt,0.0pt)
* modes: 
* h-part:(L,W,R)=(56.9055pt, 483.69687pt, 56.9055pt)
* v-part:(T,H,B)=(71.13188pt, 702.78308pt, 71.13188pt)
* \paperwidth=597.50787pt
* \paperheight=845.04684pt
* \textwidth=483.69687pt
* \textheight=702.78308pt
* \oddsidemargin=-15.36449pt
* \evensidemargin=-15.36449pt
* \topmargin=-38.1381pt
* \headheight=12.0pt
* \headsep=25.0pt
* \topskip=12.0pt
* \footskip=30.0pt
* \marginparwidth=44.0pt
* \marginparsep=10.0pt
* \columnsep=10.0pt
* \skip\footins=10.8pt plus 4.0pt minus 2.0pt
* \hoffset=0.0pt
* \voffset=0.0pt
* \mag=1000
* \@twocolumnfalse
* \@twosidefalse
* \@mparswitchfalse
* \@reversemarginfalse
* (1in=72.27pt=25.4mm, 1cm=28.453pt)

LaTeX Font Info:    Trying to load font information for U+msa on input line 29.
(C:\Users\mcasu\AppData\Local\Programs\MiKTeX\tex/latex/amsfonts\umsa.fd
File: umsa.fd 2013/01/14 v3.01 AMS symbols A
)
LaTeX Font Info:    Trying to load font information for U+msb on input line 29.
 (C:\Users\mcasu\AppData\Local\Programs\MiKTeX\tex/latex/amsfonts\umsb.fd
File: umsb.fd 2013/01/14 v3.01 AMS symbols B
)
<images/cop.png, id=291, 568.37344pt x 737.75626pt>
File: images/cop.png Graphic file (type png)
<use images/cop.png>
Package pdftex.def Info: images/cop.png  used on input line 31.
(pdftex.def)             Requested size: 411.14528pt x 533.69446pt.
 [1

{C:/Users/mcasu/AppData/Local/MiKTeX/fonts/map/pdftex/pdftex.map} <./images/cop.png>] (Basi di Dati modulo 1.toc [2])
\tf@toc=\write4
\openout4 = `"Basi di Dati modulo 1.toc"'.

 [3]
Underfull \hbox (badness 10000) in paragraph at lines 38--49

 []

<images/GrafoViola.png, id=388, 482.55281pt x 490.08093pt>
File: images/GrafoViola.png Graphic file (type png)
<use images/GrafoViola.png>
Package pdftex.def Info: images/GrafoViola.png  used on input line 73.
(pdftex.def)             Requested size: 77.39326pt x 78.59402pt.

Underfull \hbox (badness 10000) in paragraph at lines 55--84

 []


Underfull \hbox (badness 10000) in paragraph at lines 55--84

 []


Underfull \hbox (badness 10000) in paragraph at lines 55--84

 []


Underfull \hbox (badness 10000) in paragraph at lines 55--84

 []

[4 <./images/GrafoViola.png>] [5]
\c@theorem=\count310
 [6] [7] [8] [9] [10]

Package hyperref Warning: Difference (2) between bookmark levels is greater 
(hyperref)                than one, level fixed on input line 488.

[11] [12] [13]

Package hyperref Warning: Token not allowed in a PDF string (Unicode):
(hyperref)                removing `math shift' on input line 817.


Package hyperref Warning: Token not allowed in a PDF string (Unicode):
(hyperref)                removing `\Theta' on input line 817.

[14] [15] [16]
Overfull \hbox (48.4768pt too wide) in paragraph at lines 1035--1042
 [] 
 []

[17] [18] [19]

Package hyperref Warning: Token not allowed in a PDF string (Unicode):
(hyperref)                removing `math shift' on input line 1200.


Package hyperref Warning: Token not allowed in a PDF string (Unicode):
(hyperref)                removing `superscript' on input line 1200.


Package hyperref Warning: Token not allowed in a PDF string (Unicode):
(hyperref)                removing `superscript' on input line 1200.

[20] [21] [22] [23]

Package hyperref Warning: Token not allowed in a PDF string (Unicode):
(hyperref)                removing `math shift' on input line 1374.

LaTeX Font Info:    Font shape `OT1/cmtt/bx/n' in size <12> not available
(Font)              Font shape `OT1/cmtt/m/n' tried instead on input line 1379.

Package hyperref Warning: Token not allowed in a PDF string (Unicode):
(hyperref)                removing `\colorbox' on input line 1379.


Package hyperref Warning: Token not allowed in a PDF string (Unicode):
(hyperref)                removing `math shift' on input line 1379.


Package hyperref Warning: Token not allowed in a PDF string (Unicode):
(hyperref)                removing `superscript' on input line 1379.


Package hyperref Warning: Token not allowed in a PDF string (Unicode):
(hyperref)                removing `subscript' on input line 1379.


Package hyperref Warning: Token not allowed in a PDF string (Unicode):
(hyperref)                removing `\colorbox' on input line 1379.


Package hyperref Warning: Token not allowed in a PDF string (Unicode):
(hyperref)                removing `math shift' on input line 1379.

LaTeX Font Info:    Trying to load font information for OMS+cmr on input line 1383.
(C:\Users\mcasu\AppData\Local\Programs\MiKTeX\tex/latex/base\omscmr.fd
File: omscmr.fd 2023/04/13 v2.5m Standard LaTeX font definitions
)
LaTeX Font Info:    Font shape `OMS/cmr/m/n' in size <12> not available
(Font)              Font shape `OMS/cmsy/m/n' tried instead on input line 1383.
Package epstopdf Info: Source file: <images/XClosure.eps>
(epstopdf)                    date: 2023-11-15 21:56:08
(epstopdf)                    size: 28198 bytes
(epstopdf)             Output file: <images/XClosure-eps-converted-to.pdf>
(epstopdf)                    date: 2023-11-15 21:56:11
(epstopdf)                    size: 10718 bytes
(epstopdf)             Command: <miktex-epstopdf --outfile=images/XClosure-eps-converted-to.pdf images/XClosure.eps>
(epstopdf)             \includegraphics on input line 1395.
Package epstopdf Info: Output file is already uptodate.
<images/XClosure-eps-converted-to.pdf, id=517, 500.87125pt x 169.63374pt>
File: images/XClosure-eps-converted-to.pdf Graphic file (type pdf)
<use images/XClosure-eps-converted-to.pdf>
Package pdftex.def Info: images/XClosure-eps-converted-to.pdf  used on input line 1395.
(pdftex.def)             Requested size: 435.32422pt x 147.44037pt.
 [24 <./images/XClosure-eps-converted-to.pdf>] [25]
LaTeX Font Info:    Trying to load font information for OMS+cmtt on input line 1452.
LaTeX Font Info:    No file OMScmtt.fd. on input line 1452.


LaTeX Font Warning: Font shape `OMS/cmtt/m/n' undefined
(Font)              using `OMS/cmsy/m/n' instead
(Font)              for symbol `textbraceleft' on input line 1452.

[26] [27] [28]

Package hyperref Warning: Token not allowed in a PDF string (Unicode):
(hyperref)                removing `\colorbox' on input line 1559.


Package hyperref Warning: Token not allowed in a PDF string (Unicode):
(hyperref)                removing `math shift' on input line 1559.


Package hyperref Warning: Token not allowed in a PDF string (Unicode):
(hyperref)                removing `superscript' on input line 1559.


Package hyperref Warning: Token not allowed in a PDF string (Unicode):
(hyperref)                removing `subscript' on input line 1559.


Package hyperref Warning: Token not allowed in a PDF string (Unicode):
(hyperref)                removing `\colorbox' on input line 1559.


Package hyperref Warning: Token not allowed in a PDF string (Unicode):
(hyperref)                removing `math shift' on input line 1559.

[29] [30]

Package hyperref Warning: Token not allowed in a PDF string (Unicode):
(hyperref)                removing `\colorbox' on input line 1670.


Package hyperref Warning: Token not allowed in a PDF string (Unicode):
(hyperref)                removing `math shift' on input line 1670.


Package hyperref Warning: Token not allowed in a PDF string (Unicode):
(hyperref)                removing `\subseteq' on input line 1670.


Package hyperref Warning: Token not allowed in a PDF string (Unicode):
(hyperref)                removing `superscript' on input line 1670.

[31] [32]

Package hyperref Warning: Token not allowed in a PDF string (Unicode):
(hyperref)                removing `\colorbox' on input line 1719.


Package hyperref Warning: Token not allowed in a PDF string (Unicode):
(hyperref)                removing `math shift' on input line 1719.


Package hyperref Warning: Token not allowed in a PDF string (Unicode):
(hyperref)                removing `\rho' on input line 1719.


Package hyperref Warning: Token not allowed in a PDF string (Unicode):
(hyperref)                removing `\colorbox' on input line 1719.

[33]

Package hyperref Warning: Token not allowed in a PDF string (Unicode):
(hyperref)                removing `\colorbox' on input line 1789.


Package hyperref Warning: Token not allowed in a PDF string (Unicode):
(hyperref)                removing `math shift' on input line 1789.


Package hyperref Warning: Token not allowed in a PDF string (Unicode):
(hyperref)                removing `\rho' on input line 1789.

[34] [35]
Package epstopdf Info: Source file: <images/Disk.eps>
(epstopdf)                    date: 2024-01-14 18:45:35
(epstopdf)                    size: 32431 bytes
(epstopdf)             Output file: <images/Disk-eps-converted-to.pdf>
(epstopdf)                    date: 2024-01-14 18:45:41
(epstopdf)                    size: 7846 bytes
(epstopdf)             Command: <miktex-epstopdf --outfile=images/Disk-eps-converted-to.pdf images/Disk.eps>
(epstopdf)             \includegraphics on input line 1848.
Package epstopdf Info: Output file is already uptodate.
<images/Disk-eps-converted-to.pdf, id=613, 484.81125pt x 438.63875pt>
File: images/Disk-eps-converted-to.pdf Graphic file (type pdf)
<use images/Disk-eps-converted-to.pdf>
Package pdftex.def Info: images/Disk-eps-converted-to.pdf  used on input line 1848.
(pdftex.def)             Requested size: 290.22107pt x 262.59628pt.
 [36 <./images/Disk-eps-converted-to.pdf>] [37]
Package epstopdf Info: Source file: <images/chiaveMod10.eps>
(epstopdf)                    date: 2023-12-02 13:26:04
(epstopdf)                    size: 48901 bytes
(epstopdf)             Output file: <images/chiaveMod10-eps-converted-to.pdf>
(epstopdf)                    date: 2023-12-02 13:26:26
(epstopdf)                    size: 9709 bytes
(epstopdf)             Command: <miktex-epstopdf --outfile=images/chiaveMod10-eps-converted-to.pdf images/chiaveMod10.eps>
(epstopdf)             \includegraphics on input line 1930.
Package epstopdf Info: Output file is already uptodate.
<images/chiaveMod10-eps-converted-to.pdf, id=632, 517.935pt x 377.41pt>
File: images/chiaveMod10-eps-converted-to.pdf Graphic file (type pdf)
<use images/chiaveMod10-eps-converted-to.pdf>
Package pdftex.def Info: images/chiaveMod10-eps-converted-to.pdf  used on input line 1930.
(pdftex.def)             Requested size: 338.58632pt x 246.73026pt.
 [38] [39 <./images/chiaveMod10-eps-converted-to.pdf>]
Package epstopdf Info: Source file: <images/sparseIndex.eps>
(epstopdf)                    date: 2023-12-10 18:26:04
(epstopdf)                    size: 57727 bytes
(epstopdf)             Output file: <images/sparseIndex-eps-converted-to.pdf>
(epstopdf)                    date: 2023-12-10 18:26:11
(epstopdf)                    size: 11162 bytes
(epstopdf)             Command: <miktex-epstopdf --outfile=images/sparseIndex-eps-converted-to.pdf images/sparseIndex.eps>
(epstopdf)             \includegraphics on input line 1965.
Package epstopdf Info: Output file is already uptodate.
<images/sparseIndex-eps-converted-to.pdf, id=649, 498.86375pt x 322.20375pt>
File: images/sparseIndex-eps-converted-to.pdf Graphic file (type pdf)
<use images/sparseIndex-eps-converted-to.pdf>
Package pdftex.def Info: images/sparseIndex-eps-converted-to.pdf  used on input line 1965.
(pdftex.def)             Requested size: 386.95897pt x 249.93639pt.
Package epstopdf Info: Source file: <images/node.eps>
(epstopdf)                    date: 2023-12-10 18:37:37
(epstopdf)                    size: 110463 bytes
(epstopdf)             Output file: <images/node-eps-converted-to.pdf>
(epstopdf)                    date: 2023-12-10 18:37:52
(epstopdf)                    size: 11451 bytes
(epstopdf)             Command: <miktex-epstopdf --outfile=images/node-eps-converted-to.pdf images/node.eps>
(epstopdf)             \includegraphics on input line 1980.
Package epstopdf Info: Output file is already uptodate.
<images/node-eps-converted-to.pdf, id=650, 253.94875pt x 48.18pt>
File: images/node-eps-converted-to.pdf Graphic file (type pdf)
<use images/node-eps-converted-to.pdf>
Package pdftex.def Info: images/node-eps-converted-to.pdf  used on input line 1980.
(pdftex.def)             Requested size: 386.95897pt x 73.4181pt.
Package epstopdf Info: Source file: <images/node2.eps>
(epstopdf)                    date: 2023-12-10 18:50:59
(epstopdf)                    size: 84947 bytes
(epstopdf)             Output file: <images/node2-eps-converted-to.pdf>
(epstopdf)                    date: 2023-12-10 18:51:16
(epstopdf)                    size: 65295 bytes
(epstopdf)             Command: <miktex-epstopdf --outfile=images/node2-eps-converted-to.pdf images/node2.eps>
(epstopdf)             \includegraphics on input line 1991.
Package epstopdf Info: Output file is already uptodate.
<images/node2-eps-converted-to.pdf, id=651, 659.46375pt x 209.78375pt>
File: images/node2-eps-converted-to.pdf Graphic file (type pdf)
<use images/node2-eps-converted-to.pdf>
Package pdftex.def Info: images/node2-eps-converted-to.pdf  used on input line 1991.
(pdftex.def)             Requested size: 435.32422pt x 138.4865pt.
 [40 <./images/sparseIndex-eps-converted-to.pdf> <./images/node-eps-converted-to.pdf>] [41 <./images/node2-eps-converted-to.pdf>]
Package epstopdf Info: Source file: <images/errori.eps>
(epstopdf)                    date: 2023-12-15 14:29:20
(epstopdf)                    size: 189340 bytes
(epstopdf)             Output file: <images/errori-eps-converted-to.pdf>
(epstopdf)                    date: 2023-12-15 14:29:24
(epstopdf)                    size: 23104 bytes
(epstopdf)             Command: <miktex-epstopdf --outfile=images/errori-eps-converted-to.pdf images/errori.eps>
(epstopdf)             \includegraphics on input line 2050.
Package epstopdf Info: Output file is already uptodate.
<images/errori-eps-converted-to.pdf, id=713, 322.20375pt x 530.98375pt>
File: images/errori-eps-converted-to.pdf Graphic file (type pdf)
<use images/errori-eps-converted-to.pdf>
Package pdftex.def Info: images/errori-eps-converted-to.pdf  used on input line 2050.
(pdftex.def)             Requested size: 314.40001pt x 518.14052pt.
 [42] [43 <./images/errori-eps-converted-to.pdf>]
Package epstopdf Info: Source file: <images/template.eps>
(epstopdf)                    date: 2023-12-15 15:04:26
(epstopdf)                    size: 52389 bytes
(epstopdf)             Output file: <images/template-eps-converted-to.pdf>
(epstopdf)                    date: 2023-12-15 15:04:40
(epstopdf)                    size: 7655 bytes
(epstopdf)             Command: <miktex-epstopdf --outfile=images/template-eps-converted-to.pdf images/template.eps>
(epstopdf)             \includegraphics on input line 2094.
Package epstopdf Info: Output file is already uptodate.
<images/template-eps-converted-to.pdf, id=763, 113.42375pt x 81.30376pt>
File: images/template-eps-converted-to.pdf Graphic file (type pdf)
<use images/template-eps-converted-to.pdf>
Package pdftex.def Info: images/template-eps-converted-to.pdf  used on input line 2094.
(pdftex.def)             Requested size: 169.29684pt x 121.35486pt.
 [44]
Package epstopdf Info: Source file: <images/transTem.eps>
(epstopdf)                    date: 2023-12-15 15:10:28
(epstopdf)                    size: 53751 bytes
(epstopdf)             Output file: <images/transTem-eps-converted-to.pdf>
(epstopdf)                    date: 2023-12-15 15:10:50
(epstopdf)                    size: 7971 bytes
(epstopdf)             Command: <miktex-epstopdf --outfile=images/transTem-eps-converted-to.pdf images/transTem.eps>
(epstopdf)             \includegraphics on input line 2100.
Package epstopdf Info: Output file is already uptodate.
<images/transTem-eps-converted-to.pdf, id=768, 290.08376pt x 81.30376pt>
File: images/transTem-eps-converted-to.pdf Graphic file (type pdf)
<use images/transTem-eps-converted-to.pdf>
Package pdftex.def Info: images/transTem-eps-converted-to.pdf  used on input line 2100.
(pdftex.def)             Requested size: 386.95897pt x 108.46262pt.
Package epstopdf Info: Source file: <images/TransFuncexample.eps>
(epstopdf)                    date: 2023-12-15 15:16:49
(epstopdf)                    size: 55199 bytes
(epstopdf)             Output file: <images/TransFuncexample-eps-converted-to.pdf>
(epstopdf)                    date: 2023-12-15 15:17:05
(epstopdf)                    size: 8200 bytes
(epstopdf)             Command: <miktex-epstopdf --outfile=images/TransFuncexample-eps-converted-to.pdf images/TransFuncexample.eps>
(epstopdf)             \includegraphics on input line 2107.
Package epstopdf Info: Output file is already uptodate.
<images/TransFuncexample-eps-converted-to.pdf, id=769, 186.6975pt x 145.54375pt>
File: images/TransFuncexample-eps-converted-to.pdf Graphic file (type pdf)
<use images/TransFuncexample-eps-converted-to.pdf>
Package pdftex.def Info: images/TransFuncexample-eps-converted-to.pdf  used on input line 2107.
(pdftex.def)             Requested size: 193.47578pt x 150.83557pt.
 [45 <./images/template-eps-converted-to.pdf> <./images/transTem-eps-converted-to.pdf> <./images/TransFuncexample-eps-converted-to.pdf>]
Package epstopdf Info: Source file: <images/grafoSer.eps>
(epstopdf)                    date: 2023-12-15 15:39:51
(epstopdf)                    size: 82672 bytes
(epstopdf)             Output file: <images/grafoSer-eps-converted-to.pdf>
(epstopdf)                    date: 2023-12-15 15:40:09
(epstopdf)                    size: 9809 bytes
(epstopdf)             Command: <miktex-epstopdf --outfile=images/grafoSer-eps-converted-to.pdf images/grafoSer.eps>
(epstopdf)             \includegraphics on input line 2126.
Package epstopdf Info: Output file is already uptodate.
<images/grafoSer-eps-converted-to.pdf, id=807, 314.17375pt x 145.54375pt>
File: images/grafoSer-eps-converted-to.pdf Graphic file (type pdf)
<use images/grafoSer-eps-converted-to.pdf>
Package pdftex.def Info: images/grafoSer-eps-converted-to.pdf  used on input line 2126.
(pdftex.def)             Requested size: 338.58632pt x 156.86066pt.
 [46 <./images/grafoSer-eps-converted-to.pdf>]
Package epstopdf Info: Source file: <images/3stati.eps>
(epstopdf)                    date: 2023-12-15 16:35:44
(epstopdf)                    size: 78726 bytes
(epstopdf)             Output file: <images/3stati-eps-converted-to.pdf>
(epstopdf)                    date: 2023-12-15 16:36:12
(epstopdf)                    size: 11799 bytes
(epstopdf)             Command: <miktex-epstopdf --outfile=images/3stati-eps-converted-to.pdf images/3stati.eps>
(epstopdf)             \includegraphics on input line 2182.
Package epstopdf Info: Output file is already uptodate.
<images/3stati-eps-converted-to.pdf, id=829, 330.23375pt x 94.3525pt>
File: images/3stati-eps-converted-to.pdf Graphic file (type pdf)
<use images/3stati-eps-converted-to.pdf>
Package pdftex.def Info: images/3stati-eps-converted-to.pdf  used on input line 2182.
(pdftex.def)             Requested size: 435.32422pt x 124.38297pt.
 [47 <./images/3stati-eps-converted-to.pdf>]
Package epstopdf Info: Source file: <images/grafoNuovo.eps>
(epstopdf)                    date: 2023-12-15 16:55:17
(epstopdf)                    size: 87124 bytes
(epstopdf)             Output file: <images/grafoNuovo-eps-converted-to.pdf>
(epstopdf)                    date: 2023-12-15 16:55:31
(epstopdf)                    size: 11158 bytes
(epstopdf)             Command: <miktex-epstopdf --outfile=images/grafoNuovo-eps-converted-to.pdf images/grafoNuovo.eps>
(epstopdf)             \includegraphics on input line 2209.
Package epstopdf Info: Output file is already uptodate.
<images/grafoNuovo-eps-converted-to.pdf, id=848, 362.35374pt x 209.78375pt>
File: images/grafoNuovo-eps-converted-to.pdf Graphic file (type pdf)
<use images/grafoNuovo-eps-converted-to.pdf>
Package pdftex.def Info: images/grafoNuovo-eps-converted-to.pdf  used on input line 2209.
(pdftex.def)             Requested size: 362.77264pt x 210.0297pt.
 [48 <./images/grafoNuovo-eps-converted-to.pdf>] [49] [50] [51] (Basi di Dati modulo 1.aux)
 ***********
LaTeX2e <2023-06-01> patch level 1
L3 programming layer <2023-08-29>
 ***********


LaTeX Font Warning: Some font shapes were not available, defaults substituted.

Package rerunfilecheck Info: File `"Basi di Dati modulo 1".out' has not changed.
(rerunfilecheck)             Checksum: 95592DAC57424594980BEA13D37646BE;13352.
 ) 
Here is how much of TeX's memory you used:
 14782 strings out of 475248
 240322 string characters out of 5757813
 1940785 words of memory out of 5000000
 35917 multiletter control sequences out of 15000+600000
 569390 words of font info for 79 fonts, out of 8000000 for 9000
 1141 hyphenation exceptions out of 8191
 75i,18n,79p,648b,549s stack positions out of 10000i,1000n,20000p,200000b,200000s
 <C:\Users\mcasu\AppData\Local\MiKTeX\fonts/pk/ljfour/jknappen/ec/dpi600\tcrm1200.pk><C:/Users/mcasu/AppData/Local/Programs/MiKTeX/fonts/type1/public/amsfonts/cm/cmbx12.pfb><C:/Users/mcasu/AppData/Local/Programs/MiKTeX/fonts/type1/public/amsfonts/cm/cmbxti10.pfb><C:/Users/mcasu/AppData/Local/Programs/MiKTeX/fonts/type1/public/amsfonts/cm/cmex10.pfb><C:/Users/mcasu/AppData/Local/Programs/MiKTeX/fonts/type1/public/amsfonts/cm/cmmi10.pfb><C:/Users/mcasu/AppData/Local/Programs/MiKTeX/fonts/type1/public/amsfonts/cm/cmmi12.pfb><C:/Users/mcasu/AppData/Local/Programs/MiKTeX/fonts/type1/public/amsfonts/cm/cmmi6.pfb><C:/Users/mcasu/AppData/Local/Programs/MiKTeX/fonts/type1/public/amsfonts/cm/cmmi8.pfb><C:/Users/mcasu/AppData/Local/Programs/MiKTeX/fonts/type1/public/amsfonts/cm/cmr10.pfb><C:/Users/mcasu/AppData/Local/Programs/MiKTeX/fonts/type1/public/amsfonts/cm/cmr12.pfb><C:/Users/mcasu/AppData/Local/Programs/MiKTeX/fonts/type1/public/amsfonts/cm/cmr17.pfb><C:/Users/mcasu/AppData/Local/Programs/MiKTeX/fonts/type1/public/amsfonts/cm/cmr6.pfb><C:/Users/mcasu/AppData/Local/Programs/MiKTeX/fonts/type1/public/amsfonts/cm/cmr7.pfb><C:/Users/mcasu/AppData/Local/Programs/MiKTeX/fonts/type1/public/amsfonts/cm/cmr8.pfb><C:/Users/mcasu/AppData/Local/Programs/MiKTeX/fonts/type1/public/amsfonts/cm/cmsy10.pfb><C:/Users/mcasu/AppData/Local/Programs/MiKTeX/fonts/type1/public/amsfonts/cm/cmsy6.pfb><C:/Users/mcasu/AppData/Local/Programs/MiKTeX/fonts/type1/public/amsfonts/cm/cmsy8.pfb><C:/Users/mcasu/AppData/Local/Programs/MiKTeX/fonts/type1/public/amsfonts/cm/cmti12.pfb><C:/Users/mcasu/AppData/Local/Programs/MiKTeX/fonts/type1/public/amsfonts/cm/cmtt12.pfb><C:/Users/mcasu/AppData/Local/Programs/MiKTeX/fonts/type1/public/amsfonts/symbols/msam10.pfb><C:/Users/mcasu/AppData/Local/Programs/MiKTeX/fonts/type1/public/amsfonts/symbols/msbm10.pfb>
Output written on "Basi di Dati modulo 1.pdf" (51 pages, 2117023 bytes).
PDF statistics:
 1012 PDF objects out of 1200 (max. 8388607)
 178 named destinations out of 1000 (max. 500000)
 652 words of extra memory for PDF output out of 10000 (max. 10000000)

