\BOOKMARK [0][-]{chapter.1}{\376\377\000L\000'\000A\000u\000t\000o\000m\000a\000z\000i\000o\000n\000e\000\040\000I\000n\000d\000u\000s\000t\000r\000i\000a\000l\000e}{}% 1
\BOOKMARK [1][-]{section.1.1}{\376\377\000I\000n\000t\000r\000o\000d\000u\000z\000i\000o\000n\000e}{chapter.1}% 2
\BOOKMARK [1][-]{section.1.2}{\376\377\000P\000r\000o\000c\000e\000s\000s\000i\000\040\000I\000n\000d\000u\000s\000t\000r\000i\000a\000l\000i}{chapter.1}% 3
\BOOKMARK [2][-]{subsection.1.2.1}{\376\377\000S\000i\000s\000t\000e\000m\000a\000\040\000d\000i\000\040\000C\000o\000n\000t\000r\000o\000l\000l\000o}{section.1.2}% 4
\BOOKMARK [1][-]{section.1.3}{\376\377\000A\000n\000a\000l\000i\000s\000i\000\040\000d\000e\000i\000\040\000S\000i\000s\000t\000e\000m\000i\000\040\000d\000i\000\040\000P\000r\000o\000d\000u\000z\000i\000o\000n\000e}{chapter.1}% 5
\BOOKMARK [2][-]{subsection.1.3.1}{\376\377\000L\000i\000n\000e\000e\000\040\000d\000i\000\040\000T\000r\000a\000s\000f\000e\000r\000t\000a}{section.1.3}% 6
\BOOKMARK [2][-]{subsection.1.3.2}{\376\377\000F\000l\000o\000w\000\040\000S\000h\000o\000p}{section.1.3}% 7
\BOOKMARK [1][-]{section.1.4}{\376\377\000S\000i\000s\000t\000e\000m\000a\000\040\000d\000i\000\040\000S\000u\000p\000p\000o\000r\000t\000o}{chapter.1}% 8
\BOOKMARK [1][-]{section.1.5}{\376\377\000L\000a\000\040\000P\000i\000r\000a\000m\000i\000d\000e\000\040\000C\000I\000M}{chapter.1}% 9
\BOOKMARK [2][-]{subsection.1.5.1}{\376\377\000L\000i\000v\000e\000l\000l\000i\000\040\000d\000e\000l\000l\000a\000\040\000P\000i\000r\000a\000m\000i\000d\000e}{section.1.5}% 10
\BOOKMARK [2][-]{subsection.1.5.2}{\376\377\000A\000u\000t\000o\000-\000d\000i\000a\000g\000n\000o\000s\000t\000i\000c\000a}{section.1.5}% 11
\BOOKMARK [2][-]{subsection.1.5.3}{\376\377\000A\000r\000c\000h\000i\000t\000e\000t\000t\000u\000r\000e\000\040\000p\000e\000r\000\040\000i\000l\000\040\000C\000o\000n\000t\000r\000o\000l\000l\000o}{section.1.5}% 12
\BOOKMARK [1][-]{section.1.6}{\376\377\000I\000n\000d\000u\000s\000t\000r\000i\000a\000\040\0004\000.\0000}{chapter.1}% 13
\BOOKMARK [2][-]{subsection.1.6.1}{\376\377\000T\000e\000c\000n\000o\000l\000o\000g\000i\000e\000\040\000A\000b\000i\000l\000i\000t\000a\000n\000t\000i}{section.1.6}% 14
\BOOKMARK [2][-]{subsection.1.6.2}{\376\377\000M\000o\000d\000e\000l\000l\000i\000\040\000d\000i\000\040\000B\000u\000s\000i\000n\000e\000s\000s}{section.1.6}% 15
\BOOKMARK [0][-]{chapter.2}{\376\377\000R\000e\000t\000i\000\040\000p\000e\000r\000\040\000l\000'\000A\000u\000t\000o\000m\000a\000z\000i\000o\000n\000e}{}% 16
\BOOKMARK [0][-]{chapter.3}{\376\377\000C\000o\000m\000p\000l\000e\000m\000e\000n\000t\000i}{}% 17
\BOOKMARK [1][-]{section.3.1}{\376\377\000L\000a\000\040\000T\000r\000a\000s\000f\000o\000r\000m\000a\000t\000a\000\040\000d\000i\000\040\000L\000a\000p\000l\000a\000c\000e}{chapter.3}% 18
\BOOKMARK [2][-]{subsection.3.1.1}{\376\377\000P\000r\000o\000p\000r\000i\000e\000t\000\340\000\040\000d\000e\000l\000l\000a\000\040\000T\000r\000a\000s\000f\000o\000r\000m\000a\000t\000a}{section.3.1}% 19
\BOOKMARK [2][-]{subsection.3.1.2}{\376\377\000T\000r\000a\000s\000f\000o\000r\000m\000a\000t\000a\000\040\000i\000n\000v\000e\000r\000s\000a}{section.3.1}% 20
\BOOKMARK [2][-]{subsection.3.1.3}{\376\377\000T\000r\000a\000s\000f\000o\000r\000m\000a\000t\000e\000\040\000n\000o\000t\000e}{section.3.1}% 21
\BOOKMARK [2][-]{subsection.3.1.4}{\376\377\000F\000u\000n\000z\000i\000o\000n\000e\000\040\000d\000i\000\040\000t\000r\000a\000s\000f\000e\000r\000i\000m\000e\000n\000t\000o}{section.3.1}% 22
