\BOOKMARK [1][-]{section.1}{\376\377\000I\000n\000t\000r\000o\000d\000u\000z\000i\000o\000n\000e}{}% 1
\BOOKMARK [2][-]{subsection.1.1}{\376\377\000C\000o\000n\000t\000e\000s\000t\000o\000\040\000O\000r\000g\000a\000n\000i\000z\000z\000a\000t\000i\000v\000o}{section.1}% 2
\BOOKMARK [2][-]{subsection.1.2}{\376\377\000C\000i\000c\000l\000o\000\040\000d\000i\000\040\000V\000i\000t\000a\000\040\000d\000e\000l\000\040\000S\000o\000f\000t\000w\000a\000r\000e}{section.1}% 3
\BOOKMARK [1][-]{section.2}{\376\377\000I\000l\000\040\000l\000i\000n\000g\000u\000a\000g\000g\000i\000o\000\040\000U\000M\000L}{}% 4
\BOOKMARK [2][-]{subsection.2.1}{\376\377\000A\000s\000s\000o\000c\000i\000a\000z\000i\000o\000n\000i\000\040\000e\000\040\000L\000i\000n\000k}{section.2}% 5
\BOOKMARK [3][-]{subsubsection.2.1.1}{\376\377\000C\000l\000a\000s\000s\000i\000\040\000P\000o\000n\000t\000e\000\040\000e\000\040\000M\000o\000l\000t\000e\000p\000l\000i\000c\000i\000t\000\340}{subsection.2.1}% 6
\BOOKMARK [3][-]{subsubsection.2.1.2}{\376\377\000A\000s\000s\000o\000c\000i\000a\000z\000i\000o\000n\000i\000\040\000c\000o\000n\000\040\000A\000t\000t\000r\000i\000b\000u\000t\000i}{subsection.2.1}% 7
\BOOKMARK [2][-]{subsection.2.2}{\376\377\000T\000i\000p\000i\000\040\000d\000i\000\040\000D\000a\000t\000o}{section.2}% 8
\BOOKMARK [2][-]{subsection.2.3}{\376\377\000V\000i\000n\000c\000o\000l\000i}{section.2}% 9
\BOOKMARK [2][-]{subsection.2.4}{\376\377\000G\000e\000n\000e\000r\000a\000l\000i\000z\000z\000a\000z\000i\000o\000n\000e\000\040\000d\000e\000l\000l\000e\000\040\000C\000l\000a\000s\000s\000i}{section.2}% 10
\BOOKMARK [2][-]{subsection.2.5}{\376\377\000O\000p\000e\000r\000a\000z\000i\000o\000n\000i\000\040\000d\000i\000\040\000C\000l\000a\000s\000s\000e}{section.2}% 11
\BOOKMARK [2][-]{subsection.2.6}{\376\377\000D\000o\000c\000u\000m\000e\000n\000t\000i\000\040\000d\000i\000\040\000S\000p\000e\000c\000i\000f\000i\000c\000a}{section.2}% 12
\BOOKMARK [3][-]{subsubsection.2.6.1}{\376\377\000S\000p\000e\000c\000i\000f\000i\000c\000a\000\040\000d\000e\000l\000l\000e\000\040\000C\000l\000a\000s\000s\000i}{subsection.2.6}% 13
\BOOKMARK [2][-]{subsection.2.7}{\376\377\000S\000p\000e\000c\000i\000a\000l\000i\000z\000z\000a\000z\000i\000o\000n\000e}{section.2}% 14
\BOOKMARK [2][-]{subsection.2.8}{\376\377\000S\000p\000e\000c\000i\000f\000i\000c\000a\000\040\000d\000e\000i\000\040\000V\000i\000n\000c\000o\000l\000i\000\040\000E\000s\000t\000e\000r\000n\000i}{section.2}% 15
\BOOKMARK [2][-]{subsection.2.9}{\376\377\000D\000i\000a\000g\000r\000a\000m\000m\000a\000\040\000d\000e\000g\000l\000i\000\040\000U\000s\000e\000-\000C\000a\000s\000e}{section.2}% 16
\BOOKMARK [3][-]{subsubsection.2.9.1}{\376\377\000S\000e\000m\000a\000n\000t\000i\000c\000a\000\040\000d\000e\000l\000\040\000D\000i\000a\000g\000r\000a\000m\000m\000a}{subsection.2.9}% 17
\BOOKMARK [3][-]{subsubsection.2.9.2}{\376\377\000S\000p\000e\000c\000i\000f\000i\000c\000h\000e\000\040\000d\000e\000g\000l\000i\000\040\000U\000s\000e\000-\000C\000a\000s\000e}{subsection.2.9}% 18
\BOOKMARK [1][-]{section.3}{\376\377\000L\000o\000g\000i\000c\000a\000\040\000d\000i\000\040\000P\000r\000i\000m\000o\000\040\000O\000r\000d\000i\000n\000e}{}% 19
\BOOKMARK [2][-]{subsection.3.1}{\376\377\000S\000i\000n\000t\000a\000s\000s\000i\000\040\000d\000e\000l\000l\000a\000\040\000F\000O\000L}{section.3}% 20
\BOOKMARK [2][-]{subsection.3.2}{\376\377\000S\000e\000m\000a\000n\000t\000i\000c\000a\000\040\000d\000e\000l\000l\000a\000\040\000F\000O\000L}{section.3}% 21
\BOOKMARK [2][-]{subsection.3.3}{\376\377\000V\000a\000l\000u\000t\000a\000z\000i\000o\000n\000e\000\040\000d\000e\000i\000\040\000T\000e\000r\000m\000i\000n\000i}{section.3}% 22
