This is pdfTeX, Version 3.141592653-2.6-1.40.25 (MiKTeX 23.9.24) (preloaded format=pdflatex 2024.2.10)  26 APR 2024 13:13
entering extended mode
 restricted \write18 enabled.
 file:line:error style messages enabled.
 %&-line parsing enabled.
**"c:/Users/mcasu/OneDrive/Desktop/University_notes/Secondo Anno/Secondo Semestre/Basi di Dati 2/Latex source file/Basi di Dati modulo 2.tex"
(c:/Users/mcasu/OneDrive/Desktop/University_notes/Secondo Anno/Secondo Semestre/Basi di Dati 2/Latex source file/Basi di Dati modulo 2.tex
LaTeX2e <2023-11-01> patch level 1
L3 programming layer <2024-01-22>
(C:\Users\mcasu\AppData\Local\Programs\MiKTeX\tex/latex/base\article.cls
Document Class: article 2023/05/17 v1.4n Standard LaTeX document class
(C:\Users\mcasu\AppData\Local\Programs\MiKTeX\tex/latex/base\size12.clo
File: size12.clo 2023/05/17 v1.4n Standard LaTeX file (size option)
)
\c@part=\count187
\c@section=\count188
\c@subsection=\count189
\c@subsubsection=\count190
\c@paragraph=\count191
\c@subparagraph=\count192
\c@figure=\count193
\c@table=\count194
\abovecaptionskip=\skip48
\belowcaptionskip=\skip49
\bibindent=\dimen140
) (C:\Users\mcasu\AppData\Local\Programs\MiKTeX\tex/latex/graphics\graphicx.sty
Package: graphicx 2021/09/16 v1.2d Enhanced LaTeX Graphics (DPC,SPQR)
 (C:\Users\mcasu\AppData\Local\Programs\MiKTeX\tex/latex/graphics\keyval.sty
Package: keyval 2022/05/29 v1.15 key=value parser (DPC)
\KV@toks@=\toks17
) (C:\Users\mcasu\AppData\Local\Programs\MiKTeX\tex/latex/graphics\graphics.sty
Package: graphics 2022/03/10 v1.4e Standard LaTeX Graphics (DPC,SPQR)
 (C:\Users\mcasu\AppData\Local\Programs\MiKTeX\tex/latex/graphics\trig.sty
Package: trig 2021/08/11 v1.11 sin cos tan (DPC)
) (C:\Users\mcasu\AppData\Local\Programs\MiKTeX\tex/latex/graphics-cfg\graphics.cfg
File: graphics.cfg 2016/06/04 v1.11 sample graphics configuration
)
Package graphics Info: Driver file: pdftex.def on input line 107.
 (C:\Users\mcasu\AppData\Local\Programs\MiKTeX\tex/latex/graphics-def\pdftex.def
File: pdftex.def 2022/09/22 v1.2b Graphics/color driver for pdftex
))
\Gin@req@height=\dimen141
\Gin@req@width=\dimen142
) (C:\Users\mcasu\AppData\Local\Programs\MiKTeX\tex/latex/hyperref\hyperref.sty
Package: hyperref 2024-01-20 v7.01h Hypertext links for LaTeX
 (C:\Users\mcasu\AppData\Local\Programs\MiKTeX\tex/generic/iftex\iftex.sty
Package: iftex 2022/02/03 v1.0f TeX engine tests
) (C:\Program Files\MiKTeX2\tex/latex/kvsetkeys\kvsetkeys.sty
Package: kvsetkeys 2022-10-05 v1.19 Key value parser (HO)
) (C:\Program Files\MiKTeX2\tex/generic/kvdefinekeys\kvdefinekeys.sty
Package: kvdefinekeys 2019-12-19 v1.6 Define keys (HO)
) (C:\Program Files\MiKTeX2\tex/generic/pdfescape\pdfescape.sty
Package: pdfescape 2019/12/09 v1.15 Implements pdfTeX's escape features (HO)
 (C:\Program Files\MiKTeX2\tex/generic/ltxcmds\ltxcmds.sty
Package: ltxcmds 2020-05-10 v1.25 LaTeX kernel commands for general use (HO)
) (C:\Users\mcasu\AppData\Local\Programs\MiKTeX\tex/generic/pdftexcmds\pdftexcmds.sty
Package: pdftexcmds 2020-06-27 v0.33 Utility functions of pdfTeX for LuaTeX (HO)
 (C:\Program Files\MiKTeX2\tex/generic/infwarerr\infwarerr.sty
Package: infwarerr 2019/12/03 v1.5 Providing info/warning/error messages (HO)
)
Package pdftexcmds Info: \pdf@primitive is available.
Package pdftexcmds Info: \pdf@ifprimitive is available.
Package pdftexcmds Info: \pdfdraftmode found.
)) (C:\Program Files\MiKTeX2\tex/latex/hycolor\hycolor.sty
Package: hycolor 2020-01-27 v1.10 Color options for hyperref/bookmark (HO)
) (C:\Program Files\MiKTeX2\tex/latex/auxhook\auxhook.sty
Package: auxhook 2019-12-17 v1.6 Hooks for auxiliary files (HO)
) (C:\Users\mcasu\AppData\Local\Programs\MiKTeX\tex/latex/hyperref\nameref.sty
Package: nameref 2023-11-26 v2.56 Cross-referencing by name of section
 (C:\Program Files\MiKTeX2\tex/latex/refcount\refcount.sty
Package: refcount 2019/12/15 v3.6 Data extraction from label references (HO)
) (C:\Program Files\MiKTeX2\tex/generic/gettitlestring\gettitlestring.sty
Package: gettitlestring 2019/12/15 v1.6 Cleanup title references (HO)
 (C:\Program Files\MiKTeX2\tex/latex/kvoptions\kvoptions.sty
Package: kvoptions 2022-06-15 v3.15 Key value format for package options (HO)
))
\c@section@level=\count195
) (C:\Users\mcasu\AppData\Local\Programs\MiKTeX\tex/latex/etoolbox\etoolbox.sty
Package: etoolbox 2020/10/05 v2.5k e-TeX tools for LaTeX (JAW)
\etb@tempcnta=\count196
)
\@linkdim=\dimen143
\Hy@linkcounter=\count197
\Hy@pagecounter=\count198
 (C:\Users\mcasu\AppData\Local\Programs\MiKTeX\tex/latex/hyperref\pd1enc.def
File: pd1enc.def 2024-01-20 v7.01h Hyperref: PDFDocEncoding definition (HO)
Now handling font encoding PD1 ...
... no UTF-8 mapping file for font encoding PD1
) (C:\Program Files\MiKTeX2\tex/generic/intcalc\intcalc.sty
Package: intcalc 2019/12/15 v1.3 Expandable calculations with integers (HO)
)
\Hy@SavedSpaceFactor=\count199
 (C:\Users\mcasu\AppData\Local\Programs\MiKTeX\tex/latex/hyperref\puenc.def
File: puenc.def 2024-01-20 v7.01h Hyperref: PDF Unicode definition (HO)
Now handling font encoding PU ...
... no UTF-8 mapping file for font encoding PU
)
Package hyperref Info: Hyper figures OFF on input line 4179.
Package hyperref Info: Link nesting OFF on input line 4184.
Package hyperref Info: Hyper index ON on input line 4187.
Package hyperref Info: Plain pages OFF on input line 4194.
Package hyperref Info: Backreferencing OFF on input line 4199.
Package hyperref Info: Implicit mode ON; LaTeX internals redefined.
Package hyperref Info: Bookmarks ON on input line 4446.
\c@Hy@tempcnt=\count266
 (C:\Users\mcasu\AppData\Local\Programs\MiKTeX\tex/latex/url\url.sty
\Urlmuskip=\muskip16
Package: url 2013/09/16  ver 3.4  Verb mode for urls, etc.
)
LaTeX Info: Redefining \url on input line 4784.
\XeTeXLinkMargin=\dimen144
 (C:\Program Files\MiKTeX2\tex/generic/bitset\bitset.sty
Package: bitset 2019/12/09 v1.3 Handle bit-vector datatype (HO)
 (C:\Program Files\MiKTeX2\tex/generic/bigintcalc\bigintcalc.sty
Package: bigintcalc 2019/12/15 v1.5 Expandable calculations on big integers (HO)
))
\Fld@menulength=\count267
\Field@Width=\dimen145
\Fld@charsize=\dimen146
Package hyperref Info: Hyper figures OFF on input line 6063.
Package hyperref Info: Link nesting OFF on input line 6068.
Package hyperref Info: Hyper index ON on input line 6071.
Package hyperref Info: backreferencing OFF on input line 6078.
Package hyperref Info: Link coloring OFF on input line 6083.
Package hyperref Info: Link coloring with OCG OFF on input line 6088.
Package hyperref Info: PDF/A mode OFF on input line 6093.
 (C:\Users\mcasu\AppData\Local\Programs\MiKTeX\tex/latex/base\atbegshi-ltx.sty
Package: atbegshi-ltx 2021/01/10 v1.0c Emulation of the original atbegshi
package with kernel methods
)
\Hy@abspage=\count268
\c@Item=\count269
\c@Hfootnote=\count270
)
Package hyperref Info: Driver (autodetected): hpdftex.
 (C:\Users\mcasu\AppData\Local\Programs\MiKTeX\tex/latex/hyperref\hpdftex.def
File: hpdftex.def 2024-01-20 v7.01h Hyperref driver for pdfTeX
 (C:\Users\mcasu\AppData\Local\Programs\MiKTeX\tex/latex/base\atveryend-ltx.sty
Package: atveryend-ltx 2020/08/19 v1.0a Emulation of the original atveryend package
with kernel methods
)
\Fld@listcount=\count271
\c@bookmark@seq@number=\count272
 (C:\Program Files\MiKTeX2\tex/latex/rerunfilecheck\rerunfilecheck.sty
Package: rerunfilecheck 2022-07-10 v1.10 Rerun checks for auxiliary files (HO)
 (C:\Program Files\MiKTeX2\tex/generic/uniquecounter\uniquecounter.sty
Package: uniquecounter 2019/12/15 v1.4 Provide unlimited unique counter (HO)
)
Package uniquecounter Info: New unique counter `rerunfilecheck' on input line 285.
)
\Hy@SectionHShift=\skip50
) (C:\Users\mcasu\AppData\Local\Programs\MiKTeX\tex/latex/listings\listings.sty
\lst@mode=\count273
\lst@gtempboxa=\box51
\lst@token=\toks18
\lst@length=\count274
\lst@currlwidth=\dimen147
\lst@column=\count275
\lst@pos=\count276
\lst@lostspace=\dimen148
\lst@width=\dimen149
\lst@newlines=\count277
\lst@lineno=\count278
\lst@maxwidth=\dimen150
 (C:\Users\mcasu\AppData\Local\Programs\MiKTeX\tex/latex/listings\lstmisc.sty
File: lstmisc.sty 2023/02/27 1.9 (Carsten Heinz)
\c@lstnumber=\count279
\lst@skipnumbers=\count280
\lst@framebox=\box52
) (C:\Users\mcasu\AppData\Local\Programs\MiKTeX\tex/latex/listings\listings.cfg
File: listings.cfg 2023/02/27 1.9 listings configuration
))
Package: listings 2023/02/27 1.9 (Carsten Heinz)
 (C:\Users\mcasu\AppData\Local\Programs\MiKTeX\tex/latex/amsfonts\amssymb.sty
Package: amssymb 2013/01/14 v3.01 AMS font symbols
 (C:\Users\mcasu\AppData\Local\Programs\MiKTeX\tex/latex/amsfonts\amsfonts.sty
Package: amsfonts 2013/01/14 v3.01 Basic AMSFonts support
\@emptytoks=\toks19
\symAMSa=\mathgroup4
\symAMSb=\mathgroup5
LaTeX Font Info:    Redeclaring math symbol \hbar on input line 98.
LaTeX Font Info:    Overwriting math alphabet `\mathfrak' in version `bold'
(Font)                  U/euf/m/n --> U/euf/b/n on input line 106.
)) (C:\Users\mcasu\AppData\Local\Programs\MiKTeX\tex/latex/amsmath\amsmath.sty
Package: amsmath 2023/05/13 v2.17o AMS math features
\@mathmargin=\skip51

For additional information on amsmath, use the `?' option.
(C:\Users\mcasu\AppData\Local\Programs\MiKTeX\tex/latex/amsmath\amstext.sty
Package: amstext 2021/08/26 v2.01 AMS text
 (C:\Users\mcasu\AppData\Local\Programs\MiKTeX\tex/latex/amsmath\amsgen.sty
File: amsgen.sty 1999/11/30 v2.0 generic functions
\@emptytoks=\toks20
\ex@=\dimen151
)) (C:\Users\mcasu\AppData\Local\Programs\MiKTeX\tex/latex/amsmath\amsbsy.sty
Package: amsbsy 1999/11/29 v1.2d Bold Symbols
\pmbraise@=\dimen152
) (C:\Users\mcasu\AppData\Local\Programs\MiKTeX\tex/latex/amsmath\amsopn.sty
Package: amsopn 2022/04/08 v2.04 operator names
)
\inf@bad=\count281
LaTeX Info: Redefining \frac on input line 234.
\uproot@=\count282
\leftroot@=\count283
LaTeX Info: Redefining \overline on input line 399.
LaTeX Info: Redefining \colon on input line 410.
\classnum@=\count284
\DOTSCASE@=\count285
LaTeX Info: Redefining \ldots on input line 496.
LaTeX Info: Redefining \dots on input line 499.
LaTeX Info: Redefining \cdots on input line 620.
\Mathstrutbox@=\box53
\strutbox@=\box54
LaTeX Info: Redefining \big on input line 722.
LaTeX Info: Redefining \Big on input line 723.
LaTeX Info: Redefining \bigg on input line 724.
LaTeX Info: Redefining \Bigg on input line 725.
\big@size=\dimen153
LaTeX Font Info:    Redeclaring font encoding OML on input line 743.
LaTeX Font Info:    Redeclaring font encoding OMS on input line 744.
\macc@depth=\count286
LaTeX Info: Redefining \bmod on input line 905.
LaTeX Info: Redefining \pmod on input line 910.
LaTeX Info: Redefining \smash on input line 940.
LaTeX Info: Redefining \relbar on input line 970.
LaTeX Info: Redefining \Relbar on input line 971.
\c@MaxMatrixCols=\count287
\dotsspace@=\muskip17
\c@parentequation=\count288
\dspbrk@lvl=\count289
\tag@help=\toks21
\row@=\count290
\column@=\count291
\maxfields@=\count292
\andhelp@=\toks22
\eqnshift@=\dimen154
\alignsep@=\dimen155
\tagshift@=\dimen156
\tagwidth@=\dimen157
\totwidth@=\dimen158
\lineht@=\dimen159
\@envbody=\toks23
\multlinegap=\skip52
\multlinetaggap=\skip53
\mathdisplay@stack=\toks24
LaTeX Info: Redefining \[ on input line 2953.
LaTeX Info: Redefining \] on input line 2954.
) (C:\Users\mcasu\AppData\Local\Programs\MiKTeX\tex/generic/babel\babel.sty
Package: babel 2024/01/07 v24.1 The Babel package
\babel@savecnt=\count293
\U@D=\dimen160
\l@unhyphenated=\language79
 (C:\Users\mcasu\AppData\Local\Programs\MiKTeX\tex/generic/babel\txtbabel.def)
\bbl@readstream=\read2
\bbl@dirlevel=\count294

*************************************
* Local config file bblopts.cfg used
*
(C:\Users\mcasu\AppData\Local\Programs\MiKTeX\tex/latex/arabi\bblopts.cfg
File: bblopts.cfg 2005/09/08 v0.1 add Arabic and Farsi to "declared" options of babel
) (C:\Users\mcasu\AppData\Local\Programs\MiKTeX\tex/latex/babel-english\english.ldf
Language: english 2017/06/06 v3.3r English support from the babel system
Package babel Info: Hyphen rules for 'canadian' set to \l@english
(babel)             (\language0). Reported on input line 102.
Package babel Info: Hyphen rules for 'australian' set to \l@ukenglish
(babel)             (\language73). Reported on input line 105.
Package babel Info: Hyphen rules for 'newzealand' set to \l@ukenglish
(babel)             (\language73). Reported on input line 108.
)) (C:\Users\mcasu\AppData\Local\Programs\MiKTeX\tex/generic/babel/locale/en\babel-english.tex
Package babel Info: Importing font and identification data for english
(babel)             from babel-en.ini. Reported on input line 11.
) (C:\Program Files\MiKTeX2\tex/latex/units\nicefrac.sty
Package: nicefrac 1998/08/04 v0.9b Nice fractions
\L@UnitsRaiseDisplaystyle=\skip54
\L@UnitsRaiseTextstyle=\skip55
\L@UnitsRaiseScriptstyle=\skip56
 (C:\Users\mcasu\AppData\Local\Programs\MiKTeX\tex/latex/base\ifthen.sty
Package: ifthen 2022/04/13 v1.1d Standard LaTeX ifthen package (DPC)
)) (C:\Users\mcasu\AppData\Local\Programs\MiKTeX\tex/latex/l3packages/xfrac\xfrac.sty (C:\Users\mcasu\AppData\Local\Programs\MiKTeX\tex/latex/l3kernel\expl3.sty
Package: expl3 2024-01-22 L3 programming layer (loader) 
 (C:\Users\mcasu\AppData\Local\Programs\MiKTeX\tex/latex/l3backend\l3backend-pdftex.def
File: l3backend-pdftex.def 2024-01-04 L3 backend support: PDF output (pdfTeX)
\l__color_backend_stack_int=\count295
\l__pdf_internal_box=\box55
)) (C:\Users\mcasu\AppData\Local\Programs\MiKTeX\tex/latex/l3packages/l3keys2e\l3keys2e.sty
Package: l3keys2e 2023-10-10 LaTeX2e option processing using LaTeX3 keys
) (C:\Users\mcasu\AppData\Local\Programs\MiKTeX\tex/latex/base\textcomp.sty
Package: textcomp 2020/02/02 v2.0n Standard LaTeX package
) (C:\Users\mcasu\AppData\Local\Programs\MiKTeX\tex/latex/l3packages/xparse\xparse.sty
Package: xparse 2023-10-10 L3 Experimental document command parser
) (C:\Users\mcasu\AppData\Local\Programs\MiKTeX\tex/latex/l3packages/xtemplate\xtemplate.sty
Package: xtemplate 2023-10-10 L3 Experimental prototype document functions
\l__xtemplate_tmp_dim=\dimen161
\l__xtemplate_tmp_int=\count296
\l__xtemplate_tmp_muskip=\muskip18
\l__xtemplate_tmp_skip=\skip57
)
Package: xfrac 2023-10-10 L3 Experimental split-level fractions
\l__xfrac_slash_box=\box56
\l__xfrac_tmp_box=\box57
\l__xfrac_denominator_bot_sep_dim=\dimen162
\l__xfrac_numerator_bot_sep_dim=\dimen163
\l__xfrac_numerator_top_sep_dim=\dimen164
\l__xfrac_slash_left_sep_dim=\dimen165
\l__xfrac_slash_right_sep_dim=\dimen166
\l__xfrac_slash_left_muskip=\muskip19
\l__xfrac_slash_right_muskip=\muskip20

Package xtemplate Info: Declaring object type 'xfrac' taking 3 argument(s) on
(xtemplate)             line 80.

) (C:\Program Files\MiKTeX2\tex/latex/mathtools\mathtools.sty
Package: mathtools 2022/06/29 v1.29 mathematical typesetting tools
 (C:\Users\mcasu\AppData\Local\Programs\MiKTeX\tex/latex/tools\calc.sty
Package: calc 2023/07/08 v4.3 Infix arithmetic (KKT,FJ)
\calc@Acount=\count297
\calc@Bcount=\count298
\calc@Adimen=\dimen167
\calc@Bdimen=\dimen168
\calc@Askip=\skip58
\calc@Bskip=\skip59
LaTeX Info: Redefining \setlength on input line 80.
LaTeX Info: Redefining \addtolength on input line 81.
\calc@Ccount=\count299
\calc@Cskip=\skip60
) (C:\Program Files\MiKTeX2\tex/latex/mathtools\mhsetup.sty
Package: mhsetup 2021/03/18 v1.4 programming setup (MH)
)
\g_MT_multlinerow_int=\count300
\l_MT_multwidth_dim=\dimen169
\origjot=\skip61
\l_MT_shortvdotswithinadjustabove_dim=\dimen170
\l_MT_shortvdotswithinadjustbelow_dim=\dimen171
\l_MT_above_intertext_sep=\dimen172
\l_MT_below_intertext_sep=\dimen173
\l_MT_above_shortintertext_sep=\dimen174
\l_MT_below_shortintertext_sep=\dimen175
\xmathstrut@box=\box58
\xmathstrut@dim=\dimen176
) (C:\Users\mcasu\AppData\Local\Programs\MiKTeX\tex/latex/xcolor\xcolor.sty
Package: xcolor 2023/11/15 v3.01 LaTeX color extensions (UK)
 (C:\Users\mcasu\AppData\Local\Programs\MiKTeX\tex/latex/graphics-cfg\color.cfg
File: color.cfg 2016/01/02 v1.6 sample color configuration
)
Package xcolor Info: Driver file: pdftex.def on input line 274.
 (C:\Users\mcasu\AppData\Local\Programs\MiKTeX\tex/latex/graphics\mathcolor.ltx)
Package xcolor Info: Model `cmy' substituted by `cmy0' on input line 1350.
Package xcolor Info: Model `hsb' substituted by `rgb' on input line 1354.
Package xcolor Info: Model `RGB' extended on input line 1366.
Package xcolor Info: Model `HTML' substituted by `rgb' on input line 1368.
Package xcolor Info: Model `Hsb' substituted by `hsb' on input line 1369.
Package xcolor Info: Model `tHsb' substituted by `hsb' on input line 1370.
Package xcolor Info: Model `HSB' substituted by `hsb' on input line 1371.
Package xcolor Info: Model `Gray' substituted by `gray' on input line 1372.
Package xcolor Info: Model `wave' substituted by `hsb' on input line 1373.
) (C:\Program Files\MiKTeX2\tex/latex/colortbl\colortbl.sty
Package: colortbl 2022/06/20 v1.0f Color table columns (DPC)
 (C:\Users\mcasu\AppData\Local\Programs\MiKTeX\tex/latex/tools\array.sty
Package: array 2023/10/16 v2.5g Tabular extension package (FMi)
\col@sep=\dimen177
\ar@mcellbox=\box59
\extrarowheight=\dimen178
\NC@list=\toks25
\extratabsurround=\skip62
\backup@length=\skip63
\ar@cellbox=\box60
)
\everycr=\toks26
\minrowclearance=\skip64
\rownum=\count301
) (C:\Program Files\MiKTeX2\tex/latex/geometry\geometry.sty
Package: geometry 2020/01/02 v5.9 Page Geometry
 (C:\Users\mcasu\AppData\Local\Programs\MiKTeX\tex/generic/iftex\ifvtex.sty
Package: ifvtex 2019/10/25 v1.7 ifvtex legacy package. Use iftex instead.
)
\Gm@cnth=\count302
\Gm@cntv=\count303
\c@Gm@tempcnt=\count304
\Gm@bindingoffset=\dimen179
\Gm@wd@mp=\dimen180
\Gm@odd@mp=\dimen181
\Gm@even@mp=\dimen182
\Gm@layoutwidth=\dimen183
\Gm@layoutheight=\dimen184
\Gm@layouthoffset=\dimen185
\Gm@layoutvoffset=\dimen186
\Gm@dimlist=\toks27
 (C:\Program Files\MiKTeX2\tex/latex/geometry\geometry.cfg)) (Basi di Dati modulo 2.aux)
\openout1 = `"Basi di Dati modulo 2.aux"'.

LaTeX Font Info:    Checking defaults for OML/cmm/m/it on input line 28.
LaTeX Font Info:    ... okay on input line 28.
LaTeX Font Info:    Checking defaults for OMS/cmsy/m/n on input line 28.
LaTeX Font Info:    ... okay on input line 28.
LaTeX Font Info:    Checking defaults for OT1/cmr/m/n on input line 28.
LaTeX Font Info:    ... okay on input line 28.
LaTeX Font Info:    Checking defaults for T1/cmr/m/n on input line 28.
LaTeX Font Info:    ... okay on input line 28.
LaTeX Font Info:    Checking defaults for TS1/cmr/m/n on input line 28.
LaTeX Font Info:    ... okay on input line 28.
LaTeX Font Info:    Checking defaults for OMX/cmex/m/n on input line 28.
LaTeX Font Info:    ... okay on input line 28.
LaTeX Font Info:    Checking defaults for U/cmr/m/n on input line 28.
LaTeX Font Info:    ... okay on input line 28.
LaTeX Font Info:    Checking defaults for PD1/pdf/m/n on input line 28.
LaTeX Font Info:    ... okay on input line 28.
LaTeX Font Info:    Checking defaults for PU/pdf/m/n on input line 28.
LaTeX Font Info:    ... okay on input line 28.
 (C:\Users\mcasu\AppData\Local\Programs\MiKTeX\tex/context/base/mkii\supp-pdf.mkii
[Loading MPS to PDF converter (version 2006.09.02).]
\scratchcounter=\count305
\scratchdimen=\dimen187
\scratchbox=\box61
\nofMPsegments=\count306
\nofMParguments=\count307
\everyMPshowfont=\toks28
\MPscratchCnt=\count308
\MPscratchDim=\dimen188
\MPnumerator=\count309
\makeMPintoPDFobject=\count310
\everyMPtoPDFconversion=\toks29
) (C:\Users\mcasu\AppData\Local\Programs\MiKTeX\tex/latex/epstopdf-pkg\epstopdf-base.sty
Package: epstopdf-base 2020-01-24 v2.11 Base part for package epstopdf
Package epstopdf-base Info: Redefining graphics rule for `.eps' on input line 485.
 (C:\Users\mcasu\AppData\Local\Programs\MiKTeX\tex/latex/00miktex\epstopdf-sys.cfg
File: epstopdf-sys.cfg 2021/03/18 v2.0 Configuration of epstopdf for MiKTeX
))
Package hyperref Info: Link coloring OFF on input line 28.
 (Basi di Dati modulo 2.out) (Basi di Dati modulo 2.out)
\@outlinefile=\write3
\openout3 = `"Basi di Dati modulo 2.out"'.

\c@lstlisting=\count311

*geometry* driver: auto-detecting
*geometry* detected driver: pdftex
*geometry* verbose mode - [ preamble ] result:
* driver: pdftex
* paper: a4paper
* layout: <same size as paper>
* layoutoffset:(h,v)=(0.0pt,0.0pt)
* modes: 
* h-part:(L,W,R)=(56.9055pt, 483.69687pt, 56.9055pt)
* v-part:(T,H,B)=(71.13188pt, 702.78308pt, 71.13188pt)
* \paperwidth=597.50787pt
* \paperheight=845.04684pt
* \textwidth=483.69687pt
* \textheight=702.78308pt
* \oddsidemargin=-15.36449pt
* \evensidemargin=-15.36449pt
* \topmargin=-38.1381pt
* \headheight=12.0pt
* \headsep=25.0pt
* \topskip=12.0pt
* \footskip=30.0pt
* \marginparwidth=44.0pt
* \marginparsep=10.0pt
* \columnsep=10.0pt
* \skip\footins=10.8pt plus 4.0pt minus 2.0pt
* \hoffset=0.0pt
* \voffset=0.0pt
* \mag=1000
* \@twocolumnfalse
* \@twosidefalse
* \@mparswitchfalse
* \@reversemarginfalse
* (1in=72.27pt=25.4mm, 1cm=28.453pt)

LaTeX Font Info:    Trying to load font information for U+msa on input line 33.
(C:\Users\mcasu\AppData\Local\Programs\MiKTeX\tex/latex/amsfonts\umsa.fd
File: umsa.fd 2013/01/14 v3.01 AMS symbols A
)
LaTeX Font Info:    Trying to load font information for U+msb on input line 33.
 (C:\Users\mcasu\AppData\Local\Programs\MiKTeX\tex/latex/amsfonts\umsb.fd
File: umsb.fd 2013/01/14 v3.01 AMS symbols B
)
<images/copertina.jpeg, id=91, 1027.84pt x 1027.84pt>
File: images/copertina.jpeg Graphic file (type jpg)
<use images/copertina.jpeg>
Package pdftex.def Info: images/copertina.jpeg  used on input line 35.
(pdftex.def)             Requested size: 483.69687pt x 483.69653pt.
 [1

{C:/Users/mcasu/AppData/Local/MiKTeX/fonts/map/pdftex/pdftex.map} <./images/copertina.jpeg>] (Basi di Dati modulo 2.toc)
\tf@toc=\write4
\openout4 = `"Basi di Dati modulo 2.toc"'.

 [2]
Overfull \hbox (25.52979pt too wide) in paragraph at lines 76--80
\OT1/cmr/m/n/12 schema matem-atico del pro-getto, det-tagliato per filo e per segno, che definir^^Ro cosa l'applicazione
 []

[3]
Package epstopdf Info: Source file: <images/cicloDiVita.eps>
(epstopdf)                    date: 2024-02-27 09:50:53
(epstopdf)                    size: 45140 bytes
(epstopdf)             Output file: <images/cicloDiVita-eps-converted-to.pdf>
(epstopdf)                    date: 2024-02-27 09:51:18
(epstopdf)                    size: 41955 bytes
(epstopdf)             Command: <miktex-epstopdf --outfile=images/cicloDiVita-eps-converted-to.pdf images/cicloDiVita.eps>
(epstopdf)             \includegraphics on input line 93.
Package epstopdf Info: Output file is already uptodate.
<images/cicloDiVita-eps-converted-to.pdf, id=135, 249.93375pt x 194.7275pt>
File: images/cicloDiVita-eps-converted-to.pdf Graphic file (type pdf)
<use images/cicloDiVita-eps-converted-to.pdf>
Package pdftex.def Info: images/cicloDiVita-eps-converted-to.pdf  used on input line 93.
(pdftex.def)             Requested size: 314.40001pt x 244.9776pt.
 [4 <./images/cicloDiVita-eps-converted-to.pdf>]
Package epstopdf Info: Source file: <images/umlBase.eps>
(epstopdf)                    date: 2024-03-02 17:21:49
(epstopdf)                    size: 43563 bytes
(epstopdf)             Output file: <images/umlBase-eps-converted-to.pdf>
(epstopdf)                    date: 2024-03-02 17:22:08
(epstopdf)                    size: 8033 bytes
(epstopdf)             Command: <miktex-epstopdf --outfile=images/umlBase-eps-converted-to.pdf images/umlBase.eps>
(epstopdf)             \includegraphics on input line 114.
Package epstopdf Info: Output file is already uptodate.
<images/umlBase-eps-converted-to.pdf, id=161, 466.74374pt x 49.18375pt>
File: images/umlBase-eps-converted-to.pdf Graphic file (type pdf)
<use images/umlBase-eps-converted-to.pdf>
Package pdftex.def Info: images/umlBase-eps-converted-to.pdf  used on input line 114.
(pdftex.def)             Requested size: 483.69687pt x 50.97275pt.
Package epstopdf Info: Source file: <images/associazione.eps>
(epstopdf)                    date: 2024-03-02 17:33:13
(epstopdf)                    size: 44447 bytes
(epstopdf)             Output file: <images/associazione-eps-converted-to.pdf>
(epstopdf)                    date: 2024-03-02 17:33:25
(epstopdf)                    size: 8387 bytes
(epstopdf)             Command: <miktex-epstopdf --outfile=images/associazione-eps-converted-to.pdf images/associazione.eps>
(epstopdf)             \includegraphics on input line 123.
Package epstopdf Info: Output file is already uptodate.
<images/associazione-eps-converted-to.pdf, id=162, 514.92375pt x 74.2775pt>
File: images/associazione-eps-converted-to.pdf Graphic file (type pdf)
<use images/associazione-eps-converted-to.pdf>
Package pdftex.def Info: images/associazione-eps-converted-to.pdf  used on input line 123.
(pdftex.def)             Requested size: 483.69687pt x 69.77438pt.
Package epstopdf Info: Source file: <images/2link.eps>
(epstopdf)                    date: 2024-03-02 17:39:48
(epstopdf)                    size: 63698 bytes
(epstopdf)             Output file: <images/2link-eps-converted-to.pdf>
(epstopdf)                    date: 2024-03-02 17:40:02
(epstopdf)                    size: 10734 bytes
(epstopdf)             Command: <miktex-epstopdf --outfile=images/2link-eps-converted-to.pdf images/2link.eps>
(epstopdf)             \includegraphics on input line 128.
Package epstopdf Info: Output file is already uptodate.
<images/2link-eps-converted-to.pdf, id=163, 366.36874pt x 142.5325pt>
File: images/2link-eps-converted-to.pdf Graphic file (type pdf)
<use images/2link-eps-converted-to.pdf>
Package pdftex.def Info: images/2link-eps-converted-to.pdf  used on input line 128.
(pdftex.def)             Requested size: 386.95897pt x 150.55086pt.
 [5 <./images/umlBase-eps-converted-to.pdf> <./images/associazione-eps-converted-to.pdf> <./images/2link-eps-converted-to.pdf>]
Package epstopdf Info: Source file: <images/hotelSbagliato.eps>
(epstopdf)                    date: 2024-03-02 17:48:29
(epstopdf)                    size: 58987 bytes
(epstopdf)             Output file: <images/hotelSbagliato-eps-converted-to.pdf>
(epstopdf)                    date: 2024-03-02 17:48:44
(epstopdf)                    size: 9142 bytes
(epstopdf)             Command: <miktex-epstopdf --outfile=images/hotelSbagliato-eps-converted-to.pdf images/hotelSbagliato.eps>
(epstopdf)             \includegraphics on input line 134.
Package epstopdf Info: Output file is already uptodate.
<images/hotelSbagliato-eps-converted-to.pdf, id=195, 325.215pt x 140.525pt>
File: images/hotelSbagliato-eps-converted-to.pdf Graphic file (type pdf)
<use images/hotelSbagliato-eps-converted-to.pdf>
Package pdftex.def Info: images/hotelSbagliato-eps-converted-to.pdf  used on input line 134.
(pdftex.def)             Requested size: 338.58632pt x 146.31407pt.
Package epstopdf Info: Source file: <images/hotelGiusto.eps>
(epstopdf)                    date: 2024-03-02 18:08:40
(epstopdf)                    size: 47643 bytes
(epstopdf)             Output file: <images/hotelGiusto-eps-converted-to.pdf>
(epstopdf)                    date: 2024-03-02 18:08:44
(epstopdf)                    size: 8931 bytes
(epstopdf)             Command: <miktex-epstopdf --outfile=images/hotelGiusto-eps-converted-to.pdf images/hotelGiusto.eps>
(epstopdf)             \includegraphics on input line 141.
Package epstopdf Info: Output file is already uptodate.
<images/hotelGiusto-eps-converted-to.pdf, id=196, 521.95pt x 169.63374pt>
File: images/hotelGiusto-eps-converted-to.pdf Graphic file (type pdf)
<use images/hotelGiusto-eps-converted-to.pdf>
Package pdftex.def Info: images/hotelGiusto-eps-converted-to.pdf  used on input line 141.
(pdftex.def)             Requested size: 435.32422pt x 141.48189pt.
Package epstopdf Info: Source file: <images/multError.eps>
(epstopdf)                    date: 2024-03-03 19:16:01
(epstopdf)                    size: 28657 bytes
(epstopdf)             Output file: <images/multError-eps-converted-to.pdf>
(epstopdf)                    date: 2024-03-03 19:16:05
(epstopdf)                    size: 6775 bytes
(epstopdf)             Command: <miktex-epstopdf --outfile=images/multError-eps-converted-to.pdf images/multError.eps>
(epstopdf)             \includegraphics on input line 147.
Package epstopdf Info: Output file is already uptodate.
<images/multError-eps-converted-to.pdf, id=197, 543.02875pt x 81.30376pt>
File: images/multError-eps-converted-to.pdf Graphic file (type pdf)
<use images/multError-eps-converted-to.pdf>
Package pdftex.def Info: images/multError-eps-converted-to.pdf  used on input line 147.
(pdftex.def)             Requested size: 483.69687pt x 72.42337pt.
Package epstopdf Info: Source file: <images/molteplicita.eps>
(epstopdf)                    date: 2024-03-03 19:22:36
(epstopdf)                    size: 50157 bytes
(epstopdf)             Output file: <images/molteplicita-eps-converted-to.pdf>
(epstopdf)                    date: 2024-03-03 19:22:40
(epstopdf)                    size: 9818 bytes
(epstopdf)             Command: <miktex-epstopdf --outfile=images/molteplicita-eps-converted-to.pdf images/molteplicita.eps>
(epstopdf)             \includegraphics on input line 154.
Package epstopdf Info: Output file is already uptodate.
<images/molteplicita-eps-converted-to.pdf, id=198, 543.02875pt x 93.34875pt>
File: images/molteplicita-eps-converted-to.pdf Graphic file (type pdf)
<use images/molteplicita-eps-converted-to.pdf>
Package pdftex.def Info: images/molteplicita-eps-converted-to.pdf  used on input line 154.
(pdftex.def)             Requested size: 483.69687pt x 83.15276pt.
 [6 <./images/hotelSbagliato-eps-converted-to.pdf> <./images/hotelGiusto-eps-converted-to.pdf> <./images/multError-eps-converted-to.pdf>]
Package epstopdf Info: Source file: <images/esempioAuto.eps>
(epstopdf)                    date: 2024-03-03 19:38:30
(epstopdf)                    size: 32536 bytes
(epstopdf)             Output file: <images/esempioAuto-eps-converted-to.pdf>
(epstopdf)                    date: 2024-03-03 19:38:33
(epstopdf)                    size: 7792 bytes
(epstopdf)             Command: <miktex-epstopdf --outfile=images/esempioAuto-eps-converted-to.pdf images/esempioAuto.eps>
(epstopdf)             \includegraphics on input line 169.
Package epstopdf Info: Output file is already uptodate.
<images/esempioAuto-eps-converted-to.pdf, id=227, 599.23875pt x 77.28876pt>
File: images/esempioAuto-eps-converted-to.pdf Graphic file (type pdf)
<use images/esempioAuto-eps-converted-to.pdf>
Package pdftex.def Info: images/esempioAuto-eps-converted-to.pdf  used on input line 169.
(pdftex.def)             Requested size: 483.69687pt x 62.38773pt.
Package epstopdf Info: Source file: <images/sovrani.eps>
(epstopdf)                    date: 2024-03-04 21:23:16
(epstopdf)                    size: 55941 bytes
(epstopdf)             Output file: <images/sovrani-eps-converted-to.pdf>
(epstopdf)                    date: 2024-03-04 21:23:16
(epstopdf)                    size: 8214 bytes
(epstopdf)             Command: <miktex-epstopdf --outfile=images/sovrani-eps-converted-to.pdf images/sovrani.eps>
(epstopdf)             \includegraphics on input line 175.
Package epstopdf Info: Output file is already uptodate.


pdfTeX warning: pdflatex.exe (file ./images/sovrani-eps-converted-to.pdf): PDF inclusion: found PDF version <1.7>, but at most version <1.5> allowed
<images/sovrani-eps-converted-to.pdf, id=228, 157.58875pt x 53.19875pt>
File: images/sovrani-eps-converted-to.pdf Graphic file (type pdf)
<use images/sovrani-eps-converted-to.pdf>
Package pdftex.def Info: images/sovrani-eps-converted-to.pdf  used on input line 175.
(pdftex.def)             Requested size: 241.84843pt x 81.64787pt.
Package epstopdf Info: Source file: <images/votoSbagliato.eps>
(epstopdf)                    date: 2024-03-04 21:23:16
(epstopdf)                    size: 57006 bytes
(epstopdf)             Output file: <images/votoSbagliato-eps-converted-to.pdf>
(epstopdf)                    date: 2024-03-04 21:23:16
(epstopdf)                    size: 8578 bytes
(epstopdf)             Command: <miktex-epstopdf --outfile=images/votoSbagliato-eps-converted-to.pdf images/votoSbagliato.eps>
(epstopdf)             \includegraphics on input line 192.
Package epstopdf Info: Output file is already uptodate.


pdfTeX warning: pdflatex.exe (file ./images/votoSbagliato-eps-converted-to.pdf): PDF inclusion: found PDF version <1.7>, but at most version <1.5> allowed
<images/votoSbagliato-eps-converted-to.pdf, id=229, 326.21875pt x 73.27374pt>
File: images/votoSbagliato-eps-converted-to.pdf Graphic file (type pdf)
<use images/votoSbagliato-eps-converted-to.pdf>
Package pdftex.def Info: images/votoSbagliato-eps-converted-to.pdf  used on input line 192.
(pdftex.def)             Requested size: 386.95897pt x 86.924pt.
[7 <./images/molteplicita-eps-converted-to.pdf> <./images/esempioAuto-eps-converted-to.pdf> <./images/sovrani-eps-converted-to.pdf>]
Package epstopdf Info: Source file: <images/votoGiusto.eps>
(epstopdf)                    date: 2024-03-04 21:23:16
(epstopdf)                    size: 41289 bytes
(epstopdf)             Output file: <images/votoGiusto-eps-converted-to.pdf>
(epstopdf)                    date: 2024-03-04 21:23:16
(epstopdf)                    size: 7197 bytes
(epstopdf)             Command: <miktex-epstopdf --outfile=images/votoGiusto-eps-converted-to.pdf images/votoGiusto.eps>
(epstopdf)             \includegraphics on input line 201.
Package epstopdf Info: Output file is already uptodate.


pdfTeX warning: pdflatex.exe (file ./images/votoGiusto-eps-converted-to.pdf): PDF inclusion: found PDF version <1.7>, but at most version <1.5> allowed
<images/votoGiusto-eps-converted-to.pdf, id=259, 310.15875pt x 93.34875pt>
File: images/votoGiusto-eps-converted-to.pdf Graphic file (type pdf)
<use images/votoGiusto-eps-converted-to.pdf>
Package pdftex.def Info: images/votoGiusto-eps-converted-to.pdf  used on input line 201.
(pdftex.def)             Requested size: 386.95897pt x 116.46342pt.
Package epstopdf Info: Source file: <images/conDocente.eps>
(epstopdf)                    date: 2024-03-04 21:23:16
(epstopdf)                    size: 59048 bytes
(epstopdf)             Output file: <images/conDocente-eps-converted-to.pdf>
(epstopdf)                    date: 2024-03-04 21:23:16
(epstopdf)                    size: 9117 bytes
(epstopdf)             Command: <miktex-epstopdf --outfile=images/conDocente-eps-converted-to.pdf images/conDocente.eps>
(epstopdf)             \includegraphics on input line 208.
Package epstopdf Info: Output file is already uptodate.


pdfTeX warning: pdflatex.exe (file ./images/conDocente-eps-converted-to.pdf): PDF inclusion: found PDF version <1.7>, but at most version <1.5> allowed
<images/conDocente-eps-converted-to.pdf, id=260, 362.35374pt x 101.37875pt>
File: images/conDocente-eps-converted-to.pdf Graphic file (type pdf)
<use images/conDocente-eps-converted-to.pdf>
Package pdftex.def Info: images/conDocente-eps-converted-to.pdf  used on input line 208.
(pdftex.def)             Requested size: 386.95897pt x 108.26535pt.
[8 <./images/votoSbagliato-eps-converted-to.pdf> <./images/votoGiusto-eps-converted-to.pdf> <./images/conDocente-eps-converted-to.pdf>]
Package epstopdf Info: Source file: <images/tipiDato.eps>
(epstopdf)                    date: 2024-03-04 21:23:16
(epstopdf)                    size: 71666 bytes
(epstopdf)             Output file: <images/tipiDato-eps-converted-to.pdf>
(epstopdf)                    date: 2024-03-04 21:23:16
(epstopdf)                    size: 9579 bytes
(epstopdf)             Command: <miktex-epstopdf --outfile=images/tipiDato-eps-converted-to.pdf images/tipiDato.eps>
(epstopdf)             \includegraphics on input line 225.
Package epstopdf Info: Output file is already uptodate.


pdfTeX warning: pdflatex.exe (file ./images/tipiDato-eps-converted-to.pdf): PDF inclusion: found PDF version <1.7>, but at most version <1.5> allowed
<images/tipiDato-eps-converted-to.pdf, id=296, 318.18875pt x 57.21375pt>
File: images/tipiDato-eps-converted-to.pdf Graphic file (type pdf)
<use images/tipiDato-eps-converted-to.pdf>
Package pdftex.def Info: images/tipiDato-eps-converted-to.pdf  used on input line 225.
(pdftex.def)             Requested size: 338.58632pt x 60.8811pt.
Package epstopdf Info: Source file: <images/enum.eps>
(epstopdf)                    date: 2024-03-04 21:23:16
(epstopdf)                    size: 57642 bytes
(epstopdf)             Output file: <images/enum-eps-converted-to.pdf>
(epstopdf)                    date: 2024-03-04 21:23:16
(epstopdf)                    size: 8733 bytes
(epstopdf)             Command: <miktex-epstopdf --outfile=images/enum-eps-converted-to.pdf images/enum.eps>
(epstopdf)             \includegraphics on input line 233.
Package epstopdf Info: Output file is already uptodate.


pdfTeX warning: pdflatex.exe (file ./images/enum-eps-converted-to.pdf): PDF inclusion: found PDF version <1.7>, but at most version <1.5> allowed
<images/enum-eps-converted-to.pdf, id=297, 526.96875pt x 69.25874pt>
File: images/enum-eps-converted-to.pdf Graphic file (type pdf)
<use images/enum-eps-converted-to.pdf>
Package pdftex.def Info: images/enum-eps-converted-to.pdf  used on input line 233.
(pdftex.def)             Requested size: 483.69687pt x 63.57507pt.
Package epstopdf Info: Source file: <images/datiComposti.eps>
(epstopdf)                    date: 2024-03-04 21:23:16
(epstopdf)                    size: 57471 bytes
(epstopdf)             Output file: <images/datiComposti-eps-converted-to.pdf>
(epstopdf)                    date: 2024-03-04 21:23:16
(epstopdf)                    size: 8513 bytes
(epstopdf)             Command: <miktex-epstopdf --outfile=images/datiComposti-eps-converted-to.pdf images/datiComposti.eps>
(epstopdf)             \includegraphics on input line 239.
Package epstopdf Info: Output file is already uptodate.


pdfTeX warning: pdflatex.exe (file ./images/datiComposti-eps-converted-to.pdf): PDF inclusion: found PDF version <1.7>, but at most version <1.5> allowed
<images/datiComposti-eps-converted-to.pdf, id=298, 410.53375pt x 85.31876pt>
File: images/datiComposti-eps-converted-to.pdf Graphic file (type pdf)
<use images/datiComposti-eps-converted-to.pdf>
Package pdftex.def Info: images/datiComposti-eps-converted-to.pdf  used on input line 239.
(pdftex.def)             Requested size: 483.69687pt x 100.52292pt.

Overfull \hbox (42.12976pt too wide) in paragraph at lines 248--256
\OT1/cmr/m/n/12 Un tipico es-em-pio pu^^Ro es-sere fatto per una classe [][][][][][], che pre-senta un at-trib-uto [][][][][][],
 []

[9 <./images/tipiDato-eps-converted-to.pdf> <./images/enum-eps-converted-to.pdf> <./images/datiComposti-eps-converted-to.pdf>]
Package epstopdf Info: Source file: <images/identificazione.eps>
(epstopdf)                    date: 2024-03-09 13:18:13
(epstopdf)                    size: 75814 bytes
(epstopdf)             Output file: <images/identificazione-eps-converted-to.pdf>
(epstopdf)                    date: 2024-03-09 13:18:19
(epstopdf)                    size: 11039 bytes
(epstopdf)             Command: <miktex-epstopdf --outfile=images/identificazione-eps-converted-to.pdf images/identificazione.eps>
(epstopdf)             \includegraphics on input line 257.
Package epstopdf Info: Output file is already uptodate.
<images/identificazione-eps-converted-to.pdf, id=341, 436.63126pt x 121.45375pt>
File: images/identificazione-eps-converted-to.pdf Graphic file (type pdf)
<use images/identificazione-eps-converted-to.pdf>
Package pdftex.def Info: images/identificazione-eps-converted-to.pdf  used on input line 257.
(pdftex.def)             Requested size: 483.69687pt x 134.54651pt.
LaTeX Font Info:    Trying to load font information for OMS+cmtt on input line 259.
LaTeX Font Info:    No file OMScmtt.fd. on input line 259.


LaTeX Font Warning: Font shape `OMS/cmtt/m/n' undefined
(Font)              using `OMS/cmsy/m/n' instead
(Font)              for symbol `textbraceleft' on input line 259.

Package epstopdf Info: Source file: <images/vincoloAss.eps>
(epstopdf)                    date: 2024-03-09 13:26:19
(epstopdf)                    size: 43555 bytes
(epstopdf)             Output file: <images/vincoloAss-eps-converted-to.pdf>
(epstopdf)                    date: 2024-03-09 13:26:23
(epstopdf)                    size: 8134 bytes
(epstopdf)             Command: <miktex-epstopdf --outfile=images/vincoloAss-eps-converted-to.pdf images/vincoloAss.eps>
(epstopdf)             \includegraphics on input line 266.
Package epstopdf Info: Output file is already uptodate.
<images/vincoloAss-eps-converted-to.pdf, id=342, 430.60875pt x 58.2175pt>
File: images/vincoloAss-eps-converted-to.pdf Graphic file (type pdf)
<use images/vincoloAss-eps-converted-to.pdf>
Package pdftex.def Info: images/vincoloAss-eps-converted-to.pdf  used on input line 266.
(pdftex.def)             Requested size: 483.69687pt x 65.39679pt.
Package epstopdf Info: Source file: <images/sottoclasse..eps>
(epstopdf)                    date: 2024-03-09 13:37:27
(epstopdf)                    size: 46579 bytes
(epstopdf)             Output file: <images/sottoclasse.-eps-converted-to.pdf>
(epstopdf)                    date: 2024-03-09 13:37:31
(epstopdf)                    size: 9080 bytes
(epstopdf)             Command: <miktex-epstopdf --outfile=images/sottoclasse.-eps-converted-to.pdf images/sottoclasse..eps>
(epstopdf)             \includegraphics on input line 277.
Package epstopdf Info: Output file is already uptodate.
<images/sottoclasse.-eps-converted-to.pdf, id=344, 442.65375pt x 58.2175pt>
File: images/sottoclasse.-eps-converted-to.pdf Graphic file (type pdf)
<use images/sottoclasse.-eps-converted-to.pdf>
Package pdftex.def Info: images/sottoclasse.-eps-converted-to.pdf  used on input line 277.
(pdftex.def)             Requested size: 483.69687pt x 63.61925pt.
[10 <./images/identificazione-eps-converted-to.pdf> <./images/vincoloAss-eps-converted-to.pdf> <./images/sottoclasse.-eps-converted-to.pdf>]
Package epstopdf Info: Source file: <images/studStraniero.eps>
(epstopdf)                    date: 2024-03-09 13:46:29
(epstopdf)                    size: 28821 bytes
(epstopdf)             Output file: <images/studStraniero-eps-converted-to.pdf>
(epstopdf)                    date: 2024-03-09 13:46:41
(epstopdf)                    size: 6900 bytes
(epstopdf)             Command: <miktex-epstopdf --outfile=images/studStraniero-eps-converted-to.pdf images/studStraniero.eps>
(epstopdf)             \includegraphics on input line 285.
Package epstopdf Info: Output file is already uptodate.
<images/studStraniero-eps-converted-to.pdf, id=380, 237.88875pt x 173.64874pt>
File: images/studStraniero-eps-converted-to.pdf Graphic file (type pdf)
<use images/studStraniero-eps-converted-to.pdf>
Package pdftex.def Info: images/studStraniero-eps-converted-to.pdf  used on input line 285.
(pdftex.def)             Requested size: 290.22107pt x 211.8591pt.
Package epstopdf Info: Source file: <images/ClassiSpec.eps>
(epstopdf)                    date: 2024-03-09 14:22:31
(epstopdf)                    size: 107999 bytes
(epstopdf)             Output file: <images/ClassiSpec-eps-converted-to.pdf>
(epstopdf)                    date: 2024-03-09 14:22:35
(epstopdf)                    size: 14260 bytes
(epstopdf)             Command: <miktex-epstopdf --outfile=images/ClassiSpec-eps-converted-to.pdf images/ClassiSpec.eps>
(epstopdf)             \includegraphics on input line 292.
Package epstopdf Info: Output file is already uptodate.
<images/ClassiSpec-eps-converted-to.pdf, id=381, 364.36125pt x 153.57375pt>
File: images/ClassiSpec-eps-converted-to.pdf Graphic file (type pdf)
<use images/ClassiSpec-eps-converted-to.pdf>
Package pdftex.def Info: images/ClassiSpec-eps-converted-to.pdf  used on input line 292.
(pdftex.def)             Requested size: 386.95897pt x 163.10373pt.
Package epstopdf Info: Source file: <images/isa.eps>
(epstopdf)                    date: 2024-03-09 14:27:43
(epstopdf)                    size: 27876 bytes
(epstopdf)             Output file: <images/isa-eps-converted-to.pdf>
(epstopdf)                    date: 2024-03-09 14:27:55
(epstopdf)                    size: 6520 bytes
(epstopdf)             Command: <miktex-epstopdf --outfile=images/isa-eps-converted-to.pdf images/isa.eps>
(epstopdf)             \includegraphics on input line 302.
Package epstopdf Info: Output file is already uptodate.
<images/isa-eps-converted-to.pdf, id=382, 298.11375pt x 101.37875pt>
File: images/isa-eps-converted-to.pdf Graphic file (type pdf)
<use images/isa-eps-converted-to.pdf>
Package pdftex.def Info: images/isa-eps-converted-to.pdf  used on input line 302.
(pdftex.def)             Requested size: 338.58632pt x 115.14911pt.
 [11 <./images/studStraniero-eps-converted-to.pdf> <./images/ClassiSpec-eps-converted-to.pdf>]
Package epstopdf Info: Source file: <images/isa2.eps>
(epstopdf)                    date: 2024-03-09 14:31:22
(epstopdf)                    size: 26952 bytes
(epstopdf)             Output file: <images/isa2-eps-converted-to.pdf>
(epstopdf)                    date: 2024-03-09 14:31:34
(epstopdf)                    size: 6306 bytes
(epstopdf)             Command: <miktex-epstopdf --outfile=images/isa2-eps-converted-to.pdf images/isa2.eps>
(epstopdf)             \includegraphics on input line 306.
Package epstopdf Info: Output file is already uptodate.
<images/isa2-eps-converted-to.pdf, id=413, 270.00874pt x 117.43875pt>
File: images/isa2-eps-converted-to.pdf Graphic file (type pdf)
<use images/isa2-eps-converted-to.pdf>
Package pdftex.def Info: images/isa2-eps-converted-to.pdf  used on input line 306.
(pdftex.def)             Requested size: 338.58632pt x 147.26933pt.
Package epstopdf Info: Source file: <images/isa3.eps>
(epstopdf)                    date: 2024-03-09 14:41:00
(epstopdf)                    size: 58202 bytes
(epstopdf)             Output file: <images/isa3-eps-converted-to.pdf>
(epstopdf)                    date: 2024-03-09 14:41:04
(epstopdf)                    size: 9059 bytes
(epstopdf)             Command: <miktex-epstopdf --outfile=images/isa3-eps-converted-to.pdf images/isa3.eps>
(epstopdf)             \includegraphics on input line 325.
Package epstopdf Info: Output file is already uptodate.
<images/isa3-eps-converted-to.pdf, id=414, 406.51875pt x 117.43875pt>
File: images/isa3-eps-converted-to.pdf Graphic file (type pdf)
<use images/isa3-eps-converted-to.pdf>
Package pdftex.def Info: images/isa3-eps-converted-to.pdf  used on input line 325.
(pdftex.def)             Requested size: 483.69687pt x 139.73949pt.
 [12 <./images/isa-eps-converted-to.pdf> <./images/isa2-eps-converted-to.pdf>]
Package epstopdf Info: Source file: <images/criteriDisjointComplete.eps>
(epstopdf)                    date: 2024-03-09 14:52:49
(epstopdf)                    size: 66759 bytes
(epstopdf)             Output file: <images/criteriDisjointComplete-eps-converted-to.pdf>
(epstopdf)                    date: 2024-03-09 14:53:03
(epstopdf)                    size: 18554 bytes
(epstopdf)             Command: <miktex-epstopdf --outfile=images/criteriDisjointComplete-eps-converted-to.pdf images/criteriDisjointComplete.eps>
(epstopdf)             \includegraphics on input line 335.
Package epstopdf Info: Output file is already uptodate.
<images/criteriDisjointComplete-eps-converted-to.pdf, id=429, 418.56375pt x 145.54375pt>
File: images/criteriDisjointComplete-eps-converted-to.pdf Graphic file (type pdf)
<use images/criteriDisjointComplete-eps-converted-to.pdf>
Package pdftex.def Info: images/criteriDisjointComplete-eps-converted-to.pdf  used on input line 335.
(pdftex.def)             Requested size: 483.69687pt x 168.19125pt.
Package epstopdf Info: Source file: <images/eredMultipla.eps>
(epstopdf)                    date: 2024-03-09 14:58:34
(epstopdf)                    size: 24849 bytes
(epstopdf)             Output file: <images/eredMultipla-eps-converted-to.pdf>
(epstopdf)                    date: 2024-03-09 14:58:45
(epstopdf)                    size: 5652 bytes
(epstopdf)             Command: <miktex-epstopdf --outfile=images/eredMultipla-eps-converted-to.pdf images/eredMultipla.eps>
(epstopdf)             \includegraphics on input line 340.
Package epstopdf Info: Output file is already uptodate.
<images/eredMultipla-eps-converted-to.pdf, id=430, 338.26375pt x 49.18375pt>
File: images/eredMultipla-eps-converted-to.pdf Graphic file (type pdf)
<use images/eredMultipla-eps-converted-to.pdf>
Package pdftex.def Info: images/eredMultipla-eps-converted-to.pdf  used on input line 340.
(pdftex.def)             Requested size: 411.14528pt x 59.78267pt.
Package epstopdf Info: Source file: <images/operazione.eps>
(epstopdf)                    date: 2024-03-11 20:25:13
(epstopdf)                    size: 60400 bytes
(epstopdf)             Output file: <images/operazione-eps-converted-to.pdf>
(epstopdf)                    date: 2024-03-11 20:25:13
(epstopdf)                    size: 9583 bytes
(epstopdf)             Command: <miktex-epstopdf --outfile=images/operazione-eps-converted-to.pdf images/operazione.eps>
(epstopdf)             \includegraphics on input line 346.
Package epstopdf Info: Output file is already uptodate.


pdfTeX warning: pdflatex.exe (file ./images/operazione-eps-converted-to.pdf): PDF inclusion: found PDF version <1.7>, but at most version <1.5> allowed
<images/operazione-eps-converted-to.pdf, id=431, 362.35374pt x 93.34875pt>
File: images/operazione-eps-converted-to.pdf Graphic file (type pdf)
<use images/operazione-eps-converted-to.pdf>
Package pdftex.def Info: images/operazione-eps-converted-to.pdf  used on input line 346.
(pdftex.def)             Requested size: 362.77264pt x 93.45818pt.

Overfull \hbox (19.3836pt too wide) in paragraph at lines 348--361
\OT1/cmr/m/n/12 L'operazione definita in una classe $\OML/cmm/m/it/12 x$ \OT1/cmr/m/n/12 viene sem-pre in-vo-cata da un oggetto is-tanza di $\OML/cmm/m/it/12 x$\OT1/cmr/m/n/12 . L'ereditariet^^Ra
 []

[13 <./images/isa3-eps-converted-to.pdf> <./images/criteriDisjointComplete-eps-converted-to.pdf> <./images/eredMultipla-eps-converted-to.pdf> <./images/operazione-eps-converted-to.pdf>]
Package epstopdf Info: Source file: <images/specificaClassi.eps>
(epstopdf)                    date: 2024-03-11 20:56:41
(epstopdf)                    size: 131247 bytes
(epstopdf)             Output file: <images/specificaClassi-eps-converted-to.pdf>
(epstopdf)                    date: 2024-03-11 20:56:45
(epstopdf)                    size: 18219 bytes
(epstopdf)             Command: <miktex-epstopdf --outfile=images/specificaClassi-eps-converted-to.pdf images/specificaClassi.eps>
(epstopdf)             \includegraphics on input line 384.
Package epstopdf Info: Output file is already uptodate.
<images/specificaClassi-eps-converted-to.pdf, id=495, 406.51875pt x 256.96pt>
File: images/specificaClassi-eps-converted-to.pdf Graphic file (type pdf)
<use images/specificaClassi-eps-converted-to.pdf>
Package pdftex.def Info: images/specificaClassi-eps-converted-to.pdf  used on input line 384.
(pdftex.def)             Requested size: 386.95897pt x 244.60464pt.
 [14]
Package epstopdf Info: Source file: <images/specAttributo.eps>
(epstopdf)                    date: 2024-03-21 09:29:27
(epstopdf)                    size: 41373 bytes
(epstopdf)             Output file: <images/specAttributo-eps-converted-to.pdf>
(epstopdf)                    date: 2024-03-21 09:29:56
(epstopdf)                    size: 7393 bytes
(epstopdf)             Command: <miktex-epstopdf --outfile=images/specAttributo-eps-converted-to.pdf images/specAttributo.eps>
(epstopdf)             \includegraphics on input line 391.
Package epstopdf Info: Output file is already uptodate.
<images/specAttributo-eps-converted-to.pdf, id=500, 342.27875pt x 45.16875pt>
File: images/specAttributo-eps-converted-to.pdf Graphic file (type pdf)
<use images/specAttributo-eps-converted-to.pdf>
Package pdftex.def Info: images/specAttributo-eps-converted-to.pdf  used on input line 391.
(pdftex.def)             Requested size: 362.77264pt x 47.87656pt.
Package epstopdf Info: Source file: <images/specAssociazione.eps>
(epstopdf)                    date: 2024-03-21 09:43:15
(epstopdf)                    size: 46243 bytes
(epstopdf)             Output file: <images/specAssociazione-eps-converted-to.pdf>
(epstopdf)                    date: 2024-03-21 09:43:32
(epstopdf)                    size: 8818 bytes
(epstopdf)             Command: <miktex-epstopdf --outfile=images/specAssociazione-eps-converted-to.pdf images/specAssociazione.eps>
(epstopdf)             \includegraphics on input line 399.
Package epstopdf Info: Output file is already uptodate.
<images/specAssociazione-eps-converted-to.pdf, id=501, 370.38374pt x 137.51375pt>
File: images/specAssociazione-eps-converted-to.pdf Graphic file (type pdf)
<use images/specAssociazione-eps-converted-to.pdf>
Package pdftex.def Info: images/specAssociazione-eps-converted-to.pdf  used on input line 399.
(pdftex.def)             Requested size: 362.77264pt x 134.6891pt.
 [15 <./images/specificaClassi-eps-converted-to.pdf> <./images/specAttributo-eps-converted-to.pdf> <./images/specAssociazione-eps-converted-to.pdf>]
Package epstopdf Info: Source file: <images/specOperazione.eps>
(epstopdf)                    date: 2024-03-21 10:01:08
(epstopdf)                    size: 78355 bytes
(epstopdf)             Output file: <images/specOperazione-eps-converted-to.pdf>
(epstopdf)                    date: 2024-03-21 10:01:28
(epstopdf)                    size: 11609 bytes
(epstopdf)             Command: <miktex-epstopdf --outfile=images/specOperazione-eps-converted-to.pdf images/specOperazione.eps>
(epstopdf)             \includegraphics on input line 409.
Package epstopdf Info: Output file is already uptodate.
<images/specOperazione-eps-converted-to.pdf, id=550, 579.16376pt x 157.58875pt>
File: images/specOperazione-eps-converted-to.pdf Graphic file (type pdf)
<use images/specOperazione-eps-converted-to.pdf>
Package pdftex.def Info: images/specOperazione-eps-converted-to.pdf  used on input line 409.
(pdftex.def)             Requested size: 483.69687pt x 131.61377pt.
Package epstopdf Info: Source file: <images/vincoliEsterni.eps>
(epstopdf)                    date: 2024-03-22 19:25:53
(epstopdf)                    size: 60642 bytes
(epstopdf)             Output file: <images/vincoliEsterni-eps-converted-to.pdf>
(epstopdf)                    date: 2024-03-22 19:25:53
(epstopdf)                    size: 9681 bytes
(epstopdf)             Command: <miktex-epstopdf --outfile=images/vincoliEsterni-eps-converted-to.pdf images/vincoliEsterni.eps>
(epstopdf)             \includegraphics on input line 420.
Package epstopdf Info: Output file is already uptodate.


pdfTeX warning: pdflatex.exe (file ./images/vincoliEsterni-eps-converted-to.pdf): PDF inclusion: found PDF version <1.7>, but at most version <1.5> allowed
<images/vincoliEsterni-eps-converted-to.pdf, id=551, 410.53375pt x 129.48375pt>
File: images/vincoliEsterni-eps-converted-to.pdf Graphic file (type pdf)
<use images/vincoliEsterni-eps-converted-to.pdf>
Package pdftex.def Info: images/vincoliEsterni-eps-converted-to.pdf  used on input line 420.
(pdftex.def)             Requested size: 362.77264pt x 114.41823pt.
[16 <./images/specOperazione-eps-converted-to.pdf> <./images/vincoliEsterni-eps-converted-to.pdf>]
Package epstopdf Info: Source file: <images/use-case.eps>
(epstopdf)                    date: 2024-03-26 11:11:12
(epstopdf)                    size: 44793 bytes
(epstopdf)             Output file: <images/use-case-eps-converted-to.pdf>
(epstopdf)                    date: 2024-03-26 11:11:27
(epstopdf)                    size: 8250 bytes
(epstopdf)             Command: <miktex-epstopdf --outfile=images/use-case-eps-converted-to.pdf images/use-case.eps>
(epstopdf)             \includegraphics on input line 454.
Package epstopdf Info: Output file is already uptodate.
<images/use-case-eps-converted-to.pdf, id=585, 450.68375pt x 141.52875pt>
File: images/use-case-eps-converted-to.pdf Graphic file (type pdf)
<use images/use-case-eps-converted-to.pdf>
Package pdftex.def Info: images/use-case-eps-converted-to.pdf  used on input line 454.
(pdftex.def)             Requested size: 435.32422pt x 136.71259pt.
 [17 <./images/use-case-eps-converted-to.pdf>]
Package epstopdf Info: Source file: <images/esempioUse-case.eps>
(epstopdf)                    date: 2024-03-26 11:28:41
(epstopdf)                    size: 60769 bytes
(epstopdf)             Output file: <images/esempioUse-case-eps-converted-to.pdf>
(epstopdf)                    date: 2024-03-26 11:28:46
(epstopdf)                    size: 10386 bytes
(epstopdf)             Command: <miktex-epstopdf --outfile=images/esempioUse-case-eps-converted-to.pdf images/esempioUse-case.eps>
(epstopdf)             \includegraphics on input line 463.
Package epstopdf Info: Output file is already uptodate.
<images/esempioUse-case-eps-converted-to.pdf, id=598, 365.365pt x 146.5475pt>
File: images/esempioUse-case-eps-converted-to.pdf Graphic file (type pdf)
<use images/esempioUse-case-eps-converted-to.pdf>
Package pdftex.def Info: images/esempioUse-case-eps-converted-to.pdf  used on input line 463.
(pdftex.def)             Requested size: 435.32422pt x 174.61726pt.
Package epstopdf Info: Source file: <images/inclusione.eps>
(epstopdf)                    date: 2024-03-26 11:41:32
(epstopdf)                    size: 87254 bytes
(epstopdf)             Output file: <images/inclusione-eps-converted-to.pdf>
(epstopdf)                    date: 2024-03-26 11:41:50
(epstopdf)                    size: 11580 bytes
(epstopdf)             Command: <miktex-epstopdf --outfile=images/inclusione-eps-converted-to.pdf images/inclusione.eps>
(epstopdf)             \includegraphics on input line 478.
Package epstopdf Info: Output file is already uptodate.
<images/inclusione-eps-converted-to.pdf, id=599, 599.23875pt x 65.24374pt>
File: images/inclusione-eps-converted-to.pdf Graphic file (type pdf)
<use images/inclusione-eps-converted-to.pdf>
Package pdftex.def Info: images/inclusione-eps-converted-to.pdf  used on input line 478.
(pdftex.def)             Requested size: 483.69687pt x 52.66495pt.
Package epstopdf Info: Source file: <images/estensioneUse-case.eps>
(epstopdf)                    date: 2024-03-26 11:52:11
(epstopdf)                    size: 87026 bytes
(epstopdf)             Output file: <images/estensioneUse-case-eps-converted-to.pdf>
(epstopdf)                    date: 2024-03-26 11:52:26
(epstopdf)                    size: 11558 bytes
(epstopdf)             Command: <miktex-epstopdf --outfile=images/estensioneUse-case-eps-converted-to.pdf images/estensioneUse-case.eps>
(epstopdf)             \includegraphics on input line 489.
Package epstopdf Info: Output file is already uptodate.
<images/estensioneUse-case-eps-converted-to.pdf, id=600, 345.29pt x 65.24374pt>
File: images/estensioneUse-case-eps-converted-to.pdf Graphic file (type pdf)
<use images/estensioneUse-case-eps-converted-to.pdf>
Package pdftex.def Info: images/estensioneUse-case-eps-converted-to.pdf  used on input line 489.
(pdftex.def)             Requested size: 386.95897pt x 73.11827pt.
 [18 <./images/esempioUse-case-eps-converted-to.pdf> <./images/inclusione-eps-converted-to.pdf>]
Package epstopdf Info: Source file: <images/useCasegeneralizzazione.eps>
(epstopdf)                    date: 2024-03-26 11:59:20
(epstopdf)                    size: 55997 bytes
(epstopdf)             Output file: <images/useCasegeneralizzazione-eps-converted-to.pdf>
(epstopdf)                    date: 2024-03-26 11:59:35
(epstopdf)                    size: 8590 bytes
(epstopdf)             Command: <miktex-epstopdf --outfile=images/useCasegeneralizzazione-eps-converted-to.pdf images/useCasegeneralizzazione.eps>
(epstopdf)             \includegraphics on input line 495.
Package epstopdf Info: Output file is already uptodate.
<images/useCasegeneralizzazione-eps-converted-to.pdf, id=634, 345.29pt x 98.3675pt>
File: images/useCasegeneralizzazione-eps-converted-to.pdf Graphic file (type pdf)
<use images/useCasegeneralizzazione-eps-converted-to.pdf>
Package pdftex.def Info: images/useCasegeneralizzazione-eps-converted-to.pdf  used on input line 495.
(pdftex.def)             Requested size: 386.95897pt x 110.23985pt.
LaTeX Font Info:    Trying to load font information for OMS+cmr on input line 498.
 (C:\Users\mcasu\AppData\Local\Programs\MiKTeX\tex/latex/base\omscmr.fd
File: omscmr.fd 2023/04/13 v2.5m Standard LaTeX font definitions
)
LaTeX Font Info:    Font shape `OMS/cmr/m/n' in size <12> not available
(Font)              Font shape `OMS/cmsy/m/n' tried instead on input line 498.
Package epstopdf Info: Source file: <images/generalizzazioneAttori.eps>
(epstopdf)                    date: 2024-03-26 12:07:12
(epstopdf)                    size: 58397 bytes
(epstopdf)             Output file: <images/generalizzazioneAttori-eps-converted-to.pdf>
(epstopdf)                    date: 2024-03-26 12:07:27
(epstopdf)                    size: 9484 bytes
(epstopdf)             Command: <miktex-epstopdf --outfile=images/generalizzazioneAttori-eps-converted-to.pdf images/generalizzazioneAttori.eps>
(epstopdf)             \includegraphics on input line 502.
Package epstopdf Info: Output file is already uptodate.
<images/generalizzazioneAttori-eps-converted-to.pdf, id=635, 292.09125pt x 170.6375pt>
File: images/generalizzazioneAttori-eps-converted-to.pdf Graphic file (type pdf)
<use images/generalizzazioneAttori-eps-converted-to.pdf>
Package pdftex.def Info: images/generalizzazioneAttori-eps-converted-to.pdf  used on input line 502.
(pdftex.def)             Requested size: 290.22107pt x 169.55913pt.
 [19 <./images/estensioneUse-case-eps-converted-to.pdf> <./images/useCasegeneralizzazione-eps-converted-to.pdf> <./images/generalizzazioneAttori-eps-converted-to.pdf>]
Package epstopdf Info: Source file: <images/specificaUseCase.eps>
(epstopdf)                    date: 2024-03-26 12:32:16
(epstopdf)                    size: 131135 bytes
(epstopdf)             Output file: <images/specificaUseCase-eps-converted-to.pdf>
(epstopdf)                    date: 2024-03-26 12:32:37
(epstopdf)                    size: 17653 bytes
(epstopdf)             Command: <miktex-epstopdf --outfile=images/specificaUseCase-eps-converted-to.pdf images/specificaUseCase.eps>
(epstopdf)             \includegraphics on input line 519.
Package epstopdf Info: Output file is already uptodate.
<images/specificaUseCase-eps-converted-to.pdf, id=681, 467.7475pt x 282.05376pt>
File: images/specificaUseCase-eps-converted-to.pdf Graphic file (type pdf)
<use images/specificaUseCase-eps-converted-to.pdf>
Package pdftex.def Info: images/specificaUseCase-eps-converted-to.pdf  used on input line 519.
(pdftex.def)             Requested size: 483.69687pt x 291.68492pt.
 [20 <./images/specificaUseCase-eps-converted-to.pdf>] [21]
Overfull \hbox (22.90913pt too wide) detected at line 598
\OML/cmm/m/it/12 doppio\OT1/cmr/m/n/12 (\OML/cmm/m/it/12 succ\OT1/cmr/m/n/12 (\OML/cmm/m/it/12 succ\OT1/cmr/m/n/12 (\OML/cmm/m/it/12 zero\OT1/cmr/m/n/12 ))\OML/cmm/m/it/12 ; X\OT1/cmr/m/n/12 )      \OMS/cmsy/m/n/12 9\OML/cmm/m/it/12 Xdoppio\OT1/cmr/m/n/12 (\OML/cmm/m/it/12 succ\OT1/cmr/m/n/12 (\OML/cmm/m/it/12 succ\OT1/cmr/m/n/12 (\OML/cmm/m/it/12 zero\OT1/cmr/m/n/12 ))\OML/cmm/m/it/12 ; X\OT1/cmr/m/n/12 )      \OMS/cmsy/m/n/12 8\OML/cmm/m/it/12 Xdoppio\OT1/cmr/m/n/12 (\OML/cmm/m/it/12 succ\OT1/cmr/m/n/12 (\OML/cmm/m/it/12 succ\OT1/cmr/m/n/12 (\OML/cmm/m/it/12 zero\OT1/cmr/m/n/12 ))\OML/cmm/m/it/12 ; X\OT1/cmr/m/n/12 )
 []


LaTeX Warning: Command \textrightarrow invalid in math mode on input line 599.


LaTeX Warning: Command \textrightarrow invalid in math mode on input line 599.


Overfull \hbox (26.47281pt too wide) detected at line 599
\OML/cmm/m/it/12 somma\OT1/cmr/m/n/12 (\OML/cmm/m/it/12 succ\OT1/cmr/m/n/12 (\OML/cmm/m/it/12 zero\OT1/cmr/m/n/12 )\OML/cmm/m/it/12 ; zero; succ\OT1/cmr/m/n/12 (\OML/cmm/m/it/12 zero\OT1/cmr/m/n/12 ))      \OMS/cmsy/m/n/12 8\OML/cmm/m/it/12 X\OMS/cmsy/m/n/12 8\OML/cmm/m/it/12 Ysomma\OT1/cmr/m/n/12 (\OML/cmm/m/it/12 X; X; Y\OT1/cmr/m/n/12 )^^Y\OML/cmm/m/it/12 doppio\OT1/cmr/m/n/12 (\OML/cmm/m/it/12 X; Y\OT1/cmr/m/n/12 )      \OML/cmm/m/it/12 mortale\OT1/cmr/m/n/12 (\OML/cmm/m/it/12 socrate\OT1/cmr/m/n/12 )
 []


Overfull \hbox (10.98979pt too wide) detected at line 600
\OT1/cmr/m/n/12 (\OMS/cmsy/m/n/12 8\OML/cmm/m/it/12 X\OMS/cmsy/m/n/12 9\OML/cmm/m/it/12 Ydoppio\OT1/cmr/m/n/12 (\OML/cmm/m/it/12 X; Y\OT1/cmr/m/n/12 )) \OMS/cmsy/m/n/12 ^ \OT1/cmr/m/n/12 (\OMS/cmsy/m/n/12 8\OML/cmm/m/it/12 I\OMS/cmsy/m/n/12 8\OML/cmm/m/it/12 J\OMS/cmsy/m/n/12 9\OML/cmm/m/it/12 Ksomma\OT1/cmr/m/n/12 (\OML/cmm/m/it/12 I; J; K\OT1/cmr/m/n/12 ))      \OML/cmm/m/it/12 mortale\OT1/cmr/m/n/12 (\OML/cmm/m/it/12 socrate\OT1/cmr/m/n/12 ) \OMS/cmsy/m/n/12 ^ \OML/cmm/m/it/12 mortale\OT1/cmr/m/n/12 (\OML/cmm/m/it/12 padre\OT1/cmr/m/n/12 (\OML/cmm/m/it/12 socrate\OT1/cmr/m/n/12 ))
 []


Overfull \hbox (5.2835pt too wide) in paragraph at lines 606--612
\OT1/cmr/m/n/12 una fun-zione $\OML/cmm/m/it/12 I$ \OT1/cmr/m/n/12 che as-so-cia ad ogni let-tera propo-sizionale un val-ore di verit^^Ra, la pre-interpretazione
 []

[22] [23] [24] (Basi di Dati modulo 2.aux)
 ***********
LaTeX2e <2023-11-01> patch level 1
L3 programming layer <2024-01-22>
 ***********


LaTeX Font Warning: Some font shapes were not available, defaults substituted.

Package rerunfilecheck Info: File `"Basi di Dati modulo 2".out' has not changed.
(rerunfilecheck)             Checksum: F180D73E36CCDD5420A80894528A395F;3704.
 ) 
Here is how much of TeX's memory you used:
 14766 strings out of 474542
 246762 string characters out of 5744446
 1934978 words of memory out of 5000000
 36740 multiletter control sequences out of 15000+600000
 567685 words of font info for 73 fonts, out of 8000000 for 9000
 1141 hyphenation exceptions out of 8191
 75i,11n,79p,394b,580s stack positions out of 10000i,1000n,20000p,200000b,200000s
 <C:\Users\mcasu\AppData\Local\MiKTeX\fonts/pk/ljfour/jknappen/ec/dpi600\tcrm1200.pk><C:/Users/mcasu/AppData/Local/Programs/MiKTeX/fonts/type1/public/amsfonts/cm/cmbx12.pfb><C:/Users/mcasu/AppData/Local/Programs/MiKTeX/fonts/type1/public/amsfonts/cm/cmex10.pfb><C:/Users/mcasu/AppData/Local/Programs/MiKTeX/fonts/type1/public/amsfonts/cm/cmmi12.pfb><C:/Users/mcasu/AppData/Local/Programs/MiKTeX/fonts/type1/public/amsfonts/cm/cmmi8.pfb><C:/Users/mcasu/AppData/Local/Programs/MiKTeX/fonts/type1/public/amsfonts/cm/cmr12.pfb><C:/Users/mcasu/AppData/Local/Programs/MiKTeX/fonts/type1/public/amsfonts/cm/cmr17.pfb><C:/Users/mcasu/AppData/Local/Programs/MiKTeX/fonts/type1/public/amsfonts/cm/cmr8.pfb><C:/Users/mcasu/AppData/Local/Programs/MiKTeX/fonts/type1/public/amsfonts/cm/cmsy10.pfb><C:/Users/mcasu/AppData/Local/Programs/MiKTeX/fonts/type1/public/amsfonts/cm/cmti12.pfb><C:/Users/mcasu/AppData/Local/Programs/MiKTeX/fonts/type1/public/amsfonts/cm/cmtt12.pfb><C:/Users/mcasu/AppData/Local/Programs/MiKTeX/fonts/type1/public/amsfonts/symbols/msbm10.pfb>
Output written on "Basi di Dati modulo 2.pdf" (24 pages, 815006 bytes).
PDF statistics:
 795 PDF objects out of 1000 (max. 8388607)
 54 named destinations out of 1000 (max. 500000)
 377 words of extra memory for PDF output out of 10000 (max. 10000000)

