\BOOKMARK [1][-]{section.1}{\376\377\000I\000n\000s\000i\000e\000m\000i\000\040\000e\000\040\000R\000e\000l\000a\000z\000i\000o\000n\000i}{}% 1
\BOOKMARK [2][-]{subsection.1.1}{\376\377\000P\000r\000o\000p\000r\000i\000e\000t\000\340\000\040\000f\000o\000n\000d\000a\000m\000e\000n\000t\000a\000l\000i\000\040\000d\000e\000g\000l\000i\000\040\000i\000n\000s\000i\000e\000m\000i}{section.1}% 2
\BOOKMARK [2][-]{subsection.1.2}{\376\377\000L\000e\000\040\000R\000e\000l\000a\000z\000i\000o\000n\000i}{section.1}% 3
\BOOKMARK [2][-]{subsection.1.3}{\376\377\000R\000e\000l\000a\000z\000i\000o\000n\000i\000\040\000d\000i\000\040\000E\000q\000u\000i\000v\000a\000l\000e\000n\000z\000a}{section.1}% 4
\BOOKMARK [2][-]{subsection.1.4}{\376\377\000L\000e\000\040\000C\000l\000a\000s\000s\000i\000\040\000d\000i\000\040\000E\000q\000u\000i\000v\000a\000l\000e\000n\000z\000a}{section.1}% 5
\BOOKMARK [3][-]{subsubsection.1.4.1}{\376\377\000L\000e\000\040\000P\000a\000r\000t\000i\000z\000i\000o\000n\000i}{subsection.1.4}% 6
\BOOKMARK [2][-]{subsection.1.5}{\376\377\000R\000e\000l\000a\000z\000i\000o\000n\000i\000\040\000d\000i\000\040\000O\000r\000d\000i\000n\000e\000\040\000P\000a\000r\000z\000i\000a\000l\000e}{section.1}% 7
\BOOKMARK [2][-]{subsection.1.6}{\376\377\000I\000\040\000N\000u\000m\000e\000r\000i\000\040\000N\000a\000t\000u\000r\000a\000l\000i}{section.1}% 8
\BOOKMARK [3][-]{subsubsection.1.6.1}{\376\377\000L\000a\000\040\000T\000e\000r\000n\000a\000\040\000d\000i\000\040\000P\000e\000a\000n\000o}{subsection.1.6}% 9
\BOOKMARK [3][-]{subsubsection.1.6.2}{\376\377\000D\000e\000f\000i\000n\000i\000z\000i\000o\000n\000e\000\040\000F\000o\000r\000m\000a\000l\000e}{subsection.1.6}% 10
\BOOKMARK [1][-]{section.2}{\376\377\000I\000\040\000N\000u\000m\000e\000r\000i\000\040\000I\000n\000t\000e\000r\000i}{}% 11
\BOOKMARK [2][-]{subsection.2.1}{\376\377\000D\000i\000v\000i\000s\000i\000b\000i\000l\000i\000t\000\340\000\040\000i\000n\000\040\000Z}{section.2}% 12
\BOOKMARK [2][-]{subsection.2.2}{\376\377\000I\000l\000\040\000M\000a\000s\000s\000i\000m\000o\000\040\000C\000o\000m\000u\000n\000\040\000D\000i\000v\000i\000s\000o\000r\000e}{section.2}% 13
\BOOKMARK [3][-]{subsubsection.2.2.1}{\376\377\000L\000'\000A\000l\000g\000o\000r\000i\000t\000m\000o\000\040\000E\000u\000c\000l\000i\000d\000e\000o}{subsection.2.2}% 14
\BOOKMARK [2][-]{subsection.2.3}{\376\377\000E\000q\000u\000a\000z\000i\000o\000n\000i\000\040\000D\000i\000o\000f\000a\000n\000t\000e\000e}{section.2}% 15
\BOOKMARK [3][-]{subsubsection.2.3.1}{\376\377\000R\000i\000s\000o\000l\000u\000z\000i\000o\000n\000e}{subsection.2.3}% 16
\BOOKMARK [2][-]{subsection.2.4}{\376\377\000I\000l\000\040\000M\000i\000n\000i\000m\000o\000\040\000C\000o\000m\000u\000n\000e\000\040\000M\000u\000l\000t\000i\000p\000l\000o}{section.2}% 17
\BOOKMARK [2][-]{subsection.2.5}{\376\377\000I\000\040\000N\000u\000m\000e\000r\000i\000\040\000P\000r\000i\000m\000i}{section.2}% 18
\BOOKMARK [3][-]{subsubsection.2.5.1}{\376\377\000T\000e\000o\000r\000e\000m\000a\000\040\000F\000o\000n\000d\000a\000m\000e\000n\000t\000a\000l\000e\000\040\000d\000e\000l\000l\000'\000A\000r\000i\000t\000m\000e\000t\000i\000c\000a}{subsection.2.5}% 19
\BOOKMARK [1][-]{section.3}{\376\377\000S\000t\000r\000u\000t\000t\000u\000r\000e\000\040\000A\000l\000g\000e\000b\000r\000i\000c\000h\000e\000\040\000N\000o\000t\000e\000v\000o\000l\000i}{}% 20
\BOOKMARK [2][-]{subsection.3.1}{\376\377\000D\000e\000f\000i\000n\000i\000z\000i\000o\000n\000e\000\040\000d\000i\000\040\000S\000e\000m\000i\000g\000r\000u\000p\000p\000o}{section.3}% 21
\BOOKMARK [2][-]{subsection.3.2}{\376\377\000D\000e\000f\000i\000n\000i\000z\000i\000o\000n\000e\000\040\000d\000i\000\040\000G\000r\000u\000p\000p\000o}{section.3}% 22
\BOOKMARK [3][-]{subsubsection.3.2.1}{\376\377\000I\000l\000\040\000G\000r\000u\000p\000p\000o\000\040\000S\000i\000m\000m\000e\000t\000r\000i\000c\000o\000\040\000S\000n}{subsection.3.2}% 23
\BOOKMARK [2][-]{subsection.3.3}{\376\377\000D\000e\000f\000i\000n\000i\000z\000i\000o\000n\000e\000\040\000d\000i\000\040\000A\000n\000e\000l\000l\000o}{section.3}% 24
\BOOKMARK [2][-]{subsection.3.4}{\376\377\000D\000e\000f\000i\000n\000i\000z\000i\000o\000n\000e\000\040\000d\000i\000\040\000C\000a\000m\000p\000o}{section.3}% 25
\BOOKMARK [1][-]{section.4}{\376\377\000L\000'\000A\000n\000e\000l\000l\000o\000\040\000Z\000n}{}% 26
\BOOKMARK [2][-]{subsection.4.1}{\376\377\000E\000q\000u\000a\000z\000i\000o\000n\000i\000\040\000i\000n\000\040\000Z\000n\000\040\000:\000\040\000C\000o\000n\000g\000r\000u\000e\000n\000z\000e\000\040\000L\000i\000n\000e\000a\000r\000i}{section.4}% 27
\BOOKMARK [2][-]{subsection.4.2}{\376\377\000L\000a\000\040\000f\000u\000n\000z\000i\000o\000n\000e\000\040\000d\000i\000\040\000E\000u\000l\000e\000r\000o}{section.4}% 28
\BOOKMARK [3][-]{subsubsection.4.2.1}{\376\377\000G\000l\000i\000\040\000I\000n\000v\000e\000r\000t\000i\000b\000i\000l\000i\000\040\000d\000i\000\040\000Z\000n}{subsection.4.2}% 29
\BOOKMARK [3][-]{subsubsection.4.2.2}{\376\377\000I\000l\000\040\000T\000e\000o\000r\000e\000m\000a\000\040\000d\000i\000\040\000E\000u\000l\000e\000r\000o}{subsection.4.2}% 30
\BOOKMARK [2][-]{subsection.4.3}{\376\377\000S\000i\000s\000t\000e\000m\000i\000\040\000d\000i\000\040\000C\000o\000n\000g\000r\000u\000e\000n\000z\000e\000\040\000e\000\040\000T\000e\000o\000r\000e\000m\000a\000\040\000C\000i\000n\000e\000s\000e\000\040\000d\000e\000l\000\040\000R\000e\000s\000t\000o}{section.4}% 31
\BOOKMARK [3][-]{subsubsection.4.3.1}{\376\377\000S\000e\000c\000o\000n\000d\000a\000\040\000F\000o\000r\000m\000u\000l\000a\000z\000i\000o\000n\000e\000\040\000d\000e\000l\000\040\000T\000e\000o\000r\000e\000m\000a\000\040\000C\000i\000n\000e\000s\000e\000\040\000d\000e\000l\000\040\000R\000e\000s\000t\000o}{subsection.4.3}% 32
\BOOKMARK [2][-]{subsection.4.4}{\376\377\000P\000i\000c\000c\000o\000l\000o\000\040\000T\000e\000o\000r\000e\000m\000a\000\040\000d\000i\000\040\000F\000e\000r\000m\000a\000t}{section.4}% 33
\BOOKMARK [1][-]{section.5}{\376\377\000I\000\040\000N\000u\000m\000e\000r\000i\000\040\000R\000a\000z\000i\000o\000n\000a\000l\000i}{}% 34
\BOOKMARK [1][-]{section.6}{\376\377\000I\000l\000\040\000C\000a\000m\000p\000o\000\040\000d\000e\000i\000\040\000N\000u\000m\000e\000r\000i\000\040\000C\000o\000m\000p\000l\000e\000s\000s\000i}{}% 35
\BOOKMARK [2][-]{subsection.6.1}{\376\377\000D\000e\000f\000i\000n\000i\000z\000i\000o\000n\000e}{section.6}% 36
\BOOKMARK [2][-]{subsection.6.2}{\376\377\000T\000e\000o\000r\000e\000m\000a\000\040\000F\000o\000n\000d\000a\000m\000e\000n\000t\000a\000l\000e\000\040\000d\000e\000l\000l\000'\000A\000l\000g\000e\000b\000r\000a}{section.6}% 37
\BOOKMARK [1][-]{section.7}{\376\377\000E\000l\000e\000m\000e\000n\000t\000i\000\040\000d\000i\000\040\000T\000e\000o\000r\000i\000a\000\040\000d\000e\000g\000l\000i\000\040\000A\000n\000e\000l\000l\000i}{}% 38
\BOOKMARK [2][-]{subsection.7.1}{\376\377\000I\000s\000o\000m\000o\000r\000f\000i\000s\000m\000i\000\040\000e\000\040\000O\000m\000o\000m\000o\000r\000f\000i\000s\000m\000i\000\040\000t\000r\000a\000\040\000A\000n\000e\000l\000l\000i}{section.7}% 39
\BOOKMARK [3][-]{subsubsection.7.1.1}{\376\377\000N\000u\000c\000l\000e\000o\000\040\000d\000i\000\040\000u\000n\000\040\000o\000m\000o\000m\000o\000r\000f\000i\000s\000m\000o}{subsection.7.1}% 40
\BOOKMARK [3][-]{subsubsection.7.1.2}{\376\377\000I\000d\000e\000a\000l\000e\000\040\000d\000i\000\040\000u\000n\000\040\000A\000n\000e\000l\000l\000o}{subsection.7.1}% 41
\BOOKMARK [2][-]{subsection.7.2}{\376\377\000P\000r\000o\000d\000o\000t\000t\000o\000\040\000D\000i\000r\000e\000t\000t\000o\000\040\000d\000i\000\040\000A\000n\000e\000l\000l\000i}{section.7}% 42
\BOOKMARK [1][-]{section.8}{\376\377\000T\000e\000o\000r\000i\000a\000\040\000d\000e\000i\000\040\000G\000r\000u\000p\000p\000i}{}% 43
\BOOKMARK [2][-]{subsection.8.1}{\376\377\000O\000m\000o\000m\000o\000r\000f\000i\000s\000m\000o\000\040\000t\000r\000a\000\040\000G\000r\000u\000p\000p\000i}{section.8}% 44
\BOOKMARK [2][-]{subsection.8.2}{\376\377\000\040\000S\000o\000t\000t\000o\000g\000r\000u\000p\000p\000i\000\040}{section.8}% 45
\BOOKMARK [3][-]{subsubsection.8.2.1}{\376\377\000E\000s\000e\000m\000p\000i\000\040\000d\000i\000\040\000S\000o\000t\000t\000o\000g\000r\000u\000p\000p\000i}{subsection.8.2}% 46
\BOOKMARK [2][-]{subsection.8.3}{\376\377\000I\000\040\000S\000o\000t\000t\000o\000g\000r\000u\000p\000p\000i\000\040\000d\000i\000\040\000Z\000\040\000e\000\040\000Z\000n}{section.8}% 47
\BOOKMARK [2][-]{subsection.8.4}{\376\377\000G\000r\000u\000p\000p\000o\000\040\000C\000i\000c\000l\000i\000c\000o\000\040\000e\000\040\000C\000l\000a\000s\000s\000i\000\040\000L\000a\000t\000e\000r\000a\000l\000i}{section.8}% 48
\BOOKMARK [3][-]{subsubsection.8.4.1}{\376\377\000G\000r\000u\000p\000p\000o\000\040\000G\000e\000n\000e\000r\000a\000t\000o}{subsection.8.4}% 49
\BOOKMARK [3][-]{subsubsection.8.4.2}{\376\377\000C\000l\000a\000s\000s\000i\000\040\000L\000a\000t\000e\000r\000a\000l\000i\000\040\000D\000e\000s\000t\000r\000e\000\040\000e\000\040\000S\000i\000n\000i\000s\000t\000r\000e}{subsection.8.4}% 50
\BOOKMARK [3][-]{subsubsection.8.4.3}{\376\377\000T\000e\000o\000r\000e\000m\000a\000\040\000d\000i\000\040\000L\000a\000g\000r\000a\000n\000g\000e}{subsection.8.4}% 51
\BOOKMARK [3][-]{subsubsection.8.4.4}{\376\377\000N\000u\000c\000l\000e\000o\000\040\000d\000i\000\040\000u\000n\000\040\000O\000m\000o\000m\000o\000r\000f\000i\000s\000m\000o}{subsection.8.4}% 52
\BOOKMARK [2][-]{subsection.8.5}{\376\377\000S\000t\000r\000u\000t\000t\000u\000r\000a\000\040\000d\000e\000i\000\040\000G\000r\000u\000p\000p\000i\000\040\000C\000i\000c\000l\000i\000c\000i}{section.8}% 53
\BOOKMARK [3][-]{subsubsection.8.5.1}{\376\377\000O\000r\000d\000i\000n\000e\000\040\000d\000i\000\040\000g}{subsection.8.5}% 54
\BOOKMARK [3][-]{subsubsection.8.5.2}{\376\377\000T\000e\000o\000r\000e\000m\000a\000\040\000d\000i\000\040\000S\000t\000r\000u\000t\000t\000u\000r\000a\000\040\000d\000e\000i\000\040\000G\000r\000u\000p\000p\000i\000\040\000C\000i\000c\000l\000i\000c\000i}{subsection.8.5}% 55
\BOOKMARK [3][-]{subsubsection.8.5.3}{\376\377\000P\000r\000o\000p\000r\000i\000e\000t\000\340\000\040\000d\000e\000l\000l\000'\000O\000r\000d\000i\000n\000e}{subsection.8.5}% 56
\BOOKMARK [3][-]{subsubsection.8.5.4}{\376\377\000E\000s\000e\000r\000c\000i\000z\000i\000o\000\040\000:\000\040\000E\000s\000e\000m\000p\000i\000o\000\040\000d\000i\000\040\000S\000t\000u\000d\000i\000o\000\040\000d\000e\000i\000\040\000S\000o\000t\000t\000o\000g\000r\000u\000p\000p\000i}{subsection.8.5}% 57
\BOOKMARK [2][-]{subsection.8.6}{\376\377\000G\000r\000u\000p\000p\000i\000\040\000N\000o\000r\000m\000a\000l\000i}{section.8}% 58
\BOOKMARK [2][-]{subsection.8.7}{\376\377\000G\000r\000u\000p\000p\000o\000\040\000Q\000u\000o\000z\000i\000o\000e\000n\000t\000e\000\040\000p\000e\000r\000\040\000u\000n\000\040\000S\000o\000t\000t\000o\000g\000r\000u\000p\000p\000o\000\040\000N\000o\000r\000m\000a\000l\000e}{section.8}% 59
