This is pdfTeX, Version 3.141592653-2.6-1.40.25 (MiKTeX 23.9.24) (preloaded format=pdflatex 2023.10.3)  29 DEC 2023 11:10
entering extended mode
 restricted \write18 enabled.
 file:line:error style messages enabled.
 %&-line parsing enabled.
**"c:/Users/mcasu/OneDrive/Desktop/University_notes/Secondo Anno/Algebra/Latex source file/Algebra.tex"
(c:/Users/mcasu/OneDrive/Desktop/University_notes/Secondo Anno/Algebra/Latex source file/Algebra.tex
LaTeX2e <2023-06-01> patch level 1
L3 programming layer <2023-08-29>
(C:\Users\mcasu\AppData\Local\Programs\MiKTeX\tex/latex/base\article.cls
Document Class: article 2023/05/17 v1.4n Standard LaTeX document class
(C:\Users\mcasu\AppData\Local\Programs\MiKTeX\tex/latex/base\size12.clo
File: size12.clo 2023/05/17 v1.4n Standard LaTeX file (size option)
)
\c@part=\count185
\c@section=\count186
\c@subsection=\count187
\c@subsubsection=\count188
\c@paragraph=\count189
\c@subparagraph=\count190
\c@figure=\count191
\c@table=\count192
\abovecaptionskip=\skip48
\belowcaptionskip=\skip49
\bibindent=\dimen140
) (C:\Users\mcasu\AppData\Local\Programs\MiKTeX\tex/latex/graphics\graphicx.sty
Package: graphicx 2021/09/16 v1.2d Enhanced LaTeX Graphics (DPC,SPQR)
 (C:\Users\mcasu\AppData\Local\Programs\MiKTeX\tex/latex/graphics\keyval.sty
Package: keyval 2022/05/29 v1.15 key=value parser (DPC)
\KV@toks@=\toks17
) (C:\Users\mcasu\AppData\Local\Programs\MiKTeX\tex/latex/graphics\graphics.sty
Package: graphics 2022/03/10 v1.4e Standard LaTeX Graphics (DPC,SPQR)
 (C:\Users\mcasu\AppData\Local\Programs\MiKTeX\tex/latex/graphics\trig.sty
Package: trig 2021/08/11 v1.11 sin cos tan (DPC)
) (C:\Users\mcasu\AppData\Local\Programs\MiKTeX\tex/latex/graphics-cfg\graphics.cfg
File: graphics.cfg 2016/06/04 v1.11 sample graphics configuration
)
Package graphics Info: Driver file: pdftex.def on input line 107.
 (C:\Users\mcasu\AppData\Local\Programs\MiKTeX\tex/latex/graphics-def\pdftex.def
File: pdftex.def 2022/09/22 v1.2b Graphics/color driver for pdftex
))
\Gin@req@height=\dimen141
\Gin@req@width=\dimen142
) (C:\Users\mcasu\AppData\Local\Programs\MiKTeX\tex/latex/hyperref\hyperref.sty
Package: hyperref 2023-07-08 v7.01b Hypertext links for LaTeX
 (C:\Program Files\MiKTeX2\tex/generic/ltxcmds\ltxcmds.sty
Package: ltxcmds 2020-05-10 v1.25 LaTeX kernel commands for general use (HO)
) (C:\Users\mcasu\AppData\Local\Programs\MiKTeX\tex/generic/iftex\iftex.sty
Package: iftex 2022/02/03 v1.0f TeX engine tests
) (C:\Users\mcasu\AppData\Local\Programs\MiKTeX\tex/generic/pdftexcmds\pdftexcmds.sty
Package: pdftexcmds 2020-06-27 v0.33 Utility functions of pdfTeX for LuaTeX (HO)
 (C:\Program Files\MiKTeX2\tex/generic/infwarerr\infwarerr.sty
Package: infwarerr 2019/12/03 v1.5 Providing info/warning/error messages (HO)
)
Package pdftexcmds Info: \pdf@primitive is available.
Package pdftexcmds Info: \pdf@ifprimitive is available.
Package pdftexcmds Info: \pdfdraftmode found.
) (C:\Program Files\MiKTeX2\tex/latex/kvsetkeys\kvsetkeys.sty
Package: kvsetkeys 2022-10-05 v1.19 Key value parser (HO)
) (C:\Program Files\MiKTeX2\tex/generic/kvdefinekeys\kvdefinekeys.sty
Package: kvdefinekeys 2019-12-19 v1.6 Define keys (HO)
) (C:\Program Files\MiKTeX2\tex/generic/pdfescape\pdfescape.sty
Package: pdfescape 2019/12/09 v1.15 Implements pdfTeX's escape features (HO)
) (C:\Program Files\MiKTeX2\tex/latex/hycolor\hycolor.sty
Package: hycolor 2020-01-27 v1.10 Color options for hyperref/bookmark (HO)
) (C:\Program Files\MiKTeX2\tex/latex/letltxmacro\letltxmacro.sty
Package: letltxmacro 2019/12/03 v1.6 Let assignment for LaTeX macros (HO)
) (C:\Program Files\MiKTeX2\tex/latex/auxhook\auxhook.sty
Package: auxhook 2019-12-17 v1.6 Hooks for auxiliary files (HO)
) (C:\Users\mcasu\AppData\Local\Programs\MiKTeX\tex/latex/hyperref\nameref.sty
Package: nameref 2023-08-07 v2.53 Cross-referencing by name of section
 (C:\Program Files\MiKTeX2\tex/latex/refcount\refcount.sty
Package: refcount 2019/12/15 v3.6 Data extraction from label references (HO)
) (C:\Program Files\MiKTeX2\tex/generic/gettitlestring\gettitlestring.sty
Package: gettitlestring 2019/12/15 v1.6 Cleanup title references (HO)
 (C:\Program Files\MiKTeX2\tex/latex/kvoptions\kvoptions.sty
Package: kvoptions 2022-06-15 v3.15 Key value format for package options (HO)
))
\c@section@level=\count193
) (C:\Users\mcasu\AppData\Local\Programs\MiKTeX\tex/latex/etoolbox\etoolbox.sty
Package: etoolbox 2020/10/05 v2.5k e-TeX tools for LaTeX (JAW)
\etb@tempcnta=\count194
)
\@linkdim=\dimen143
\Hy@linkcounter=\count195
\Hy@pagecounter=\count196
 (C:\Users\mcasu\AppData\Local\Programs\MiKTeX\tex/latex/hyperref\pd1enc.def
File: pd1enc.def 2023-07-08 v7.01b Hyperref: PDFDocEncoding definition (HO)
Now handling font encoding PD1 ...
... no UTF-8 mapping file for font encoding PD1
) (C:\Program Files\MiKTeX2\tex/generic/intcalc\intcalc.sty
Package: intcalc 2019/12/15 v1.3 Expandable calculations with integers (HO)
)
\Hy@SavedSpaceFactor=\count197
 (C:\Users\mcasu\AppData\Local\Programs\MiKTeX\tex/latex/hyperref\puenc.def
File: puenc.def 2023-07-08 v7.01b Hyperref: PDF Unicode definition (HO)
Now handling font encoding PU ...
... no UTF-8 mapping file for font encoding PU
)
Package hyperref Info: Hyper figures OFF on input line 4167.
Package hyperref Info: Link nesting OFF on input line 4172.
Package hyperref Info: Hyper index ON on input line 4175.
Package hyperref Info: Plain pages OFF on input line 4182.
Package hyperref Info: Backreferencing OFF on input line 4187.
Package hyperref Info: Implicit mode ON; LaTeX internals redefined.
Package hyperref Info: Bookmarks ON on input line 4434.
\c@Hy@tempcnt=\count198
 (C:\Users\mcasu\AppData\Local\Programs\MiKTeX\tex/latex/url\url.sty
\Urlmuskip=\muskip16
Package: url 2013/09/16  ver 3.4  Verb mode for urls, etc.
)
LaTeX Info: Redefining \url on input line 4772.
\XeTeXLinkMargin=\dimen144
 (C:\Program Files\MiKTeX2\tex/generic/bitset\bitset.sty
Package: bitset 2019/12/09 v1.3 Handle bit-vector datatype (HO)
 (C:\Program Files\MiKTeX2\tex/generic/bigintcalc\bigintcalc.sty
Package: bigintcalc 2019/12/15 v1.5 Expandable calculations on big integers (HO)
))
\Fld@menulength=\count199
\Field@Width=\dimen145
\Fld@charsize=\dimen146
Package hyperref Info: Hyper figures OFF on input line 6051.
Package hyperref Info: Link nesting OFF on input line 6056.
Package hyperref Info: Hyper index ON on input line 6059.
Package hyperref Info: backreferencing OFF on input line 6066.
Package hyperref Info: Link coloring OFF on input line 6071.
Package hyperref Info: Link coloring with OCG OFF on input line 6076.
Package hyperref Info: PDF/A mode OFF on input line 6081.
 (C:\Users\mcasu\AppData\Local\Programs\MiKTeX\tex/latex/base\atbegshi-ltx.sty
Package: atbegshi-ltx 2021/01/10 v1.0c Emulation of the original atbegshi
package with kernel methods
)
\Hy@abspage=\count266
\c@Item=\count267
\c@Hfootnote=\count268
)
Package hyperref Info: Driver (autodetected): hpdftex.
 (C:\Users\mcasu\AppData\Local\Programs\MiKTeX\tex/latex/hyperref\hpdftex.def
File: hpdftex.def 2023-07-08 v7.01b Hyperref driver for pdfTeX
 (C:\Users\mcasu\AppData\Local\Programs\MiKTeX\tex/latex/base\atveryend-ltx.sty
Package: atveryend-ltx 2020/08/19 v1.0a Emulation of the original atveryend package
with kernel methods
)
\Fld@listcount=\count269
\c@bookmark@seq@number=\count270
 (C:\Program Files\MiKTeX2\tex/latex/rerunfilecheck\rerunfilecheck.sty
Package: rerunfilecheck 2022-07-10 v1.10 Rerun checks for auxiliary files (HO)
 (C:\Program Files\MiKTeX2\tex/generic/uniquecounter\uniquecounter.sty
Package: uniquecounter 2019/12/15 v1.4 Provide unlimited unique counter (HO)
)
Package uniquecounter Info: New unique counter `rerunfilecheck' on input line 285.
)
\Hy@SectionHShift=\skip50
) (C:\Users\mcasu\AppData\Local\Programs\MiKTeX\tex/latex/xcolor\xcolor.sty
Package: xcolor 2022/06/12 v2.14 LaTeX color extensions (UK)
 (C:\Users\mcasu\AppData\Local\Programs\MiKTeX\tex/latex/graphics-cfg\color.cfg
File: color.cfg 2016/01/02 v1.6 sample color configuration
)
Package xcolor Info: Driver file: pdftex.def on input line 227.
 (C:\Program Files\MiKTeX2\tex/latex/colortbl\colortbl.sty
Package: colortbl 2022/06/20 v1.0f Color table columns (DPC)
 (C:\Users\mcasu\AppData\Local\Programs\MiKTeX\tex/latex/tools\array.sty
Package: array 2022/09/04 v2.5g Tabular extension package (FMi)
\col@sep=\dimen147
\ar@mcellbox=\box51
\extrarowheight=\dimen148
\NC@list=\toks18
\extratabsurround=\skip51
\backup@length=\skip52
\ar@cellbox=\box52
)
\everycr=\toks19
\minrowclearance=\skip53
\rownum=\count271
) (C:\Users\mcasu\AppData\Local\Programs\MiKTeX\tex/latex/graphics\mathcolor.ltx)
Package xcolor Info: Model `cmy' substituted by `cmy0' on input line 1353.
Package xcolor Info: Model `hsb' substituted by `rgb' on input line 1357.
Package xcolor Info: Model `RGB' extended on input line 1369.
Package xcolor Info: Model `HTML' substituted by `rgb' on input line 1371.
Package xcolor Info: Model `Hsb' substituted by `hsb' on input line 1372.
Package xcolor Info: Model `tHsb' substituted by `hsb' on input line 1373.
Package xcolor Info: Model `HSB' substituted by `hsb' on input line 1374.
Package xcolor Info: Model `Gray' substituted by `gray' on input line 1375.
Package xcolor Info: Model `wave' substituted by `hsb' on input line 1376.
) (C:\Users\mcasu\AppData\Local\Programs\MiKTeX\tex/latex/amsfonts\amssymb.sty
Package: amssymb 2013/01/14 v3.01 AMS font symbols
 (C:\Users\mcasu\AppData\Local\Programs\MiKTeX\tex/latex/amsfonts\amsfonts.sty
Package: amsfonts 2013/01/14 v3.01 Basic AMSFonts support
\@emptytoks=\toks20
\symAMSa=\mathgroup4
\symAMSb=\mathgroup5
LaTeX Font Info:    Redeclaring math symbol \hbar on input line 98.
LaTeX Font Info:    Overwriting math alphabet `\mathfrak' in version `bold'
(Font)                  U/euf/m/n --> U/euf/b/n on input line 106.
)) (C:\Users\mcasu\AppData\Local\Programs\MiKTeX\tex/latex/amsmath\amsmath.sty
Package: amsmath 2023/05/13 v2.17o AMS math features
\@mathmargin=\skip54

For additional information on amsmath, use the `?' option.
(C:\Users\mcasu\AppData\Local\Programs\MiKTeX\tex/latex/amsmath\amstext.sty
Package: amstext 2021/08/26 v2.01 AMS text
 (C:\Users\mcasu\AppData\Local\Programs\MiKTeX\tex/latex/amsmath\amsgen.sty
File: amsgen.sty 1999/11/30 v2.0 generic functions
\@emptytoks=\toks21
\ex@=\dimen149
)) (C:\Users\mcasu\AppData\Local\Programs\MiKTeX\tex/latex/amsmath\amsbsy.sty
Package: amsbsy 1999/11/29 v1.2d Bold Symbols
\pmbraise@=\dimen150
) (C:\Users\mcasu\AppData\Local\Programs\MiKTeX\tex/latex/amsmath\amsopn.sty
Package: amsopn 2022/04/08 v2.04 operator names
)
\inf@bad=\count272
LaTeX Info: Redefining \frac on input line 234.
\uproot@=\count273
\leftroot@=\count274
LaTeX Info: Redefining \overline on input line 399.
LaTeX Info: Redefining \colon on input line 410.
\classnum@=\count275
\DOTSCASE@=\count276
LaTeX Info: Redefining \ldots on input line 496.
LaTeX Info: Redefining \dots on input line 499.
LaTeX Info: Redefining \cdots on input line 620.
\Mathstrutbox@=\box53
\strutbox@=\box54
LaTeX Info: Redefining \big on input line 722.
LaTeX Info: Redefining \Big on input line 723.
LaTeX Info: Redefining \bigg on input line 724.
LaTeX Info: Redefining \Bigg on input line 725.
\big@size=\dimen151
LaTeX Font Info:    Redeclaring font encoding OML on input line 743.
LaTeX Font Info:    Redeclaring font encoding OMS on input line 744.
\macc@depth=\count277
LaTeX Info: Redefining \bmod on input line 905.
LaTeX Info: Redefining \pmod on input line 910.
LaTeX Info: Redefining \smash on input line 940.
LaTeX Info: Redefining \relbar on input line 970.
LaTeX Info: Redefining \Relbar on input line 971.
\c@MaxMatrixCols=\count278
\dotsspace@=\muskip17
\c@parentequation=\count279
\dspbrk@lvl=\count280
\tag@help=\toks22
\row@=\count281
\column@=\count282
\maxfields@=\count283
\andhelp@=\toks23
\eqnshift@=\dimen152
\alignsep@=\dimen153
\tagshift@=\dimen154
\tagwidth@=\dimen155
\totwidth@=\dimen156
\lineht@=\dimen157
\@envbody=\toks24
\multlinegap=\skip55
\multlinetaggap=\skip56
\mathdisplay@stack=\toks25
LaTeX Info: Redefining \[ on input line 2953.
LaTeX Info: Redefining \] on input line 2954.
) (C:\Users\mcasu\AppData\Local\Programs\MiKTeX\tex/generic/babel\babel.sty
Package: babel 2023/09/29 v3.95 The Babel package
\babel@savecnt=\count284
\U@D=\dimen158
\l@unhyphenated=\language79
 (C:\Users\mcasu\AppData\Local\Programs\MiKTeX\tex/generic/babel\txtbabel.def)
\bbl@readstream=\read2
\bbl@dirlevel=\count285

*************************************
* Local config file bblopts.cfg used
*
(C:\Users\mcasu\AppData\Local\Programs\MiKTeX\tex/latex/arabi\bblopts.cfg
File: bblopts.cfg 2005/09/08 v0.1 add Arabic and Farsi to "declared" options of babel
) (C:\Users\mcasu\AppData\Local\Programs\MiKTeX\tex/latex/babel-english\english.ldf
Language: english 2017/06/06 v3.3r English support from the babel system
Package babel Info: Hyphen rules for 'canadian' set to \l@english
(babel)             (\language0). Reported on input line 102.
Package babel Info: Hyphen rules for 'australian' set to \l@ukenglish
(babel)             (\language73). Reported on input line 105.
Package babel Info: Hyphen rules for 'newzealand' set to \l@ukenglish
(babel)             (\language73). Reported on input line 108.
)) (C:\Users\mcasu\AppData\Local\Programs\MiKTeX\tex/generic/babel/locale/en\babel-english.tex
Package babel Info: Importing font and identification data for english
(babel)             from babel-en.ini. Reported on input line 11.
) (C:\Program Files\MiKTeX2\tex/latex/units\nicefrac.sty
Package: nicefrac 1998/08/04 v0.9b Nice fractions
\L@UnitsRaiseDisplaystyle=\skip57
\L@UnitsRaiseTextstyle=\skip58
\L@UnitsRaiseScriptstyle=\skip59
 (C:\Users\mcasu\AppData\Local\Programs\MiKTeX\tex/latex/base\ifthen.sty
Package: ifthen 2022/04/13 v1.1d Standard LaTeX ifthen package (DPC)
)) (C:\Users\mcasu\AppData\Local\Programs\MiKTeX\tex/latex/l3packages/xfrac\xfrac.sty (C:\Users\mcasu\AppData\Local\Programs\MiKTeX\tex/latex/l3kernel\expl3.sty
Package: expl3 2023-08-29 L3 programming layer (loader) 
 (C:\Users\mcasu\AppData\Local\Programs\MiKTeX\tex/latex/l3backend\l3backend-pdftex.def
File: l3backend-pdftex.def 2023-04-19 L3 backend support: PDF output (pdfTeX)
\l__color_backend_stack_int=\count286
\l__pdf_internal_box=\box55
)) (C:\Users\mcasu\AppData\Local\Programs\MiKTeX\tex/latex/l3packages/l3keys2e\l3keys2e.sty
Package: l3keys2e 2023-08-29 LaTeX2e option processing using LaTeX3 keys
) (C:\Users\mcasu\AppData\Local\Programs\MiKTeX\tex/latex/base\textcomp.sty
Package: textcomp 2020/02/02 v2.0n Standard LaTeX package
) (C:\Users\mcasu\AppData\Local\Programs\MiKTeX\tex/latex/l3packages/xparse\xparse.sty
Package: xparse 2023-08-29 L3 Experimental document command parser
) (C:\Users\mcasu\AppData\Local\Programs\MiKTeX\tex/latex/l3packages/xtemplate\xtemplate.sty
Package: xtemplate 2023-08-29 L3 Experimental prototype document functions
\l__xtemplate_tmp_dim=\dimen159
\l__xtemplate_tmp_int=\count287
\l__xtemplate_tmp_muskip=\muskip18
\l__xtemplate_tmp_skip=\skip60
)
Package: xfrac 2023-08-29 L3 Experimental split-level fractions
\l__xfrac_slash_box=\box56
\l__xfrac_tmp_box=\box57
\l__xfrac_denominator_bot_sep_dim=\dimen160
\l__xfrac_numerator_bot_sep_dim=\dimen161
\l__xfrac_numerator_top_sep_dim=\dimen162
\l__xfrac_slash_left_sep_dim=\dimen163
\l__xfrac_slash_right_sep_dim=\dimen164
\l__xfrac_slash_left_muskip=\muskip19
\l__xfrac_slash_right_muskip=\muskip20

Package xtemplate Info: Declaring object type 'xfrac' taking 3 argument(s) on
(xtemplate)             line 80.

) (C:\Users\mcasu\AppData\Local\Programs\MiKTeX\tex/latex/pgf/frontendlayer\tikz.sty (C:\Users\mcasu\AppData\Local\Programs\MiKTeX\tex/latex/pgf/basiclayer\pgf.sty (C:\Users\mcasu\AppData\Local\Programs\MiKTeX\tex/latex/pgf/utilities\pgfrcs.sty (C:\Users\mcasu\AppData\Local\Programs\MiKTeX\tex/generic/pgf/utilities\pgfutil-common.tex
\pgfutil@everybye=\toks26
\pgfutil@tempdima=\dimen165
\pgfutil@tempdimb=\dimen166
) (C:\Users\mcasu\AppData\Local\Programs\MiKTeX\tex/generic/pgf/utilities\pgfutil-latex.def
\pgfutil@abb=\box58
) (C:\Users\mcasu\AppData\Local\Programs\MiKTeX\tex/generic/pgf/utilities\pgfrcs.code.tex (C:\Users\mcasu\AppData\Local\Programs\MiKTeX\tex/generic/pgf\pgf.revision.tex)
Package: pgfrcs 2023-01-15 v3.1.10 (3.1.10)
))
Package: pgf 2023-01-15 v3.1.10 (3.1.10)
 (C:\Users\mcasu\AppData\Local\Programs\MiKTeX\tex/latex/pgf/basiclayer\pgfcore.sty (C:\Users\mcasu\AppData\Local\Programs\MiKTeX\tex/latex/pgf/systemlayer\pgfsys.sty (C:\Users\mcasu\AppData\Local\Programs\MiKTeX\tex/generic/pgf/systemlayer\pgfsys.code.tex
Package: pgfsys 2023-01-15 v3.1.10 (3.1.10)
 (C:\Users\mcasu\AppData\Local\Programs\MiKTeX\tex/generic/pgf/utilities\pgfkeys.code.tex
\pgfkeys@pathtoks=\toks27
\pgfkeys@temptoks=\toks28
 (C:\Users\mcasu\AppData\Local\Programs\MiKTeX\tex/generic/pgf/utilities\pgfkeyslibraryfiltered.code.tex
\pgfkeys@tmptoks=\toks29
))
\pgf@x=\dimen167
\pgf@y=\dimen168
\pgf@xa=\dimen169
\pgf@ya=\dimen170
\pgf@xb=\dimen171
\pgf@yb=\dimen172
\pgf@xc=\dimen173
\pgf@yc=\dimen174
\pgf@xd=\dimen175
\pgf@yd=\dimen176
\w@pgf@writea=\write3
\r@pgf@reada=\read3
\c@pgf@counta=\count288
\c@pgf@countb=\count289
\c@pgf@countc=\count290
\c@pgf@countd=\count291
\t@pgf@toka=\toks30
\t@pgf@tokb=\toks31
\t@pgf@tokc=\toks32
\pgf@sys@id@count=\count292
 (C:\Users\mcasu\AppData\Local\Programs\MiKTeX\tex/generic/pgf/systemlayer\pgf.cfg
File: pgf.cfg 2023-01-15 v3.1.10 (3.1.10)
)
Driver file for pgf: pgfsys-pdftex.def
 (C:\Users\mcasu\AppData\Local\Programs\MiKTeX\tex/generic/pgf/systemlayer\pgfsys-pdftex.def
File: pgfsys-pdftex.def 2023-01-15 v3.1.10 (3.1.10)
 (C:\Users\mcasu\AppData\Local\Programs\MiKTeX\tex/generic/pgf/systemlayer\pgfsys-common-pdf.def
File: pgfsys-common-pdf.def 2023-01-15 v3.1.10 (3.1.10)
))) (C:\Users\mcasu\AppData\Local\Programs\MiKTeX\tex/generic/pgf/systemlayer\pgfsyssoftpath.code.tex
File: pgfsyssoftpath.code.tex 2023-01-15 v3.1.10 (3.1.10)
\pgfsyssoftpath@smallbuffer@items=\count293
\pgfsyssoftpath@bigbuffer@items=\count294
) (C:\Users\mcasu\AppData\Local\Programs\MiKTeX\tex/generic/pgf/systemlayer\pgfsysprotocol.code.tex
File: pgfsysprotocol.code.tex 2023-01-15 v3.1.10 (3.1.10)
)) (C:\Users\mcasu\AppData\Local\Programs\MiKTeX\tex/generic/pgf/basiclayer\pgfcore.code.tex
Package: pgfcore 2023-01-15 v3.1.10 (3.1.10)
 (C:\Users\mcasu\AppData\Local\Programs\MiKTeX\tex/generic/pgf/math\pgfmath.code.tex (C:\Users\mcasu\AppData\Local\Programs\MiKTeX\tex/generic/pgf/math\pgfmathutil.code.tex) (C:\Users\mcasu\AppData\Local\Programs\MiKTeX\tex/generic/pgf/math\pgfmathparser.code.tex
\pgfmath@dimen=\dimen177
\pgfmath@count=\count295
\pgfmath@box=\box59
\pgfmath@toks=\toks33
\pgfmath@stack@operand=\toks34
\pgfmath@stack@operation=\toks35
) (C:\Users\mcasu\AppData\Local\Programs\MiKTeX\tex/generic/pgf/math\pgfmathfunctions.code.tex) (C:\Users\mcasu\AppData\Local\Programs\MiKTeX\tex/generic/pgf/math\pgfmathfunctions.basic.code.tex) (C:\Users\mcasu\AppData\Local\Programs\MiKTeX\tex/generic/pgf/math\pgfmathfunctions.trigonometric.code.tex) (C:\Users\mcasu\AppData\Local\Programs\MiKTeX\tex/generic/pgf/math\pgfmathfunctions.random.code.tex) (C:\Users\mcasu\AppData\Local\Programs\MiKTeX\tex/generic/pgf/math\pgfmathfunctions.comparison.code.tex) (C:\Users\mcasu\AppData\Local\Programs\MiKTeX\tex/generic/pgf/math\pgfmathfunctions.base.code.tex) (C:\Users\mcasu\AppData\Local\Programs\MiKTeX\tex/generic/pgf/math\pgfmathfunctions.round.code.tex) (C:\Users\mcasu\AppData\Local\Programs\MiKTeX\tex/generic/pgf/math\pgfmathfunctions.misc.code.tex) (C:\Users\mcasu\AppData\Local\Programs\MiKTeX\tex/generic/pgf/math\pgfmathfunctions.integerarithmetics.code.tex) (C:\Users\mcasu\AppData\Local\Programs\MiKTeX\tex/generic/pgf/math\pgfmathcalc.code.tex) (C:\Users\mcasu\AppData\Local\Programs\MiKTeX\tex/generic/pgf/math\pgfmathfloat.code.tex
\c@pgfmathroundto@lastzeros=\count296
)) (C:\Users\mcasu\AppData\Local\Programs\MiKTeX\tex/generic/pgf/math\pgfint.code.tex) (C:\Users\mcasu\AppData\Local\Programs\MiKTeX\tex/generic/pgf/basiclayer\pgfcorepoints.code.tex
File: pgfcorepoints.code.tex 2023-01-15 v3.1.10 (3.1.10)
\pgf@picminx=\dimen178
\pgf@picmaxx=\dimen179
\pgf@picminy=\dimen180
\pgf@picmaxy=\dimen181
\pgf@pathminx=\dimen182
\pgf@pathmaxx=\dimen183
\pgf@pathminy=\dimen184
\pgf@pathmaxy=\dimen185
\pgf@xx=\dimen186
\pgf@xy=\dimen187
\pgf@yx=\dimen188
\pgf@yy=\dimen189
\pgf@zx=\dimen190
\pgf@zy=\dimen191
) (C:\Users\mcasu\AppData\Local\Programs\MiKTeX\tex/generic/pgf/basiclayer\pgfcorepathconstruct.code.tex
File: pgfcorepathconstruct.code.tex 2023-01-15 v3.1.10 (3.1.10)
\pgf@path@lastx=\dimen192
\pgf@path@lasty=\dimen193
) (C:\Users\mcasu\AppData\Local\Programs\MiKTeX\tex/generic/pgf/basiclayer\pgfcorepathusage.code.tex
File: pgfcorepathusage.code.tex 2023-01-15 v3.1.10 (3.1.10)
\pgf@shorten@end@additional=\dimen194
\pgf@shorten@start@additional=\dimen195
) (C:\Users\mcasu\AppData\Local\Programs\MiKTeX\tex/generic/pgf/basiclayer\pgfcorescopes.code.tex
File: pgfcorescopes.code.tex 2023-01-15 v3.1.10 (3.1.10)
\pgfpic=\box60
\pgf@hbox=\box61
\pgf@layerbox@main=\box62
\pgf@picture@serial@count=\count297
) (C:\Users\mcasu\AppData\Local\Programs\MiKTeX\tex/generic/pgf/basiclayer\pgfcoregraphicstate.code.tex
File: pgfcoregraphicstate.code.tex 2023-01-15 v3.1.10 (3.1.10)
\pgflinewidth=\dimen196
) (C:\Users\mcasu\AppData\Local\Programs\MiKTeX\tex/generic/pgf/basiclayer\pgfcoretransformations.code.tex
File: pgfcoretransformations.code.tex 2023-01-15 v3.1.10 (3.1.10)
\pgf@pt@x=\dimen197
\pgf@pt@y=\dimen198
\pgf@pt@temp=\dimen199
) (C:\Users\mcasu\AppData\Local\Programs\MiKTeX\tex/generic/pgf/basiclayer\pgfcorequick.code.tex
File: pgfcorequick.code.tex 2023-01-15 v3.1.10 (3.1.10)
) (C:\Users\mcasu\AppData\Local\Programs\MiKTeX\tex/generic/pgf/basiclayer\pgfcoreobjects.code.tex
File: pgfcoreobjects.code.tex 2023-01-15 v3.1.10 (3.1.10)
) (C:\Users\mcasu\AppData\Local\Programs\MiKTeX\tex/generic/pgf/basiclayer\pgfcorepathprocessing.code.tex
File: pgfcorepathprocessing.code.tex 2023-01-15 v3.1.10 (3.1.10)
) (C:\Users\mcasu\AppData\Local\Programs\MiKTeX\tex/generic/pgf/basiclayer\pgfcorearrows.code.tex
File: pgfcorearrows.code.tex 2023-01-15 v3.1.10 (3.1.10)
\pgfarrowsep=\dimen256
) (C:\Users\mcasu\AppData\Local\Programs\MiKTeX\tex/generic/pgf/basiclayer\pgfcoreshade.code.tex
File: pgfcoreshade.code.tex 2023-01-15 v3.1.10 (3.1.10)
\pgf@max=\dimen257
\pgf@sys@shading@range@num=\count298
\pgf@shadingcount=\count299
) (C:\Users\mcasu\AppData\Local\Programs\MiKTeX\tex/generic/pgf/basiclayer\pgfcoreimage.code.tex
File: pgfcoreimage.code.tex 2023-01-15 v3.1.10 (3.1.10)
) (C:\Users\mcasu\AppData\Local\Programs\MiKTeX\tex/generic/pgf/basiclayer\pgfcoreexternal.code.tex
File: pgfcoreexternal.code.tex 2023-01-15 v3.1.10 (3.1.10)
\pgfexternal@startupbox=\box63
) (C:\Users\mcasu\AppData\Local\Programs\MiKTeX\tex/generic/pgf/basiclayer\pgfcorelayers.code.tex
File: pgfcorelayers.code.tex 2023-01-15 v3.1.10 (3.1.10)
) (C:\Users\mcasu\AppData\Local\Programs\MiKTeX\tex/generic/pgf/basiclayer\pgfcoretransparency.code.tex
File: pgfcoretransparency.code.tex 2023-01-15 v3.1.10 (3.1.10)
) (C:\Users\mcasu\AppData\Local\Programs\MiKTeX\tex/generic/pgf/basiclayer\pgfcorepatterns.code.tex
File: pgfcorepatterns.code.tex 2023-01-15 v3.1.10 (3.1.10)
) (C:\Users\mcasu\AppData\Local\Programs\MiKTeX\tex/generic/pgf/basiclayer\pgfcorerdf.code.tex
File: pgfcorerdf.code.tex 2023-01-15 v3.1.10 (3.1.10)
))) (C:\Users\mcasu\AppData\Local\Programs\MiKTeX\tex/generic/pgf/modules\pgfmoduleshapes.code.tex
File: pgfmoduleshapes.code.tex 2023-01-15 v3.1.10 (3.1.10)
\pgfnodeparttextbox=\box64
) (C:\Users\mcasu\AppData\Local\Programs\MiKTeX\tex/generic/pgf/modules\pgfmoduleplot.code.tex
File: pgfmoduleplot.code.tex 2023-01-15 v3.1.10 (3.1.10)
) (C:\Users\mcasu\AppData\Local\Programs\MiKTeX\tex/latex/pgf/compatibility\pgfcomp-version-0-65.sty
Package: pgfcomp-version-0-65 2023-01-15 v3.1.10 (3.1.10)
\pgf@nodesepstart=\dimen258
\pgf@nodesepend=\dimen259
) (C:\Users\mcasu\AppData\Local\Programs\MiKTeX\tex/latex/pgf/compatibility\pgfcomp-version-1-18.sty
Package: pgfcomp-version-1-18 2023-01-15 v3.1.10 (3.1.10)
)) (C:\Users\mcasu\AppData\Local\Programs\MiKTeX\tex/latex/pgf/utilities\pgffor.sty (C:\Users\mcasu\AppData\Local\Programs\MiKTeX\tex/latex/pgf/utilities\pgfkeys.sty (C:\Users\mcasu\AppData\Local\Programs\MiKTeX\tex/generic/pgf/utilities\pgfkeys.code.tex)) (C:\Users\mcasu\AppData\Local\Programs\MiKTeX\tex/latex/pgf/math\pgfmath.sty (C:\Users\mcasu\AppData\Local\Programs\MiKTeX\tex/generic/pgf/math\pgfmath.code.tex)) (C:\Users\mcasu\AppData\Local\Programs\MiKTeX\tex/generic/pgf/utilities\pgffor.code.tex
Package: pgffor 2023-01-15 v3.1.10 (3.1.10)
\pgffor@iter=\dimen260
\pgffor@skip=\dimen261
\pgffor@stack=\toks36
\pgffor@toks=\toks37
)) (C:\Users\mcasu\AppData\Local\Programs\MiKTeX\tex/generic/pgf/frontendlayer/tikz\tikz.code.tex
Package: tikz 2023-01-15 v3.1.10 (3.1.10)
 (C:\Users\mcasu\AppData\Local\Programs\MiKTeX\tex/generic/pgf/libraries\pgflibraryplothandlers.code.tex
File: pgflibraryplothandlers.code.tex 2023-01-15 v3.1.10 (3.1.10)
\pgf@plot@mark@count=\count300
\pgfplotmarksize=\dimen262
)
\tikz@lastx=\dimen263
\tikz@lasty=\dimen264
\tikz@lastxsaved=\dimen265
\tikz@lastysaved=\dimen266
\tikz@lastmovetox=\dimen267
\tikz@lastmovetoy=\dimen268
\tikzleveldistance=\dimen269
\tikzsiblingdistance=\dimen270
\tikz@figbox=\box65
\tikz@figbox@bg=\box66
\tikz@tempbox=\box67
\tikz@tempbox@bg=\box68
\tikztreelevel=\count301
\tikznumberofchildren=\count302
\tikznumberofcurrentchild=\count303
\tikz@fig@count=\count304
 (C:\Users\mcasu\AppData\Local\Programs\MiKTeX\tex/generic/pgf/modules\pgfmodulematrix.code.tex
File: pgfmodulematrix.code.tex 2023-01-15 v3.1.10 (3.1.10)
\pgfmatrixcurrentrow=\count305
\pgfmatrixcurrentcolumn=\count306
\pgf@matrix@numberofcolumns=\count307
)
\tikz@expandcount=\count308
 (C:\Users\mcasu\AppData\Local\Programs\MiKTeX\tex/generic/pgf/frontendlayer/tikz/libraries\tikzlibrarytopaths.code.tex
File: tikzlibrarytopaths.code.tex 2023-01-15 v3.1.10 (3.1.10)
))) (C:\Users\mcasu\AppData\Local\Programs\MiKTeX\tex/generic/pgf/frontendlayer/tikz/libraries\tikzlibrarypositioning.code.tex
File: tikzlibrarypositioning.code.tex 2023-01-15 v3.1.10 (3.1.10)
) (C:\Program Files\MiKTeX2\tex/latex/geometry\geometry.sty
Package: geometry 2020/01/02 v5.9 Page Geometry
 (C:\Users\mcasu\AppData\Local\Programs\MiKTeX\tex/generic/iftex\ifvtex.sty
Package: ifvtex 2019/10/25 v1.7 ifvtex legacy package. Use iftex instead.
)
\Gm@cnth=\count309
\Gm@cntv=\count310
\c@Gm@tempcnt=\count311
\Gm@bindingoffset=\dimen271
\Gm@wd@mp=\dimen272
\Gm@odd@mp=\dimen273
\Gm@even@mp=\dimen274
\Gm@layoutwidth=\dimen275
\Gm@layoutheight=\dimen276
\Gm@layouthoffset=\dimen277
\Gm@layoutvoffset=\dimen278
\Gm@dimlist=\toks38
 (C:\Program Files\MiKTeX2\tex/latex/geometry\geometry.cfg)) (Algebra.aux)
\openout1 = `Algebra.aux'.

LaTeX Font Info:    Checking defaults for OML/cmm/m/it on input line 39.
LaTeX Font Info:    ... okay on input line 39.
LaTeX Font Info:    Checking defaults for OMS/cmsy/m/n on input line 39.
LaTeX Font Info:    ... okay on input line 39.
LaTeX Font Info:    Checking defaults for OT1/cmr/m/n on input line 39.
LaTeX Font Info:    ... okay on input line 39.
LaTeX Font Info:    Checking defaults for T1/cmr/m/n on input line 39.
LaTeX Font Info:    ... okay on input line 39.
LaTeX Font Info:    Checking defaults for TS1/cmr/m/n on input line 39.
LaTeX Font Info:    ... okay on input line 39.
LaTeX Font Info:    Checking defaults for OMX/cmex/m/n on input line 39.
LaTeX Font Info:    ... okay on input line 39.
LaTeX Font Info:    Checking defaults for U/cmr/m/n on input line 39.
LaTeX Font Info:    ... okay on input line 39.
LaTeX Font Info:    Checking defaults for PD1/pdf/m/n on input line 39.
LaTeX Font Info:    ... okay on input line 39.
LaTeX Font Info:    Checking defaults for PU/pdf/m/n on input line 39.
LaTeX Font Info:    ... okay on input line 39.
 (C:\Users\mcasu\AppData\Local\Programs\MiKTeX\tex/context/base/mkii\supp-pdf.mkii
[Loading MPS to PDF converter (version 2006.09.02).]
\scratchcounter=\count312
\scratchdimen=\dimen279
\scratchbox=\box69
\nofMPsegments=\count313
\nofMParguments=\count314
\everyMPshowfont=\toks39
\MPscratchCnt=\count315
\MPscratchDim=\dimen280
\MPnumerator=\count316
\makeMPintoPDFobject=\count317
\everyMPtoPDFconversion=\toks40
) (C:\Users\mcasu\AppData\Local\Programs\MiKTeX\tex/latex/epstopdf-pkg\epstopdf-base.sty
Package: epstopdf-base 2020-01-24 v2.11 Base part for package epstopdf
Package epstopdf-base Info: Redefining graphics rule for `.eps' on input line 485.
 (C:\Users\mcasu\AppData\Local\Programs\MiKTeX\tex/latex/00miktex\epstopdf-sys.cfg
File: epstopdf-sys.cfg 2021/03/18 v2.0 Configuration of epstopdf for MiKTeX
))
Package hyperref Info: Link coloring OFF on input line 39.
 (Algebra.out) (Algebra.out)
\@outlinefile=\write4
\openout4 = `Algebra.out'.


*geometry* driver: auto-detecting
*geometry* detected driver: pdftex
*geometry* verbose mode - [ preamble ] result:
* driver: pdftex
* paper: a4paper
* layout: <same size as paper>
* layoutoffset:(h,v)=(0.0pt,0.0pt)
* modes: 
* h-part:(L,W,R)=(56.9055pt, 483.69687pt, 56.9055pt)
* v-part:(T,H,B)=(71.13188pt, 702.78308pt, 71.13188pt)
* \paperwidth=597.50787pt
* \paperheight=845.04684pt
* \textwidth=483.69687pt
* \textheight=702.78308pt
* \oddsidemargin=-15.36449pt
* \evensidemargin=-15.36449pt
* \topmargin=-38.1381pt
* \headheight=12.0pt
* \headsep=25.0pt
* \topskip=12.0pt
* \footskip=30.0pt
* \marginparwidth=44.0pt
* \marginparsep=10.0pt
* \columnsep=10.0pt
* \skip\footins=10.8pt plus 4.0pt minus 2.0pt
* \hoffset=0.0pt
* \voffset=0.0pt
* \mag=1000
* \@twocolumnfalse
* \@twosidefalse
* \@mparswitchfalse
* \@reversemarginfalse
* (1in=72.27pt=25.4mm, 1cm=28.453pt)

LaTeX Font Info:    Trying to load font information for U+msa on input line 44.
(C:\Users\mcasu\AppData\Local\Programs\MiKTeX\tex/latex/amsfonts\umsa.fd
File: umsa.fd 2013/01/14 v3.01 AMS symbols A
)
LaTeX Font Info:    Trying to load font information for U+msb on input line 44.
 (C:\Users\mcasu\AppData\Local\Programs\MiKTeX\tex/latex/amsfonts\umsb.fd
File: umsb.fd 2013/01/14 v3.01 AMS symbols B
)
<images/Copertina2.png, id=422, 615.29875pt x 794.97pt>
File: images/Copertina2.png Graphic file (type png)
<use images/Copertina2.png>
Package pdftex.def Info: images/Copertina2.png  used on input line 46.
(pdftex.def)             Requested size: 386.95897pt x 499.96037pt.
 [1

{C:/Users/mcasu/AppData/Local/MiKTeX/fonts/map/pdftex/pdftex.map} <./images/Copertina2.png>] (Algebra.toc [2] [3])
\tf@toc=\write5
\openout5 = `Algebra.toc'.

 [4] [5] [6]
\c@theorem=\count318
\c@dimostrazione=\count319
 [7]
Package epstopdf Info: Source file: <images/partition.eps>
(epstopdf)                    date: 2023-11-10 19:49:07
(epstopdf)                    size: 45112 bytes
(epstopdf)             Output file: <images/partition-eps-converted-to.pdf>
(epstopdf)                    date: 2023-11-10 19:49:31
(epstopdf)                    size: 5708 bytes
(epstopdf)             Command: <miktex-epstopdf --outfile=images/partition-eps-converted-to.pdf images/partition.eps>
(epstopdf)             \includegraphics on input line 232.
Package epstopdf Info: Output file is already uptodate.
<images/partition-eps-converted-to.pdf, id=583, 155.58125pt x 100.375pt>
File: images/partition-eps-converted-to.pdf Graphic file (type pdf)
<use images/partition-eps-converted-to.pdf>
Package pdftex.def Info: images/partition-eps-converted-to.pdf  used on input line 232.
(pdftex.def)             Requested size: 169.29684pt x 109.2243pt.
\c@prop=\count320
 [8 <./images/partition-eps-converted-to.pdf>]
Package epstopdf Info: Source file: <images/hassDivisibilità.eps>
(epstopdf)                    date: 2023-11-10 19:57:31
(epstopdf)                    size: 50553 bytes
(epstopdf)             Output file: <images/hassDivisibilità-eps-converted-to.pdf>
(epstopdf)                    date: 2023-11-10 19:58:00
(epstopdf)                    size: 7310 bytes
(epstopdf)             Command: <miktex-epstopdf --outfile=images/hassDivisibilità-eps-converted-to.pdf images/hassDivisibilità.eps>
(epstopdf)             \includegraphics on input line 311.
Package epstopdf Info: Output file is already uptodate.
<images/hassDivisibilità-eps-converted-to.pdf, id=607, 314.17375pt x 126.4725pt>
File: images/hassDivisibilità-eps-converted-to.pdf Graphic file (type pdf)
<use images/hassDivisibilità-eps-converted-to.pdf>
Package pdftex.def Info: images/hassDivisibilità-eps-converted-to.pdf  used on input line 311.
(pdftex.def)             Requested size: 362.77264pt x 146.0424pt.
 [9 <./images/hassDivisibilità-eps-converted-to.pdf>] [10]
LaTeX Font Info:    Trying to load font information for OMS+cmr on input line 401.
 (C:\Users\mcasu\AppData\Local\Programs\MiKTeX\tex/latex/base\omscmr.fd
File: omscmr.fd 2023/04/13 v2.5m Standard LaTeX font definitions
)
LaTeX Font Info:    Font shape `OMS/cmr/m/n' in size <12> not available
(Font)              Font shape `OMS/cmsy/m/n' tried instead on input line 401.
LaTeX Font Info:    Calculating math sizes for size <8.4> on input line 409.


LaTeX Font Warning: Font shape `OT1/cmr/m/n' in size <4.2> not available
(Font)              size <5> substituted on input line 409.


LaTeX Font Warning: Font shape `OML/cmm/m/it' in size <4.2> not available
(Font)              size <5> substituted on input line 409.


LaTeX Font Warning: Font shape `OMS/cmsy/m/n' in size <4.2> not available
(Font)              size <5> substituted on input line 409.

[11] [12]

Package hyperref Warning: Token not allowed in a PDF string (Unicode):
(hyperref)                removing `math shift' on input line 460.

[13] [14] [15] [16] [17]

Package hyperref Warning: Token not allowed in a PDF string (Unicode):
(hyperref)                removing `math shift' on input line 689.


Package hyperref Warning: Token not allowed in a PDF string (Unicode):
(hyperref)                removing `subscript' on input line 689.

[18] [19]

Package hyperref Warning: Token not allowed in a PDF string (Unicode):
(hyperref)                removing `math shift' on input line 761.


Package hyperref Warning: Token not allowed in a PDF string (Unicode):
(hyperref)                removing `subscript' on input line 761.

[20]

Package hyperref Warning: Token not allowed in a PDF string (Unicode):
(hyperref)                removing `math shift' on input line 785.


Package hyperref Warning: Token not allowed in a PDF string (Unicode):
(hyperref)                removing `subscript' on input line 785.

[21]

Package hyperref Warning: Token not allowed in a PDF string (Unicode):
(hyperref)                removing `math shift' on input line 834.


Package hyperref Warning: Token not allowed in a PDF string (Unicode):
(hyperref)                removing `subscript' on input line 834.

[22] [23] [24] [25] [26]
\c@deff=\count321
 [27] [28] [29]

Package hyperref Warning: Token not allowed in a PDF string (Unicode):
(hyperref)                removing `math shift' on input line 1228.


Package hyperref Warning: Token not allowed in a PDF string (Unicode):
(hyperref)                removing `math shift' on input line 1228.


Package hyperref Warning: Token not allowed in a PDF string (Unicode):
(hyperref)                removing `subscript' on input line 1228.

[30]
Package epstopdf Info: Source file: <images/TabellaMoltiplicativa.eps>
(epstopdf)                    date: 2023-11-04 15:28:54
(epstopdf)                    size: 106621 bytes
(epstopdf)             Output file: <images/TabellaMoltiplicativa-eps-converted-to.pdf>
(epstopdf)                    date: 2023-11-04 15:28:58
(epstopdf)                    size: 10566 bytes
(epstopdf)             Command: <miktex-epstopdf --outfile=images/TabellaMoltiplicativa-eps-converted-to.pdf images/TabellaMoltiplicativa.eps>
(epstopdf)             \includegraphics on input line 1269.
Package epstopdf Info: Output file is already uptodate.
<images/TabellaMoltiplicativa-eps-converted-to.pdf, id=763, 226.8475pt x 225.84375pt>
File: images/TabellaMoltiplicativa-eps-converted-to.pdf Graphic file (type pdf)
<use images/TabellaMoltiplicativa-eps-converted-to.pdf>
Package pdftex.def Info: images/TabellaMoltiplicativa-eps-converted-to.pdf  used on input line 1269.
(pdftex.def)             Requested size: 145.11053pt x 144.46713pt.
 [31 <./images/TabellaMoltiplicativa-eps-converted-to.pdf>] [32] [33]

Package hyperref Warning: Token not allowed in a PDF string (Unicode):
(hyperref)                removing `math shift' on input line 1407.

[34] [35] [36]
Package epstopdf Info: Source file: <images/hasse.eps>
(epstopdf)                    date: 2023-11-09 14:10:33
(epstopdf)                    size: 52338 bytes
(epstopdf)             Output file: <images/hasse-eps-converted-to.pdf>
(epstopdf)                    date: 2023-11-09 14:10:54
(epstopdf)                    size: 7337 bytes
(epstopdf)             Command: <miktex-epstopdf --outfile=images/hasse-eps-converted-to.pdf images/hasse.eps>
(epstopdf)             \includegraphics on input line 1585.
Package epstopdf Info: Output file is already uptodate.
<images/hasse-eps-converted-to.pdf, id=829, 210.7875pt x 42.1575pt>
File: images/hasse-eps-converted-to.pdf Graphic file (type pdf)
<use images/hasse-eps-converted-to.pdf>
Package pdftex.def Info: images/hasse-eps-converted-to.pdf  used on input line 1585.
(pdftex.def)             Requested size: 386.95897pt x 77.3938pt.
 [37 <./images/hasse-eps-converted-to.pdf>] [38]

Package hyperref Warning: Token not allowed in a PDF string (Unicode):
(hyperref)                removing `math shift' on input line 1641.


Package hyperref Warning: Token not allowed in a PDF string (Unicode):
(hyperref)                removing `subscript' on input line 1641.

[39]
Package epstopdf Info: Source file: <images/TeoremaIsomorfismo.eps>
(epstopdf)                    date: 2023-11-11 20:11:29
(epstopdf)                    size: 49525 bytes
(epstopdf)             Output file: <images/TeoremaIsomorfismo-eps-converted-to.pdf>
(epstopdf)                    date: 2023-11-11 20:12:04
(epstopdf)                    size: 7237 bytes
(epstopdf)             Command: <miktex-epstopdf --outfile=images/TeoremaIsomorfismo-eps-converted-to.pdf images/TeoremaIsomorfismo.eps>
(epstopdf)             \includegraphics on input line 1716.
Package epstopdf Info: Output file is already uptodate.
<images/TeoremaIsomorfismo-eps-converted-to.pdf, id=864, 300.12125pt x 167.62625pt>
File: images/TeoremaIsomorfismo-eps-converted-to.pdf Graphic file (type pdf)
<use images/TeoremaIsomorfismo-eps-converted-to.pdf>
Package pdftex.def Info: images/TeoremaIsomorfismo-eps-converted-to.pdf  used on input line 1716.
(pdftex.def)             Requested size: 217.66211pt x 121.57323pt.
 [40]

Package hyperref Warning: Token not allowed in a PDF string (Unicode):
(hyperref)                removing `math shift' on input line 1727.

Package epstopdf Info: Source file: <images/gruppoSim.eps>
(epstopdf)                    date: 2023-11-13 21:12:03
(epstopdf)                    size: 50852 bytes
(epstopdf)             Output file: <images/gruppoSim-eps-converted-to.pdf>
(epstopdf)                    date: 2023-11-13 21:12:06
(epstopdf)                    size: 7142 bytes
(epstopdf)             Command: <miktex-epstopdf --outfile=images/gruppoSim-eps-converted-to.pdf images/gruppoSim.eps>
(epstopdf)             \includegraphics on input line 1741.
Package epstopdf Info: Output file is already uptodate.
<images/gruppoSim-eps-converted-to.pdf, id=871, 565.11125pt x 124.465pt>
File: images/gruppoSim-eps-converted-to.pdf Graphic file (type pdf)
<use images/gruppoSim-eps-converted-to.pdf>
Package pdftex.def Info: images/gruppoSim-eps-converted-to.pdf  used on input line 1741.
(pdftex.def)             Requested size: 386.95897pt x 85.2295pt.
[41 <./images/TeoremaIsomorfismo-eps-converted-to.pdf> <./images/gruppoSim-eps-converted-to.pdf>]
Package epstopdf Info: Source file: <images/kciclo.eps>
(epstopdf)                    date: 2023-11-13 21:43:28
(epstopdf)                    size: 48220 bytes
(epstopdf)             Output file: <images/kciclo-eps-converted-to.pdf>
(epstopdf)                    date: 2023-11-13 21:43:31
(epstopdf)                    size: 6428 bytes
(epstopdf)             Command: <miktex-epstopdf --outfile=images/kciclo-eps-converted-to.pdf images/kciclo.eps>
(epstopdf)             \includegraphics on input line 1770.
Package epstopdf Info: Output file is already uptodate.
<images/kciclo-eps-converted-to.pdf, id=901, 358.33875pt x 60.225pt>
File: images/kciclo-eps-converted-to.pdf Graphic file (type pdf)
<use images/kciclo-eps-converted-to.pdf>
Package pdftex.def Info: images/kciclo-eps-converted-to.pdf  used on input line 1770.
(pdftex.def)             Requested size: 290.22107pt x 48.7792pt.


Package hyperref Warning: Token not allowed in a PDF string (Unicode):
(hyperref)                removing `math shift' on input line 1773.

[42 <./images/kciclo-eps-converted-to.pdf>]

Package hyperref Warning: Token not allowed in a PDF string (Unicode):
(hyperref)                removing `math shift' on input line 1811.


Package hyperref Warning: Token not allowed in a PDF string (Unicode):
(hyperref)                removing `subscript' on input line 1811.

[43] [44] [45] [46]
<images/copLin.png, id=952, 519.44063pt x 746.79pt>
File: images/copLin.png Graphic file (type png)
<use images/copLin.png>
Package pdftex.def Info: images/copLin.png  used on input line 1983.
(pdftex.def)             Requested size: 362.77264pt x 521.55295pt.
 [47 <./images/copLin.png>] [48] [49] [50] [51] [52] [53]

Package hyperref Warning: Difference (2) between bookmark levels is greater 
(hyperref)                than one, level fixed on input line 2434.

Package epstopdf Info: Source file: <images/vector.eps>
(epstopdf)                    date: 2023-11-21 10:46:27
(epstopdf)                    size: 66546 bytes
(epstopdf)             Output file: <images/vector-eps-converted-to.pdf>
(epstopdf)                    date: 2023-11-21 10:46:31
(epstopdf)                    size: 8892 bytes
(epstopdf)             Command: <miktex-epstopdf --outfile=images/vector-eps-converted-to.pdf images/vector.eps>
(epstopdf)             \includegraphics on input line 2442.
Package epstopdf Info: Output file is already uptodate.
<images/vector-eps-converted-to.pdf, id=995, 433.62pt x 161.60374pt>
File: images/vector-eps-converted-to.pdf Graphic file (type pdf)
<use images/vector-eps-converted-to.pdf>
Package pdftex.def Info: images/vector-eps-converted-to.pdf  used on input line 2442.
(pdftex.def)             Requested size: 362.77264pt x 135.20619pt.

LaTeX Warning: `h' float specifier changed to `ht'.

Package epstopdf Info: Source file: <images/vector2.eps>
(epstopdf)                    date: 2023-11-21 11:02:43
(epstopdf)                    size: 52598 bytes
(epstopdf)             Output file: <images/vector2-eps-converted-to.pdf>
(epstopdf)                    date: 2023-11-21 11:02:47
(epstopdf)                    size: 8017 bytes
(epstopdf)             Command: <miktex-epstopdf --outfile=images/vector2-eps-converted-to.pdf images/vector2.eps>
(epstopdf)             \includegraphics on input line 2451.
Package epstopdf Info: Output file is already uptodate.
<images/vector2-eps-converted-to.pdf, id=996, 433.62pt x 160.6pt>
File: images/vector2-eps-converted-to.pdf Graphic file (type pdf)
<use images/vector2-eps-converted-to.pdf>
Package pdftex.def Info: images/vector2-eps-converted-to.pdf  used on input line 2451.
(pdftex.def)             Requested size: 362.77264pt x 134.3664pt.
[54]
Package epstopdf Info: Source file: <images/vector3.eps>
(epstopdf)                    date: 2023-11-21 11:17:56
(epstopdf)                    size: 67056 bytes
(epstopdf)             Output file: <images/vector3-eps-converted-to.pdf>
(epstopdf)                    date: 2023-11-21 11:18:15
(epstopdf)                    size: 9063 bytes
(epstopdf)             Command: <miktex-epstopdf --outfile=images/vector3-eps-converted-to.pdf images/vector3.eps>
(epstopdf)             \includegraphics on input line 2468.
Package epstopdf Info: Output file is already uptodate.
<images/vector3-eps-converted-to.pdf, id=1003, 434.62375pt x 160.6pt>
File: images/vector3-eps-converted-to.pdf Graphic file (type pdf)
<use images/vector3-eps-converted-to.pdf>
Package pdftex.def Info: images/vector3-eps-converted-to.pdf  used on input line 2468.
(pdftex.def)             Requested size: 362.77264pt x 134.05762pt.


LaTeX Warning: `h' float specifier changed to `ht'.

[55 <./images/vector-eps-converted-to.pdf> <./images/vector2-eps-converted-to.pdf>]
Package epstopdf Info: Source file: <images/3dplane.eps>
(epstopdf)                    date: 2023-11-27 22:05:35
(epstopdf)                    size: 36001 bytes
(epstopdf)             Output file: <images/3dplane-eps-converted-to.pdf>
(epstopdf)                    date: 2023-11-27 22:06:06
(epstopdf)                    size: 19932 bytes
(epstopdf)             Command: <miktex-epstopdf --outfile=images/3dplane-eps-converted-to.pdf images/3dplane.eps>
(epstopdf)             \includegraphics on input line 2490.
Package epstopdf Info: Output file is already uptodate.
<images/3dplane-eps-converted-to.pdf, id=1039, 326.21875pt x 250.9375pt>
File: images/3dplane-eps-converted-to.pdf Graphic file (type pdf)
<use images/3dplane-eps-converted-to.pdf>
Package pdftex.def Info: images/3dplane-eps-converted-to.pdf  used on input line 2490.
(pdftex.def)             Requested size: 241.84843pt x 186.04309pt.
 [56 <./images/vector3-eps-converted-to.pdf> <./images/3dplane-eps-converted-to.pdf>] [57] [58] [59]
Package epstopdf Info: Source file: <images/linDIp.eps>
(epstopdf)                    date: 2023-11-23 12:04:29
(epstopdf)                    size: 22756 bytes
(epstopdf)             Output file: <images/linDIp-eps-converted-to.pdf>
(epstopdf)                    date: 2023-11-23 12:04:33
(epstopdf)                    size: 5020 bytes
(epstopdf)             Command: <miktex-epstopdf --outfile=images/linDIp-eps-converted-to.pdf images/linDIp.eps>
(epstopdf)             \includegraphics on input line 2673.
Package epstopdf Info: Output file is already uptodate.
<images/linDIp-eps-converted-to.pdf, id=1091, 371.3875pt x 86.3225pt>
File: images/linDIp-eps-converted-to.pdf Graphic file (type pdf)
<use images/linDIp-eps-converted-to.pdf>
Package pdftex.def Info: images/linDIp-eps-converted-to.pdf  used on input line 2673.
(pdftex.def)             Requested size: 386.95897pt x 89.94449pt.
Package epstopdf Info: Source file: <images/combLin.eps>
(epstopdf)                    date: 2023-11-23 12:18:29
(epstopdf)                    size: 45962 bytes
(epstopdf)             Output file: <images/combLin-eps-converted-to.pdf>
(epstopdf)                    date: 2023-11-23 12:18:33
(epstopdf)                    size: 5674 bytes
(epstopdf)             Command: <miktex-epstopdf --outfile=images/combLin-eps-converted-to.pdf images/combLin.eps>
(epstopdf)             \includegraphics on input line 2679.
Package epstopdf Info: Output file is already uptodate.
<images/combLin-eps-converted-to.pdf, id=1092, 125.46875pt x 94.3525pt>
File: images/combLin-eps-converted-to.pdf Graphic file (type pdf)
<use images/combLin-eps-converted-to.pdf>
Package pdftex.def Info: images/combLin-eps-converted-to.pdf  used on input line 2679.
(pdftex.def)             Requested size: 193.47578pt x 145.51057pt.
Package epstopdf Info: Source file: <images/combLin2.eps>
(epstopdf)                    date: 2023-11-23 12:21:44
(epstopdf)                    size: 74795 bytes
(epstopdf)             Output file: <images/combLin2-eps-converted-to.pdf>
(epstopdf)                    date: 2023-11-23 12:22:13
(epstopdf)                    size: 7688 bytes
(epstopdf)             Command: <miktex-epstopdf --outfile=images/combLin2-eps-converted-to.pdf images/combLin2.eps>
(epstopdf)             \includegraphics on input line 2686.
Package epstopdf Info: Output file is already uptodate.
<images/combLin2-eps-converted-to.pdf, id=1093, 125.46875pt x 130.4875pt>
File: images/combLin2-eps-converted-to.pdf Graphic file (type pdf)
<use images/combLin2-eps-converted-to.pdf>
Package pdftex.def Info: images/combLin2-eps-converted-to.pdf  used on input line 2686.
(pdftex.def)             Requested size: 193.47578pt x 201.23807pt.
 [60 <./images/linDIp-eps-converted-to.pdf> <./images/combLin-eps-converted-to.pdf> <./images/combLin2-eps-converted-to.pdf>] [61] [62] [63]
Package epstopdf Info: Source file: <images/27-11-2023/sum-not-union.eps>
(epstopdf)                    date: 2023-11-27 21:00:31
(epstopdf)                    size: 61850 bytes
(epstopdf)             Output file: <images/27-11-2023/sum-not-union-eps-converted-to.pdf>
(epstopdf)                    date: 2023-11-27 21:00:43
(epstopdf)                    size: 7440 bytes
(epstopdf)             Command: <miktex-epstopdf --outfile=images/27-11-2023/sum-not-union-eps-converted-to.pdf images/27-11-2023/sum-not-union.eps>
(epstopdf)             \includegraphics on input line 2825.
Package epstopdf Info: Output file is already uptodate.
<images/27-11-2023/sum-not-union-eps-converted-to.pdf, id=1153, 237.88875pt x 111.41624pt>
File: images/27-11-2023/sum-not-union-eps-converted-to.pdf Graphic file (type pdf)
<use images/27-11-2023/sum-not-union-eps-converted-to.pdf>
Package pdftex.def Info: images/27-11-2023/sum-not-union-eps-converted-to.pdf  used on input line 2825.
(pdftex.def)             Requested size: 241.84843pt x 113.27585pt.
Package epstopdf Info: Source file: <images/27-11-2023/SommaDiSottospazi.eps>
(epstopdf)                    date: 2023-11-27 21:10:54
(epstopdf)                    size: 54200 bytes
(epstopdf)             Output file: <images/27-11-2023/SommaDiSottospazi-eps-converted-to.pdf>
(epstopdf)                    date: 2023-11-27 21:11:08
(epstopdf)                    size: 24553 bytes
(epstopdf)             Command: <miktex-epstopdf --outfile=images/27-11-2023/SommaDiSottospazi-eps-converted-to.pdf images/27-11-2023/SommaDiSottospazi.eps>
(epstopdf)             \includegraphics on input line 2836.
Package epstopdf Info: Output file is already uptodate.
<images/27-11-2023/SommaDiSottospazi-eps-converted-to.pdf, id=1154, 458.71375pt x 156.585pt>
File: images/27-11-2023/SommaDiSottospazi-eps-converted-to.pdf Graphic file (type pdf)
<use images/27-11-2023/SommaDiSottospazi-eps-converted-to.pdf>
Package pdftex.def Info: images/27-11-2023/SommaDiSottospazi-eps-converted-to.pdf  used on input line 2836.
(pdftex.def)             Requested size: 338.58632pt x 115.58437pt.
Package epstopdf Info: Source file: <images/27-11-2023/2planes.eps>
(epstopdf)                    date: 2023-11-27 21:17:14
(epstopdf)                    size: 82102 bytes
(epstopdf)             Output file: <images/27-11-2023/2planes-eps-converted-to.pdf>
(epstopdf)                    date: 2023-11-27 21:17:29
(epstopdf)                    size: 38538 bytes
(epstopdf)             Command: <miktex-epstopdf --outfile=images/27-11-2023/2planes-eps-converted-to.pdf images/27-11-2023/2planes.eps>
(epstopdf)             \includegraphics on input line 2845.
Package epstopdf Info: Output file is already uptodate.
<images/27-11-2023/2planes-eps-converted-to.pdf, id=1155, 395.4775pt x 330.23375pt>
File: images/27-11-2023/2planes-eps-converted-to.pdf Graphic file (type pdf)
<use images/27-11-2023/2planes-eps-converted-to.pdf>
Package pdftex.def Info: images/27-11-2023/2planes-eps-converted-to.pdf  used on input line 2845.
(pdftex.def)             Requested size: 237.01411pt x 197.91501pt.
 [64 <./images/27-11-2023/sum-not-union-eps-converted-to.pdf> <./images/27-11-2023/SommaDiSottospazi-eps-converted-to.pdf> <./images/27-11-2023/2planes-eps-converted-to.pdf>]
Package epstopdf Info: Source file: <images/27-11-2023/grassman.eps>
(epstopdf)                    date: 2023-11-27 21:35:36
(epstopdf)                    size: 48597 bytes
(epstopdf)             Output file: <images/27-11-2023/grassman-eps-converted-to.pdf>
(epstopdf)                    date: 2023-11-27 21:35:40
(epstopdf)                    size: 6496 bytes
(epstopdf)             Command: <miktex-epstopdf --outfile=images/27-11-2023/grassman-eps-converted-to.pdf images/27-11-2023/grassman.eps>
(epstopdf)             \includegraphics on input line 2872.
Package epstopdf Info: Output file is already uptodate.
<images/27-11-2023/grassman-eps-converted-to.pdf, id=1196, 315.1775pt x 214.8025pt>
File: images/27-11-2023/grassman-eps-converted-to.pdf Graphic file (type pdf)
<use images/27-11-2023/grassman-eps-converted-to.pdf>
Package pdftex.def Info: images/27-11-2023/grassman-eps-converted-to.pdf  used on input line 2872.
(pdftex.def)             Requested size: 290.22107pt x 197.80423pt.
 [65 <./images/27-11-2023/grassman-eps-converted-to.pdf>] [66]
Package epstopdf Info: Source file: <images/funLin.eps>
(epstopdf)                    date: 2023-11-28 12:11:57
(epstopdf)                    size: 93224 bytes
(epstopdf)             Output file: <images/funLin-eps-converted-to.pdf>
(epstopdf)                    date: 2023-11-28 12:12:02
(epstopdf)                    size: 10122 bytes
(epstopdf)             Command: <miktex-epstopdf --outfile=images/funLin-eps-converted-to.pdf images/funLin.eps>
(epstopdf)             \includegraphics on input line 2973.
Package epstopdf Info: Output file is already uptodate.
<images/funLin-eps-converted-to.pdf, id=1221, 521.95pt x 178.6675pt>
File: images/funLin-eps-converted-to.pdf Graphic file (type pdf)
<use images/funLin-eps-converted-to.pdf>
Package pdftex.def Info: images/funLin-eps-converted-to.pdf  used on input line 2973.
(pdftex.def)             Requested size: 483.69687pt x 165.57562pt.
 [67 <./images/funLin-eps-converted-to.pdf>] [68] [69]
Package epstopdf Info: Source file: <images/matriceScala.eps>
(epstopdf)                    date: 2023-12-04 20:55:13
(epstopdf)                    size: 196199 bytes
(epstopdf)             Output file: <images/matriceScala-eps-converted-to.pdf>
(epstopdf)                    date: 2023-12-04 20:55:17
(epstopdf)                    size: 40195 bytes
(epstopdf)             Command: <miktex-epstopdf --outfile=images/matriceScala-eps-converted-to.pdf images/matriceScala.eps>
(epstopdf)             \includegraphics on input line 3107.
Package epstopdf Info: Output file is already uptodate.
<images/matriceScala-eps-converted-to.pdf, id=1268, 341.275pt x 159.59625pt>
File: images/matriceScala-eps-converted-to.pdf Graphic file (type pdf)
<use images/matriceScala-eps-converted-to.pdf>
Package pdftex.def Info: images/matriceScala-eps-converted-to.pdf  used on input line 3107.
(pdftex.def)             Requested size: 324.076pt x 151.56198pt.
 [70 <./images/matriceScala-eps-converted-to.pdf>] [71] [72] [73]
Overfull \hbox (17.88162pt too wide) detected at line 3272
\OML/cmm/m/it/12 f[] [] [] \OT1/cmr/m/n/12 = \OML/cmm/m/it/12 f[]x[][] \OT1/cmr/m/n/12 + \OML/cmm/m/it/12 x[][] [] \OT1/cmr/m/n/12 + \OML/cmm/m/it/12 x[][][] \OT1/cmr/m/n/12 = \OML/cmm/m/it/12 f[] [] \OT1/cmr/m/n/12 + [] [] + [] [] = [] \OMS/cmsy/m/n/12 ^^A []
 []

[74]
Package epstopdf Info: Source file: <images/comp.eps>
(epstopdf)                    date: 2023-12-12 12:03:53
(epstopdf)                    size: 38678 bytes
(epstopdf)             Output file: <images/comp-eps-converted-to.pdf>
(epstopdf)                    date: 2023-12-12 12:04:12
(epstopdf)                    size: 6834 bytes
(epstopdf)             Command: <miktex-epstopdf --outfile=images/comp-eps-converted-to.pdf images/comp.eps>
(epstopdf)             \includegraphics on input line 3329.
Package epstopdf Info: Output file is already uptodate.
<images/comp-eps-converted-to.pdf, id=1343, 198.7425pt x 67.25125pt>
File: images/comp-eps-converted-to.pdf Graphic file (type pdf)
<use images/comp-eps-converted-to.pdf>
Package pdftex.def Info: images/comp-eps-converted-to.pdf  used on input line 3329.
(pdftex.def)             Requested size: 145.11053pt x 49.10428pt.
 [75 <./images/comp-eps-converted-to.pdf>]
Overfull \hbox (33.3515pt too wide) detected at line 3378
 \OT1/cmr/m/n/12 =[]\OMS/cmsy/m/n/12 )  \OT1/cmr/m/n/12 (\OML/cmm/m/it/12 g \OMS/cmsy/m/n/12 ^^N \OML/cmm/m/it/12 f\OT1/cmr/m/n/12 )[] [] [] = [] \OMS/cmsy/m/n/12 ^^A []
 []

[76]
Overfull \hbox (5.40013pt too wide) detected at line 3469
[]\OT1/cmr/m/n/12 3 \OMS/cmsy/m/n/12 ^^B \OT1/cmr/m/n/12 3[] : []\OML/cmm/m/it/12 A \OT1/cmr/m/n/12 = [] \OML/cmm/m/it/12 ; []\OMS/cmsy/m/n/12 S[] \OT1/cmr/m/n/12 = \OMS/cmsy/m/n/12 f\OML/cmm/m/it/12 Id; \OT1/cmr/m/n/12 (1[]2)\OML/cmm/m/it/12 ; \OT1/cmr/m/n/12 (1[]3)\OML/cmm/m/it/12 ; \OT1/cmr/m/n/12 (2[]3)\OML/cmm/m/it/12 ; \OT1/cmr/m/n/12 (1[]2[]3)\OML/cmm/m/it/12 ; \OT1/cmr/m/n/12 (1[]3[]2)\OMS/cmsy/m/n/12 g
 []

[77] [78] [79]
Overfull \hbox (6.05728pt too wide) detected at line 3587
\OML/cmm/m/it/12 T\OT1/cmr/m/n/12 ([]) = \OML/cmm/m/it/12 x[]\OT1/cmr/m/n/12 (\OML/cmm/m/it/12 a[][] \OT1/cmr/m/n/12 + \OML/cmm/m/it/12 a[][] [] \OT1/cmr/m/n/12 + \OML/cmm/m/it/12 a[][]\OT1/cmr/m/n/12 ) + \OML/cmm/m/it/12 x[]\OT1/cmr/m/n/12 (\OML/cmm/m/it/12 a[][] \OT1/cmr/m/n/12 + \OML/cmm/m/it/12 a[][] [] \OT1/cmr/m/n/12 + \OML/cmm/m/it/12 a[][]\OT1/cmr/m/n/12 ) [] + \OML/cmm/m/it/12 x[]\OT1/cmr/m/n/12 (\OML/cmm/m/it/12 a[][] \OT1/cmr/m/n/12 + \OML/cmm/m/it/12 a[][] [] \OT1/cmr/m/n/12 + \OML/cmm/m/it/12 a[][]\OT1/cmr/m/n/12 )
 []

[80] [81] [82] [83]
Package epstopdf Info: Source file: <images/rot.eps>
(epstopdf)                    date: 2023-12-18 22:23:34
(epstopdf)                    size: 90852 bytes
(epstopdf)             Output file: <images/rot-eps-converted-to.pdf>
(epstopdf)                    date: 2023-12-18 22:23:54
(epstopdf)                    size: 9811 bytes
(epstopdf)             Command: <miktex-epstopdf --outfile=images/rot-eps-converted-to.pdf images/rot.eps>
(epstopdf)             \includegraphics on input line 3717.
Package epstopdf Info: Output file is already uptodate.
<images/rot-eps-converted-to.pdf, id=1417, 361.35pt x 193.72375pt>
File: images/rot-eps-converted-to.pdf Graphic file (type pdf)
<use images/rot-eps-converted-to.pdf>
Package pdftex.def Info: images/rot-eps-converted-to.pdf  used on input line 3717.
(pdftex.def)             Requested size: 314.40001pt x 168.55307pt.
 [84 <./images/rot-eps-converted-to.pdf>] [85] [86] (Algebra.aux)
 ***********
LaTeX2e <2023-06-01> patch level 1
L3 programming layer <2023-08-29>
 ***********


LaTeX Font Warning: Size substitutions with differences
(Font)              up to 2.90001pt have occurred.

Package rerunfilecheck Info: File `Algebra.out' has not changed.
(rerunfilecheck)             Checksum: B0B830ECB85F5B84494B0A84FBF69DCE;20893.
 ) 
Here is how much of TeX's memory you used:
 23293 strings out of 475248
 439632 string characters out of 5757813
 1953785 words of memory out of 5000000
 44057 multiletter control sequences out of 15000+600000
 577010 words of font info for 112 fonts, out of 8000000 for 9000
 1141 hyphenation exceptions out of 8191
 84i,18n,87p,527b,730s stack positions out of 10000i,1000n,20000p,200000b,200000s
 <C:\Users\mcasu\AppData\Local\MiKTeX\fonts/pk/ljfour/jknappen/ec/dpi600\tcrm1200.pk><C:/Users/mcasu/AppData/Local/Programs/MiKTeX/fonts/type1/public/amsfonts/cm/cmbx12.pfb><C:/Users/mcasu/AppData/Local/Programs/MiKTeX/fonts/type1/public/amsfonts/cm/cmbxti10.pfb><C:/Users/mcasu/AppData/Local/Programs/MiKTeX/fonts/type1/public/amsfonts/cm/cmex10.pfb><C:/Users/mcasu/AppData/Local/Programs/MiKTeX/fonts/type1/public/amsfonts/cm/cmmi10.pfb><C:/Users/mcasu/AppData/Local/Programs/MiKTeX/fonts/type1/public/amsfonts/cm/cmmi12.pfb><C:/Users/mcasu/AppData/Local/Programs/MiKTeX/fonts/type1/public/amsfonts/cm/cmmi6.pfb><C:/Users/mcasu/AppData/Local/Programs/MiKTeX/fonts/type1/public/amsfonts/cm/cmmi8.pfb><C:/Users/mcasu/AppData/Local/Programs/MiKTeX/fonts/type1/public/amsfonts/cm/cmr10.pfb><C:/Users/mcasu/AppData/Local/Programs/MiKTeX/fonts/type1/public/amsfonts/cm/cmr12.pfb><C:/Users/mcasu/AppData/Local/Programs/MiKTeX/fonts/type1/public/amsfonts/cm/cmr17.pfb><C:/Users/mcasu/AppData/Local/Programs/MiKTeX/fonts/type1/public/amsfonts/cm/cmr6.pfb><C:/Users/mcasu/AppData/Local/Programs/MiKTeX/fonts/type1/public/amsfonts/cm/cmr7.pfb><C:/Users/mcasu/AppData/Local/Programs/MiKTeX/fonts/type1/public/amsfonts/cm/cmr8.pfb><C:/Users/mcasu/AppData/Local/Programs/MiKTeX/fonts/type1/public/amsfonts/cm/cmsy10.pfb><C:/Users/mcasu/AppData/Local/Programs/MiKTeX/fonts/type1/public/amsfonts/cm/cmsy6.pfb><C:/Users/mcasu/AppData/Local/Programs/MiKTeX/fonts/type1/public/amsfonts/cm/cmsy8.pfb><C:/Users/mcasu/AppData/Local/Programs/MiKTeX/fonts/type1/public/amsfonts/cm/cmti12.pfb><C:/Users/mcasu/AppData/Local/Programs/MiKTeX/fonts/type1/public/amsfonts/cm/cmtt12.pfb><C:/Users/mcasu/AppData/Local/Programs/MiKTeX/fonts/type1/public/amsfonts/symbols/msam10.pfb><C:/Users/mcasu/AppData/Local/Programs/MiKTeX/fonts/type1/public/amsfonts/symbols/msbm10.pfb>
Output written on Algebra.pdf (86 pages, 2703619 bytes).
PDF statistics:
 1621 PDF objects out of 1728 (max. 8388607)
 361 named destinations out of 1000 (max. 500000)
 965 words of extra memory for PDF output out of 10000 (max. 10000000)

