\BOOKMARK [1][-]{section.1}{\376\377\000R\000e\000t\000i\000\040\000d\000i\000\040\000C\000a\000l\000c\000o\000l\000a\000t\000o\000r\000i\000\040\000e\000\040\000I\000n\000t\000e\000r\000n\000e\000t}{}% 1
\BOOKMARK [2][-]{subsection.1.1}{\376\377\000S\000t\000r\000u\000t\000t\000u\000r\000a\000\040\000d\000i\000\040\000I\000n\000t\000e\000r\000n\000e\000t\000\040\000e\000\040\000L\000i\000n\000k}{section.1}% 2
\BOOKMARK [3][-]{subsubsection.1.1.1}{\376\377\000R\000e\000t\000i\000\040\000C\000a\000b\000l\000a\000t\000e\000\040\000e\000\040\000W\000i\000r\000e\000l\000e\000s\000s}{subsection.1.1}% 3
\BOOKMARK [3][-]{subsubsection.1.1.2}{\376\377\000C\000o\000m\000u\000n\000i\000c\000a\000z\000i\000o\000n\000e\000\040\000e\000\040\000C\000l\000a\000s\000s\000i\000f\000i\000c\000a\000z\000i\000o\000n\000e\000\040\000d\000e\000l\000l\000e\000\040\000R\000e\000t\000i}{subsection.1.1}% 4
\BOOKMARK [3][-]{subsubsection.1.1.3}{\376\377\000N\000u\000c\000l\000e\000o\000\040\000d\000e\000l\000l\000a\000\040\000R\000e\000t\000e}{subsection.1.1}% 5
\BOOKMARK [3][-]{subsubsection.1.1.4}{\376\377\000I\000n\000t\000e\000r\000n\000e\000t}{subsection.1.1}% 6
\BOOKMARK [2][-]{subsection.1.2}{\376\377\000P\000r\000e\000s\000t\000a\000z\000i\000o\000n\000i\000\040\000d\000e\000l\000l\000a\000\040\000R\000e\000t\000e}{section.1}% 7
\BOOKMARK [3][-]{subsubsection.1.2.1}{\376\377\000L\000a\000t\000e\000n\000z\000a\000\040\000e\000\040\000P\000e\000r\000d\000i\000t\000a\000\040\000d\000i\000\040\000P\000a\000c\000c\000h\000e\000t\000t\000i}{subsection.1.2}% 8
\BOOKMARK [3][-]{subsubsection.1.2.2}{\376\377\000R\000i\000t\000a\000r\000d\000o\000\040\000d\000i\000\040\000A\000c\000c\000o\000d\000a\000m\000e\000n\000t\000o}{subsection.1.2}% 9
\BOOKMARK [2][-]{subsection.1.3}{\376\377\000I\000n\000t\000r\000o\000d\000u\000z\000i\000o\000n\000e\000\040\000a\000i\000\040\000P\000r\000o\000t\000o\000c\000o\000l\000l\000i}{section.1}% 10
\BOOKMARK [3][-]{subsubsection.1.3.1}{\376\377\000L\000a\000y\000e\000r\000\040\000d\000i\000\040\000P\000r\000o\000t\000o\000c\000o\000l\000l\000o}{subsection.1.3}% 11
\BOOKMARK [3][-]{subsubsection.1.3.2}{\376\377\000I\000n\000c\000a\000p\000s\000u\000l\000a\000m\000e\000n\000t\000o\000\040\000e\000\040\000M\000u\000l\000t\000i\000p\000l\000e\000x\000i\000n\000g}{subsection.1.3}% 12
\BOOKMARK [2][-]{subsection.1.4}{\376\377\000I\000n\000t\000r\000o\000d\000u\000z\000i\000o\000n\000e\000\040\000a\000l\000l\000a\000\040\000S\000i\000c\000u\000r\000e\000z\000z\000a}{section.1}% 13
\BOOKMARK [3][-]{subsubsection.1.4.1}{\376\377\000A\000t\000t\000a\000c\000c\000h\000i\000\040\000a\000l\000l\000a\000\040\000R\000e\000t\000e}{subsection.1.4}% 14
\BOOKMARK [1][-]{section.2}{\376\377\000L\000i\000v\000e\000l\000l\000o\000\040\000d\000i\000\040\000A\000p\000p\000l\000i\000c\000a\000z\000i\000o\000n\000e}{}% 15
\BOOKMARK [2][-]{subsection.2.1}{\376\377\000D\000e\000f\000i\000n\000i\000z\000i\000o\000n\000e\000\040\000d\000i\000\040\000P\000r\000o\000t\000o\000c\000o\000l\000l\000o}{section.2}% 16
\BOOKMARK [3][-]{subsubsection.2.1.1}{\376\377\000P\000a\000r\000e\000n\000t\000e\000s\000i\000\040\000s\000u\000l\000\040\000L\000i\000v\000e\000l\000l\000o\000\040\000d\000i\000\040\000T\000r\000a\000s\000p\000o\000r\000t\000o}{subsection.2.1}% 17
\BOOKMARK [2][-]{subsection.2.2}{\376\377\000W\000e\000b\000\040\000e\000\040\000H\000T\000T\000P}{section.2}% 18
\BOOKMARK [3][-]{subsubsection.2.2.1}{\376\377\000F\000o\000r\000m\000a\000t\000o\000\040\000d\000e\000l\000\040\000M\000e\000s\000s\000a\000g\000g\000i\000o}{subsection.2.2}% 19
\BOOKMARK [3][-]{subsubsection.2.2.2}{\376\377\000C\000o\000o\000k\000i\000e}{subsection.2.2}% 20
\BOOKMARK [3][-]{subsubsection.2.2.3}{\376\377\000W\000e\000b\000\040\000C\000a\000c\000h\000e}{subsection.2.2}% 21
\BOOKMARK [3][-]{subsubsection.2.2.4}{\376\377\000H\000T\000T\000P\000/\0002\000\040\000e\000d\000\040\000H\000T\000T\000P\000/\0003}{subsection.2.2}% 22
\BOOKMARK [2][-]{subsection.2.3}{\376\377\000S\000M\000T\000P\000\040\000e\000\040\000P\000o\000s\000t\000a\000\040\000E\000l\000e\000t\000t\000r\000o\000n\000i\000c\000a}{section.2}% 23
\BOOKMARK [3][-]{subsubsection.2.3.1}{\376\377\000C\000o\000d\000i\000f\000i\000c\000a\000\040\000C\000o\000n\000t\000e\000n\000u\000t\000i\000\040\000M\000u\000l\000t\000i\000m\000e\000d\000i\000a\000l\000i\000\040\000e\000d\000\040\000A\000c\000c\000e\000s\000s\000o\000\040\000a\000l\000l\000a\000\040\000P\000o\000s\000t\000a}{subsection.2.3}% 24
\BOOKMARK [2][-]{subsection.2.4}{\376\377\000F\000i\000l\000e\000\040\000T\000r\000a\000n\000s\000f\000e\000r\000\040\000P\000r\000o\000t\000o\000c\000o\000l}{section.2}% 25
\BOOKMARK [3][-]{subsubsection.2.4.1}{\376\377\000P\000r\000i\000n\000c\000i\000p\000a\000l\000i\000\040\000C\000o\000m\000a\000n\000d\000i\000\040\000F\000T\000P}{subsection.2.4}% 26
\BOOKMARK [2][-]{subsection.2.5}{\376\377\000D\000o\000m\000a\000i\000n\000\040\000N\000a\000m\000e\000\040\000S\000y\000s\000t\000e\000m}{section.2}% 27
\BOOKMARK [3][-]{subsubsection.2.5.1}{\376\377\000G\000e\000r\000a\000r\000c\000h\000i\000a\000\040\000d\000e\000g\000l\000i\000\040\000H\000o\000s\000t\000-\000N\000a\000m\000e\000\040\000e\000\040\000R\000i\000s\000o\000l\000u\000z\000i\000o\000n\000e}{subsection.2.5}% 28
\BOOKMARK [3][-]{subsubsection.2.5.2}{\376\377\000R\000e\000c\000o\000r\000d\000\040\000d\000e\000l\000\040\000D\000N\000S\000\040\000e\000\040\000F\000o\000r\000m\000a\000t\000o\000\040\000d\000e\000i\000\040\000M\000e\000s\000s\000a\000g\000g\000i}{subsection.2.5}% 29
\BOOKMARK [3][-]{subsubsection.2.5.3}{\376\377\000R\000u\000o\000l\000o\000\040\000d\000e\000l\000\040\000P\000u\000n\000t\000o\000\040\000e\000\040\000S\000i\000c\000u\000r\000e\000z\000z\000a}{subsection.2.5}% 30
\BOOKMARK [2][-]{subsection.2.6}{\376\377\000I\000l\000\040\000P\000a\000r\000a\000d\000i\000g\000m\000a\000\040\000P\000e\000e\000r\000\040\000t\000o\000\040\000P\000e\000e\000r}{section.2}% 31
\BOOKMARK [1][-]{section.3}{\376\377\000L\000i\000v\000e\000l\000l\000o\000\040\000d\000i\000\040\000T\000r\000a\000s\000p\000o\000r\000t\000o}{}% 32
\BOOKMARK [2][-]{subsection.3.1}{\376\377\000M\000u\000l\000t\000i\000p\000l\000e\000x\000i\000n\000g\000\040\000e\000\040\000D\000e\000m\000u\000l\000t\000i\000p\000l\000e\000x\000i\000n\000g}{section.3}% 33
\BOOKMARK [3][-]{subsubsection.3.1.1}{\376\377\000D\000e\000m\000u\000l\000t\000i\000p\000l\000e\000x\000i\000n\000g\000\040\000U\000D\000P\000\040\000e\000\040\000T\000C\000P}{subsection.3.1}% 34
\BOOKMARK [2][-]{subsection.3.2}{\376\377\000U\000D\000P}{section.3}% 35
\BOOKMARK [2][-]{subsection.3.3}{\376\377\000P\000r\000i\000n\000c\000i\000p\000i\000\040\000d\000i\000\040\000T\000r\000a\000s\000f\000e\000r\000i\000m\000e\000n\000t\000o\000\040\000A\000f\000f\000i\000d\000a\000b\000i\000l\000e}{section.3}% 36
\BOOKMARK [3][-]{subsubsection.3.3.1}{\376\377\000r\000d\000t\000\040\0001\000.\0000}{subsection.3.3}% 37
\BOOKMARK [3][-]{subsubsection.3.3.2}{\376\377\000r\000d\000t\000\040\0002\000.\0000}{subsection.3.3}% 38
\BOOKMARK [3][-]{subsubsection.3.3.3}{\376\377\000r\000d\000t\000\040\0002\000.\0001}{subsection.3.3}% 39
\BOOKMARK [3][-]{subsubsection.3.3.4}{\376\377\000r\000d\000t\000\040\0003\000.\0000}{subsection.3.3}% 40
\BOOKMARK [3][-]{subsubsection.3.3.5}{\376\377\000P\000i\000p\000e\000l\000i\000n\000i\000n\000g}{subsection.3.3}% 41
\BOOKMARK [2][-]{subsection.3.4}{\376\377\000T\000C\000P\000\040\000-\000\040\000p\000a\000r\000t\000e\000\040\0001\000\040\000:\000\040\000A\000f\000f\000i\000d\000a\000b\000i\000l\000i\000t\000\340\000\040\000e\000\040\000C\000o\000n\000n\000e\000s\000s\000i\000o\000n\000e}{section.3}% 42
\BOOKMARK [3][-]{subsubsection.3.4.1}{\376\377\000S\000t\000r\000u\000t\000t\000u\000r\000a\000\040\000d\000e\000l\000\040\000S\000e\000g\000m\000e\000n\000t\000o}{subsection.3.4}% 43
\BOOKMARK [3][-]{subsubsection.3.4.2}{\376\377\000G\000e\000s\000t\000i\000o\000n\000e\000\040\000d\000e\000l\000\040\000T\000i\000m\000e\000r}{subsection.3.4}% 44
\BOOKMARK [3][-]{subsubsection.3.4.3}{\376\377\000S\000e\000m\000p\000l\000i\000f\000i\000c\000a\000z\000i\000o\000n\000e\000\040\000d\000e\000l\000\040\000T\000C\000P\000,\000\040\000G\000e\000s\000t\000i\000o\000n\000e\000\040\000d\000e\000l\000\040\000F\000l\000u\000s\000s\000o\000\040\000e\000\040\000d\000e\000l\000l\000a\000\040\000C\000o\000n\000n\000e\000s\000s\000i\000o\000n\000e}{subsection.3.4}% 45
\BOOKMARK [2][-]{subsection.3.5}{\376\377\000T\000C\000P\000\040\000-\000\040\000p\000a\000r\000t\000e\000\040\0002\000\040\000:\000\040\000C\000o\000n\000t\000r\000o\000l\000l\000o\000\040\000d\000e\000l\000l\000a\000\040\000C\000o\000n\000g\000e\000s\000t\000i\000o\000n\000e\000\040}{section.3}% 46
\BOOKMARK [3][-]{subsubsection.3.5.1}{\376\377\000A\000I\000M\000D\000,\000\040\000S\000l\000o\000w\000\040\000S\000t\000a\000r\000t\000\040\000e\000\040\000C\000u\000b\000i\000c}{subsection.3.5}% 47
\BOOKMARK [3][-]{subsubsection.3.5.2}{\376\377\000D\000i\000f\000f\000e\000r\000e\000n\000t\000i\000\040\000A\000p\000p\000r\000o\000c\000c\000i\000\040\000T\000C\000P}{subsection.3.5}% 48
\BOOKMARK [1][-]{section.4}{\376\377\000L\000i\000v\000e\000l\000l\000o\000\040\000d\000i\000\040\000R\000e\000t\000e\000\040\000-\000\040\000p\000a\000r\000t\000e\000\040\0001\000\040\000:\000\040\000I\000l\000\040\000P\000i\000a\000n\000o\000\040\000d\000e\000i\000\040\000D\000a\000t\000i}{}% 49
\BOOKMARK [2][-]{subsection.4.1}{\376\377\000I\000n\000t\000r\000o\000d\000u\000z\000i\000o\000n\000e}{section.4}% 50
\BOOKMARK [2][-]{subsection.4.2}{\376\377\000F\000u\000n\000z\000i\000o\000n\000a\000m\000e\000n\000t\000o\000\040\000d\000e\000l\000\040\000R\000o\000u\000t\000e\000r}{section.4}% 51
\BOOKMARK [3][-]{subsubsection.4.2.1}{\376\377\000A\000c\000c\000o\000d\000a\000m\000e\000n\000t\000o}{subsection.4.2}% 52
\BOOKMARK [2][-]{subsection.4.3}{\376\377\000I\000l\000\040\000p\000r\000o\000t\000o\000c\000o\000l\000l\000o\000\040\000I\000P}{section.4}% 53
\BOOKMARK [3][-]{subsubsection.4.3.1}{\376\377\000N\000A\000T\000\040\000e\000\040\000I\000P\000v\0006}{subsection.4.3}% 54
\BOOKMARK [3][-]{subsubsection.4.3.2}{\376\377\000E\000r\000r\000o\000r\000i\000\040\000e\000\040\000I\000C\000M\000P}{subsection.4.3}% 55
\BOOKMARK [2][-]{subsection.4.4}{\376\377\000F\000o\000r\000w\000a\000r\000d\000i\000n\000g\000\040\000G\000e\000n\000e\000r\000a\000l\000i\000z\000z\000a\000t\000o}{section.4}% 56
\BOOKMARK [1][-]{section.5}{\376\377\000L\000i\000v\000e\000l\000l\000o\000\040\000d\000i\000\040\000R\000e\000t\000e\000\040\000-\000\040\000p\000a\000r\000t\000e\000\040\0002\000\040\000:\000\040\000I\000l\000\040\000P\000i\000a\000n\000o\000\040\000d\000i\000\040\000C\000o\000n\000t\000r\000o\000l\000l\000o}{}% 57
\BOOKMARK [2][-]{subsection.5.1}{\376\377\000A\000l\000g\000o\000r\000i\000t\000m\000i\000\040\000d\000i\000\040\000I\000n\000s\000t\000r\000a\000d\000a\000m\000e\000n\000t\000o}{section.5}% 58
\BOOKMARK [2][-]{subsection.5.2}{\376\377\000P\000r\000o\000t\000o\000c\000o\000l\000l\000i\000\040\000d\000i\000\040\000I\000n\000s\000t\000r\000a\000d\000a\000m\000e\000n\000t\000o}{section.5}% 59
\BOOKMARK [3][-]{subsubsection.5.2.1}{\376\377\000i\000n\000t\000r\000a\000-\000A\000S\000\040\000:\000\040\000R\000I\000P\000\040\000e\000\040\000O\000S\000P\000F}{subsection.5.2}% 60
\BOOKMARK [3][-]{subsubsection.5.2.2}{\376\377\000I\000n\000t\000e\000r\000-\000A\000S\000\040\000:\000\040\000B\000G\000P}{subsection.5.2}% 61
\BOOKMARK [2][-]{subsection.5.3}{\376\377\000I\000n\000o\000l\000t\000r\000o\000\040\000a\000\040\000p\000i\000\371\000\040\000D\000e\000s\000t\000i\000n\000a\000z\000i\000o\000n\000i}{section.5}% 62
\BOOKMARK [3][-]{subsubsection.5.3.1}{\376\377\000M\000u\000l\000t\000i\000c\000a\000s\000t\000\040\000e\000\040\000F\000l\000o\000o\000d\000i\000n\000g}{subsection.5.3}% 63
\BOOKMARK [3][-]{subsubsection.5.3.2}{\376\377\000M\000u\000l\000t\000i\000c\000a\000s\000t\000\040\000e\000\040\000I\000G\000M\000P}{subsection.5.3}% 64
\BOOKMARK [2][-]{subsection.5.4}{\376\377\000S\000o\000f\000t\000w\000a\000r\000e\000\040\000D\000e\000f\000i\000n\000e\000d\000\040\000N\000e\000t\000w\000o\000r\000k\000i\000n\000g}{section.5}% 65
\BOOKMARK [1][-]{section.6}{\376\377\000L\000i\000v\000e\000l\000l\000o\000\040\000d\000i\000\040\000C\000o\000l\000l\000e\000g\000a\000m\000e\000n\000t\000o}{}% 66
\BOOKMARK [2][-]{subsection.6.1}{\376\377\000C\000o\000n\000t\000r\000o\000l\000l\000o\000\040\000e\000\040\000C\000o\000r\000r\000e\000z\000i\000o\000n\000e\000\040\000d\000e\000g\000l\000i\000\040\000E\000r\000r\000o\000r\000i}{section.6}% 67
\BOOKMARK [3][-]{subsubsection.6.1.1}{\376\377\000C\000y\000c\000l\000i\000c\000\040\000R\000e\000d\000u\000n\000d\000a\000n\000c\000y\000\040\000C\000h\000e\000c\000k}{subsection.6.1}% 68
\BOOKMARK [2][-]{subsection.6.2}{\376\377\000A\000c\000c\000e\000s\000s\000o\000\040\000M\000u\000l\000t\000i\000p\000l\000o\000\040\000a\000d\000\040\000u\000n\000\040\000C\000a\000n\000a\000l\000e\000\040\000C\000o\000n\000d\000i\000v\000i\000s\000o}{section.6}% 69
\BOOKMARK [3][-]{subsubsection.6.2.1}{\376\377\000I\000\040\000P\000r\000o\000t\000o\000c\000o\000l\000l\000i\000\040\000A\000l\000o\000h\000a}{subsection.6.2}% 70
\BOOKMARK [3][-]{subsubsection.6.2.2}{\376\377\000C\000a\000r\000r\000i\000e\000r\000\040\000S\000e\000n\000s\000e\000\040\000M\000u\000l\000t\000i\000p\000l\000e\000\040\000A\000c\000c\000e\000s\000s}{subsection.6.2}% 71
\BOOKMARK [3][-]{subsubsection.6.2.3}{\376\377\000E\000t\000h\000e\000r\000n\000e\000t\000\040\000C\000S\000M\000A\000/\000C\000D}{subsection.6.2}% 72
\BOOKMARK [3][-]{subsubsection.6.2.4}{\376\377\000P\000r\000o\000t\000o\000c\000o\000l\000l\000i\000\040\000a\000\040\000R\000o\000t\000a\000z\000i\000o\000n\000e}{subsection.6.2}% 73
\BOOKMARK [2][-]{subsection.6.3}{\376\377\000L\000A\000N\000\040\000e\000d\000\040\000I\000n\000d\000i\000r\000i\000z\000z\000i\000\040\000M\000A\000C}{section.6}% 74
\BOOKMARK [3][-]{subsubsection.6.3.1}{\376\377\000I\000l\000\040\000P\000r\000o\000t\000o\000c\000o\000l\000l\000o\000\040\000A\000R\000P}{subsection.6.3}% 75
\BOOKMARK [3][-]{subsubsection.6.3.2}{\376\377\000E\000t\000h\000e\000r\000n\000e\000t}{subsection.6.3}% 76
\BOOKMARK [3][-]{subsubsection.6.3.3}{\376\377\000R\000u\000o\000l\000o\000\040\000e\000\040\000F\000u\000n\000z\000i\000o\000n\000a\000m\000e\000n\000t\000o\000\040\000d\000e\000g\000l\000i\000\040\000S\000w\000i\000t\000c\000h}{subsection.6.3}% 77
\BOOKMARK [3][-]{subsubsection.6.3.4}{\376\377\000V\000i\000r\000t\000u\000a\000l\000\040\000L\000A\000N}{subsection.6.3}% 78
\BOOKMARK [3][-]{subsubsection.6.3.5}{\376\377\000R\000e\000t\000i\000\040\000P\000u\000n\000t\000o\000-\000P\000u\000n\000t\000o}{subsection.6.3}% 79
\BOOKMARK [1][-]{section.7}{\376\377\000L\000e\000\040\000R\000e\000t\000i\000\040\000W\000i\000r\000e\000l\000e\000s\000s}{}% 80
\BOOKMARK [2][-]{subsection.7.1}{\376\377\000P\000r\000o\000t\000o\000c\000o\000l\000l\000o\000\040\0008\0000\0002\000.\0001\0001}{section.7}% 81
\BOOKMARK [3][-]{subsubsection.7.1.1}{\376\377\000C\000S\000M\000A\000/\000C\000A}{subsection.7.1}% 82
\BOOKMARK [2][-]{subsection.7.2}{\376\377\000C\000o\000d\000e\000\040\000D\000i\000v\000i\000s\000i\000o\000n\000\040\000M\000u\000l\000t\000i\000p\000l\000e\000\040\000A\000c\000c\000e\000s\000s}{section.7}% 83
\BOOKMARK [2][-]{subsection.7.3}{\376\377\000B\000l\000u\000e\000t\000o\000o\000t\000h}{section.7}% 84
\BOOKMARK [2][-]{subsection.7.4}{\376\377\000R\000F\000I\000D}{section.7}% 85
\BOOKMARK [1][-]{section.8}{\376\377\000S\000i\000c\000u\000r\000e\000z\000z\000a\000\040\000n\000e\000l\000l\000e\000\040\000R\000e\000t\000i}{}% 86
\BOOKMARK [2][-]{subsection.8.1}{\376\377\000I\000n\000t\000r\000o\000d\000u\000z\000i\000o\000n\000e\000\040\000a\000l\000l\000a\000\040\000C\000r\000i\000t\000t\000o\000g\000r\000a\000f\000i\000a}{section.8}% 87
\BOOKMARK [3][-]{subsubsection.8.1.1}{\376\377\000C\000h\000i\000a\000v\000e\000\040\000P\000u\000b\000b\000l\000i\000c\000a\000\040\000e\000\040\000R\000S\000A}{subsection.8.1}% 88
\BOOKMARK [2][-]{subsection.8.2}{\376\377\000A\000u\000t\000e\000n\000t\000i\000c\000a\000z\000i\000o\000n\000e}{section.8}% 89
\BOOKMARK [2][-]{subsection.8.3}{\376\377\000T\000L\000S}{section.8}% 90
