This is pdfTeX, Version 3.141592653-2.6-1.40.25 (MiKTeX 23.9.24) (preloaded format=pdflatex 2024.2.10)  25 APR 2024 18:56
entering extended mode
 restricted \write18 enabled.
 file:line:error style messages enabled.
 %&-line parsing enabled.
**"c:/Users/mcasu/OneDrive/Desktop/University_notes/Secondo Anno/Secondo Semestre/Reti di Elaboratori/Latex source file/Reti di Elaboratori.tex"
(c:/Users/mcasu/OneDrive/Desktop/University_notes/Secondo Anno/Secondo Semestre/Reti di Elaboratori/Latex source file/Reti di Elaboratori.tex
LaTeX2e <2023-11-01> patch level 1
L3 programming layer <2024-01-22>
(C:\Users\mcasu\AppData\Local\Programs\MiKTeX\tex/latex/base\article.cls
Document Class: article 2023/05/17 v1.4n Standard LaTeX document class
(C:\Users\mcasu\AppData\Local\Programs\MiKTeX\tex/latex/base\size12.clo
File: size12.clo 2023/05/17 v1.4n Standard LaTeX file (size option)
)
\c@part=\count187
\c@section=\count188
\c@subsection=\count189
\c@subsubsection=\count190
\c@paragraph=\count191
\c@subparagraph=\count192
\c@figure=\count193
\c@table=\count194
\abovecaptionskip=\skip48
\belowcaptionskip=\skip49
\bibindent=\dimen140
) (C:\Users\mcasu\AppData\Local\Programs\MiKTeX\tex/latex/graphics\graphicx.sty
Package: graphicx 2021/09/16 v1.2d Enhanced LaTeX Graphics (DPC,SPQR)
 (C:\Users\mcasu\AppData\Local\Programs\MiKTeX\tex/latex/graphics\keyval.sty
Package: keyval 2022/05/29 v1.15 key=value parser (DPC)
\KV@toks@=\toks17
) (C:\Users\mcasu\AppData\Local\Programs\MiKTeX\tex/latex/graphics\graphics.sty
Package: graphics 2022/03/10 v1.4e Standard LaTeX Graphics (DPC,SPQR)
 (C:\Users\mcasu\AppData\Local\Programs\MiKTeX\tex/latex/graphics\trig.sty
Package: trig 2021/08/11 v1.11 sin cos tan (DPC)
) (C:\Users\mcasu\AppData\Local\Programs\MiKTeX\tex/latex/graphics-cfg\graphics.cfg
File: graphics.cfg 2016/06/04 v1.11 sample graphics configuration
)
Package graphics Info: Driver file: pdftex.def on input line 107.
 (C:\Users\mcasu\AppData\Local\Programs\MiKTeX\tex/latex/graphics-def\pdftex.def
File: pdftex.def 2022/09/22 v1.2b Graphics/color driver for pdftex
))
\Gin@req@height=\dimen141
\Gin@req@width=\dimen142
) (C:\Users\mcasu\AppData\Local\Programs\MiKTeX\tex/latex/hyperref\hyperref.sty
Package: hyperref 2024-01-20 v7.01h Hypertext links for LaTeX
 (C:\Users\mcasu\AppData\Local\Programs\MiKTeX\tex/generic/iftex\iftex.sty
Package: iftex 2022/02/03 v1.0f TeX engine tests
) (C:\Program Files\MiKTeX2\tex/latex/kvsetkeys\kvsetkeys.sty
Package: kvsetkeys 2022-10-05 v1.19 Key value parser (HO)
) (C:\Program Files\MiKTeX2\tex/generic/kvdefinekeys\kvdefinekeys.sty
Package: kvdefinekeys 2019-12-19 v1.6 Define keys (HO)
) (C:\Program Files\MiKTeX2\tex/generic/pdfescape\pdfescape.sty
Package: pdfescape 2019/12/09 v1.15 Implements pdfTeX's escape features (HO)
 (C:\Program Files\MiKTeX2\tex/generic/ltxcmds\ltxcmds.sty
Package: ltxcmds 2020-05-10 v1.25 LaTeX kernel commands for general use (HO)
) (C:\Users\mcasu\AppData\Local\Programs\MiKTeX\tex/generic/pdftexcmds\pdftexcmds.sty
Package: pdftexcmds 2020-06-27 v0.33 Utility functions of pdfTeX for LuaTeX (HO)
 (C:\Program Files\MiKTeX2\tex/generic/infwarerr\infwarerr.sty
Package: infwarerr 2019/12/03 v1.5 Providing info/warning/error messages (HO)
)
Package pdftexcmds Info: \pdf@primitive is available.
Package pdftexcmds Info: \pdf@ifprimitive is available.
Package pdftexcmds Info: \pdfdraftmode found.
)) (C:\Program Files\MiKTeX2\tex/latex/hycolor\hycolor.sty
Package: hycolor 2020-01-27 v1.10 Color options for hyperref/bookmark (HO)
) (C:\Program Files\MiKTeX2\tex/latex/auxhook\auxhook.sty
Package: auxhook 2019-12-17 v1.6 Hooks for auxiliary files (HO)
) (C:\Users\mcasu\AppData\Local\Programs\MiKTeX\tex/latex/hyperref\nameref.sty
Package: nameref 2023-11-26 v2.56 Cross-referencing by name of section
 (C:\Program Files\MiKTeX2\tex/latex/refcount\refcount.sty
Package: refcount 2019/12/15 v3.6 Data extraction from label references (HO)
) (C:\Program Files\MiKTeX2\tex/generic/gettitlestring\gettitlestring.sty
Package: gettitlestring 2019/12/15 v1.6 Cleanup title references (HO)
 (C:\Program Files\MiKTeX2\tex/latex/kvoptions\kvoptions.sty
Package: kvoptions 2022-06-15 v3.15 Key value format for package options (HO)
))
\c@section@level=\count195
) (C:\Users\mcasu\AppData\Local\Programs\MiKTeX\tex/latex/etoolbox\etoolbox.sty
Package: etoolbox 2020/10/05 v2.5k e-TeX tools for LaTeX (JAW)
\etb@tempcnta=\count196
)
\@linkdim=\dimen143
\Hy@linkcounter=\count197
\Hy@pagecounter=\count198
 (C:\Users\mcasu\AppData\Local\Programs\MiKTeX\tex/latex/hyperref\pd1enc.def
File: pd1enc.def 2024-01-20 v7.01h Hyperref: PDFDocEncoding definition (HO)
Now handling font encoding PD1 ...
... no UTF-8 mapping file for font encoding PD1
) (C:\Program Files\MiKTeX2\tex/generic/intcalc\intcalc.sty
Package: intcalc 2019/12/15 v1.3 Expandable calculations with integers (HO)
)
\Hy@SavedSpaceFactor=\count199
 (C:\Users\mcasu\AppData\Local\Programs\MiKTeX\tex/latex/hyperref\puenc.def
File: puenc.def 2024-01-20 v7.01h Hyperref: PDF Unicode definition (HO)
Now handling font encoding PU ...
... no UTF-8 mapping file for font encoding PU
)
Package hyperref Info: Hyper figures OFF on input line 4179.
Package hyperref Info: Link nesting OFF on input line 4184.
Package hyperref Info: Hyper index ON on input line 4187.
Package hyperref Info: Plain pages OFF on input line 4194.
Package hyperref Info: Backreferencing OFF on input line 4199.
Package hyperref Info: Implicit mode ON; LaTeX internals redefined.
Package hyperref Info: Bookmarks ON on input line 4446.
\c@Hy@tempcnt=\count266
 (C:\Users\mcasu\AppData\Local\Programs\MiKTeX\tex/latex/url\url.sty
\Urlmuskip=\muskip16
Package: url 2013/09/16  ver 3.4  Verb mode for urls, etc.
)
LaTeX Info: Redefining \url on input line 4784.
\XeTeXLinkMargin=\dimen144
 (C:\Program Files\MiKTeX2\tex/generic/bitset\bitset.sty
Package: bitset 2019/12/09 v1.3 Handle bit-vector datatype (HO)
 (C:\Program Files\MiKTeX2\tex/generic/bigintcalc\bigintcalc.sty
Package: bigintcalc 2019/12/15 v1.5 Expandable calculations on big integers (HO)
))
\Fld@menulength=\count267
\Field@Width=\dimen145
\Fld@charsize=\dimen146
Package hyperref Info: Hyper figures OFF on input line 6063.
Package hyperref Info: Link nesting OFF on input line 6068.
Package hyperref Info: Hyper index ON on input line 6071.
Package hyperref Info: backreferencing OFF on input line 6078.
Package hyperref Info: Link coloring OFF on input line 6083.
Package hyperref Info: Link coloring with OCG OFF on input line 6088.
Package hyperref Info: PDF/A mode OFF on input line 6093.
 (C:\Users\mcasu\AppData\Local\Programs\MiKTeX\tex/latex/base\atbegshi-ltx.sty
Package: atbegshi-ltx 2021/01/10 v1.0c Emulation of the original atbegshi
package with kernel methods
)
\Hy@abspage=\count268
\c@Item=\count269
\c@Hfootnote=\count270
)
Package hyperref Info: Driver (autodetected): hpdftex.
 (C:\Users\mcasu\AppData\Local\Programs\MiKTeX\tex/latex/hyperref\hpdftex.def
File: hpdftex.def 2024-01-20 v7.01h Hyperref driver for pdfTeX
 (C:\Users\mcasu\AppData\Local\Programs\MiKTeX\tex/latex/base\atveryend-ltx.sty
Package: atveryend-ltx 2020/08/19 v1.0a Emulation of the original atveryend package
with kernel methods
)
\Fld@listcount=\count271
\c@bookmark@seq@number=\count272
 (C:\Program Files\MiKTeX2\tex/latex/rerunfilecheck\rerunfilecheck.sty
Package: rerunfilecheck 2022-07-10 v1.10 Rerun checks for auxiliary files (HO)
 (C:\Program Files\MiKTeX2\tex/generic/uniquecounter\uniquecounter.sty
Package: uniquecounter 2019/12/15 v1.4 Provide unlimited unique counter (HO)
)
Package uniquecounter Info: New unique counter `rerunfilecheck' on input line 285.
)
\Hy@SectionHShift=\skip50
) (C:\Users\mcasu\AppData\Local\Programs\MiKTeX\tex/latex/listings\listings.sty
\lst@mode=\count273
\lst@gtempboxa=\box51
\lst@token=\toks18
\lst@length=\count274
\lst@currlwidth=\dimen147
\lst@column=\count275
\lst@pos=\count276
\lst@lostspace=\dimen148
\lst@width=\dimen149
\lst@newlines=\count277
\lst@lineno=\count278
\lst@maxwidth=\dimen150
 (C:\Users\mcasu\AppData\Local\Programs\MiKTeX\tex/latex/listings\lstmisc.sty
File: lstmisc.sty 2023/02/27 1.9 (Carsten Heinz)
\c@lstnumber=\count279
\lst@skipnumbers=\count280
\lst@framebox=\box52
) (C:\Users\mcasu\AppData\Local\Programs\MiKTeX\tex/latex/listings\listings.cfg
File: listings.cfg 2023/02/27 1.9 listings configuration
))
Package: listings 2023/02/27 1.9 (Carsten Heinz)
 (C:\Users\mcasu\AppData\Local\Programs\MiKTeX\tex/latex/amsfonts\amssymb.sty
Package: amssymb 2013/01/14 v3.01 AMS font symbols
 (C:\Users\mcasu\AppData\Local\Programs\MiKTeX\tex/latex/amsfonts\amsfonts.sty
Package: amsfonts 2013/01/14 v3.01 Basic AMSFonts support
\@emptytoks=\toks19
\symAMSa=\mathgroup4
\symAMSb=\mathgroup5
LaTeX Font Info:    Redeclaring math symbol \hbar on input line 98.
LaTeX Font Info:    Overwriting math alphabet `\mathfrak' in version `bold'
(Font)                  U/euf/m/n --> U/euf/b/n on input line 106.
)) (C:\Users\mcasu\AppData\Local\Programs\MiKTeX\tex/latex/amsmath\amsmath.sty
Package: amsmath 2023/05/13 v2.17o AMS math features
\@mathmargin=\skip51

For additional information on amsmath, use the `?' option.
(C:\Users\mcasu\AppData\Local\Programs\MiKTeX\tex/latex/amsmath\amstext.sty
Package: amstext 2021/08/26 v2.01 AMS text
 (C:\Users\mcasu\AppData\Local\Programs\MiKTeX\tex/latex/amsmath\amsgen.sty
File: amsgen.sty 1999/11/30 v2.0 generic functions
\@emptytoks=\toks20
\ex@=\dimen151
)) (C:\Users\mcasu\AppData\Local\Programs\MiKTeX\tex/latex/amsmath\amsbsy.sty
Package: amsbsy 1999/11/29 v1.2d Bold Symbols
\pmbraise@=\dimen152
) (C:\Users\mcasu\AppData\Local\Programs\MiKTeX\tex/latex/amsmath\amsopn.sty
Package: amsopn 2022/04/08 v2.04 operator names
)
\inf@bad=\count281
LaTeX Info: Redefining \frac on input line 234.
\uproot@=\count282
\leftroot@=\count283
LaTeX Info: Redefining \overline on input line 399.
LaTeX Info: Redefining \colon on input line 410.
\classnum@=\count284
\DOTSCASE@=\count285
LaTeX Info: Redefining \ldots on input line 496.
LaTeX Info: Redefining \dots on input line 499.
LaTeX Info: Redefining \cdots on input line 620.
\Mathstrutbox@=\box53
\strutbox@=\box54
LaTeX Info: Redefining \big on input line 722.
LaTeX Info: Redefining \Big on input line 723.
LaTeX Info: Redefining \bigg on input line 724.
LaTeX Info: Redefining \Bigg on input line 725.
\big@size=\dimen153
LaTeX Font Info:    Redeclaring font encoding OML on input line 743.
LaTeX Font Info:    Redeclaring font encoding OMS on input line 744.
\macc@depth=\count286
LaTeX Info: Redefining \bmod on input line 905.
LaTeX Info: Redefining \pmod on input line 910.
LaTeX Info: Redefining \smash on input line 940.
LaTeX Info: Redefining \relbar on input line 970.
LaTeX Info: Redefining \Relbar on input line 971.
\c@MaxMatrixCols=\count287
\dotsspace@=\muskip17
\c@parentequation=\count288
\dspbrk@lvl=\count289
\tag@help=\toks21
\row@=\count290
\column@=\count291
\maxfields@=\count292
\andhelp@=\toks22
\eqnshift@=\dimen154
\alignsep@=\dimen155
\tagshift@=\dimen156
\tagwidth@=\dimen157
\totwidth@=\dimen158
\lineht@=\dimen159
\@envbody=\toks23
\multlinegap=\skip52
\multlinetaggap=\skip53
\mathdisplay@stack=\toks24
LaTeX Info: Redefining \[ on input line 2953.
LaTeX Info: Redefining \] on input line 2954.
) (C:\Users\mcasu\AppData\Local\Programs\MiKTeX\tex/generic/babel\babel.sty
Package: babel 2024/01/07 v24.1 The Babel package
\babel@savecnt=\count293
\U@D=\dimen160
\l@unhyphenated=\language79
 (C:\Users\mcasu\AppData\Local\Programs\MiKTeX\tex/generic/babel\txtbabel.def)
\bbl@readstream=\read2
\bbl@dirlevel=\count294

*************************************
* Local config file bblopts.cfg used
*
(C:\Users\mcasu\AppData\Local\Programs\MiKTeX\tex/latex/arabi\bblopts.cfg
File: bblopts.cfg 2005/09/08 v0.1 add Arabic and Farsi to "declared" options of babel
) (C:\Users\mcasu\AppData\Local\Programs\MiKTeX\tex/latex/babel-english\english.ldf
Language: english 2017/06/06 v3.3r English support from the babel system
Package babel Info: Hyphen rules for 'canadian' set to \l@english
(babel)             (\language0). Reported on input line 102.
Package babel Info: Hyphen rules for 'australian' set to \l@ukenglish
(babel)             (\language73). Reported on input line 105.
Package babel Info: Hyphen rules for 'newzealand' set to \l@ukenglish
(babel)             (\language73). Reported on input line 108.
)) (C:\Users\mcasu\AppData\Local\Programs\MiKTeX\tex/generic/babel/locale/en\babel-english.tex
Package babel Info: Importing font and identification data for english
(babel)             from babel-en.ini. Reported on input line 11.
) (C:\Program Files\MiKTeX2\tex/latex/units\nicefrac.sty
Package: nicefrac 1998/08/04 v0.9b Nice fractions
\L@UnitsRaiseDisplaystyle=\skip54
\L@UnitsRaiseTextstyle=\skip55
\L@UnitsRaiseScriptstyle=\skip56
 (C:\Users\mcasu\AppData\Local\Programs\MiKTeX\tex/latex/base\ifthen.sty
Package: ifthen 2022/04/13 v1.1d Standard LaTeX ifthen package (DPC)
)) (C:\Users\mcasu\AppData\Local\Programs\MiKTeX\tex/latex/l3packages/xfrac\xfrac.sty (C:\Users\mcasu\AppData\Local\Programs\MiKTeX\tex/latex/l3kernel\expl3.sty
Package: expl3 2024-01-22 L3 programming layer (loader) 
 (C:\Users\mcasu\AppData\Local\Programs\MiKTeX\tex/latex/l3backend\l3backend-pdftex.def
File: l3backend-pdftex.def 2024-01-04 L3 backend support: PDF output (pdfTeX)
\l__color_backend_stack_int=\count295
\l__pdf_internal_box=\box55
)) (C:\Users\mcasu\AppData\Local\Programs\MiKTeX\tex/latex/l3packages/l3keys2e\l3keys2e.sty
Package: l3keys2e 2023-10-10 LaTeX2e option processing using LaTeX3 keys
) (C:\Users\mcasu\AppData\Local\Programs\MiKTeX\tex/latex/base\textcomp.sty
Package: textcomp 2020/02/02 v2.0n Standard LaTeX package
) (C:\Users\mcasu\AppData\Local\Programs\MiKTeX\tex/latex/l3packages/xparse\xparse.sty
Package: xparse 2023-10-10 L3 Experimental document command parser
) (C:\Users\mcasu\AppData\Local\Programs\MiKTeX\tex/latex/l3packages/xtemplate\xtemplate.sty
Package: xtemplate 2023-10-10 L3 Experimental prototype document functions
\l__xtemplate_tmp_dim=\dimen161
\l__xtemplate_tmp_int=\count296
\l__xtemplate_tmp_muskip=\muskip18
\l__xtemplate_tmp_skip=\skip57
)
Package: xfrac 2023-10-10 L3 Experimental split-level fractions
\l__xfrac_slash_box=\box56
\l__xfrac_tmp_box=\box57
\l__xfrac_denominator_bot_sep_dim=\dimen162
\l__xfrac_numerator_bot_sep_dim=\dimen163
\l__xfrac_numerator_top_sep_dim=\dimen164
\l__xfrac_slash_left_sep_dim=\dimen165
\l__xfrac_slash_right_sep_dim=\dimen166
\l__xfrac_slash_left_muskip=\muskip19
\l__xfrac_slash_right_muskip=\muskip20

Package xtemplate Info: Declaring object type 'xfrac' taking 3 argument(s) on
(xtemplate)             line 80.

) (C:\Program Files\MiKTeX2\tex/latex/mathtools\mathtools.sty
Package: mathtools 2022/06/29 v1.29 mathematical typesetting tools
 (C:\Users\mcasu\AppData\Local\Programs\MiKTeX\tex/latex/tools\calc.sty
Package: calc 2023/07/08 v4.3 Infix arithmetic (KKT,FJ)
\calc@Acount=\count297
\calc@Bcount=\count298
\calc@Adimen=\dimen167
\calc@Bdimen=\dimen168
\calc@Askip=\skip58
\calc@Bskip=\skip59
LaTeX Info: Redefining \setlength on input line 80.
LaTeX Info: Redefining \addtolength on input line 81.
\calc@Ccount=\count299
\calc@Cskip=\skip60
) (C:\Program Files\MiKTeX2\tex/latex/mathtools\mhsetup.sty
Package: mhsetup 2021/03/18 v1.4 programming setup (MH)
)
\g_MT_multlinerow_int=\count300
\l_MT_multwidth_dim=\dimen169
\origjot=\skip61
\l_MT_shortvdotswithinadjustabove_dim=\dimen170
\l_MT_shortvdotswithinadjustbelow_dim=\dimen171
\l_MT_above_intertext_sep=\dimen172
\l_MT_below_intertext_sep=\dimen173
\l_MT_above_shortintertext_sep=\dimen174
\l_MT_below_shortintertext_sep=\dimen175
\xmathstrut@box=\box58
\xmathstrut@dim=\dimen176
) (C:\Users\mcasu\AppData\Local\Programs\MiKTeX\tex/latex/xcolor\xcolor.sty
Package: xcolor 2023/11/15 v3.01 LaTeX color extensions (UK)
 (C:\Users\mcasu\AppData\Local\Programs\MiKTeX\tex/latex/graphics-cfg\color.cfg
File: color.cfg 2016/01/02 v1.6 sample color configuration
)
Package xcolor Info: Driver file: pdftex.def on input line 274.
 (C:\Users\mcasu\AppData\Local\Programs\MiKTeX\tex/latex/graphics\mathcolor.ltx)
Package xcolor Info: Model `cmy' substituted by `cmy0' on input line 1350.
Package xcolor Info: Model `hsb' substituted by `rgb' on input line 1354.
Package xcolor Info: Model `RGB' extended on input line 1366.
Package xcolor Info: Model `HTML' substituted by `rgb' on input line 1368.
Package xcolor Info: Model `Hsb' substituted by `hsb' on input line 1369.
Package xcolor Info: Model `tHsb' substituted by `hsb' on input line 1370.
Package xcolor Info: Model `HSB' substituted by `hsb' on input line 1371.
Package xcolor Info: Model `Gray' substituted by `gray' on input line 1372.
Package xcolor Info: Model `wave' substituted by `hsb' on input line 1373.
) (C:\Program Files\MiKTeX2\tex/latex/colortbl\colortbl.sty
Package: colortbl 2022/06/20 v1.0f Color table columns (DPC)
 (C:\Users\mcasu\AppData\Local\Programs\MiKTeX\tex/latex/tools\array.sty
Package: array 2023/10/16 v2.5g Tabular extension package (FMi)
\col@sep=\dimen177
\ar@mcellbox=\box59
\extrarowheight=\dimen178
\NC@list=\toks25
\extratabsurround=\skip62
\backup@length=\skip63
\ar@cellbox=\box60
)
\everycr=\toks26
\minrowclearance=\skip64
\rownum=\count301
) (C:\Program Files\MiKTeX2\tex/latex/geometry\geometry.sty
Package: geometry 2020/01/02 v5.9 Page Geometry
 (C:\Users\mcasu\AppData\Local\Programs\MiKTeX\tex/generic/iftex\ifvtex.sty
Package: ifvtex 2019/10/25 v1.7 ifvtex legacy package. Use iftex instead.
)
\Gm@cnth=\count302
\Gm@cntv=\count303
\c@Gm@tempcnt=\count304
\Gm@bindingoffset=\dimen179
\Gm@wd@mp=\dimen180
\Gm@odd@mp=\dimen181
\Gm@even@mp=\dimen182
\Gm@layoutwidth=\dimen183
\Gm@layoutheight=\dimen184
\Gm@layouthoffset=\dimen185
\Gm@layoutvoffset=\dimen186
\Gm@dimlist=\toks27
 (C:\Program Files\MiKTeX2\tex/latex/geometry\geometry.cfg)) (Reti di Elaboratori.aux)
\openout1 = `"Reti di Elaboratori.aux"'.

LaTeX Font Info:    Checking defaults for OML/cmm/m/it on input line 29.
LaTeX Font Info:    ... okay on input line 29.
LaTeX Font Info:    Checking defaults for OMS/cmsy/m/n on input line 29.
LaTeX Font Info:    ... okay on input line 29.
LaTeX Font Info:    Checking defaults for OT1/cmr/m/n on input line 29.
LaTeX Font Info:    ... okay on input line 29.
LaTeX Font Info:    Checking defaults for T1/cmr/m/n on input line 29.
LaTeX Font Info:    ... okay on input line 29.
LaTeX Font Info:    Checking defaults for TS1/cmr/m/n on input line 29.
LaTeX Font Info:    ... okay on input line 29.
LaTeX Font Info:    Checking defaults for OMX/cmex/m/n on input line 29.
LaTeX Font Info:    ... okay on input line 29.
LaTeX Font Info:    Checking defaults for U/cmr/m/n on input line 29.
LaTeX Font Info:    ... okay on input line 29.
LaTeX Font Info:    Checking defaults for PD1/pdf/m/n on input line 29.
LaTeX Font Info:    ... okay on input line 29.
LaTeX Font Info:    Checking defaults for PU/pdf/m/n on input line 29.
LaTeX Font Info:    ... okay on input line 29.
 (C:\Users\mcasu\AppData\Local\Programs\MiKTeX\tex/context/base/mkii\supp-pdf.mkii
[Loading MPS to PDF converter (version 2006.09.02).]
\scratchcounter=\count305
\scratchdimen=\dimen187
\scratchbox=\box61
\nofMPsegments=\count306
\nofMParguments=\count307
\everyMPshowfont=\toks28
\MPscratchCnt=\count308
\MPscratchDim=\dimen188
\MPnumerator=\count309
\makeMPintoPDFobject=\count310
\everyMPtoPDFconversion=\toks29
) (C:\Users\mcasu\AppData\Local\Programs\MiKTeX\tex/latex/epstopdf-pkg\epstopdf-base.sty
Package: epstopdf-base 2020-01-24 v2.11 Base part for package epstopdf
Package epstopdf-base Info: Redefining graphics rule for `.eps' on input line 485.
 (C:\Users\mcasu\AppData\Local\Programs\MiKTeX\tex/latex/00miktex\epstopdf-sys.cfg
File: epstopdf-sys.cfg 2021/03/18 v2.0 Configuration of epstopdf for MiKTeX
))
Package hyperref Info: Link coloring OFF on input line 29.
 (Reti di Elaboratori.out) (Reti di Elaboratori.out)
\@outlinefile=\write3
\openout3 = `"Reti di Elaboratori.out"'.

\c@lstlisting=\count311

*geometry* driver: auto-detecting
*geometry* detected driver: pdftex
*geometry* verbose mode - [ preamble ] result:
* driver: pdftex
* paper: a4paper
* layout: <same size as paper>
* layoutoffset:(h,v)=(0.0pt,0.0pt)
* modes: 
* h-part:(L,W,R)=(56.9055pt, 483.69687pt, 56.9055pt)
* v-part:(T,H,B)=(71.13188pt, 702.78308pt, 71.13188pt)
* \paperwidth=597.50787pt
* \paperheight=845.04684pt
* \textwidth=483.69687pt
* \textheight=702.78308pt
* \oddsidemargin=-15.36449pt
* \evensidemargin=-15.36449pt
* \topmargin=-38.1381pt
* \headheight=12.0pt
* \headsep=25.0pt
* \topskip=12.0pt
* \footskip=30.0pt
* \marginparwidth=44.0pt
* \marginparsep=10.0pt
* \columnsep=10.0pt
* \skip\footins=10.8pt plus 4.0pt minus 2.0pt
* \hoffset=0.0pt
* \voffset=0.0pt
* \mag=1000
* \@twocolumnfalse
* \@twosidefalse
* \@mparswitchfalse
* \@reversemarginfalse
* (1in=72.27pt=25.4mm, 1cm=28.453pt)

LaTeX Font Info:    Trying to load font information for U+msa on input line 34.
(C:\Users\mcasu\AppData\Local\Programs\MiKTeX\tex/latex/amsfonts\umsa.fd
File: umsa.fd 2013/01/14 v3.01 AMS symbols A
)
LaTeX Font Info:    Trying to load font information for U+msb on input line 34.
 (C:\Users\mcasu\AppData\Local\Programs\MiKTeX\tex/latex/amsfonts\umsb.fd
File: umsb.fd 2013/01/14 v3.01 AMS symbols B
)
<images/cop.jpg, id=231, 1027.84pt x 1027.84pt>
File: images/cop.jpg Graphic file (type jpg)
<use images/cop.jpg>
Package pdftex.def Info: images/cop.jpg  used on input line 36.
(pdftex.def)             Requested size: 483.69687pt x 483.69653pt.
 [1

{C:/Users/mcasu/AppData/Local/MiKTeX/fonts/map/pdftex/pdftex.map} <./images/cop.jpg>] (Reti di Elaboratori.toc [2])
\tf@toc=\write4
\openout4 = `"Reti di Elaboratori.toc"'.

 [3]
Package epstopdf Info: Source file: <images/reteDef.eps>
(epstopdf)                    date: 2024-03-04 10:15:25
(epstopdf)                    size: 44683 bytes
(epstopdf)             Output file: <images/reteDef-eps-converted-to.pdf>
(epstopdf)                    date: 2024-03-04 10:15:43
(epstopdf)                    size: 8409 bytes
(epstopdf)             Command: <miktex-epstopdf --outfile=images/reteDef-eps-converted-to.pdf images/reteDef.eps>
(epstopdf)             \includegraphics on input line 53.
Package epstopdf Info: Output file is already uptodate.
<images/reteDef-eps-converted-to.pdf, id=306, 350.30875pt x 125.46875pt>
File: images/reteDef-eps-converted-to.pdf Graphic file (type pdf)
<use images/reteDef-eps-converted-to.pdf>
Package pdftex.def Info: images/reteDef-eps-converted-to.pdf  used on input line 53.
(pdftex.def)             Requested size: 483.69687pt x 173.25616pt.

Underfull \hbox (badness 10000) in paragraph at lines 68--76

 []

[4 <./images/reteDef-eps-converted-to.pdf>]
Package epstopdf Info: Source file: <images/cableHeadend.eps>
(epstopdf)                    date: 2024-03-06 10:17:18
(epstopdf)                    size: 35926 bytes
(epstopdf)             Output file: <images/cableHeadend-eps-converted-to.pdf>
(epstopdf)                    date: 2024-03-06 10:17:37
(epstopdf)                    size: 7955 bytes
(epstopdf)             Command: <miktex-epstopdf --outfile=images/cableHeadend-eps-converted-to.pdf images/cableHeadend.eps>
(epstopdf)             \includegraphics on input line 81.
Package epstopdf Info: Output file is already uptodate.
<images/cableHeadend-eps-converted-to.pdf, id=321, 493.845pt x 126.4725pt>
File: images/cableHeadend-eps-converted-to.pdf Graphic file (type pdf)
<use images/cableHeadend-eps-converted-to.pdf>
Package pdftex.def Info: images/cableHeadend-eps-converted-to.pdf  used on input line 81.
(pdftex.def)             Requested size: 532.0695pt x 136.26984pt.

Overfull \hbox (48.37263pt too wide) in paragraph at lines 81--82
 [] 
 []

[5 <./images/cableHeadend-eps-converted-to.pdf>]
Package epstopdf Info: Source file: <images/cavocondiviso.eps>
(epstopdf)                    date: 2024-03-06 11:01:43
(epstopdf)                    size: 39396 bytes
(epstopdf)             Output file: <images/cavocondiviso-eps-converted-to.pdf>
(epstopdf)                    date: 2024-03-06 11:01:46
(epstopdf)                    size: 6676 bytes
(epstopdf)             Command: <miktex-epstopdf --outfile=images/cavocondiviso-eps-converted-to.pdf images/cavocondiviso.eps>
(epstopdf)             \includegraphics on input line 130.
Package epstopdf Info: Output file is already uptodate.
<images/cavocondiviso-eps-converted-to.pdf, id=331, 277.035pt x 80.3pt>
File: images/cavocondiviso-eps-converted-to.pdf Graphic file (type pdf)
<use images/cavocondiviso-eps-converted-to.pdf>
Package pdftex.def Info: images/cavocondiviso-eps-converted-to.pdf  used on input line 130.
(pdftex.def)             Requested size: 483.69687pt x 140.20238pt.

Underfull \hbox (badness 10000) in paragraph at lines 132--133

 []

[6 <./images/cavocondiviso-eps-converted-to.pdf>]
Package epstopdf Info: Source file: <images/commutazione.eps>
(epstopdf)                    date: 2024-03-06 11:08:56
(epstopdf)                    size: 28686 bytes
(epstopdf)             Output file: <images/commutazione-eps-converted-to.pdf>
(epstopdf)                    date: 2024-03-06 11:09:09
(epstopdf)                    size: 6479 bytes
(epstopdf)             Command: <miktex-epstopdf --outfile=images/commutazione-eps-converted-to.pdf images/commutazione.eps>
(epstopdf)             \includegraphics on input line 134.
Package epstopdf Info: Output file is already uptodate.
<images/commutazione-eps-converted-to.pdf, id=346, 334.24875pt x 144.54pt>
File: images/commutazione-eps-converted-to.pdf Graphic file (type pdf)
<use images/commutazione-eps-converted-to.pdf>
Package pdftex.def Info: images/commutazione-eps-converted-to.pdf  used on input line 134.
(pdftex.def)             Requested size: 338.58632pt x 146.42752pt.
Package epstopdf Info: Source file: <images/internetwork.eps>
(epstopdf)                    date: 2024-03-06 22:14:34
(epstopdf)                    size: 63996 bytes
(epstopdf)             Output file: <images/internetwork-eps-converted-to.pdf>
(epstopdf)                    date: 2024-03-06 22:14:37
(epstopdf)                    size: 36633 bytes
(epstopdf)             Command: <miktex-epstopdf --outfile=images/internetwork-eps-converted-to.pdf images/internetwork.eps>
(epstopdf)             \includegraphics on input line 144.
Package epstopdf Info: Output file is already uptodate.
<images/internetwork-eps-converted-to.pdf, id=347, 367.3725pt x 212.795pt>
File: images/internetwork-eps-converted-to.pdf Graphic file (type pdf)
<use images/internetwork-eps-converted-to.pdf>
Package pdftex.def Info: images/internetwork-eps-converted-to.pdf  used on input line 144.
(pdftex.def)             Requested size: 483.69687pt x 280.19214pt.

Overfull \hbox (10.3693pt too wide) in paragraph at lines 147--158
\OT1/cmr/m/n/12 Il \OT1/cmr/bx/n/12 rout-ing \OT1/cmr/m/n/12 in-vece ^^Re un azione glob-ale, si in-tende la de-ter-mi-nazione dei per-corsi origine-destinazione
 []

[7 <./images/commutazione-eps-converted-to.pdf> <./images/internetwork-eps-converted-to.pdf>]
Package epstopdf Info: Source file: <images/accodamento.ip.eps>
(epstopdf)                    date: 2024-03-06 19:48:34
(epstopdf)                    size: 26088 bytes
(epstopdf)             Output file: <images/accodamento.ip-eps-converted-to.pdf>
(epstopdf)                    date: 2024-03-06 19:48:54
(epstopdf)                    size: 6305 bytes
(epstopdf)             Command: <miktex-epstopdf --outfile=images/accodamento.ip-eps-converted-to.pdf images/accodamento.ip.eps>
(epstopdf)             \includegraphics on input line 167.
Package epstopdf Info: Output file is already uptodate.
<images/accodamento.ip-eps-converted-to.pdf, id=368, 256.96pt x 77.28876pt>
File: images/accodamento.ip-eps-converted-to.pdf Graphic file (type pdf)
<use images/accodamento.ip-eps-converted-to.pdf>
Package pdftex.def Info: images/accodamento.ip-eps-converted-to.pdf  used on input line 167.
(pdftex.def)             Requested size: 338.58632pt x 101.8481pt.
 [8 <./images/accodamento.ip-eps-converted-to.pdf>]
Package epstopdf Info: Source file: <images/FdmTdm.eps>
(epstopdf)                    date: 2024-03-06 20:06:15
(epstopdf)                    size: 55492 bytes
(epstopdf)             Output file: <images/FdmTdm-eps-converted-to.pdf>
(epstopdf)                    date: 2024-03-06 20:06:18
(epstopdf)                    size: 8216 bytes
(epstopdf)             Command: <miktex-epstopdf --outfile=images/FdmTdm-eps-converted-to.pdf images/FdmTdm.eps>
(epstopdf)             \includegraphics on input line 184.
Package epstopdf Info: Output file is already uptodate.
<images/FdmTdm-eps-converted-to.pdf, id=380, 539.01375pt x 99.37125pt>
File: images/FdmTdm-eps-converted-to.pdf Graphic file (type pdf)
<use images/FdmTdm-eps-converted-to.pdf>
Package pdftex.def Info: images/FdmTdm-eps-converted-to.pdf  used on input line 184.
(pdftex.def)             Requested size: 483.69687pt x 89.17401pt.
 [9 <./images/FdmTdm-eps-converted-to.pdf>]
Package epstopdf Info: Source file: <images/Internet.eps>
(epstopdf)                    date: 2024-03-06 20:37:12
(epstopdf)                    size: 63014 bytes
(epstopdf)             Output file: <images/Internet-eps-converted-to.pdf>
(epstopdf)                    date: 2024-03-06 20:37:25
(epstopdf)                    size: 11869 bytes
(epstopdf)             Command: <miktex-epstopdf --outfile=images/Internet-eps-converted-to.pdf images/Internet.eps>
(epstopdf)             \includegraphics on input line 209.
Package epstopdf Info: Output file is already uptodate.
<images/Internet-eps-converted-to.pdf, id=400, 612.2875pt x 376.40625pt>
File: images/Internet-eps-converted-to.pdf Graphic file (type pdf)
<use images/Internet-eps-converted-to.pdf>
Package pdftex.def Info: images/Internet-eps-converted-to.pdf  used on input line 209.
(pdftex.def)             Requested size: 483.69687pt x 297.35193pt.
 [10 <./images/Internet-eps-converted-to.pdf>]
Package epstopdf Info: Source file: <images/troughput.eps>
(epstopdf)                    date: 2024-03-06 22:08:56
(epstopdf)                    size: 50956 bytes
(epstopdf)             Output file: <images/troughput-eps-converted-to.pdf>
(epstopdf)                    date: 2024-03-06 22:09:00
(epstopdf)                    size: 6777 bytes
(epstopdf)             Command: <miktex-epstopdf --outfile=images/troughput-eps-converted-to.pdf images/troughput.eps>
(epstopdf)             \includegraphics on input line 234.
Package epstopdf Info: Output file is already uptodate.
<images/troughput-eps-converted-to.pdf, id=413, 207.77625pt x 114.4275pt>
File: images/troughput-eps-converted-to.pdf Graphic file (type pdf)
<use images/troughput-eps-converted-to.pdf>
Package pdftex.def Info: images/troughput-eps-converted-to.pdf  used on input line 234.
(pdftex.def)             Requested size: 290.22107pt x 159.85168pt.
 [11 <./images/troughput-eps-converted-to.pdf>]
Package epstopdf Info: Source file: <images/traffico.eps>
(epstopdf)                    date: 2024-03-09 17:59:18
(epstopdf)                    size: 97588 bytes
(epstopdf)             Output file: <images/traffico-eps-converted-to.pdf>
(epstopdf)                    date: 2024-03-09 17:59:33
(epstopdf)                    size: 11121 bytes
(epstopdf)             Command: <miktex-epstopdf --outfile=images/traffico-eps-converted-to.pdf images/traffico.eps>
(epstopdf)             \includegraphics on input line 268.
Package epstopdf Info: Output file is already uptodate.
<images/traffico-eps-converted-to.pdf, id=429, 363.3575pt x 98.3675pt>
File: images/traffico-eps-converted-to.pdf Graphic file (type pdf)
<use images/traffico-eps-converted-to.pdf>
Package pdftex.def Info: images/traffico-eps-converted-to.pdf  used on input line 268.
(pdftex.def)             Requested size: 483.69687pt x 130.94867pt.
 [12 <./images/traffico-eps-converted-to.pdf>]
Package epstopdf Info: Source file: <images/tubo.eps>
(epstopdf)                    date: 2024-03-09 18:15:26
(epstopdf)                    size: 39628 bytes
(epstopdf)             Output file: <images/tubo-eps-converted-to.pdf>
(epstopdf)                    date: 2024-03-09 18:15:43
(epstopdf)                    size: 6778 bytes
(epstopdf)             Command: <miktex-epstopdf --outfile=images/tubo-eps-converted-to.pdf images/tubo.eps>
(epstopdf)             \includegraphics on input line 288.
Package epstopdf Info: Output file is already uptodate.
<images/tubo-eps-converted-to.pdf, id=456, 334.24875pt x 72.27pt>
File: images/tubo-eps-converted-to.pdf Graphic file (type pdf)
<use images/tubo-eps-converted-to.pdf>
Package pdftex.def Info: images/tubo-eps-converted-to.pdf  used on input line 288.
(pdftex.def)             Requested size: 386.95897pt x 83.67334pt.

Overfull \hbox (12.83131pt too wide) in paragraph at lines 291--305
\OT1/cmr/m/n/12 La strat-i-fi-cazione dei liv-elli e dei pro-to-colli garan-tisce pi^^Ru sem-plicit^^Ra quando si tratta di manutenere
 []

Package epstopdf Info: Source file: <images/livelli.eps>
(epstopdf)                    date: 2024-03-09 18:34:28
(epstopdf)                    size: 41955 bytes
(epstopdf)             Output file: <images/livelli-eps-converted-to.pdf>
(epstopdf)                    date: 2024-03-09 18:34:40
(epstopdf)                    size: 7446 bytes
(epstopdf)             Command: <miktex-epstopdf --outfile=images/livelli-eps-converted-to.pdf images/livelli.eps>
(epstopdf)             \includegraphics on input line 308.
Package epstopdf Info: Output file is already uptodate.
<images/livelli-eps-converted-to.pdf, id=457, 366.36874pt x 81.30376pt>
File: images/livelli-eps-converted-to.pdf Graphic file (type pdf)
<use images/livelli-eps-converted-to.pdf>
Package pdftex.def Info: images/livelli-eps-converted-to.pdf  used on input line 308.
(pdftex.def)             Requested size: 483.69687pt x 107.34732pt.
[13 <./images/tubo-eps-converted-to.pdf> <./images/livelli-eps-converted-to.pdf>]
Overfull \hbox (20.74913pt too wide) in paragraph at lines 316--320
\OT1/cmr/m/n/12 servizi di In-ter-net, al-cuni dei pro-to-colli pre-senti in questo liv-ello sono \OT1/cmr/m/it/12 HTTP,SMTP,FTP,DNS\OT1/cmr/m/n/12 ,
 []

Package epstopdf Info: Source file: <images/comunicazioneProtocolli.eps>
(epstopdf)                    date: 2024-03-10 10:37:19
(epstopdf)                    size: 46425 bytes
(epstopdf)             Output file: <images/comunicazioneProtocolli-eps-converted-to.pdf>
(epstopdf)                    date: 2024-03-10 10:37:37
(epstopdf)                    size: 8477 bytes
(epstopdf)             Command: <miktex-epstopdf --outfile=images/comunicazioneProtocolli-eps-converted-to.pdf images/comunicazioneProtocolli.eps>
(epstopdf)             \includegraphics on input line 337.
Package epstopdf Info: Output file is already uptodate.
<images/comunicazioneProtocolli-eps-converted-to.pdf, id=480, 365.365pt x 143.53625pt>
File: images/comunicazioneProtocolli-eps-converted-to.pdf Graphic file (type pdf)
<use images/comunicazioneProtocolli-eps-converted-to.pdf>
Package pdftex.def Info: images/comunicazioneProtocolli-eps-converted-to.pdf  used on input line 337.
(pdftex.def)             Requested size: 483.69687pt x 190.03348pt.
[14 <./images/comunicazioneProtocolli-eps-converted-to.pdf>]
Package epstopdf Info: Source file: <images/incapsulamento.eps>
(epstopdf)                    date: 2024-03-10 11:06:01
(epstopdf)                    size: 73324 bytes
(epstopdf)             Output file: <images/incapsulamento-eps-converted-to.pdf>
(epstopdf)                    date: 2024-03-10 11:06:04
(epstopdf)                    size: 12270 bytes
(epstopdf)             Command: <miktex-epstopdf --outfile=images/incapsulamento-eps-converted-to.pdf images/incapsulamento.eps>
(epstopdf)             \includegraphics on input line 360.
Package epstopdf Info: Output file is already uptodate.
<images/incapsulamento-eps-converted-to.pdf, id=498, 489.83pt x 146.5475pt>
File: images/incapsulamento-eps-converted-to.pdf Graphic file (type pdf)
<use images/incapsulamento-eps-converted-to.pdf>
Package pdftex.def Info: images/incapsulamento-eps-converted-to.pdf  used on input line 360.
(pdftex.def)             Requested size: 483.69687pt x 144.71571pt.

Overfull \hbox (2.81335pt too wide) in paragraph at lines 362--364
\OT1/cmr/m/n/12 Si ^^Re gi^^Ra ac-cen-nato al fatto che, ad ogni liv-ello, pos-sono es-istere pi^^Ru pro-to-colli per l'incapsulamento
 []

Package epstopdf Info: Source file: <images/multiplexing.eps>
(epstopdf)                    date: 2024-03-10 11:17:12
(epstopdf)                    size: 24776 bytes
(epstopdf)             Output file: <images/multiplexing-eps-converted-to.pdf>
(epstopdf)                    date: 2024-03-10 11:17:25
(epstopdf)                    size: 5280 bytes
(epstopdf)             Command: <miktex-epstopdf --outfile=images/multiplexing-eps-converted-to.pdf images/multiplexing.eps>
(epstopdf)             \includegraphics on input line 372.
Package epstopdf Info: Output file is already uptodate.
<images/multiplexing-eps-converted-to.pdf, id=499, 387.4475pt x 90.3375pt>
File: images/multiplexing-eps-converted-to.pdf Graphic file (type pdf)
<use images/multiplexing-eps-converted-to.pdf>
Package pdftex.def Info: images/multiplexing-eps-converted-to.pdf  used on input line 372.
(pdftex.def)             Requested size: 483.69687pt x 112.78098pt.
[15 <./images/incapsulamento-eps-converted-to.pdf> <./images/multiplexing-eps-converted-to.pdf>]
Package epstopdf Info: Source file: <images/spoofing.eps>
(epstopdf)                    date: 2024-03-10 11:46:45
(epstopdf)                    size: 28593 bytes
(epstopdf)             Output file: <images/spoofing-eps-converted-to.pdf>
(epstopdf)                    date: 2024-03-10 11:47:16
(epstopdf)                    size: 10547 bytes
(epstopdf)             Command: <miktex-epstopdf --outfile=images/spoofing-eps-converted-to.pdf images/spoofing.eps>
(epstopdf)             \includegraphics on input line 402.
Package epstopdf Info: Output file is already uptodate.
<images/spoofing-eps-converted-to.pdf, id=521, 320.19624pt x 77.28876pt>
File: images/spoofing-eps-converted-to.pdf Graphic file (type pdf)
<use images/spoofing-eps-converted-to.pdf>
Package pdftex.def Info: images/spoofing-eps-converted-to.pdf  used on input line 402.
(pdftex.def)             Requested size: 386.95897pt x 93.40527pt.
 [16 <./images/spoofing-eps-converted-to.pdf>] [17]
Overfull \hbox (39.93791pt too wide) in paragraph at lines 455--470
 [] 
 []

[18]
Package epstopdf Info: Source file: <images/url.eps>
(epstopdf)                    date: 2024-03-15 11:44:56
(epstopdf)                    size: 56662 bytes
(epstopdf)             Output file: <images/url-eps-converted-to.pdf>
(epstopdf)                    date: 2024-03-15 11:45:10
(epstopdf)                    size: 8439 bytes
(epstopdf)             Command: <miktex-epstopdf --outfile=images/url-eps-converted-to.pdf images/url.eps>
(epstopdf)             \includegraphics on input line 509.
Package epstopdf Info: Output file is already uptodate.
<images/url-eps-converted-to.pdf, id=547, 190.7125pt x 26.0975pt>
File: images/url-eps-converted-to.pdf Graphic file (type pdf)
<use images/url-eps-converted-to.pdf>
Package pdftex.def Info: images/url-eps-converted-to.pdf  used on input line 509.
(pdftex.def)             Requested size: 241.84843pt x 33.09645pt.
Package epstopdf Info: Source file: <images/httpnonPersistente.eps>
(epstopdf)                    date: 2024-03-15 12:04:00
(epstopdf)                    size: 50162 bytes
(epstopdf)             Output file: <images/httpnonPersistente-eps-converted-to.pdf>
(epstopdf)                    date: 2024-03-15 12:04:16
(epstopdf)                    size: 9946 bytes
(epstopdf)             Command: <miktex-epstopdf --outfile=images/httpnonPersistente-eps-converted-to.pdf images/httpnonPersistente.eps>
(epstopdf)             \includegraphics on input line 525.
Package epstopdf Info: Output file is already uptodate.
<images/httpnonPersistente-eps-converted-to.pdf, id=548, 465.74pt x 207.77625pt>
File: images/httpnonPersistente-eps-converted-to.pdf Graphic file (type pdf)
<use images/httpnonPersistente-eps-converted-to.pdf>
Package pdftex.def Info: images/httpnonPersistente-eps-converted-to.pdf  used on input line 525.
(pdftex.def)             Requested size: 483.69687pt x 215.79367pt.
 [19 <./images/url-eps-converted-to.pdf> <./images/httpnonPersistente-eps-converted-to.pdf>] [20] [21]
Overfull \hbox (3.48706pt too wide) in paragraph at lines 630--639
\OT1/cmr/m/n/12 Abbiamo visto che nell'header di un mes-sag-gio di risposta HTTP ci sono in-for-mazioni riguardanti
 []

Package epstopdf Info: Source file: <images/http2.eps>
(epstopdf)                    date: 2024-03-19 19:51:24
(epstopdf)                    size: 89469 bytes
(epstopdf)             Output file: <images/http2-eps-converted-to.pdf>
(epstopdf)                    date: 2024-03-19 19:51:41
(epstopdf)                    size: 11158 bytes
(epstopdf)             Command: <miktex-epstopdf --outfile=images/http2-eps-converted-to.pdf images/http2.eps>
(epstopdf)             \includegraphics on input line 647.
Package epstopdf Info: Output file is already uptodate.
<images/http2-eps-converted-to.pdf, id=584, 469.755pt x 152.57pt>
File: images/http2-eps-converted-to.pdf Graphic file (type pdf)
<use images/http2-eps-converted-to.pdf>
Package pdftex.def Info: images/http2-eps-converted-to.pdf  used on input line 647.
(pdftex.def)             Requested size: 483.69687pt x 157.09763pt.
[22 <./images/http2-eps-converted-to.pdf>]
Package epstopdf Info: Source file: <images/smtp.eps>
(epstopdf)                    date: 2024-03-22 20:25:20
(epstopdf)                    size: 28518 bytes
(epstopdf)             Output file: <images/smtp-eps-converted-to.pdf>
(epstopdf)                    date: 2024-03-22 20:25:24
(epstopdf)                    size: 7044 bytes
(epstopdf)             Command: <miktex-epstopdf --outfile=images/smtp-eps-converted-to.pdf images/smtp.eps>
(epstopdf)             \includegraphics on input line 663.
Package epstopdf Info: Output file is already uptodate.
<images/smtp-eps-converted-to.pdf, id=606, 373.395pt x 104.39pt>
File: images/smtp-eps-converted-to.pdf Graphic file (type pdf)
<use images/smtp-eps-converted-to.pdf>
Package pdftex.def Info: images/smtp-eps-converted-to.pdf  used on input line 663.
(pdftex.def)             Requested size: 483.69687pt x 135.23387pt.
 [23 <./images/smtp-eps-converted-to.pdf>] [24]
Overfull \hbox (11.0023pt too wide) in paragraph at lines 757--767
\OT1/cmr/m/n/12 Nei browser, non si in-serisce l'indirizzo IP, bens^^R^^P una stringa chia-mata \OT1/cmr/m/it/12 do-minio\OT1/cmr/m/n/12 , come [][][][][][]
 []

[25]
Package epstopdf Info: Source file: <images/DNS.eps>
(epstopdf)                    date: 2024-03-22 21:38:58
(epstopdf)                    size: 27911 bytes
(epstopdf)             Output file: <images/DNS-eps-converted-to.pdf>
(epstopdf)                    date: 2024-03-22 21:39:21
(epstopdf)                    size: 6466 bytes
(epstopdf)             Command: <miktex-epstopdf --outfile=images/DNS-eps-converted-to.pdf images/DNS.eps>
(epstopdf)             \includegraphics on input line 782.
Package epstopdf Info: Output file is already uptodate.
<images/DNS-eps-converted-to.pdf, id=635, 447.6725pt x 120.45pt>
File: images/DNS-eps-converted-to.pdf Graphic file (type pdf)
<use images/DNS-eps-converted-to.pdf>
Package pdftex.def Info: images/DNS-eps-converted-to.pdf  used on input line 782.
(pdftex.def)             Requested size: 386.95897pt x 104.11797pt.
 [26 <./images/DNS-eps-converted-to.pdf>]
Package epstopdf Info: Source file: <images/risoluzioneDNS.eps>
(epstopdf)                    date: 2024-03-22 21:58:47
(epstopdf)                    size: 53101 bytes
(epstopdf)             Output file: <images/risoluzioneDNS-eps-converted-to.pdf>
(epstopdf)                    date: 2024-03-22 21:59:02
(epstopdf)                    size: 10760 bytes
(epstopdf)             Command: <miktex-epstopdf --outfile=images/risoluzioneDNS-eps-converted-to.pdf images/risoluzioneDNS.eps>
(epstopdf)             \includegraphics on input line 811.
Package epstopdf Info: Output file is already uptodate.
<images/risoluzioneDNS-eps-converted-to.pdf, id=646, 538.01pt x 173.64874pt>
File: images/risoluzioneDNS-eps-converted-to.pdf Graphic file (type pdf)
<use images/risoluzioneDNS-eps-converted-to.pdf>
Package pdftex.def Info: images/risoluzioneDNS-eps-converted-to.pdf  used on input line 811.
(pdftex.def)             Requested size: 483.69687pt x 156.12079pt.
 [27 <./images/risoluzioneDNS-eps-converted-to.pdf>]
Package epstopdf Info: Source file: <images/messaggioDNS.eps>
(epstopdf)                    date: 2024-03-22 22:29:44
(epstopdf)                    size: 42293 bytes
(epstopdf)             Output file: <images/messaggioDNS-eps-converted-to.pdf>
(epstopdf)                    date: 2024-03-22 22:30:03
(epstopdf)                    size: 7406 bytes
(epstopdf)             Command: <miktex-epstopdf --outfile=images/messaggioDNS-eps-converted-to.pdf images/messaggioDNS.eps>
(epstopdf)             \includegraphics on input line 847.
Package epstopdf Info: Output file is already uptodate.
<images/messaggioDNS-eps-converted-to.pdf, id=659, 294.09875pt x 89.33376pt>
File: images/messaggioDNS-eps-converted-to.pdf Graphic file (type pdf)
<use images/messaggioDNS-eps-converted-to.pdf>
Package pdftex.def Info: images/messaggioDNS-eps-converted-to.pdf  used on input line 847.
(pdftex.def)             Requested size: 290.22107pt x 88.15715pt.
 [28 <./images/messaggioDNS-eps-converted-to.pdf>] [29]
Package epstopdf Info: Source file: <images/nFile.eps>
(epstopdf)                    date: 2024-03-23 09:17:44
(epstopdf)                    size: 52148 bytes
(epstopdf)             Output file: <images/nFile-eps-converted-to.pdf>
(epstopdf)                    date: 2024-03-23 09:17:59
(epstopdf)                    size: 7690 bytes
(epstopdf)             Command: <miktex-epstopdf --outfile=images/nFile-eps-converted-to.pdf images/nFile.eps>
(epstopdf)             \includegraphics on input line 901.
Package epstopdf Info: Output file is already uptodate.
<images/nFile-eps-converted-to.pdf, id=686, 324.21124pt x 149.55875pt>
File: images/nFile-eps-converted-to.pdf Graphic file (type pdf)
<use images/nFile-eps-converted-to.pdf>
Package pdftex.def Info: images/nFile-eps-converted-to.pdf  used on input line 901.
(pdftex.def)             Requested size: 386.95897pt x 178.51569pt.
Package epstopdf Info: Source file: <images/p2pTime.eps>
(epstopdf)                    date: 2024-03-23 09:37:14
(epstopdf)                    size: 107221 bytes
(epstopdf)             Output file: <images/p2pTime-eps-converted-to.pdf>
(epstopdf)                    date: 2024-03-23 09:37:18
(epstopdf)                    size: 14087 bytes
(epstopdf)             Command: <miktex-epstopdf --outfile=images/p2pTime-eps-converted-to.pdf images/p2pTime.eps>
(epstopdf)             \includegraphics on input line 913.
Package epstopdf Info: Output file is already uptodate.
<images/p2pTime-eps-converted-to.pdf, id=687, 340.27126pt x 190.7125pt>
File: images/p2pTime-eps-converted-to.pdf Graphic file (type pdf)
<use images/p2pTime-eps-converted-to.pdf>
Package pdftex.def Info: images/p2pTime-eps-converted-to.pdf  used on input line 913.
(pdftex.def)             Requested size: 290.22107pt x 162.66801pt.
 [30 <./images/nFile-eps-converted-to.pdf> <./images/p2pTime-eps-converted-to.pdf>] [31]
Package epstopdf Info: Source file: <images/segmento.eps>
(epstopdf)                    date: 2024-03-23 10:08:59
(epstopdf)                    size: 28862 bytes
(epstopdf)             Output file: <images/segmento-eps-converted-to.pdf>
(epstopdf)                    date: 2024-03-23 10:09:13
(epstopdf)                    size: 6754 bytes
(epstopdf)             Command: <miktex-epstopdf --outfile=images/segmento-eps-converted-to.pdf images/segmento.eps>
(epstopdf)             \includegraphics on input line 962.
Package epstopdf Info: Output file is already uptodate.
<images/segmento-eps-converted-to.pdf, id=732, 419.5675pt x 92.345pt>
File: images/segmento-eps-converted-to.pdf Graphic file (type pdf)
<use images/segmento-eps-converted-to.pdf>
Package pdftex.def Info: images/segmento-eps-converted-to.pdf  used on input line 962.
(pdftex.def)             Requested size: 435.32422pt x 95.81247pt.
 [32 <./images/segmento-eps-converted-to.pdf>]
Overfull \hbox (4.1189pt too wide) in paragraph at lines 994--1003
\OT1/cmr/m/n/12 Tale pro-to-collo ^^Re es-trema-mente sem-plice, non fa al-tro che rice-vere un mes-sag-gio dall'applicazione,
 []

Package epstopdf Info: Source file: <images/segmentoUDP.eps>
(epstopdf)                    date: 2024-03-23 10:31:09
(epstopdf)                    size: 44544 bytes
(epstopdf)             Output file: <images/segmentoUDP-eps-converted-to.pdf>
(epstopdf)                    date: 2024-03-23 10:31:13
(epstopdf)                    size: 8230 bytes
(epstopdf)             Command: <miktex-epstopdf --outfile=images/segmentoUDP-eps-converted-to.pdf images/segmentoUDP.eps>
(epstopdf)             \includegraphics on input line 1004.
Package epstopdf Info: Output file is already uptodate.
<images/segmentoUDP-eps-converted-to.pdf, id=742, 417.56pt x 96.36pt>
File: images/segmentoUDP-eps-converted-to.pdf Graphic file (type pdf)
<use images/segmentoUDP-eps-converted-to.pdf>
Package pdftex.def Info: images/segmentoUDP-eps-converted-to.pdf  used on input line 1004.
(pdftex.def)             Requested size: 435.32422pt x 100.4649pt.
[33 <./images/segmentoUDP-eps-converted-to.pdf>]
Package epstopdf Info: Source file: <images/rdt1.0.eps>
(epstopdf)                    date: 2024-04-07 09:55:06
(epstopdf)                    size: 45120 bytes
(epstopdf)             Output file: <images/rdt1.0-eps-converted-to.pdf>
(epstopdf)                    date: 2024-04-07 09:55:10
(epstopdf)                    size: 8745 bytes
(epstopdf)             Command: <miktex-epstopdf --outfile=images/rdt1.0-eps-converted-to.pdf images/rdt1.0.eps>
(epstopdf)             \includegraphics on input line 1048.
Package epstopdf Info: Output file is already uptodate.
<images/rdt1.0-eps-converted-to.pdf, id=756, 418.56375pt x 73.27374pt>
File: images/rdt1.0-eps-converted-to.pdf Graphic file (type pdf)
<use images/rdt1.0-eps-converted-to.pdf>
Package pdftex.def Info: images/rdt1.0-eps-converted-to.pdf  used on input line 1048.
(pdftex.def)             Requested size: 483.69687pt x 84.67557pt.
 [34 <./images/rdt1.0-eps-converted-to.pdf>]
Package epstopdf Info: Source file: <images/rdt2.0.eps>
(epstopdf)                    date: 2024-03-28 20:34:18
(epstopdf)                    size: 80460 bytes
(epstopdf)             Output file: <images/rdt2.0-eps-converted-to.pdf>
(epstopdf)                    date: 2024-03-28 20:34:22
(epstopdf)                    size: 12754 bytes
(epstopdf)             Command: <miktex-epstopdf --outfile=images/rdt2.0-eps-converted-to.pdf images/rdt2.0.eps>
(epstopdf)             \includegraphics on input line 1083.
Package epstopdf Info: Output file is already uptodate.
<images/rdt2.0-eps-converted-to.pdf, id=770, 454.69875pt x 229.85875pt>
File: images/rdt2.0-eps-converted-to.pdf Graphic file (type pdf)
<use images/rdt2.0-eps-converted-to.pdf>
Package pdftex.def Info: images/rdt2.0-eps-converted-to.pdf  used on input line 1083.
(pdftex.def)             Requested size: 483.69687pt x 244.52243pt.
 [35 <./images/rdt2.0-eps-converted-to.pdf>]
Package epstopdf Info: Source file: <images/rdt2.1.eps>
(epstopdf)                    date: 2024-03-29 19:06:30
(epstopdf)                    size: 87689 bytes
(epstopdf)             Output file: <images/rdt2.1-eps-converted-to.pdf>
(epstopdf)                    date: 2024-03-29 19:06:35
(epstopdf)                    size: 14211 bytes
(epstopdf)             Command: <miktex-epstopdf --outfile=images/rdt2.1-eps-converted-to.pdf images/rdt2.1.eps>
(epstopdf)             \includegraphics on input line 1098.
Package epstopdf Info: Output file is already uptodate.
<images/rdt2.1-eps-converted-to.pdf, id=792, 429.605pt x 500.87125pt>
File: images/rdt2.1-eps-converted-to.pdf Graphic file (type pdf)
<use images/rdt2.1-eps-converted-to.pdf>
Package pdftex.def Info: images/rdt2.1-eps-converted-to.pdf  used on input line 1098.
(pdftex.def)             Requested size: 435.32422pt x 507.5497pt.
 [36 <./images/rdt2.1-eps-converted-to.pdf>]
Package epstopdf Info: Source file: <images/rdt3.0.eps>
(epstopdf)                    date: 2024-03-29 19:25:49
(epstopdf)                    size: 79053 bytes
(epstopdf)             Output file: <images/rdt3.0-eps-converted-to.pdf>
(epstopdf)                    date: 2024-03-29 19:26:05
(epstopdf)                    size: 12103 bytes
(epstopdf)             Command: <miktex-epstopdf --outfile=images/rdt3.0-eps-converted-to.pdf images/rdt3.0.eps>
(epstopdf)             \includegraphics on input line 1112.
Package epstopdf Info: Output file is already uptodate.
<images/rdt3.0-eps-converted-to.pdf, id=812, 416.55624pt x 290.08376pt>
File: images/rdt3.0-eps-converted-to.pdf Graphic file (type pdf)
<use images/rdt3.0-eps-converted-to.pdf>
Package pdftex.def Info: images/rdt3.0-eps-converted-to.pdf  used on input line 1112.
(pdftex.def)             Requested size: 483.69687pt x 336.85591pt.
 [37 <./images/rdt3.0-eps-converted-to.pdf>]
Package epstopdf Info: Source file: <images/go-back-n.eps>
(epstopdf)                    date: 2024-03-29 19:54:58
(epstopdf)                    size: 80855 bytes
(epstopdf)             Output file: <images/go-back-n-eps-converted-to.pdf>
(epstopdf)                    date: 2024-04-24 11:28:35
(epstopdf)                    size: 11884 bytes
(epstopdf)             Command: <miktex-epstopdf --outfile=images/go-back-n-eps-converted-to.pdf images/go-back-n.eps>
(epstopdf)             \includegraphics on input line 1129.
Package epstopdf Info: Output file is already uptodate.


pdfTeX warning: pdflatex.exe (file ./images/go-back-n-eps-converted-to.pdf): PDF inclusion: found PDF version <1.7>, but at most version <1.5> allowed
<images/go-back-n-eps-converted-to.pdf, id=833, 425.59pt x 238.8925pt>
File: images/go-back-n-eps-converted-to.pdf Graphic file (type pdf)
<use images/go-back-n-eps-converted-to.pdf>
Package pdftex.def Info: images/go-back-n-eps-converted-to.pdf  used on input line 1129.
(pdftex.def)             Requested size: 483.69687pt x 271.52374pt.
[38 <./images/go-back-n-eps-converted-to.pdf>]
Package epstopdf Info: Source file: <images/selectiveRepeat.eps>
(epstopdf)                    date: 2024-03-29 20:15:16
(epstopdf)                    size: 82059 bytes
(epstopdf)             Output file: <images/selectiveRepeat-eps-converted-to.pdf>
(epstopdf)                    date: 2024-03-29 20:15:20
(epstopdf)                    size: 12277 bytes
(epstopdf)             Command: <miktex-epstopdf --outfile=images/selectiveRepeat-eps-converted-to.pdf images/selectiveRepeat.eps>
(epstopdf)             \includegraphics on input line 1141.
Package epstopdf Info: Output file is already uptodate.
<images/selectiveRepeat-eps-converted-to.pdf, id=853, 456.70625pt x 210.7875pt>
File: images/selectiveRepeat-eps-converted-to.pdf Graphic file (type pdf)
<use images/selectiveRepeat-eps-converted-to.pdf>
Package pdftex.def Info: images/selectiveRepeat-eps-converted-to.pdf  used on input line 1141.
(pdftex.def)             Requested size: 483.69687pt x 223.25035pt.
Package epstopdf Info: Source file: <images/ErroreSelectiveRepeat.eps>
(epstopdf)                    date: 2024-04-07 10:25:54
(epstopdf)                    size: 77847 bytes
(epstopdf)             Output file: <images/ErroreSelectiveRepeat-eps-converted-to.pdf>
(epstopdf)                    date: 2024-04-07 10:26:14
(epstopdf)                    size: 11226 bytes
(epstopdf)             Command: <miktex-epstopdf --outfile=images/ErroreSelectiveRepeat-eps-converted-to.pdf images/ErroreSelectiveRepeat.eps>
(epstopdf)             \includegraphics on input line 1150.
Package epstopdf Info: Output file is already uptodate.
<images/ErroreSelectiveRepeat-eps-converted-to.pdf, id=854, 437.635pt x 138.5175pt>
File: images/ErroreSelectiveRepeat-eps-converted-to.pdf Graphic file (type pdf)
<use images/ErroreSelectiveRepeat-eps-converted-to.pdf>
Package pdftex.def Info: images/ErroreSelectiveRepeat-eps-converted-to.pdf  used on input line 1150.
(pdftex.def)             Requested size: 483.69687pt x 153.09889pt.
 [39 <./images/selectiveRepeat-eps-converted-to.pdf> <./images/ErroreSelectiveRepeat-eps-converted-to.pdf>]
Package epstopdf Info: Source file: <images/TCPsegment.eps>
(epstopdf)                    date: 2024-04-07 10:44:18
(epstopdf)                    size: 46797 bytes
(epstopdf)             Output file: <images/TCPsegment-eps-converted-to.pdf>
(epstopdf)                    date: 2024-04-07 10:44:22
(epstopdf)                    size: 8690 bytes
(epstopdf)             Command: <miktex-epstopdf --outfile=images/TCPsegment-eps-converted-to.pdf images/TCPsegment.eps>
(epstopdf)             \includegraphics on input line 1177.
Package epstopdf Info: Output file is already uptodate.
<images/TCPsegment-eps-converted-to.pdf, id=889, 205.76875pt x 128.48pt>
File: images/TCPsegment-eps-converted-to.pdf Graphic file (type pdf)
<use images/TCPsegment-eps-converted-to.pdf>
Package pdftex.def Info: images/TCPsegment-eps-converted-to.pdf  used on input line 1177.
(pdftex.def)             Requested size: 241.84843pt x 151.0091pt.
 [40 <./images/TCPsegment-eps-converted-to.pdf>]
Package epstopdf Info: Source file: <images/RTTstimato.eps>
(epstopdf)                    date: 2024-04-06 19:39:54
(epstopdf)                    size: 44749 bytes
(epstopdf)             Output file: <images/RTTstimato-eps-converted-to.pdf>
(epstopdf)                    date: 2024-04-06 19:39:59
(epstopdf)                    size: 8721 bytes
(epstopdf)             Command: <miktex-epstopdf --outfile=images/RTTstimato-eps-converted-to.pdf images/RTTstimato.eps>
(epstopdf)             \includegraphics on input line 1220.
Package epstopdf Info: Output file is already uptodate.
<images/RTTstimato-eps-converted-to.pdf, id=903, 564.1075pt x 212.795pt>
File: images/RTTstimato-eps-converted-to.pdf Graphic file (type pdf)
<use images/RTTstimato-eps-converted-to.pdf>
Package pdftex.def Info: images/RTTstimato-eps-converted-to.pdf  used on input line 1220.
(pdftex.def)             Requested size: 483.69687pt x 182.46436pt.
 [41] [42 <./images/RTTstimato-eps-converted-to.pdf>]
Package epstopdf Info: Source file: <images/fastRetrasmit.eps>
(epstopdf)                    date: 2024-04-07 10:53:06
(epstopdf)                    size: 85000 bytes
(epstopdf)             Output file: <images/fastRetrasmit-eps-converted-to.pdf>
(epstopdf)                    date: 2024-04-07 10:53:10
(epstopdf)                    size: 14643 bytes
(epstopdf)             Command: <miktex-epstopdf --outfile=images/fastRetrasmit-eps-converted-to.pdf images/fastRetrasmit.eps>
(epstopdf)             \includegraphics on input line 1260.
Package epstopdf Info: Output file is already uptodate.
<images/fastRetrasmit-eps-converted-to.pdf, id=921, 505.89pt x 236.885pt>
File: images/fastRetrasmit-eps-converted-to.pdf Graphic file (type pdf)
<use images/fastRetrasmit-eps-converted-to.pdf>
Package pdftex.def Info: images/fastRetrasmit-eps-converted-to.pdf  used on input line 1260.
(pdftex.def)             Requested size: 483.69687pt x 226.49614pt.
 [43 <./images/fastRetrasmit-eps-converted-to.pdf>]
Overfull \hbox (3.72307pt too wide) in paragraph at lines 1289--1291
\OT1/cmr/m/n/12 In al-cuni sce-nari, l'handshake a 2 vie pu^^Ro risultare prob-lem-atico, ad es-em-pio quando il richiedente
 []

Package epstopdf Info: Source file: <images/perditaCongestione.eps>
(epstopdf)                    date: 2024-04-13 10:25:39
(epstopdf)                    size: 85508 bytes
(epstopdf)             Output file: <images/perditaCongestione-eps-converted-to.pdf>
(epstopdf)                    date: 2024-04-13 10:25:55
(epstopdf)                    size: 11330 bytes
(epstopdf)             Command: <miktex-epstopdf --outfile=images/perditaCongestione-eps-converted-to.pdf images/perditaCongestione.eps>
(epstopdf)             \includegraphics on input line 1317.
Package epstopdf Info: Output file is already uptodate.
<images/perditaCongestione-eps-converted-to.pdf, id=942, 378.41376pt x 93.34875pt>
File: images/perditaCongestione-eps-converted-to.pdf Graphic file (type pdf)
<use images/perditaCongestione-eps-converted-to.pdf>
Package pdftex.def Info: images/perditaCongestione-eps-converted-to.pdf  used on input line 1317.
(pdftex.def)             Requested size: 483.69687pt x 119.32217pt.
[44]
Package epstopdf Info: Source file: <images/AIMD.eps>
(epstopdf)                    date: 2024-04-13 10:41:06
(epstopdf)                    size: 29191 bytes
(epstopdf)             Output file: <images/AIMD-eps-converted-to.pdf>
(epstopdf)                    date: 2024-04-13 10:41:10
(epstopdf)                    size: 6883 bytes
(epstopdf)             Command: <miktex-epstopdf --outfile=images/AIMD-eps-converted-to.pdf images/AIMD.eps>
(epstopdf)             \includegraphics on input line 1330.
Package epstopdf Info: Output file is already uptodate.
<images/AIMD-eps-converted-to.pdf, id=954, 420.57124pt x 111.41624pt>
File: images/AIMD-eps-converted-to.pdf Graphic file (type pdf)
<use images/AIMD-eps-converted-to.pdf>
Package pdftex.def Info: images/AIMD-eps-converted-to.pdf  used on input line 1330.
(pdftex.def)             Requested size: 386.95897pt x 102.51268pt.
 [45 <./images/perditaCongestione-eps-converted-to.pdf> <./images/AIMD-eps-converted-to.pdf>]
Package epstopdf Info: Source file: <images/slowStart.eps>
(epstopdf)                    date: 2024-04-13 10:53:18
(epstopdf)                    size: 25603 bytes
(epstopdf)             Output file: <images/slowStart-eps-converted-to.pdf>
(epstopdf)                    date: 2024-04-13 10:53:34
(epstopdf)                    size: 5881 bytes
(epstopdf)             Command: <miktex-epstopdf --outfile=images/slowStart-eps-converted-to.pdf images/slowStart.eps>
(epstopdf)             \includegraphics on input line 1346.
Package epstopdf Info: Output file is already uptodate.
<images/slowStart-eps-converted-to.pdf, id=984, 236.885pt x 107.40125pt>
File: images/slowStart-eps-converted-to.pdf Graphic file (type pdf)
<use images/slowStart-eps-converted-to.pdf>
Package pdftex.def Info: images/slowStart-eps-converted-to.pdf  used on input line 1346.
(pdftex.def)             Requested size: 266.03474pt x 120.62123pt.
Package epstopdf Info: Source file: <images/sstresh.eps>
(epstopdf)                    date: 2024-04-13 11:10:46
(epstopdf)                    size: 24168 bytes
(epstopdf)             Output file: <images/sstresh-eps-converted-to.pdf>
(epstopdf)                    date: 2024-04-13 11:10:58
(epstopdf)                    size: 5339 bytes
(epstopdf)             Command: <miktex-epstopdf --outfile=images/sstresh-eps-converted-to.pdf images/sstresh.eps>
(epstopdf)             \includegraphics on input line 1358.
Package epstopdf Info: Output file is already uptodate.
<images/sstresh-eps-converted-to.pdf, id=985, 257.96375pt x 107.40125pt>
File: images/sstresh-eps-converted-to.pdf Graphic file (type pdf)
<use images/sstresh-eps-converted-to.pdf>
Package pdftex.def Info: images/sstresh-eps-converted-to.pdf  used on input line 1358.
(pdftex.def)             Requested size: 266.03474pt x 110.77199pt.

Underfull \hbox (badness 10000) in paragraph at lines 1360--1369

 []

[46 <./images/slowStart-eps-converted-to.pdf> <./images/sstresh-eps-converted-to.pdf>]
Package epstopdf Info: Source file: <images/TCPcubic.eps>
(epstopdf)                    date: 2024-04-13 11:28:18
(epstopdf)                    size: 24393 bytes
(epstopdf)             Output file: <images/TCPcubic-eps-converted-to.pdf>
(epstopdf)                    date: 2024-04-13 11:28:29
(epstopdf)                    size: 5412 bytes
(epstopdf)             Command: <miktex-epstopdf --outfile=images/TCPcubic-eps-converted-to.pdf images/TCPcubic.eps>
(epstopdf)             \includegraphics on input line 1370.
Package epstopdf Info: Output file is already uptodate.
<images/TCPcubic-eps-converted-to.pdf, id=1000, 257.96375pt x 107.40125pt>
File: images/TCPcubic-eps-converted-to.pdf Graphic file (type pdf)
<use images/TCPcubic-eps-converted-to.pdf>
Package pdftex.def Info: images/TCPcubic-eps-converted-to.pdf  used on input line 1370.
(pdftex.def)             Requested size: 266.03474pt x 110.77199pt.
<images/TCPfsm.png, id=1001, 3946.745pt x 2995.19pt>
File: images/TCPfsm.png Graphic file (type png)
<use images/TCPfsm.png>
Package pdftex.def Info: images/TCPfsm.png  used on input line 1374.
(pdftex.def)             Requested size: 386.95897pt x 293.64088pt.
 [47 <./images/TCPcubic-eps-converted-to.pdf> <./images/TCPfsm.png (PNG copy)>] [48]
Package epstopdf Info: Source file: <images/dataAndControlPlane.eps>
(epstopdf)                    date: 2024-04-25 14:20:10
(epstopdf)                    size: 50354 bytes
(epstopdf)             Output file: <images/dataAndControlPlane-eps-converted-to.pdf>
(epstopdf)                    date: 2024-04-25 14:20:27
(epstopdf)                    size: 9061 bytes
(epstopdf)             Command: <miktex-epstopdf --outfile=images/dataAndControlPlane-eps-converted-to.pdf images/dataAndControlPlane.eps>
(epstopdf)             \includegraphics on input line 1423.
Package epstopdf Info: Output file is already uptodate.
<images/dataAndControlPlane-eps-converted-to.pdf, id=1015, 384.43625pt x 237.88875pt>
File: images/dataAndControlPlane-eps-converted-to.pdf Graphic file (type pdf)
<use images/dataAndControlPlane-eps-converted-to.pdf>
Package pdftex.def Info: images/dataAndControlPlane-eps-converted-to.pdf  used on input line 1423.
(pdftex.def)             Requested size: 483.69687pt x 299.3312pt.
 [49 <./images/dataAndControlPlane-eps-converted-to.pdf>]
Package epstopdf Info: Source file: <images/fabricMem.eps>
(epstopdf)                    date: 2024-04-25 15:00:53
(epstopdf)                    size: 40290 bytes
(epstopdf)             Output file: <images/fabricMem-eps-converted-to.pdf>
(epstopdf)                    date: 2024-04-25 15:01:13
(epstopdf)                    size: 7055 bytes
(epstopdf)             Command: <miktex-epstopdf --outfile=images/fabricMem-eps-converted-to.pdf images/fabricMem.eps>
(epstopdf)             \includegraphics on input line 1481.
Package epstopdf Info: Output file is already uptodate.
<images/fabricMem-eps-converted-to.pdf, id=1029, 420.57124pt x 64.24pt>
File: images/fabricMem-eps-converted-to.pdf Graphic file (type pdf)
<use images/fabricMem-eps-converted-to.pdf>
Package pdftex.def Info: images/fabricMem-eps-converted-to.pdf  used on input line 1481.
(pdftex.def)             Requested size: 338.58632pt x 51.7175pt.
Package epstopdf Info: Source file: <images/fabricInterconnesso.eps>
(epstopdf)                    date: 2024-04-25 15:10:26
(epstopdf)                    size: 59339 bytes
(epstopdf)             Output file: <images/fabricInterconnesso-eps-converted-to.pdf>
(epstopdf)                    date: 2024-04-25 15:10:38
(epstopdf)                    size: 9654 bytes
(epstopdf)             Command: <miktex-epstopdf --outfile=images/fabricInterconnesso-eps-converted-to.pdf images/fabricInterconnesso.eps>
(epstopdf)             \includegraphics on input line 1487.
Package epstopdf Info: Output file is already uptodate.
<images/fabricInterconnesso-eps-converted-to.pdf, id=1030, 401.5pt x 125.46875pt>
File: images/fabricInterconnesso-eps-converted-to.pdf Graphic file (type pdf)
<use images/fabricInterconnesso-eps-converted-to.pdf>
Package pdftex.def Info: images/fabricInterconnesso-eps-converted-to.pdf  used on input line 1487.
(pdftex.def)             Requested size: 338.58632pt x 105.81612pt.
 [50 <./images/fabricMem-eps-converted-to.pdf>]
Package epstopdf Info: Source file: <images/fabricParallelo.eps>
(epstopdf)                    date: 2024-04-25 15:18:39
(epstopdf)                    size: 50694 bytes
(epstopdf)             Output file: <images/fabricParallelo-eps-converted-to.pdf>
(epstopdf)                    date: 2024-04-25 15:18:58
(epstopdf)                    size: 9204 bytes
(epstopdf)             Command: <miktex-epstopdf --outfile=images/fabricParallelo-eps-converted-to.pdf images/fabricParallelo.eps>
(epstopdf)             \includegraphics on input line 1492.
Package epstopdf Info: Output file is already uptodate.
<images/fabricParallelo-eps-converted-to.pdf, id=1043, 401.5pt x 185.69376pt>
File: images/fabricParallelo-eps-converted-to.pdf Graphic file (type pdf)
<use images/fabricParallelo-eps-converted-to.pdf>
Package pdftex.def Info: images/fabricParallelo-eps-converted-to.pdf  used on input line 1492.
(pdftex.def)             Requested size: 314.40001pt x 145.41856pt.
 [51 <./images/fabricInterconnesso-eps-converted-to.pdf> <./images/fabricParallelo-eps-converted-to.pdf>]
Package epstopdf Info: Source file: <images/ipDatagram.eps>
(epstopdf)                    date: 2024-04-25 16:12:59
(epstopdf)                    size: 68323 bytes
(epstopdf)             Output file: <images/ipDatagram-eps-converted-to.pdf>
(epstopdf)                    date: 2024-04-25 16:13:04
(epstopdf)                    size: 11982 bytes
(epstopdf)             Command: <miktex-epstopdf --outfile=images/ipDatagram-eps-converted-to.pdf images/ipDatagram.eps>
(epstopdf)             \includegraphics on input line 1525.
Package epstopdf Info: Output file is already uptodate.
<images/ipDatagram-eps-converted-to.pdf, id=1067, 282.05376pt x 173.64874pt>
File: images/ipDatagram-eps-converted-to.pdf Graphic file (type pdf)
<use images/ipDatagram-eps-converted-to.pdf>
Package pdftex.def Info: images/ipDatagram-eps-converted-to.pdf  used on input line 1525.
(pdftex.def)             Requested size: 217.66211pt x 134.0067pt.
 [52 <./images/ipDatagram-eps-converted-to.pdf>]
Package epstopdf Info: Source file: <images/sottoreteIp.eps>
(epstopdf)                    date: 2024-04-25 16:35:03
(epstopdf)                    size: 40486 bytes
(epstopdf)             Output file: <images/sottoreteIp-eps-converted-to.pdf>
(epstopdf)                    date: 2024-04-25 16:35:22
(epstopdf)                    size: 18856 bytes
(epstopdf)             Command: <miktex-epstopdf --outfile=images/sottoreteIp-eps-converted-to.pdf images/sottoreteIp.eps>
(epstopdf)             \includegraphics on input line 1552.
Package epstopdf Info: Output file is already uptodate.
<images/sottoreteIp-eps-converted-to.pdf, id=1085, 411.5375pt x 153.57375pt>
File: images/sottoreteIp-eps-converted-to.pdf Graphic file (type pdf)
<use images/sottoreteIp-eps-converted-to.pdf>
Package pdftex.def Info: images/sottoreteIp-eps-converted-to.pdf  used on input line 1552.
(pdftex.def)             Requested size: 483.69687pt x 180.50307pt.
 [53 <./images/sottoreteIp-eps-converted-to.pdf>] [54]
Package epstopdf Info: Source file: <images/IPv6Datagram.eps>
(epstopdf)                    date: 2024-04-25 17:26:18
(epstopdf)                    size: 66868 bytes
(epstopdf)             Output file: <images/IPv6Datagram-eps-converted-to.pdf>
(epstopdf)                    date: 2024-04-25 17:26:52
(epstopdf)                    size: 11607 bytes
(epstopdf)             Command: <miktex-epstopdf --outfile=images/IPv6Datagram-eps-converted-to.pdf images/IPv6Datagram.eps>
(epstopdf)             \includegraphics on input line 1614.
Package epstopdf Info: Output file is already uptodate.
<images/IPv6Datagram-eps-converted-to.pdf, id=1100, 282.05376pt x 145.54375pt>
File: images/IPv6Datagram-eps-converted-to.pdf Graphic file (type pdf)
<use images/IPv6Datagram-eps-converted-to.pdf>
Package pdftex.def Info: images/IPv6Datagram-eps-converted-to.pdf  used on input line 1614.
(pdftex.def)             Requested size: 217.66211pt x 112.31775pt.
 [55 <./images/IPv6Datagram-eps-converted-to.pdf>] [56] [57] (Reti di Elaboratori.aux)
 ***********
LaTeX2e <2023-11-01> patch level 1
L3 programming layer <2024-01-22>
 ***********
Package rerunfilecheck Info: File `"Reti di Elaboratori".out' has not changed.
(rerunfilecheck)             Checksum: 1E57747BDD1DED474D5E8CB31F3C7516;10431.
 ) 
Here is how much of TeX's memory you used:
 14955 strings out of 474542
 250614 string characters out of 5744446
 1942978 words of memory out of 5000000
 36828 multiletter control sequences out of 15000+600000
 568330 words of font info for 76 fonts, out of 8000000 for 9000
 1141 hyphenation exceptions out of 8191
 75i,14n,79p,595b,580s stack positions out of 10000i,1000n,20000p,200000b,200000s
 <C:\Users\mcasu\AppData\Local\MiKTeX\fonts/pk/ljfour/jknappen/ec/dpi600\tcrm1200.pk><C:/Users/mcasu/AppData/Local/Programs/MiKTeX/fonts/type1/public/amsfonts/cm/cmbx12.pfb><C:/Users/mcasu/AppData/Local/Programs/MiKTeX/fonts/type1/public/amsfonts/cm/cmex10.pfb><C:/Users/mcasu/AppData/Local/Programs/MiKTeX/fonts/type1/public/amsfonts/cm/cmmi12.pfb><C:/Users/mcasu/AppData/Local/Programs/MiKTeX/fonts/type1/public/amsfonts/cm/cmmi6.pfb><C:/Users/mcasu/AppData/Local/Programs/MiKTeX/fonts/type1/public/amsfonts/cm/cmmi8.pfb><C:/Users/mcasu/AppData/Local/Programs/MiKTeX/fonts/type1/public/amsfonts/cm/cmr10.pfb><C:/Users/mcasu/AppData/Local/Programs/MiKTeX/fonts/type1/public/amsfonts/cm/cmr12.pfb><C:/Users/mcasu/AppData/Local/Programs/MiKTeX/fonts/type1/public/amsfonts/cm/cmr17.pfb><C:/Users/mcasu/AppData/Local/Programs/MiKTeX/fonts/type1/public/amsfonts/cm/cmr7.pfb><C:/Users/mcasu/AppData/Local/Programs/MiKTeX/fonts/type1/public/amsfonts/cm/cmr8.pfb><C:/Users/mcasu/AppData/Local/Programs/MiKTeX/fonts/type1/public/amsfonts/cm/cmsy10.pfb><C:/Users/mcasu/AppData/Local/Programs/MiKTeX/fonts/type1/public/amsfonts/cm/cmsy8.pfb><C:/Users/mcasu/AppData/Local/Programs/MiKTeX/fonts/type1/public/amsfonts/cm/cmti12.pfb><C:/Users/mcasu/AppData/Local/Programs/MiKTeX/fonts/type1/public/amsfonts/cm/cmtt12.pfb><C:/Users/mcasu/AppData/Local/Programs/MiKTeX/fonts/type1/public/amsfonts/symbols/msbm10.pfb>
Output written on "Reti di Elaboratori.pdf" (57 pages, 4014030 bytes).
PDF statistics:
 1228 PDF objects out of 1440 (max. 8388607)
 156 named destinations out of 1000 (max. 500000)
 712 words of extra memory for PDF output out of 10000 (max. 10000000)

