\BOOKMARK [0][-]{chapter.1}{\376\377\000A\000u\000t\000o\000m\000i}{}% 1
\BOOKMARK [1][-]{section.1.1}{\376\377\000L\000i\000n\000g\000u\000a\000g\000g\000i\000\040\000R\000e\000g\000o\000l\000a\000r\000i}{chapter.1}% 2
\BOOKMARK [2][-]{subsection.1.1.1}{\376\377\000E\000s\000e\000m\000p\000i\000\040\000d\000i\000\040\000D\000F\000A}{section.1.1}% 3
\BOOKMARK [1][-]{section.1.2}{\376\377\000O\000p\000e\000r\000a\000z\000i\000o\000n\000i\000\040\000s\000u\000i\000\040\000L\000i\000n\000g\000u\000a\000g\000g\000i}{chapter.1}% 4
\BOOKMARK [1][-]{section.1.3}{\376\377\000N\000o\000n\000\040\000D\000e\000t\000e\000r\000m\000i\000n\000i\000s\000m\000o}{chapter.1}% 5
\BOOKMARK [1][-]{section.1.4}{\376\377\000E\000s\000p\000r\000e\000s\000s\000i\000o\000n\000i\000\040\000R\000e\000g\000o\000l\000a\000r\000i}{chapter.1}% 6
\BOOKMARK [2][-]{subsection.1.4.1}{\376\377\000E\000s\000e\000m\000p\000i}{section.1.4}% 7
\BOOKMARK [1][-]{section.1.5}{\376\377\000L\000i\000n\000g\000u\000a\000g\000g\000i\000\040\000n\000o\000n\000\040\000r\000e\000g\000o\000l\000a\000r\000i}{chapter.1}% 8
\BOOKMARK [2][-]{subsection.1.5.1}{\376\377\000I\000l\000\040\000P\000u\000m\000p\000i\000n\000g\000\040\000L\000e\000m\000m\000a\000\040\000p\000e\000r\000\040\000i\000\040\000L\000i\000n\000g\000u\000a\000g\000g\000i\000\040\000R\000e\000g\000o\000l\000a\000r\000i}{section.1.5}% 9
\BOOKMARK [1][-]{section.1.6}{\376\377\000G\000r\000a\000m\000m\000a\000t\000i\000c\000h\000e\000\040\000A\000c\000o\000n\000t\000e\000s\000t\000u\000a\000l\000i}{chapter.1}% 10
\BOOKMARK [2][-]{subsection.1.6.1}{\376\377\000F\000o\000r\000m\000a\000\040\000N\000o\000r\000m\000a\000l\000e}{section.1.6}% 11
\BOOKMARK [1][-]{section.1.7}{\376\377\000P\000u\000s\000h\000\040\000D\000o\000w\000n\000\040\000A\000u\000t\000o\000m\000a\000t\000a}{chapter.1}% 12
\BOOKMARK [2][-]{subsection.1.7.1}{\376\377\000E\000s\000e\000m\000p\000i}{section.1.7}% 13
\BOOKMARK [2][-]{subsection.1.7.2}{\376\377\000P\000D\000A\000\040\000e\000\040\000L\000i\000n\000g\000u\000a\000g\000g\000i\000\040\000A\000c\000o\000n\000t\000e\000s\000t\000u\000a\000l\000i}{section.1.7}% 14
\BOOKMARK [2][-]{subsection.1.7.3}{\376\377\000I\000l\000\040\000P\000u\000m\000p\000i\000n\000g\000\040\000L\000e\000m\000m\000a\000\040\000p\000e\000r\000\040\000l\000e\000\040\000G\000r\000a\000m\000m\000a\000t\000i\000c\000h\000e\000\040\000A\000c\000o\000n\000t\000e\000s\000t\000u\000a\000l\000i}{section.1.7}% 15
\BOOKMARK [2][-]{subsection.1.7.4}{\376\377\000E\000s\000e\000r\000c\000i\000z\000i\000\040\000e\000d\000\040\000U\000l\000t\000i\000m\000e\000\040\000P\000r\000o\000p\000r\000i\000e\000t\000\340\000\040\000s\000u\000l\000l\000e\000\040\000C\000F\000G}{section.1.7}% 16
\BOOKMARK [0][-]{chapter.2}{\376\377\000C\000a\000l\000c\000o\000l\000a\000b\000i\000l\000i\000t\000\340}{}% 17
\BOOKMARK [1][-]{section.2.1}{\376\377\000M\000a\000c\000c\000h\000i\000n\000a\000\040\000d\000i\000\040\000T\000u\000r\000i\000n\000g}{chapter.2}% 18
\BOOKMARK [2][-]{subsection.2.1.1}{\376\377\000E\000s\000e\000m\000p\000i\000\040\000d\000i\000\040\000T\000M}{section.2.1}% 19
\BOOKMARK [2][-]{subsection.2.1.2}{\376\377\000T\000M\000\040\000m\000u\000l\000t\000i\000\040\000n\000a\000s\000t\000r\000o}{section.2.1}% 20
\BOOKMARK [2][-]{subsection.2.1.3}{\376\377\000T\000M\000\040\000n\000o\000n\000\040\000d\000e\000t\000e\000r\000m\000i\000n\000i\000s\000t\000i\000c\000h\000e}{section.2.1}% 21
\BOOKMARK [2][-]{subsection.2.1.4}{\376\377\000L\000'\000E\000n\000u\000m\000e\000r\000a\000t\000o\000r\000e}{section.2.1}% 22
\BOOKMARK [1][-]{section.2.2}{\376\377\000D\000e\000c\000i\000d\000i\000b\000i\000l\000i\000t\000\340\000\040\000d\000e\000i\000\040\000L\000i\000n\000g\000u\000a\000g\000g\000i}{chapter.2}% 23
\BOOKMARK [1][-]{section.2.3}{\376\377\000L\000i\000n\000g\000u\000a\000g\000g\000i\000\040\000n\000o\000n\000\040\000D\000e\000c\000i\000d\000i\000b\000i\000l\000i}{chapter.2}% 24
\BOOKMARK [2][-]{subsection.2.3.1}{\376\377\000M\000a\000c\000c\000h\000i\000n\000a\000\040\000d\000i\000\040\000T\000u\000r\000i\000n\000g\000\040\000U\000n\000i\000v\000e\000r\000s\000a\000l\000e}{section.2.3}% 25
\BOOKMARK [2][-]{subsection.2.3.2}{\376\377\000D\000i\000a\000g\000o\000n\000a\000l\000i\000z\000z\000a\000z\000i\000o\000n\000e}{section.2.3}% 26
\BOOKMARK [1][-]{section.2.4}{\376\377\000R\000i\000d\000u\000c\000i\000b\000i\000l\000i\000t\000\340}{chapter.2}% 27
\BOOKMARK [2][-]{subsection.2.4.1}{\376\377\000A\000p\000p\000l\000i\000c\000a\000z\000i\000o\000n\000i\000\040\000d\000e\000l\000l\000a\000\040\000R\000i\000d\000u\000c\000i\000b\000i\000l\000i\000t\000\340}{section.2.4}% 28
\BOOKMARK [1][-]{section.2.5}{\376\377\000I\000\040\000T\000e\000o\000r\000e\000m\000i\000\040\000d\000i\000\040\000I\000n\000c\000o\000m\000p\000l\000e\000t\000e\000z\000z\000a}{chapter.2}% 29
\BOOKMARK [0][-]{chapter.3}{\376\377\000C\000o\000m\000p\000l\000e\000s\000s\000i\000t\000\340}{}% 30
\BOOKMARK [1][-]{section.3.1}{\376\377\000C\000l\000a\000s\000s\000i\000\040\000d\000i\000\040\000C\000o\000m\000p\000l\000e\000s\000s\000i\000t\000\340}{chapter.3}% 31
\BOOKMARK [1][-]{section.3.2}{\376\377\000S\000o\000d\000d\000i\000s\000f\000a\000c\000i\000b\000i\000l\000i\000t\000\340}{chapter.3}% 32
