\BOOKMARK [0][-]{chapter.1}{\376\377\000I\000n\000t\000r\000o\000d\000u\000z\000i\000o\000n\000e}{}% 1
\BOOKMARK [1][-]{section.1.1}{\376\377\000I\000l\000\040\000m\000e\000t\000o\000d\000o\000\040\000s\000c\000i\000e\000n\000t\000i\000f\000i\000c\000o}{chapter.1}% 2
\BOOKMARK [1][-]{section.1.2}{\376\377\000S\000p\000o\000s\000t\000a\000m\000e\000n\000t\000o\000,\000\040\000V\000e\000l\000o\000c\000i\000t\000\340\000\040\000e\000\040\000G\000r\000a\000n\000d\000e\000z\000z\000e\000\040\000F\000i\000s\000i\000c\000h\000e}{chapter.1}% 3
\BOOKMARK [0][-]{chapter.2}{\376\377\000C\000i\000n\000e\000m\000a\000t\000i\000c\000a}{}% 4
\BOOKMARK [1][-]{section.2.1}{\376\377\000I\000\040\000M\000o\000t\000i}{chapter.2}% 5
\BOOKMARK [2][-]{subsection.2.1.1}{\376\377\000R\000e\000t\000t\000i\000l\000i\000n\000e\000o\000\040\000U\000n\000i\000f\000o\000r\000m\000e}{section.2.1}% 6
\BOOKMARK [2][-]{subsection.2.1.2}{\376\377\000U\000n\000i\000f\000o\000r\000m\000e\000m\000e\000n\000t\000e\000\040\000A\000c\000c\000e\000l\000e\000r\000a\000t\000o}{section.2.1}% 7
\BOOKMARK [2][-]{subsection.2.1.3}{\376\377\000C\000a\000d\000u\000t\000a\000\040\000d\000e\000i\000\040\000G\000r\000a\000v\000i}{section.2.1}% 8
\BOOKMARK [2][-]{subsection.2.1.4}{\376\377\000M\000o\000t\000o\000\040\000d\000e\000l\000\040\000P\000r\000o\000i\000e\000t\000t\000i\000l\000e}{section.2.1}% 9
\BOOKMARK [2][-]{subsection.2.1.5}{\376\377\000M\000o\000t\000o\000\040\000C\000i\000r\000c\000o\000l\000a\000r\000e\000\040\000U\000n\000i\000f\000o\000r\000m\000e}{section.2.1}% 10
\BOOKMARK [2][-]{subsection.2.1.6}{\376\377\000M\000o\000t\000o\000\040\000A\000r\000m\000o\000n\000i\000c\000o}{section.2.1}% 11
\BOOKMARK [1][-]{section.2.2}{\376\377\000M\000o\000t\000i\000\040\000R\000e\000l\000a\000t\000i\000v\000i}{chapter.2}% 12
\BOOKMARK [1][-]{section.2.3}{\376\377\000E\000s\000e\000r\000c\000i\000z\000i\000\040\000s\000u\000l\000\040\000P\000u\000n\000t\000o\000\040\000M\000a\000t\000e\000r\000i\000a\000l\000e}{chapter.2}% 13
\BOOKMARK [0][-]{chapter.3}{\376\377\000D\000i\000n\000a\000m\000i\000c\000a}{}% 14
\BOOKMARK [1][-]{section.3.1}{\376\377\000F\000o\000r\000z\000e}{chapter.3}% 15
\BOOKMARK [2][-]{subsection.3.1.1}{\376\377\000F\000o\000r\000z\000a\000\040\000E\000l\000a\000s\000t\000i\000c\000a}{section.3.1}% 16
\BOOKMARK [2][-]{subsection.3.1.2}{\376\377\000R\000e\000a\000z\000i\000o\000n\000e\000\040\000N\000o\000r\000m\000a\000l\000e}{section.3.1}% 17
\BOOKMARK [2][-]{subsection.3.1.3}{\376\377\000A\000t\000t\000r\000i\000t\000o}{section.3.1}% 18
\BOOKMARK [1][-]{section.3.2}{\376\377\000I\000m\000p\000u\000l\000s\000o\000\040\000e\000\040\000L\000a\000v\000o\000r\000o}{chapter.3}% 19
\BOOKMARK [2][-]{subsection.3.2.1}{\376\377\000L\000a\000v\000o\000r\000o\000\040\000e\000d\000\040\000E\000n\000e\000r\000g\000i\000a\000\040\000P\000o\000t\000e\000n\000z\000i\000a\000l\000e}{section.3.2}% 20
\BOOKMARK [2][-]{subsection.3.2.2}{\376\377\000F\000o\000r\000z\000e\000\040\000C\000o\000n\000s\000e\000r\000v\000a\000t\000i\000v\000e}{section.3.2}% 21
\BOOKMARK [2][-]{subsection.3.2.3}{\376\377\000P\000o\000t\000e\000n\000z\000a}{section.3.2}% 22
\BOOKMARK [1][-]{section.3.3}{\376\377\000F\000o\000r\000z\000e\000\040\000A\000p\000p\000a\000r\000e\000n\000t\000i}{chapter.3}% 23
\BOOKMARK [1][-]{section.3.4}{\376\377\000M\000o\000m\000e\000n\000t\000o}{chapter.3}% 24
\BOOKMARK [1][-]{section.3.5}{\376\377\000S\000i\000s\000t\000e\000m\000i\000\040\000d\000i\000\040\000P\000u\000n\000t\000i\000\040\000M\000a\000t\000e\000r\000i\000a\000l\000i}{chapter.3}% 25
\BOOKMARK [2][-]{subsection.3.5.1}{\376\377\000U\000r\000t\000i}{section.3.5}% 26
\BOOKMARK [2][-]{subsection.3.5.2}{\376\377\000S\000i\000s\000t\000e\000m\000i\000\040\000C\000o\000n\000t\000i\000n\000u\000i}{section.3.5}% 27
\BOOKMARK [2][-]{subsection.3.5.3}{\376\377\000R\000o\000t\000a\000z\000i\000o\000n\000e\000\040\000d\000i\000\040\000u\000n\000\040\000C\000o\000r\000p\000o\000\040\000R\000i\000g\000i\000d\000o}{section.3.5}% 28
\BOOKMARK [1][-]{section.3.6}{\376\377\000R\000o\000t\000o\000l\000a\000m\000e\000n\000t\000o}{chapter.3}% 29
\BOOKMARK [1][-]{section.3.7}{\376\377\000S\000i\000s\000t\000e\000m\000i\000\040\000E\000q\000u\000i\000v\000a\000l\000e\000n\000t\000i\000\040\000d\000i\000\040\000F\000o\000r\000z\000e}{chapter.3}% 30
\BOOKMARK [1][-]{section.3.8}{\376\377\000E\000s\000e\000r\000c\000i\000z\000i\000\040\000s\000u\000l\000l\000a\000\040\000M\000e\000c\000c\000a\000n\000i\000c\000a}{chapter.3}% 31
\BOOKMARK [1][-]{section.3.9}{\376\377\000F\000l\000u\000i\000d\000i\000\040\000e\000\040\000S\000p\000i\000n\000t\000a\000\040\000d\000i\000\040\000A\000r\000c\000h\000i\000m\000e\000d\000e}{chapter.3}% 32
\BOOKMARK [0][-]{chapter.4}{\376\377\000I\000l\000\040\000C\000a\000m\000p\000o\000\040\000E\000l\000e\000t\000t\000r\000i\000c\000o}{}% 33
\BOOKMARK [1][-]{section.4.1}{\376\377\000L\000a\000\040\000F\000o\000r\000z\000a\000\040\000E\000l\000e\000t\000t\000r\000i\000c\000a}{chapter.4}% 34
\BOOKMARK [2][-]{subsection.4.1.1}{\376\377\000C\000a\000m\000p\000i\000\040\000E\000l\000e\000t\000t\000r\000i\000c\000i\000\040\000N\000o\000t\000i}{section.4.1}% 35
\BOOKMARK [1][-]{section.4.2}{\376\377\000L\000a\000\040\000L\000e\000g\000g\000e\000\040\000d\000i\000\040\000G\000a\000u\000s\000s}{chapter.4}% 36
\BOOKMARK [2][-]{subsection.4.2.1}{\376\377\000A\000l\000c\000u\000n\000e\000\040\000A\000p\000p\000l\000i\000c\000a\000z\000i\000o\000n\000i}{section.4.2}% 37
\BOOKMARK [1][-]{section.4.3}{\376\377\000L\000a\000v\000o\000r\000o\000\040\000e\000\040\000C\000i\000r\000c\000u\000i\000t\000a\000z\000i\000o\000n\000e\000\040\000d\000e\000l\000\040\000C\000a\000m\000p\000o\000\040\000E\000l\000e\000t\000t\000r\000i\000c\000o}{chapter.4}% 38
\BOOKMARK [2][-]{subsection.4.3.1}{\376\377\000C\000a\000l\000c\000o\000l\000o\000\040\000E\000s\000p\000l\000i\000c\000i\000t\000o\000\040\000d\000e\000l\000\040\000P\000o\000t\000e\000n\000z\000i\000a\000l\000e}{section.4.3}% 39
\BOOKMARK [2][-]{subsection.4.3.2}{\376\377\000E\000s\000e\000m\000p\000i}{section.4.3}% 40
\BOOKMARK [1][-]{section.4.4}{\376\377\000C\000o\000n\000d\000u\000t\000t\000o\000r\000i}{chapter.4}% 41
\BOOKMARK [2][-]{subsection.4.4.1}{\376\377\000E\000f\000f\000e\000t\000t\000o\000\040\000d\000e\000l\000l\000e\000\040\000P\000u\000n\000t\000e}{section.4.4}% 42
\BOOKMARK [1][-]{section.4.5}{\376\377\000P\000o\000t\000e\000n\000z\000i\000a\000l\000e\000\040\000e\000\040\000M\000o\000m\000e\000n\000t\000o\000\040\000d\000e\000l\000\040\000D\000i\000p\000o\000l\000o}{chapter.4}% 43
\BOOKMARK [1][-]{section.4.6}{\376\377\000C\000a\000p\000a\000c\000i\000t\000\340\000\040\000d\000e\000i\000\040\000C\000o\000n\000d\000u\000t\000t\000o\000r\000i}{chapter.4}% 44
\BOOKMARK [2][-]{subsection.4.6.1}{\376\377\000C\000o\000n\000d\000e\000n\000s\000a\000t\000o\000r\000i\000\040\000e\000d\000\040\000I\000n\000d\000u\000z\000i\000o\000n\000e\000\040\000C\000o\000m\000p\000l\000e\000t\000a}{section.4.6}% 45
\BOOKMARK [2][-]{subsection.4.6.2}{\376\377\000C\000o\000l\000l\000e\000g\000a\000m\000e\000n\000t\000o\000\040\000d\000i\000\040\000C\000o\000n\000d\000e\000n\000s\000a\000t\000o\000r\000i}{section.4.6}% 46
