\BOOKMARK [0][-]{chapter.1}{\376\377\000P\000a\000r\000a\000l\000l\000e\000l\000i\000s\000m\000o\000\040\000:\000\040\000M\000o\000t\000i\000v\000a\000z\000i\000o\000n\000i}{}% 1
\BOOKMARK [1][-]{section.1.1}{\376\377\000I\000n\000t\000r\000o\000d\000u\000z\000i\000o\000n\000e}{chapter.1}% 2
\BOOKMARK [1][-]{section.1.2}{\376\377\000M\000o\000d\000e\000l\000l\000i\000\040\000d\000i\000\040\000P\000a\000r\000a\000l\000l\000e\000l\000i\000s\000m\000o}{chapter.1}% 3
\BOOKMARK [0][-]{chapter.2}{\376\377\000M\000e\000m\000o\000r\000i\000a\000\040\000D\000i\000s\000t\000r\000i\000b\000u\000i\000t\000a\000\040\000:\000\040\000M\000P\000I}{}% 4
\BOOKMARK [1][-]{section.2.1}{\376\377\000L\000a\000\040\000l\000i\000b\000r\000e\000r\000i\000a\000\040\000O\000p\000e\000n\000M\000p\000i}{chapter.2}% 5
\BOOKMARK [1][-]{section.2.2}{\376\377\000R\000a\000n\000k\000\040\000e\000\040\000C\000o\000m\000u\000n\000i\000c\000a\000z\000i\000o\000n\000e}{chapter.2}% 6
\BOOKMARK [1][-]{section.2.3}{\376\377\000D\000e\000s\000i\000g\000n\000\040\000d\000i\000\040\000P\000r\000o\000g\000r\000a\000m\000m\000i\000\040\000P\000a\000r\000a\000l\000l\000e\000l\000i}{chapter.2}% 7
\BOOKMARK [2][-]{subsection.2.3.1}{\376\377\000P\000a\000t\000t\000e\000r\000n\000\040\000d\000i\000\040\000D\000e\000s\000i\000g\000n\000\040\000P\000a\000r\000a\000l\000l\000e\000l\000o}{section.2.3}% 8
\BOOKMARK [1][-]{section.2.4}{\376\377\000C\000o\000m\000u\000n\000i\000c\000a\000z\000i\000o\000n\000e\000\040\000n\000o\000n\000\040\000B\000l\000o\000c\000c\000a\000n\000t\000e\000\040\000e\000\040\000C\000o\000m\000u\000n\000i\000c\000a\000z\000i\000o\000n\000e\000\040\000C\000o\000l\000l\000e\000t\000t\000i\000v\000a}{chapter.2}% 9
\BOOKMARK [2][-]{subsection.2.4.1}{\376\377\000S\000e\000n\000d\000\040\000e\000\040\000R\000e\000c\000v\000\040\000I\000m\000m\000e\000d\000i\000a\000t\000e}{section.2.4}% 10
\BOOKMARK [2][-]{subsection.2.4.2}{\376\377\000E\000s\000e\000m\000p\000i\000\040\000d\000i\000\040\000A\000p\000p\000l\000i\000c\000a\000z\000i\000o\000n\000e}{section.2.4}% 11
\BOOKMARK [2][-]{subsection.2.4.3}{\376\377\000O\000p\000e\000r\000a\000z\000i\000o\000n\000i\000\040\000C\000o\000l\000l\000e\000t\000t\000i\000v\000e}{section.2.4}% 12
\BOOKMARK [1][-]{section.2.5}{\376\377\000V\000a\000l\000u\000t\000a\000z\000i\000o\000n\000e\000\040\000d\000e\000l\000\040\000T\000e\000m\000p\000o}{chapter.2}% 13
\BOOKMARK [2][-]{subsection.2.5.1}{\376\377\000S\000c\000a\000l\000a\000b\000i\000l\000i\000t\000\340\000\040\000F\000o\000r\000t\000e\000\040\000e\000\040\000S\000c\000a\000l\000a\000b\000i\000l\000i\000t\000\340\000\040\000D\000e\000b\000o\000l\000e}{section.2.5}% 14
\BOOKMARK [1][-]{section.2.6}{\376\377\000O\000p\000e\000r\000a\000z\000i\000o\000n\000i\000\040\000s\000u\000\040\000V\000e\000t\000t\000o\000r\000i\000\040\000e\000\040\000M\000a\000t\000r\000i\000c\000i}{chapter.2}% 15
\BOOKMARK [2][-]{subsection.2.6.1}{\376\377\000S\000c\000a\000t\000t\000e\000r\000\040\000e\000\040\000G\000a\000t\000h\000e\000r}{section.2.6}% 16
\BOOKMARK [2][-]{subsection.2.6.2}{\376\377\000U\000l\000t\000i\000m\000e\000\040\000C\000o\000l\000l\000e\000t\000t\000i\000v\000e\000\040\000d\000i\000\040\000t\000i\000p\000o\000\040\000"\000A\000l\000l\000"}{section.2.6}% 17
\BOOKMARK [1][-]{section.2.7}{\376\377\000T\000i\000p\000i\000\040\000d\000i\000\040\000D\000a\000t\000o\000\040\000C\000u\000s\000t\000o\000m}{chapter.2}% 18
\BOOKMARK [0][-]{chapter.3}{\376\377\000M\000e\000m\000o\000r\000i\000a\000\040\000C\000o\000n\000d\000i\000v\000i\000s\000a\000\040\000:\000\040\000P\000o\000s\000i\000x\000\040\000T\000h\000r\000e\000a\000d\000s}{}% 19
\BOOKMARK [1][-]{section.3.1}{\376\377\000I\000n\000t\000r\000o\000d\000u\000z\000i\000o\000n\000e\000\040\000a\000i\000\040\000T\000h\000r\000e\000a\000d}{chapter.3}% 20
\BOOKMARK [2][-]{subsection.3.1.1}{\376\377\000P\000r\000o\000d\000o\000t\000t\000o\000\040\000M\000a\000t\000r\000i\000c\000e\000-\000V\000e\000t\000t\000o\000r\000e\000\040\000c\000o\000n\000\040\000P\000t\000h\000r\000e\000a\000d}{section.3.1}% 21
\BOOKMARK [1][-]{section.3.2}{\376\377\000S\000e\000z\000i\000o\000n\000i\000\040\000C\000r\000i\000t\000i\000c\000h\000e}{chapter.3}% 22
\BOOKMARK [2][-]{subsection.3.2.1}{\376\377\000B\000u\000s\000y\000\040\000W\000a\000i\000t\000i\000n\000g\000\040\000e\000\040\000M\000u\000t\000e\000x}{section.3.2}% 23
\BOOKMARK [2][-]{subsection.3.2.2}{\376\377\000S\000e\000m\000a\000f\000o\000r\000i\000,\000\040\000B\000a\000r\000r\000i\000e\000r\000e\000\040\000e\000\040\000V\000a\000r\000i\000a\000b\000i\000l\000i\000\040\000d\000i\000\040\000C\000o\000n\000d\000i\000z\000i\000o\000n\000e}{section.3.2}% 24
\BOOKMARK [2][-]{subsection.3.2.3}{\376\377\000S\000t\000i\000m\000a\000\040\000d\000i\000\040\000\040\000c\000o\000n\000\040\000P\000t\000h\000r\000e\000a\000d}{section.3.2}% 25
\BOOKMARK [1][-]{section.3.3}{\376\377\000R\000e\000a\000d\000-\000W\000r\000i\000t\000e\000\040\000L\000o\000c\000k}{chapter.3}% 26
\BOOKMARK [1][-]{section.3.4}{\376\377\000F\000u\000n\000z\000i\000o\000n\000i\000\040\000T\000h\000r\000e\000a\000d\000-\000S\000a\000f\000e}{chapter.3}% 27
\BOOKMARK [1][-]{section.3.5}{\376\377\000C\000o\000m\000b\000i\000n\000a\000z\000i\000o\000n\000e\000\040\000d\000i\000\040\000T\000h\000r\000e\000a\000d\000\040\000e\000d\000\040\000M\000P\000I}{chapter.3}% 28
\BOOKMARK [2][-]{subsection.3.5.1}{\376\377\000T\000h\000r\000e\000a\000d\000\040\000P\000i\000n\000n\000i\000n\000g}{section.3.5}% 29
\BOOKMARK [0][-]{chapter.4}{\376\377\000R\000i\000c\000h\000i\000a\000m\000o\000\040\000d\000i\000\040\000A\000r\000c\000h\000i\000t\000e\000t\000t\000u\000r\000e}{}% 30
\BOOKMARK [1][-]{section.4.1}{\376\377\000C\000a\000c\000h\000i\000n\000g}{chapter.4}% 31
\BOOKMARK [2][-]{subsection.4.1.1}{\376\377\000L\000i\000v\000e\000l\000l\000i\000\040\000d\000e\000l\000l\000a\000\040\000C\000a\000c\000h\000e}{section.4.1}% 32
\BOOKMARK [1][-]{section.4.2}{\376\377\000L\000a\000\040\000C\000a\000c\000h\000e\000\040\000n\000e\000i\000\040\000S\000i\000s\000t\000e\000m\000i\000\040\000M\000u\000l\000t\000i\000c\000o\000r\000e}{chapter.4}% 33
\BOOKMARK [2][-]{subsection.4.2.1}{\376\377\000F\000a\000l\000s\000e\000\040\000S\000h\000a\000r\000i\000n\000g}{section.4.2}% 34
\BOOKMARK [2][-]{subsection.4.2.2}{\376\377\000O\000r\000g\000a\000n\000i\000z\000z\000a\000z\000i\000o\000n\000e\000\040\000d\000e\000l\000l\000a\000\040\000M\000e\000m\000o\000r\000i\000a}{section.4.2}% 35
\BOOKMARK [0][-]{chapter.5}{\376\377\000G\000e\000s\000t\000i\000o\000n\000e\000\040\000d\000e\000i\000\040\000T\000h\000r\000e\000a\000d\000\040\000:\000\040\000O\000p\000e\000n\000M\000P}{}% 36
\BOOKMARK [1][-]{section.5.1}{\376\377\000D\000i\000r\000e\000t\000t\000i\000v\000e\000\040\000p\000r\000a\000g\000m\000a}{chapter.5}% 37
