This is pdfTeX, Version 3.141592653-2.6-1.40.26 (MiKTeX 24.4) (preloaded format=pdflatex 2024.11.2)  9 NOV 2024 16:42
entering extended mode
 restricted \write18 enabled.
 file:line:error style messages enabled.
 %&-line parsing enabled.
**"c:/Users/mcasu/OneDrive/Desktop/University_notes/Terzo Anno/Programmazione di Sistemi Multicore/letexSrcFile/Programmazione di Sistemi Multicore.tex"
(c:/Users/mcasu/OneDrive/Desktop/University_notes/Terzo Anno/Programmazione di Sistemi Multicore/letexSrcFile/Programmazione di Sistemi Multicore.tex
LaTeX2e <2024-06-01> patch level 2
L3 programming layer <2024-10-09>
(C:\Users\mcasu\AppData\Local\Programs\MiKTeX\tex/latex/base\report.cls
Document Class: report 2024/02/08 v1.4n Standard LaTeX document class
(C:\Users\mcasu\AppData\Local\Programs\MiKTeX\tex/latex/base\size10.clo
File: size10.clo 2024/02/08 v1.4n Standard LaTeX file (size option)
)
\c@part=\count194
\c@chapter=\count195
\c@section=\count196
\c@subsection=\count197
\c@subsubsection=\count198
\c@paragraph=\count199
\c@subparagraph=\count266
\c@figure=\count267
\c@table=\count268
\abovecaptionskip=\skip49
\belowcaptionskip=\skip50
\bibindent=\dimen141
) (../../../preamble/preamble.tex (C:\Users\mcasu\AppData\Local\Programs\MiKTeX\tex/latex/base\inputenc.sty
Package: inputenc 2024/02/08 v1.3d Input encoding file
\inpenc@prehook=\toks17
\inpenc@posthook=\toks18
) (C:\Program Files\MiKTeX2\tex/latex/pst-vectorian\psvectorian.sty (C:\Users\mcasu\AppData\Local\Programs\MiKTeX\tex/latex/graphics\graphicx.sty
Package: graphicx 2021/09/16 v1.2d Enhanced LaTeX Graphics (DPC,SPQR)
 (C:\Users\mcasu\AppData\Local\Programs\MiKTeX\tex/latex/graphics\keyval.sty
Package: keyval 2022/05/29 v1.15 key=value parser (DPC)
\KV@toks@=\toks19
) (C:\Users\mcasu\AppData\Local\Programs\MiKTeX\tex/latex/graphics\graphics.sty
Package: graphics 2024/05/23 v1.4g Standard LaTeX Graphics (DPC,SPQR)
 (C:\Users\mcasu\AppData\Local\Programs\MiKTeX\tex/latex/graphics\trig.sty
Package: trig 2023/12/02 v1.11 sin cos tan (DPC)
) (C:\Users\mcasu\AppData\Local\Programs\MiKTeX\tex/latex/graphics-cfg\graphics.cfg
File: graphics.cfg 2016/06/04 v1.11 sample graphics configuration
)
Package graphics Info: Driver file: pdftex.def on input line 106.
 (C:\Users\mcasu\AppData\Local\Programs\MiKTeX\tex/latex/graphics-def\pdftex.def
File: pdftex.def 2024/04/13 v1.2c Graphics/color driver for pdftex
))
\Gin@req@height=\dimen142
\Gin@req@width=\dimen143
) (C:\Program Files\MiKTeX2\tex/latex/pstricks\pstricks.sty
Package: pstricks 2024/02/02 v0.75 LaTeX wrapper for `PSTricks' (RN,HV)
 (C:\Users\mcasu\AppData\Local\Programs\MiKTeX\tex/generic/iftex\iftex.sty
Package: iftex 2022/02/03 v1.0f TeX engine tests
) (C:\Users\mcasu\AppData\Local\Programs\MiKTeX\tex/latex/xcolor\xcolor.sty
Package: xcolor 2024/09/29 v3.02 LaTeX color extensions (UK)
 (C:\Users\mcasu\AppData\Local\Programs\MiKTeX\tex/latex/graphics-cfg\color.cfg
File: color.cfg 2016/01/02 v1.6 sample color configuration
)
Package xcolor Info: Driver file: pdftex.def on input line 274.
 (C:\Users\mcasu\AppData\Local\Programs\MiKTeX\tex/latex/graphics\mathcolor.ltx)
Package xcolor Info: Model `cmy' substituted by `cmy0' on input line 1349.
Package xcolor Info: Model `hsb' substituted by `rgb' on input line 1353.
Package xcolor Info: Model `RGB' extended on input line 1365.
Package xcolor Info: Model `HTML' substituted by `rgb' on input line 1367.
Package xcolor Info: Model `Hsb' substituted by `hsb' on input line 1368.
Package xcolor Info: Model `tHsb' substituted by `hsb' on input line 1369.
Package xcolor Info: Model `HSB' substituted by `hsb' on input line 1370.
Package xcolor Info: Model `Gray' substituted by `gray' on input line 1371.
Package xcolor Info: Model `wave' substituted by `hsb' on input line 1372.
) (C:\Users\mcasu\AppData\Local\Programs\MiKTeX\tex/generic/xkeyval\pst-xkey.tex
File: pst-xkey.tex 2005/11/25 v1.6 PSTricks specialization of xkeyval (HA)
 (C:\Users\mcasu\AppData\Local\Programs\MiKTeX\tex/latex/xkeyval\xkeyval.sty
Package: xkeyval 2022/06/16 v2.9 package option processing (HA)
 (C:\Users\mcasu\AppData\Local\Programs\MiKTeX\tex/generic/xkeyval\xkeyval.tex (C:\Users\mcasu\AppData\Local\Programs\MiKTeX\tex/generic/xkeyval\xkvutils.tex
\XKV@toks=\toks20
\XKV@tempa@toks=\toks21
)
\XKV@depth=\count269
File: xkeyval.tex 2014/12/03 v2.7a key=value parser (HA)
))) (C:\Program Files\MiKTeX2\tex/generic/pstricks\pstricks.tex (C:\Program Files\MiKTeX2\tex/generic/pstricks\pst-fp.tex `pst-fp' v0.06, 2020/11/20 (hv)
\pstFP@xs=\count270
\pstFP@xia=\count271
\pstFP@xib=\count272
\pstFP@xfa=\count273
\pstFP@xfb=\count274
\pstFP@rega=\count275
\pstFP@regb=\count276
\pstFP@regs=\count277
\pstFP@times=\count278
) (C:\Users\mcasu\AppData\Local\Programs\MiKTeX\tex/latex/pgf/utilities\pgffor.sty (C:\Users\mcasu\AppData\Local\Programs\MiKTeX\tex/latex/pgf/utilities\pgfrcs.sty (C:\Users\mcasu\AppData\Local\Programs\MiKTeX\tex/generic/pgf/utilities\pgfutil-common.tex
\pgfutil@everybye=\toks22
\pgfutil@tempdima=\dimen144
\pgfutil@tempdimb=\dimen145
) (C:\Users\mcasu\AppData\Local\Programs\MiKTeX\tex/generic/pgf/utilities\pgfutil-latex.def
\pgfutil@abb=\box52
) (C:\Users\mcasu\AppData\Local\Programs\MiKTeX\tex/generic/pgf/utilities\pgfrcs.code.tex (C:\Users\mcasu\AppData\Local\Programs\MiKTeX\tex/generic/pgf\pgf.revision.tex)
Package: pgfrcs 2023-01-15 v3.1.10 (3.1.10)
)) (C:\Users\mcasu\AppData\Local\Programs\MiKTeX\tex/latex/pgf/utilities\pgfkeys.sty (C:\Users\mcasu\AppData\Local\Programs\MiKTeX\tex/generic/pgf/utilities\pgfkeys.code.tex
\pgfkeys@pathtoks=\toks23
\pgfkeys@temptoks=\toks24
 (C:\Users\mcasu\AppData\Local\Programs\MiKTeX\tex/generic/pgf/utilities\pgfkeyslibraryfiltered.code.tex
\pgfkeys@tmptoks=\toks25
))) (C:\Users\mcasu\AppData\Local\Programs\MiKTeX\tex/latex/pgf/math\pgfmath.sty (C:\Users\mcasu\AppData\Local\Programs\MiKTeX\tex/generic/pgf/math\pgfmath.code.tex (C:\Users\mcasu\AppData\Local\Programs\MiKTeX\tex/generic/pgf/math\pgfmathutil.code.tex
\pgf@x=\dimen146
\pgf@xa=\dimen147
\pgf@xb=\dimen148
\pgf@xc=\dimen149
\pgf@y=\dimen150
\pgf@ya=\dimen151
\pgf@yb=\dimen152
\pgf@yc=\dimen153
\c@pgf@counta=\count279
\c@pgf@countb=\count280
\c@pgf@countc=\count281
\c@pgf@countd=\count282
) (C:\Users\mcasu\AppData\Local\Programs\MiKTeX\tex/generic/pgf/math\pgfmathparser.code.tex
\pgfmath@dimen=\dimen154
\pgfmath@count=\count283
\pgfmath@box=\box53
\pgfmath@toks=\toks26
\pgfmath@stack@operand=\toks27
\pgfmath@stack@operation=\toks28
) (C:\Users\mcasu\AppData\Local\Programs\MiKTeX\tex/generic/pgf/math\pgfmathfunctions.code.tex) (C:\Users\mcasu\AppData\Local\Programs\MiKTeX\tex/generic/pgf/math\pgfmathfunctions.basic.code.tex) (C:\Users\mcasu\AppData\Local\Programs\MiKTeX\tex/generic/pgf/math\pgfmathfunctions.trigonometric.code.tex) (C:\Users\mcasu\AppData\Local\Programs\MiKTeX\tex/generic/pgf/math\pgfmathfunctions.random.code.tex) (C:\Users\mcasu\AppData\Local\Programs\MiKTeX\tex/generic/pgf/math\pgfmathfunctions.comparison.code.tex) (C:\Users\mcasu\AppData\Local\Programs\MiKTeX\tex/generic/pgf/math\pgfmathfunctions.base.code.tex) (C:\Users\mcasu\AppData\Local\Programs\MiKTeX\tex/generic/pgf/math\pgfmathfunctions.round.code.tex) (C:\Users\mcasu\AppData\Local\Programs\MiKTeX\tex/generic/pgf/math\pgfmathfunctions.misc.code.tex) (C:\Users\mcasu\AppData\Local\Programs\MiKTeX\tex/generic/pgf/math\pgfmathfunctions.integerarithmetics.code.tex) (C:\Users\mcasu\AppData\Local\Programs\MiKTeX\tex/generic/pgf/math\pgfmathcalc.code.tex) (C:\Users\mcasu\AppData\Local\Programs\MiKTeX\tex/generic/pgf/math\pgfmathfloat.code.tex
\c@pgfmathroundto@lastzeros=\count284
))) (C:\Users\mcasu\AppData\Local\Programs\MiKTeX\tex/generic/pgf/utilities\pgffor.code.tex
Package: pgffor 2023-01-15 v3.1.10 (3.1.10)
\pgffor@iter=\dimen155
\pgffor@skip=\dimen156
\pgffor@stack=\toks29
\pgffor@toks=\toks30
))
\psLoopIndex=\count285

`PSTricks' v3.20  <2024/07/09> (tvz,hv)
\pst@dima=\dimen157
\pst@dimb=\dimen158
\pst@dimc=\dimen159
\pst@dimd=\dimen160
\pst@dimg=\dimen161
\pst@dimh=\dimen162
\pst@dimm=\dimen163
\pst@dimn=\dimen164
\pst@dimo=\dimen165
\pst@dimp=\dimen166
\pst@hbox=\box54
\pst@ibox=\box55
\pst@boxg=\box56
\pst@cnta=\count286
\pst@cntb=\count287
\pst@cntc=\count288
\pst@cntd=\count289
\pst@cntg=\count290
\pst@cnth=\count291
\pst@cntm=\count292
\pst@cntn=\count293
\pst@cnto=\count294
\pst@cntp=\count295
\@zero=\count296
\pst@toks=\toks31
--- We are running latex or xelatex ---
(C:\Program Files\MiKTeX2\tex/generic/pstricks\pstricks.con) (C:\Program Files\MiKTeX2\tex/generic/pstricks\pstricks-color.tex)
\psunit=\dimen167
\psxunit=\dimen168
\psyunit=\dimen169
\pst@C@@rType=\count297
\pslinewidth=\dimen170
\psk@startLW=\dimen171
\psk@endLW=\dimen172
 (C:\Program Files\MiKTeX2\tex/generic/pstricks\pstricks-arrows.tex
\pshooklength=\dimen173
\pshookwidth=\dimen174
)
\pst@customdefs=\toks32
 (C:\Program Files\MiKTeX2\tex/generic/pstricks\pstricks-dots.tex)
\pslinearc=\dimen175
\pst@symbolStep=\dimen176
\pst@symbolWidth=\dimen177
\pst@symbolLinewidth=\dimen178
\everypsbox=\toks33
\psframesep=\dimen179
\pslabelsep=\dimen180
\sh@wgridXunit=\dimen181
\sh@wgridYunit=\dimen182
\pst@shift=\dimen183
\ps@imagectr=\count298
 (C:\Program Files\MiKTeX2\tex/generic/pstricks\pstricks.con))
File: pstricks.tex 2024/07/09 v3.20 `PSTricks' (tvz,hv)
 (C:\Program Files\MiKTeX2\tex/generic/pstricks\pst-fp.tex `pst-fp' v0.06, 2020/11/20 (hv))
File: pst-fp.tex 2020/11/20 v0.06 `PST-fp' (hv)
)
Package: psvectorian 2012/12/12 v0.4 vector ornaments
) (C:\Users\mcasu\AppData\Local\Programs\MiKTeX\tex/latex/pgfplots\pgfplots.sty (C:\Users\mcasu\AppData\Local\Programs\MiKTeX\tex/generic/pgfplots\pgfplots.revision.tex)
Package: pgfplots 2021/05/15 v1.18.1 Data Visualization (1.18.1)
 (C:\Users\mcasu\AppData\Local\Programs\MiKTeX\tex/latex/pgf/frontendlayer\tikz.sty (C:\Users\mcasu\AppData\Local\Programs\MiKTeX\tex/latex/pgf/basiclayer\pgf.sty
Package: pgf 2023-01-15 v3.1.10 (3.1.10)
 (C:\Users\mcasu\AppData\Local\Programs\MiKTeX\tex/latex/pgf/basiclayer\pgfcore.sty (C:\Users\mcasu\AppData\Local\Programs\MiKTeX\tex/latex/pgf/systemlayer\pgfsys.sty (C:\Users\mcasu\AppData\Local\Programs\MiKTeX\tex/generic/pgf/systemlayer\pgfsys.code.tex
Package: pgfsys 2023-01-15 v3.1.10 (3.1.10)
\pgf@x=\dimen184
\pgf@y=\dimen185
\pgf@xa=\dimen186
\pgf@ya=\dimen187
\pgf@xb=\dimen188
\pgf@yb=\dimen189
\pgf@xc=\dimen190
\pgf@yc=\dimen191
\pgf@xd=\dimen192
\pgf@yd=\dimen193
\w@pgf@writea=\write3
\r@pgf@reada=\read2
\c@pgf@counta=\count299
\c@pgf@countb=\count300
\c@pgf@countc=\count301
\c@pgf@countd=\count302
\t@pgf@toka=\toks34
\t@pgf@tokb=\toks35
\t@pgf@tokc=\toks36
\pgf@sys@id@count=\count303
 (C:\Users\mcasu\AppData\Local\Programs\MiKTeX\tex/generic/pgf/systemlayer\pgf.cfg
File: pgf.cfg 2023-01-15 v3.1.10 (3.1.10)
)
Driver file for pgf: pgfsys-pdftex.def
 (C:\Users\mcasu\AppData\Local\Programs\MiKTeX\tex/generic/pgf/systemlayer\pgfsys-pdftex.def
File: pgfsys-pdftex.def 2023-01-15 v3.1.10 (3.1.10)
 (C:\Users\mcasu\AppData\Local\Programs\MiKTeX\tex/generic/pgf/systemlayer\pgfsys-common-pdf.def
File: pgfsys-common-pdf.def 2023-01-15 v3.1.10 (3.1.10)
))) (C:\Users\mcasu\AppData\Local\Programs\MiKTeX\tex/generic/pgf/systemlayer\pgfsyssoftpath.code.tex
File: pgfsyssoftpath.code.tex 2023-01-15 v3.1.10 (3.1.10)
\pgfsyssoftpath@smallbuffer@items=\count304
\pgfsyssoftpath@bigbuffer@items=\count305
) (C:\Users\mcasu\AppData\Local\Programs\MiKTeX\tex/generic/pgf/systemlayer\pgfsysprotocol.code.tex
File: pgfsysprotocol.code.tex 2023-01-15 v3.1.10 (3.1.10)
)) (C:\Users\mcasu\AppData\Local\Programs\MiKTeX\tex/generic/pgf/basiclayer\pgfcore.code.tex
Package: pgfcore 2023-01-15 v3.1.10 (3.1.10)
 (C:\Users\mcasu\AppData\Local\Programs\MiKTeX\tex/generic/pgf/math\pgfint.code.tex) (C:\Users\mcasu\AppData\Local\Programs\MiKTeX\tex/generic/pgf/basiclayer\pgfcorepoints.code.tex
File: pgfcorepoints.code.tex 2023-01-15 v3.1.10 (3.1.10)
\pgf@picminx=\dimen194
\pgf@picmaxx=\dimen195
\pgf@picminy=\dimen196
\pgf@picmaxy=\dimen197
\pgf@pathminx=\dimen198
\pgf@pathmaxx=\dimen199
\pgf@pathminy=\dimen256
\pgf@pathmaxy=\dimen257
\pgf@xx=\dimen258
\pgf@xy=\dimen259
\pgf@yx=\dimen260
\pgf@yy=\dimen261
\pgf@zx=\dimen262
\pgf@zy=\dimen263
) (C:\Users\mcasu\AppData\Local\Programs\MiKTeX\tex/generic/pgf/basiclayer\pgfcorepathconstruct.code.tex
File: pgfcorepathconstruct.code.tex 2023-01-15 v3.1.10 (3.1.10)
\pgf@path@lastx=\dimen264
\pgf@path@lasty=\dimen265
) (C:\Users\mcasu\AppData\Local\Programs\MiKTeX\tex/generic/pgf/basiclayer\pgfcorepathusage.code.tex
File: pgfcorepathusage.code.tex 2023-01-15 v3.1.10 (3.1.10)
\pgf@shorten@end@additional=\dimen266
\pgf@shorten@start@additional=\dimen267
) (C:\Users\mcasu\AppData\Local\Programs\MiKTeX\tex/generic/pgf/basiclayer\pgfcorescopes.code.tex
File: pgfcorescopes.code.tex 2023-01-15 v3.1.10 (3.1.10)
\pgfpic=\box57
\pgf@hbox=\box58
\pgf@layerbox@main=\box59
\pgf@picture@serial@count=\count306
) (C:\Users\mcasu\AppData\Local\Programs\MiKTeX\tex/generic/pgf/basiclayer\pgfcoregraphicstate.code.tex
File: pgfcoregraphicstate.code.tex 2023-01-15 v3.1.10 (3.1.10)
\pgflinewidth=\dimen268
) (C:\Users\mcasu\AppData\Local\Programs\MiKTeX\tex/generic/pgf/basiclayer\pgfcoretransformations.code.tex
File: pgfcoretransformations.code.tex 2023-01-15 v3.1.10 (3.1.10)
\pgf@pt@x=\dimen269
\pgf@pt@y=\dimen270
\pgf@pt@temp=\dimen271
) (C:\Users\mcasu\AppData\Local\Programs\MiKTeX\tex/generic/pgf/basiclayer\pgfcorequick.code.tex
File: pgfcorequick.code.tex 2023-01-15 v3.1.10 (3.1.10)
) (C:\Users\mcasu\AppData\Local\Programs\MiKTeX\tex/generic/pgf/basiclayer\pgfcoreobjects.code.tex
File: pgfcoreobjects.code.tex 2023-01-15 v3.1.10 (3.1.10)
) (C:\Users\mcasu\AppData\Local\Programs\MiKTeX\tex/generic/pgf/basiclayer\pgfcorepathprocessing.code.tex
File: pgfcorepathprocessing.code.tex 2023-01-15 v3.1.10 (3.1.10)
) (C:\Users\mcasu\AppData\Local\Programs\MiKTeX\tex/generic/pgf/basiclayer\pgfcorearrows.code.tex
File: pgfcorearrows.code.tex 2023-01-15 v3.1.10 (3.1.10)
\pgfarrowsep=\dimen272
) (C:\Users\mcasu\AppData\Local\Programs\MiKTeX\tex/generic/pgf/basiclayer\pgfcoreshade.code.tex
File: pgfcoreshade.code.tex 2023-01-15 v3.1.10 (3.1.10)
\pgf@max=\dimen273
\pgf@sys@shading@range@num=\count307
\pgf@shadingcount=\count308
) (C:\Users\mcasu\AppData\Local\Programs\MiKTeX\tex/generic/pgf/basiclayer\pgfcoreimage.code.tex
File: pgfcoreimage.code.tex 2023-01-15 v3.1.10 (3.1.10)
) (C:\Users\mcasu\AppData\Local\Programs\MiKTeX\tex/generic/pgf/basiclayer\pgfcoreexternal.code.tex
File: pgfcoreexternal.code.tex 2023-01-15 v3.1.10 (3.1.10)
\pgfexternal@startupbox=\box60
) (C:\Users\mcasu\AppData\Local\Programs\MiKTeX\tex/generic/pgf/basiclayer\pgfcorelayers.code.tex
File: pgfcorelayers.code.tex 2023-01-15 v3.1.10 (3.1.10)
) (C:\Users\mcasu\AppData\Local\Programs\MiKTeX\tex/generic/pgf/basiclayer\pgfcoretransparency.code.tex
File: pgfcoretransparency.code.tex 2023-01-15 v3.1.10 (3.1.10)
) (C:\Users\mcasu\AppData\Local\Programs\MiKTeX\tex/generic/pgf/basiclayer\pgfcorepatterns.code.tex
File: pgfcorepatterns.code.tex 2023-01-15 v3.1.10 (3.1.10)
) (C:\Users\mcasu\AppData\Local\Programs\MiKTeX\tex/generic/pgf/basiclayer\pgfcorerdf.code.tex
File: pgfcorerdf.code.tex 2023-01-15 v3.1.10 (3.1.10)
))) (C:\Users\mcasu\AppData\Local\Programs\MiKTeX\tex/generic/pgf/modules\pgfmoduleshapes.code.tex
File: pgfmoduleshapes.code.tex 2023-01-15 v3.1.10 (3.1.10)
\pgfnodeparttextbox=\box61
) (C:\Users\mcasu\AppData\Local\Programs\MiKTeX\tex/generic/pgf/modules\pgfmoduleplot.code.tex
File: pgfmoduleplot.code.tex 2023-01-15 v3.1.10 (3.1.10)
) (C:\Users\mcasu\AppData\Local\Programs\MiKTeX\tex/latex/pgf/compatibility\pgfcomp-version-0-65.sty
Package: pgfcomp-version-0-65 2023-01-15 v3.1.10 (3.1.10)
\pgf@nodesepstart=\dimen274
\pgf@nodesepend=\dimen275
) (C:\Users\mcasu\AppData\Local\Programs\MiKTeX\tex/latex/pgf/compatibility\pgfcomp-version-1-18.sty
Package: pgfcomp-version-1-18 2023-01-15 v3.1.10 (3.1.10)
)) (C:\Users\mcasu\AppData\Local\Programs\MiKTeX\tex/generic/pgf/frontendlayer/tikz\tikz.code.tex
Package: tikz 2023-01-15 v3.1.10 (3.1.10)
 (C:\Users\mcasu\AppData\Local\Programs\MiKTeX\tex/generic/pgf/libraries\pgflibraryplothandlers.code.tex
File: pgflibraryplothandlers.code.tex 2023-01-15 v3.1.10 (3.1.10)
\pgf@plot@mark@count=\count309
\pgfplotmarksize=\dimen276
)
\tikz@lastx=\dimen277
\tikz@lasty=\dimen278
\tikz@lastxsaved=\dimen279
\tikz@lastysaved=\dimen280
\tikz@lastmovetox=\dimen281
\tikz@lastmovetoy=\dimen282
\tikzleveldistance=\dimen283
\tikzsiblingdistance=\dimen284
\tikz@figbox=\box62
\tikz@figbox@bg=\box63
\tikz@tempbox=\box64
\tikz@tempbox@bg=\box65
\tikztreelevel=\count310
\tikznumberofchildren=\count311
\tikznumberofcurrentchild=\count312
\tikz@fig@count=\count313
 (C:\Users\mcasu\AppData\Local\Programs\MiKTeX\tex/generic/pgf/modules\pgfmodulematrix.code.tex
File: pgfmodulematrix.code.tex 2023-01-15 v3.1.10 (3.1.10)
\pgfmatrixcurrentrow=\count314
\pgfmatrixcurrentcolumn=\count315
\pgf@matrix@numberofcolumns=\count316
)
\tikz@expandcount=\count317
 (C:\Users\mcasu\AppData\Local\Programs\MiKTeX\tex/generic/pgf/frontendlayer/tikz/libraries\tikzlibrarytopaths.code.tex
File: tikzlibrarytopaths.code.tex 2023-01-15 v3.1.10 (3.1.10)
))) (C:\Users\mcasu\AppData\Local\Programs\MiKTeX\tex/generic/pgfplots\pgfplots.code.tex (C:\Users\mcasu\AppData\Local\Programs\MiKTeX\tex/generic/pgfplots\pgfplotscore.code.tex
\t@pgfplots@toka=\toks37
\t@pgfplots@tokb=\toks38
\t@pgfplots@tokc=\toks39
\pgfplots@tmpa=\dimen285
\c@pgfplots@coordindex=\count318
\c@pgfplots@scanlineindex=\count319
 (C:\Users\mcasu\AppData\Local\Programs\MiKTeX\tex/generic/pgfplots/sys\pgfplotssysgeneric.code.tex)) (C:\Users\mcasu\AppData\Local\Programs\MiKTeX\tex/generic/pgfplots/libs\pgfplotslibrary.code.tex) (C:\Users\mcasu\AppData\Local\Programs\MiKTeX\tex/generic/pgfplots/oldpgfcompatib\pgfplotsoldpgfsupp_loader.code.tex (C:\Users\mcasu\AppData\Local\Programs\MiKTeX\tex/generic/pgf/libraries\pgflibraryfpu.code.tex)
Package pgfplots: loading complementary utilities for your pgf version...
\t@pgf@toka=\toks40
\t@pgf@tokb=\toks41
\t@pgf@tokc=\toks42
(C:\Users\mcasu\AppData\Local\Programs\MiKTeX\tex/generic/pgfplots/oldpgfcompatib\pgfplotsoldpgfsupp_pgfutil-common-lists.tex)) (C:\Users\mcasu\AppData\Local\Programs\MiKTeX\tex/generic/pgfplots/util\pgfplotsutil.code.tex (C:\Users\mcasu\AppData\Local\Programs\MiKTeX\tex/generic/pgfplots/liststructure\pgfplotsliststructure.code.tex) (C:\Users\mcasu\AppData\Local\Programs\MiKTeX\tex/generic/pgfplots/liststructure\pgfplotsliststructureext.code.tex) (C:\Users\mcasu\AppData\Local\Programs\MiKTeX\tex/generic/pgfplots/liststructure\pgfplotsarray.code.tex
\c@pgfplotsarray@tmp=\count320
) (C:\Users\mcasu\AppData\Local\Programs\MiKTeX\tex/generic/pgfplots/liststructure\pgfplotsmatrix.code.tex) (C:\Users\mcasu\AppData\Local\Programs\MiKTeX\tex/generic/pgfplots/numtable\pgfplotstableshared.code.tex
\c@pgfplotstable@counta=\count321
\t@pgfplotstable@a=\toks43
) (C:\Users\mcasu\AppData\Local\Programs\MiKTeX\tex/generic/pgfplots/liststructure\pgfplotsdeque.code.tex) (C:\Users\mcasu\AppData\Local\Programs\MiKTeX\tex/generic/pgfplots/util\pgfplotsbinary.code.tex (C:\Users\mcasu\AppData\Local\Programs\MiKTeX\tex/generic/pgfplots/util\pgfplotsbinary.data.code.tex)) (C:\Users\mcasu\AppData\Local\Programs\MiKTeX\tex/generic/pgfplots/util\pgfplotsutil.verb.code.tex) (C:\Users\mcasu\AppData\Local\Programs\MiKTeX\tex/generic/pgfplots/libs\pgflibrarypgfplots.surfshading.code.tex
\c@pgfplotslibrarysurf@no=\count322
 (C:\Users\mcasu\AppData\Local\Programs\MiKTeX\tex/generic/pgfplots/sys\pgflibrarypgfplots.surfshading.pgfsys-pdftex.def))) (C:\Users\mcasu\AppData\Local\Programs\MiKTeX\tex/generic/pgfplots/util\pgfplotscolormap.code.tex (C:\Users\mcasu\AppData\Local\Programs\MiKTeX\tex/generic/pgfplots/util\pgfplotscolor.code.tex)) (C:\Users\mcasu\AppData\Local\Programs\MiKTeX\tex/generic/pgfplots\pgfplotsstackedplots.code.tex) (C:\Users\mcasu\AppData\Local\Programs\MiKTeX\tex/generic/pgfplots\pgfplotsplothandlers.code.tex (C:\Users\mcasu\AppData\Local\Programs\MiKTeX\tex/generic/pgfplots\pgfplotsmeshplothandler.code.tex (C:\Users\mcasu\AppData\Local\Programs\MiKTeX\tex/generic/pgfplots\pgfplotsmeshplotimage.code.tex))) (C:\Users\mcasu\AppData\Local\Programs\MiKTeX\tex/generic/pgfplots\pgfplots.scaling.code.tex) (C:\Users\mcasu\AppData\Local\Programs\MiKTeX\tex/generic/pgfplots\pgfplotscoordprocessing.code.tex) (C:\Users\mcasu\AppData\Local\Programs\MiKTeX\tex/generic/pgfplots\pgfplots.errorbars.code.tex) (C:\Users\mcasu\AppData\Local\Programs\MiKTeX\tex/generic/pgfplots\pgfplots.markers.code.tex) (C:\Users\mcasu\AppData\Local\Programs\MiKTeX\tex/generic/pgfplots\pgfplotsticks.code.tex) (C:\Users\mcasu\AppData\Local\Programs\MiKTeX\tex/generic/pgfplots\pgfplots.paths.code.tex) (C:\Users\mcasu\AppData\Local\Programs\MiKTeX\tex/generic/pgf/frontendlayer/tikz/libraries\tikzlibrarydecorations.code.tex (C:\Users\mcasu\AppData\Local\Programs\MiKTeX\tex/generic/pgf/modules\pgfmoduledecorations.code.tex
\pgfdecoratedcompleteddistance=\dimen286
\pgfdecoratedremainingdistance=\dimen287
\pgfdecoratedinputsegmentcompleteddistance=\dimen288
\pgfdecoratedinputsegmentremainingdistance=\dimen289
\pgf@decorate@distancetomove=\dimen290
\pgf@decorate@repeatstate=\count323
\pgfdecorationsegmentamplitude=\dimen291
\pgfdecorationsegmentlength=\dimen292
)
\tikz@lib@dec@box=\box66
) (C:\Users\mcasu\AppData\Local\Programs\MiKTeX\tex/generic/pgf/frontendlayer/tikz/libraries\tikzlibrarydecorations.pathmorphing.code.tex (C:\Users\mcasu\AppData\Local\Programs\MiKTeX\tex/generic/pgf/libraries/decorations\pgflibrarydecorations.pathmorphing.code.tex)) (C:\Users\mcasu\AppData\Local\Programs\MiKTeX\tex/generic/pgf/frontendlayer/tikz/libraries\tikzlibrarydecorations.pathreplacing.code.tex (C:\Users\mcasu\AppData\Local\Programs\MiKTeX\tex/generic/pgf/libraries/decorations\pgflibrarydecorations.pathreplacing.code.tex)) (C:\Users\mcasu\AppData\Local\Programs\MiKTeX\tex/generic/pgfplots/libs\tikzlibrarypgfplots.contourlua.code.tex)
\pgfplots@numplots=\count324
\pgfplots@xmin@reg=\dimen293
\pgfplots@xmax@reg=\dimen294
\pgfplots@ymin@reg=\dimen295
\pgfplots@ymax@reg=\dimen296
\pgfplots@zmin@reg=\dimen297
\pgfplots@zmax@reg=\dimen298
) (C:\Users\mcasu\AppData\Local\Programs\MiKTeX\tex/generic/pgf/frontendlayer/tikz/libraries\tikzlibraryplotmarks.code.tex
File: tikzlibraryplotmarks.code.tex 2023-01-15 v3.1.10 (3.1.10)
 (C:\Users\mcasu\AppData\Local\Programs\MiKTeX\tex/generic/pgf/libraries\pgflibraryplotmarks.code.tex
File: pgflibraryplotmarks.code.tex 2023-01-15 v3.1.10 (3.1.10)
))) (C:\Program Files\MiKTeX2\tex/latex/fncychap\fncychap.sty
Package: fncychap 2007/07/30 v1.34 LaTeX package (Revised chapters)
\RW=\skip51
\mylen=\skip52
\myhi=\skip53
\px=\skip54
\py=\skip55
\pyy=\skip56
\pxx=\skip57
) (C:\Program Files\MiKTeX2\tex/latex/adjustbox\adjustbox.sty
Package: adjustbox 2022/10/17 v1.3a Adjusting TeX boxes (trim, clip, ...)
 (C:\Program Files\MiKTeX2\tex/latex/adjustbox\adjcalc.sty
Package: adjcalc 2012/05/16 v1.1 Provides advanced setlength with multiple back-ends (calc, etex, pgfmath)
) (C:\Program Files\MiKTeX2\tex/latex/adjustbox\trimclip.sty
Package: trimclip 2020/08/19 v1.2 Trim and clip general TeX material
 (C:\Program Files\MiKTeX2\tex/latex/collectbox\collectbox.sty
Package: collectbox 2022/10/17 v0.4c Collect macro arguments as boxes
\collectedbox=\box67
)
\tc@llx=\dimen299
\tc@lly=\dimen300
\tc@urx=\dimen301
\tc@ury=\dimen302
Package trimclip Info: Using driver 'tc-pdftex.def'.
 (C:\Program Files\MiKTeX2\tex/latex/adjustbox\tc-pdftex.def
File: tc-pdftex.def 2019/01/04 v2.2 Clipping driver for pdftex
))
\adjbox@Width=\dimen303
\adjbox@Height=\dimen304
\adjbox@Depth=\dimen305
\adjbox@Totalheight=\dimen306
\adjbox@pwidth=\dimen307
\adjbox@pheight=\dimen308
\adjbox@pdepth=\dimen309
\adjbox@ptotalheight=\dimen310
 (C:\Program Files\MiKTeX2\tex/latex/ifoddpage\ifoddpage.sty
Package: ifoddpage 2022/10/18 v1.2 Conditionals for odd/even page detection
\c@checkoddpage=\count325
) (C:\Program Files\MiKTeX2\tex/latex/varwidth\varwidth.sty
Package: varwidth 2009/03/30 ver 0.92;  Variable-width minipages
\@vwid@box=\box68
\sift@deathcycles=\count326
\@vwid@loff=\dimen311
\@vwid@roff=\dimen312
)) (C:\Users\mcasu\AppData\Local\Programs\MiKTeX\tex/latex/base\fontenc.sty
Package: fontenc 2021/04/29 v2.0v Standard LaTeX package
) (C:\Users\mcasu\AppData\Local\Programs\MiKTeX\tex/latex/lm\lmodern.sty
Package: lmodern 2015/05/01 v1.6.1 Latin Modern Fonts
LaTeX Font Info:    Overwriting symbol font `operators' in version `normal'
(Font)                  OT1/cmr/m/n --> OT1/lmr/m/n on input line 22.
LaTeX Font Info:    Overwriting symbol font `letters' in version `normal'
(Font)                  OML/cmm/m/it --> OML/lmm/m/it on input line 23.
LaTeX Font Info:    Overwriting symbol font `symbols' in version `normal'
(Font)                  OMS/cmsy/m/n --> OMS/lmsy/m/n on input line 24.
LaTeX Font Info:    Overwriting symbol font `largesymbols' in version `normal'
(Font)                  OMX/cmex/m/n --> OMX/lmex/m/n on input line 25.
LaTeX Font Info:    Overwriting symbol font `operators' in version `bold'
(Font)                  OT1/cmr/bx/n --> OT1/lmr/bx/n on input line 26.
LaTeX Font Info:    Overwriting symbol font `letters' in version `bold'
(Font)                  OML/cmm/b/it --> OML/lmm/b/it on input line 27.
LaTeX Font Info:    Overwriting symbol font `symbols' in version `bold'
(Font)                  OMS/cmsy/b/n --> OMS/lmsy/b/n on input line 28.
LaTeX Font Info:    Overwriting symbol font `largesymbols' in version `bold'
(Font)                  OMX/cmex/m/n --> OMX/lmex/m/n on input line 29.
LaTeX Font Info:    Overwriting math alphabet `\mathbf' in version `normal'
(Font)                  OT1/cmr/bx/n --> OT1/lmr/bx/n on input line 31.
LaTeX Font Info:    Overwriting math alphabet `\mathsf' in version `normal'
(Font)                  OT1/cmss/m/n --> OT1/lmss/m/n on input line 32.
LaTeX Font Info:    Overwriting math alphabet `\mathit' in version `normal'
(Font)                  OT1/cmr/m/it --> OT1/lmr/m/it on input line 33.
LaTeX Font Info:    Overwriting math alphabet `\mathtt' in version `normal'
(Font)                  OT1/cmtt/m/n --> OT1/lmtt/m/n on input line 34.
LaTeX Font Info:    Overwriting math alphabet `\mathbf' in version `bold'
(Font)                  OT1/cmr/bx/n --> OT1/lmr/bx/n on input line 35.
LaTeX Font Info:    Overwriting math alphabet `\mathsf' in version `bold'
(Font)                  OT1/cmss/bx/n --> OT1/lmss/bx/n on input line 36.
LaTeX Font Info:    Overwriting math alphabet `\mathit' in version `bold'
(Font)                  OT1/cmr/bx/it --> OT1/lmr/bx/it on input line 37.
LaTeX Font Info:    Overwriting math alphabet `\mathtt' in version `bold'
(Font)                  OT1/cmtt/m/n --> OT1/lmtt/m/n on input line 38.
) (C:\Program Files\MiKTeX2\tex/latex/enumitem\enumitem.sty
Package: enumitem 2019/06/20 v3.9 Customized lists
\labelindent=\skip58
\enit@outerparindent=\dimen313
\enit@toks=\toks44
\enit@inbox=\box69
\enit@count@id=\count327
\enitdp@description=\count328
) (C:\Program Files\MiKTeX2\tex/latex/moresize\moresize.sty
Package: moresize 1999/07/26 v1.9 (more font sizes)
) (C:\Users\mcasu\AppData\Local\Programs\MiKTeX\tex/latex/hyperref\hyperref.sty
Package: hyperref 2024-07-10 v7.01j Hypertext links for LaTeX
 (C:\Program Files\MiKTeX2\tex/latex/kvsetkeys\kvsetkeys.sty
Package: kvsetkeys 2022-10-05 v1.19 Key value parser (HO)
) (C:\Program Files\MiKTeX2\tex/generic/kvdefinekeys\kvdefinekeys.sty
Package: kvdefinekeys 2019-12-19 v1.6 Define keys (HO)
) (C:\Program Files\MiKTeX2\tex/generic/pdfescape\pdfescape.sty
Package: pdfescape 2019/12/09 v1.15 Implements pdfTeX's escape features (HO)
 (C:\Program Files\MiKTeX2\tex/generic/ltxcmds\ltxcmds.sty
Package: ltxcmds 2023-12-04 v1.26 LaTeX kernel commands for general use (HO)
) (C:\Users\mcasu\AppData\Local\Programs\MiKTeX\tex/generic/pdftexcmds\pdftexcmds.sty
Package: pdftexcmds 2020-06-27 v0.33 Utility functions of pdfTeX for LuaTeX (HO)
 (C:\Program Files\MiKTeX2\tex/generic/infwarerr\infwarerr.sty
Package: infwarerr 2019/12/03 v1.5 Providing info/warning/error messages (HO)
)
Package pdftexcmds Info: \pdf@primitive is available.
Package pdftexcmds Info: \pdf@ifprimitive is available.
Package pdftexcmds Info: \pdfdraftmode found.
)) (C:\Program Files\MiKTeX2\tex/latex/hycolor\hycolor.sty
Package: hycolor 2020-01-27 v1.10 Color options for hyperref/bookmark (HO)
) (C:\Users\mcasu\AppData\Local\Programs\MiKTeX\tex/latex/hyperref\nameref.sty
Package: nameref 2023-11-26 v2.56 Cross-referencing by name of section
 (C:\Program Files\MiKTeX2\tex/latex/refcount\refcount.sty
Package: refcount 2019/12/15 v3.6 Data extraction from label references (HO)
) (C:\Program Files\MiKTeX2\tex/generic/gettitlestring\gettitlestring.sty
Package: gettitlestring 2019/12/15 v1.6 Cleanup title references (HO)
 (C:\Program Files\MiKTeX2\tex/latex/kvoptions\kvoptions.sty
Package: kvoptions 2022-06-15 v3.15 Key value format for package options (HO)
))
\c@section@level=\count329
) (C:\Users\mcasu\AppData\Local\Programs\MiKTeX\tex/latex/etoolbox\etoolbox.sty
Package: etoolbox 2020/10/05 v2.5k e-TeX tools for LaTeX (JAW)
\etb@tempcnta=\count330
) (C:\Program Files\MiKTeX2\tex/generic/stringenc\stringenc.sty
Package: stringenc 2019/11/29 v1.12 Convert strings between diff. encodings (HO)
)
\@linkdim=\dimen314
\Hy@linkcounter=\count331
\Hy@pagecounter=\count332
 (C:\Users\mcasu\AppData\Local\Programs\MiKTeX\tex/latex/hyperref\pd1enc.def
File: pd1enc.def 2024-07-10 v7.01j Hyperref: PDFDocEncoding definition (HO)
Now handling font encoding PD1 ...
... no UTF-8 mapping file for font encoding PD1
) (C:\Program Files\MiKTeX2\tex/generic/intcalc\intcalc.sty
Package: intcalc 2019/12/15 v1.3 Expandable calculations with integers (HO)
)
\Hy@SavedSpaceFactor=\count333
 (C:\Users\mcasu\AppData\Local\Programs\MiKTeX\tex/latex/hyperref\puenc.def
File: puenc.def 2024-07-10 v7.01j Hyperref: PDF Unicode definition (HO)
Now handling font encoding PU ...
... no UTF-8 mapping file for font encoding PU
)
Package hyperref Info: Hyper figures OFF on input line 4157.
Package hyperref Info: Link nesting OFF on input line 4162.
Package hyperref Info: Hyper index ON on input line 4165.
Package hyperref Info: Plain pages OFF on input line 4172.
Package hyperref Info: Backreferencing OFF on input line 4177.
Package hyperref Info: Implicit mode ON; LaTeX internals redefined.
Package hyperref Info: Bookmarks ON on input line 4424.
\c@Hy@tempcnt=\count334
 (C:\Users\mcasu\AppData\Local\Programs\MiKTeX\tex/latex/url\url.sty
\Urlmuskip=\muskip17
Package: url 2013/09/16  ver 3.4  Verb mode for urls, etc.
)
LaTeX Info: Redefining \url on input line 4763.
\XeTeXLinkMargin=\dimen315
 (C:\Program Files\MiKTeX2\tex/generic/bitset\bitset.sty
Package: bitset 2019/12/09 v1.3 Handle bit-vector datatype (HO)
 (C:\Program Files\MiKTeX2\tex/generic/bigintcalc\bigintcalc.sty
Package: bigintcalc 2019/12/15 v1.5 Expandable calculations on big integers (HO)
))
\Fld@menulength=\count335
\Field@Width=\dimen316
\Fld@charsize=\dimen317
Package hyperref Info: Hyper figures OFF on input line 6042.
Package hyperref Info: Link nesting OFF on input line 6047.
Package hyperref Info: Hyper index ON on input line 6050.
Package hyperref Info: backreferencing OFF on input line 6057.
Package hyperref Info: Link coloring OFF on input line 6062.
Package hyperref Info: Link coloring with OCG OFF on input line 6067.
Package hyperref Info: PDF/A mode OFF on input line 6072.
 (C:\Users\mcasu\AppData\Local\Programs\MiKTeX\tex/latex/base\atbegshi-ltx.sty
Package: atbegshi-ltx 2021/01/10 v1.0c Emulation of the original atbegshi
package with kernel methods
)
\Hy@abspage=\count336
\c@Item=\count337
\c@Hfootnote=\count338
)
Package hyperref Info: Driver (autodetected): hpdftex.
 (C:\Users\mcasu\AppData\Local\Programs\MiKTeX\tex/latex/hyperref\hpdftex.def
File: hpdftex.def 2024-07-10 v7.01j Hyperref driver for pdfTeX
 (C:\Users\mcasu\AppData\Local\Programs\MiKTeX\tex/latex/base\atveryend-ltx.sty
Package: atveryend-ltx 2020/08/19 v1.0a Emulation of the original atveryend package
with kernel methods
)
\Fld@listcount=\count339
\c@bookmark@seq@number=\count340
 (C:\Program Files\MiKTeX2\tex/latex/rerunfilecheck\rerunfilecheck.sty
Package: rerunfilecheck 2022-07-10 v1.10 Rerun checks for auxiliary files (HO)
 (C:\Program Files\MiKTeX2\tex/generic/uniquecounter\uniquecounter.sty
Package: uniquecounter 2019/12/15 v1.4 Provide unlimited unique counter (HO)
)
Package uniquecounter Info: New unique counter `rerunfilecheck' on input line 285.
)
\Hy@SectionHShift=\skip59
) (C:\Users\mcasu\AppData\Local\Programs\MiKTeX\tex/latex/listings\listings.sty
\lst@mode=\count341
\lst@gtempboxa=\box70
\lst@token=\toks45
\lst@length=\count342
\lst@currlwidth=\dimen318
\lst@column=\count343
\lst@pos=\count344
\lst@lostspace=\dimen319
\lst@width=\dimen320
\lst@newlines=\count345
\lst@lineno=\count346
\lst@maxwidth=\dimen321
 (C:\Users\mcasu\AppData\Local\Programs\MiKTeX\tex/latex/listings\lstpatch.sty
File: lstpatch.sty 2024/09/23 1.10c (Carsten Heinz)
) (C:\Users\mcasu\AppData\Local\Programs\MiKTeX\tex/latex/listings\lstmisc.sty
File: lstmisc.sty 2024/09/23 1.10c (Carsten Heinz)
\c@lstnumber=\count347
\lst@skipnumbers=\count348
\lst@framebox=\box71
) (C:\Users\mcasu\AppData\Local\Programs\MiKTeX\tex/latex/listings\listings.cfg
File: listings.cfg 2024/09/23 1.10c listings configuration
))
Package: listings 2024/09/23 1.10c (Carsten Heinz)
 (C:\Program Files\MiKTeX2\tex/latex/colortbl\colortbl.sty
Package: colortbl 2024/07/06 v1.0i Color table columns (DPC)
 (C:\Users\mcasu\AppData\Local\Programs\MiKTeX\tex/latex/tools\array.sty
Package: array 2024/06/14 v2.6d Tabular extension package (FMi)
\col@sep=\dimen322
\ar@mcellbox=\box72
\extrarowheight=\dimen323
\NC@list=\toks46
\extratabsurround=\skip60
\backup@length=\skip61
\ar@cellbox=\box73
)
\everycr=\toks47
\minrowclearance=\skip62
\rownum=\count349
)

LaTeX Warning: Package "xcolor" has already been loaded: ignoring load-time
(LaTeX)        option "xcdraw".

(C:\Users\mcasu\AppData\Local\Programs\MiKTeX\tex/latex/amsfonts\amssymb.sty
Package: amssymb 2013/01/14 v3.01 AMS font symbols
 (C:\Users\mcasu\AppData\Local\Programs\MiKTeX\tex/latex/amsfonts\amsfonts.sty
Package: amsfonts 2013/01/14 v3.01 Basic AMSFonts support
\@emptytoks=\toks48
\symAMSa=\mathgroup4
\symAMSb=\mathgroup5
LaTeX Font Info:    Redeclaring math symbol \hbar on input line 98.
LaTeX Font Info:    Overwriting math alphabet `\mathfrak' in version `bold'
(Font)                  U/euf/m/n --> U/euf/b/n on input line 106.
)) (C:\Users\mcasu\AppData\Local\Programs\MiKTeX\tex/latex/amsmath\amsmath.sty
Package: amsmath 2024/05/23 v2.17q AMS math features
\@mathmargin=\skip63

For additional information on amsmath, use the `?' option.
(C:\Users\mcasu\AppData\Local\Programs\MiKTeX\tex/latex/amsmath\amstext.sty
Package: amstext 2021/08/26 v2.01 AMS text
 (C:\Users\mcasu\AppData\Local\Programs\MiKTeX\tex/latex/amsmath\amsgen.sty
File: amsgen.sty 1999/11/30 v2.0 generic functions
\@emptytoks=\toks49
\ex@=\dimen324
)) (C:\Users\mcasu\AppData\Local\Programs\MiKTeX\tex/latex/amsmath\amsbsy.sty
Package: amsbsy 1999/11/29 v1.2d Bold Symbols
\pmbraise@=\dimen325
) (C:\Users\mcasu\AppData\Local\Programs\MiKTeX\tex/latex/amsmath\amsopn.sty
Package: amsopn 2022/04/08 v2.04 operator names
)
\inf@bad=\count350
LaTeX Info: Redefining \frac on input line 233.
\uproot@=\count351
\leftroot@=\count352
LaTeX Info: Redefining \overline on input line 398.
LaTeX Info: Redefining \colon on input line 409.
\classnum@=\count353
\DOTSCASE@=\count354
LaTeX Info: Redefining \ldots on input line 495.
LaTeX Info: Redefining \dots on input line 498.
LaTeX Info: Redefining \cdots on input line 619.
\Mathstrutbox@=\box74
\strutbox@=\box75
LaTeX Info: Redefining \big on input line 721.
LaTeX Info: Redefining \Big on input line 722.
LaTeX Info: Redefining \bigg on input line 723.
LaTeX Info: Redefining \Bigg on input line 724.
\big@size=\dimen326
LaTeX Font Info:    Redeclaring font encoding OML on input line 742.
LaTeX Font Info:    Redeclaring font encoding OMS on input line 743.
\macc@depth=\count355
LaTeX Info: Redefining \bmod on input line 904.
LaTeX Info: Redefining \pmod on input line 909.
LaTeX Info: Redefining \smash on input line 939.
LaTeX Info: Redefining \relbar on input line 969.
LaTeX Info: Redefining \Relbar on input line 970.
\c@MaxMatrixCols=\count356
\dotsspace@=\muskip18
\c@parentequation=\count357
\dspbrk@lvl=\count358
\tag@help=\toks50
\row@=\count359
\column@=\count360
\maxfields@=\count361
\andhelp@=\toks51
\eqnshift@=\dimen327
\alignsep@=\dimen328
\tagshift@=\dimen329
\tagwidth@=\dimen330
\totwidth@=\dimen331
\lineht@=\dimen332
\@envbody=\toks52
\multlinegap=\skip64
\multlinetaggap=\skip65
\mathdisplay@stack=\toks53
LaTeX Info: Redefining \[ on input line 2953.
LaTeX Info: Redefining \] on input line 2954.
) (C:\Users\mcasu\AppData\Local\Programs\MiKTeX\tex/generic/babel\babel.sty
Package: babel 2024/10/20 v24.12 The multilingual framework for pdfLaTeX, LuaLaTeX and XeLaTeX
\babel@savecnt=\count362
\U@D=\dimen333
\l@unhyphenated=\language79
 (C:\Users\mcasu\AppData\Local\Programs\MiKTeX\tex/generic/babel\txtbabel.def)
\bbl@readstream=\read3
\bbl@dirlevel=\count363

*************************************
* Local config file bblopts.cfg used
*
(C:\Users\mcasu\AppData\Local\Programs\MiKTeX\tex/latex/arabi\bblopts.cfg
File: bblopts.cfg 2005/09/08 v0.1 add Arabic and Farsi to "declared" options of babel
) (C:\Program Files\MiKTeX2\tex/latex/babel-italian\italian.ldf
Language: italian 2024/10/10 v.1.5.01 Italian support for the babel system
\it@lettering=\count364
\it@doublequoteactive=\count365
\it@ISOcompliance=\count366
)) (C:\Users\mcasu\AppData\Local\Programs\MiKTeX\tex/generic/babel/locale/it\babel-italian.tex
Package babel Info: Importing font and identification data for italian
(babel)             from babel-it.ini. Reported on input line 11.
) (C:\Program Files\MiKTeX2\tex/latex/units\nicefrac.sty
Package: nicefrac 1998/08/04 v0.9b Nice fractions
\L@UnitsRaiseDisplaystyle=\skip66
\L@UnitsRaiseTextstyle=\skip67
\L@UnitsRaiseScriptstyle=\skip68
 (C:\Users\mcasu\AppData\Local\Programs\MiKTeX\tex/latex/base\ifthen.sty
Package: ifthen 2024/03/16 v1.1e Standard LaTeX ifthen package (DPC)
)) (C:\Program Files\MiKTeX2\tex/latex/xfrac\xfrac.sty
Package: xfrac 2024-06-04 Split-level fractions
\l__xfrac_slash_box=\box76
\l__xfrac_tmp_box=\box77
\l__xfrac_denominator_bot_sep_dim=\dimen334
\l__xfrac_numerator_bot_sep_dim=\dimen335
\l__xfrac_numerator_top_sep_dim=\dimen336
\l__xfrac_slash_left_sep_dim=\dimen337
\l__xfrac_slash_right_sep_dim=\dimen338
\l__xfrac_slash_left_muskip=\muskip19
\l__xfrac_slash_right_muskip=\muskip20

LaTeX template Info: Declaring template type 'xfrac' taking 3 argument(s) on
(template)           line 100.


LaTeX template Info: Declaring instance 'cmr' of type xfrac on line 392.


LaTeX template Info: Declaring instance 'cmss' of type xfrac on line 392.


LaTeX template Info: Declaring instance 'cmtt' of type xfrac on line 392.

) (C:\Program Files\MiKTeX2\tex/latex/jknappen\mathrsfs.sty
Package: mathrsfs 1996/01/01 Math RSFS package v1.0 (jk)
\symrsfs=\mathgroup6
) (C:\Program Files\MiKTeX2\tex/latex/titlesec\titletoc.sty
Package: titletoc 2023/10/27 v2.16 TOC entries
\ttl@leftsep=\dimen339
) (C:\Program Files\MiKTeX2\tex/latex/fancyhdr\fancyhdr.sty
Package: fancyhdr 2024/07/23 v4.3.1 Extensive control of page headers and footers
\f@nch@headwidth=\skip69
\f@nch@O@elh=\skip70
\f@nch@O@erh=\skip71
\f@nch@O@olh=\skip72
\f@nch@O@orh=\skip73
\f@nch@O@elf=\skip74
\f@nch@O@erf=\skip75
\f@nch@O@olf=\skip76
\f@nch@O@orf=\skip77
) (C:\Program Files\MiKTeX2\tex/latex/lipsum\lipsum.sty (C:\Users\mcasu\AppData\Local\Programs\MiKTeX\tex/latex/l3packages/l3keys2e\l3keys2e.sty (C:\Users\mcasu\AppData\Local\Programs\MiKTeX\tex/latex/l3kernel\expl3.sty
Package: expl3 2024-10-09 L3 programming layer (loader) 
 (C:\Users\mcasu\AppData\Local\Programs\MiKTeX\tex/latex/l3backend\l3backend-pdftex.def
File: l3backend-pdftex.def 2024-05-08 L3 backend support: PDF output (pdfTeX)
\l__color_backend_stack_int=\count367
\l__pdf_internal_box=\box78
))
Package: l3keys2e 2024-08-16 LaTeX2e option processing using LaTeX3 keys
)
Package: lipsum 2021-09-20 v2.7 150 paragraphs of Lorem Ipsum dummy text
\g__lipsum_par_int=\count368
\l__lipsum_a_int=\count369
\l__lipsum_b_int=\count370
 (C:\Program Files\MiKTeX2\tex/latex/lipsum\lipsum.ltd.tex)) (C:\Program Files\MiKTeX2\tex/latex/fourier\fourier-orns.sty
Package: fourier-orns 2024/09/08 2.4 fourier-ornaments package
) (C:\Program Files\MiKTeX2\tex/latex/geometry\geometry.sty
Package: geometry 2020/01/02 v5.9 Page Geometry
 (C:\Users\mcasu\AppData\Local\Programs\MiKTeX\tex/generic/iftex\ifvtex.sty
Package: ifvtex 2019/10/25 v1.7 ifvtex legacy package. Use iftex instead.
)
\Gm@cnth=\count371
\Gm@cntv=\count372
\c@Gm@tempcnt=\count373
\Gm@bindingoffset=\dimen340
\Gm@wd@mp=\dimen341
\Gm@odd@mp=\dimen342
\Gm@even@mp=\dimen343
\Gm@layoutwidth=\dimen344
\Gm@layoutheight=\dimen345
\Gm@layouthoffset=\dimen346
\Gm@layoutvoffset=\dimen347
\Gm@dimlist=\toks54
 (C:\Program Files\MiKTeX2\tex/latex/geometry\geometry.cfg)) (C:\Program Files\MiKTeX2\tex/latex/pgf-pie\pgf-pie.sty
Package: pgf-pie 2022/06/14 v0.7 Some LaTeX macros for pie chart by using PGF/Tikz package.
 (C:\Program Files\MiKTeX2\tex/latex/pgf-pie\tikzlibrarypie.code.tex (C:\Program Files\MiKTeX2\tex/latex/carlisle\scalefnt.sty)
\pgfpie@angleEnd=\dimen348
\pgfpie@explodeLength=\count374
\pgfpie@colorLength=\count375
\pgfpie@sliceLength=\count376
)) (C:\Users\mcasu\AppData\Local\Programs\MiKTeX\tex/generic/pgf/frontendlayer/tikz/libraries\tikzlibrarypositioning.code.tex
File: tikzlibrarypositioning.code.tex 2023-01-15 v3.1.10 (3.1.10)
) (C:\Users\mcasu\AppData\Local\Programs\MiKTeX\tex/latex/listings\lstlang1.sty
File: lstlang1.sty 2024/09/23 1.10c listings language file
) (C:\Users\mcasu\AppData\Local\Programs\MiKTeX\tex/latex/listings\lstlang1.sty
File: lstlang1.sty 2024/09/23 1.10c listings language file
) (C:\Users\mcasu\AppData\Local\Programs\MiKTeX\tex/latex/listings\lstmisc.sty
File: lstmisc.sty 2024/09/23 1.10c (Carsten Heinz)
)) (C:\Program Files\MiKTeX2\tex/latex/minted\minted.sty
Package: minted 2024/10/07 v3.1.2 Yet another Pygments shim for LaTeX
 (C:\Program Files\MiKTeX2\tex/generic/catchfile\catchfile.sty
Package: catchfile 2019/12/09 v1.8 Catch the contents of a file (HO)
 (C:\Program Files\MiKTeX2\tex/generic/etexcmds\etexcmds.sty
Package: etexcmds 2019/12/15 v1.7 Avoid name clashes with e-TeX commands (HO)
)) (C:\Program Files\MiKTeX2\tex/latex/fvextra\fvextra.sty
Package: fvextra 2024/09/14 v1.8.0 fvextra - extensions and patches for fancyvrb
 (C:\Program Files\MiKTeX2\tex/latex/fancyvrb\fancyvrb.sty
Package: fancyvrb 2024/01/20 4.5c verbatim text (tvz,hv)
\FV@CodeLineNo=\count377
\FV@InFile=\read4
\FV@TabBox=\box79
\c@FancyVerbLine=\count378
\FV@StepNumber=\count379
\FV@OutFile=\write4
) (C:\Program Files\MiKTeX2\tex/latex/upquote\upquote.sty
Package: upquote 2012/04/19 v1.3 upright-quote and grave-accent glyphs in verbatim
 (C:\Users\mcasu\AppData\Local\Programs\MiKTeX\tex/latex/base\textcomp.sty
Package: textcomp 2024/04/24 v2.1b Standard LaTeX package
)) (C:\Program Files\MiKTeX2\tex/latex/lineno\lineno.sty
Package: lineno 2023/05/20 line numbers on paragraphs v5.3
\linenopenalty=\count380
\output=\toks55
\linenoprevgraf=\count381
\linenumbersep=\dimen349
\linenumberwidth=\dimen350
\c@linenumber=\count382
\c@pagewiselinenumber=\count383
\c@LN@truepage=\count384
\c@internallinenumber=\count385
\c@internallinenumbers=\count386
\quotelinenumbersep=\dimen351
\bframerule=\dimen352
\bframesep=\dimen353
\bframebox=\box80
\linenoamsmath@ams@eqpen=\count387
LaTeX Info: Redefining \\ on input line 3180.
)
\c@FancyVerbWriteLine=\count388
\c@FancyVerbBufferIndex=\count389
\c@FancyVerbBufferLength=\count390
\c@FancyVerbBufferLine=\count391
\c@FV@oldbufferlength=\count392
\c@FV@TrueTabGroupLevel=\count393
\c@FV@TrueTabCounter=\count394
\FV@TabBox@Group=\box81
\FV@TmpLength=\skip78
\c@FV@HighlightLinesStart=\count395
\c@FV@HighlightLinesStop=\count396
\FV@LoopCount=\count397
\FV@NCharsBox=\box82
\FV@BreakIndent=\dimen354
\FV@BreakIndentNChars=\count398
\FV@BreakSymbolSepLeft=\dimen355
\FV@BreakSymbolSepLeftNChars=\count399
\FV@BreakSymbolSepRight=\dimen356
\FV@BreakSymbolSepRightNChars=\count400
\FV@BreakSymbolIndentLeft=\dimen357
\FV@BreakSymbolIndentLeftNChars=\count401
\FV@BreakSymbolIndentRight=\dimen358
\FV@BreakSymbolIndentRightNChars=\count402
\c@FancyVerbLineBreakLast=\count403
\FV@LineBox=\box83
\FV@LineIndentBox=\box84
\c@FV@BreakBufferDepth=\count404
\FV@LineWidth=\dimen359
) (C:\Program Files\MiKTeX2\tex/latex/latex2pydata\latex2pydata.sty
Package: latex2pydata 2024/05/16 v0.2.0 latex2pydata - write data to file in Python literal format
\c@pydata@bufferindex=\count405
\c@pydata@defaultbufferlength=\count406
) (C:\Program Files\MiKTeX2\tex/latex/pgfopts\pgfopts.sty
Package: pgfopts 2014/07/10 v2.1a LaTeX package options with pgfkeys
\pgfopts@list@add@a@toks=\toks56
\pgfopts@list@add@b@toks=\toks57
) (C:\Users\mcasu\AppData\Local\Programs\MiKTeX\tex/latex/tools\shellesc.sty
Package: shellesc 2023/07/08 v1.0d unified shell escape interface for LaTeX
Package shellesc Info: Restricted shell escape enabled on input line 77.
) (C:\Program Files\MiKTeX2\tex/latex/float\float.sty
Package: float 2001/11/08 v1.3d Float enhancements (AL)
\c@float@type=\count407
\float@exts=\toks58
\float@box=\box85
\@float@everytoks=\toks59
\@floatcapt=\box86
)
\c@minted@tmpcnt=\count408
\c@minted@tmpcodebufferlength=\count409
\c@minted@numcachefiles=\count410
\c@minted@FancyVerbLineTemp=\count411
\@float@every@listing=\toks60
\c@listing=\count412
)
LaTeX Font Info:    Trying to load font information for T1+lmr on input line 10.
 (C:\Users\mcasu\AppData\Local\Programs\MiKTeX\tex/latex/lm\t1lmr.fd
File: t1lmr.fd 2015/05/01 v1.6.1 Font defs for Latin Modern
) (Programmazione di Sistemi Multicore.aux)
\openout1 = `"Programmazione di Sistemi Multicore.aux"'.

LaTeX Font Info:    Checking defaults for OML/cmm/m/it on input line 10.
LaTeX Font Info:    ... okay on input line 10.
LaTeX Font Info:    Checking defaults for OMS/cmsy/m/n on input line 10.
LaTeX Font Info:    ... okay on input line 10.
LaTeX Font Info:    Checking defaults for OT1/cmr/m/n on input line 10.
LaTeX Font Info:    ... okay on input line 10.
LaTeX Font Info:    Checking defaults for T1/cmr/m/n on input line 10.
LaTeX Font Info:    ... okay on input line 10.
LaTeX Font Info:    Checking defaults for TS1/cmr/m/n on input line 10.
LaTeX Font Info:    ... okay on input line 10.
LaTeX Font Info:    Checking defaults for OMX/cmex/m/n on input line 10.
LaTeX Font Info:    ... okay on input line 10.
LaTeX Font Info:    Checking defaults for U/cmr/m/n on input line 10.
LaTeX Font Info:    ... okay on input line 10.
LaTeX Font Info:    Checking defaults for PD1/pdf/m/n on input line 10.
LaTeX Font Info:    ... okay on input line 10.
LaTeX Font Info:    Checking defaults for PU/pdf/m/n on input line 10.
LaTeX Font Info:    ... okay on input line 10.
 (C:\Users\mcasu\AppData\Local\Programs\MiKTeX\tex/context/base/mkii\supp-pdf.mkii
[Loading MPS to PDF converter (version 2006.09.02).]
\scratchcounter=\count413
\scratchdimen=\dimen360
\scratchbox=\box87
\nofMPsegments=\count414
\nofMParguments=\count415
\everyMPshowfont=\toks61
\MPscratchCnt=\count416
\MPscratchDim=\dimen361
\MPnumerator=\count417
\makeMPintoPDFobject=\count418
\everyMPtoPDFconversion=\toks62
) (C:\Users\mcasu\AppData\Local\Programs\MiKTeX\tex/latex/epstopdf-pkg\epstopdf-base.sty
Package: epstopdf-base 2020-01-24 v2.11 Base part for package epstopdf
Package epstopdf-base Info: Redefining graphics rule for `.eps' on input line 485.
 (C:\Users\mcasu\AppData\Local\Programs\MiKTeX\tex/latex/00miktex\epstopdf-sys.cfg
File: epstopdf-sys.cfg 2021/03/18 v2.0 Configuration of epstopdf for MiKTeX
))

Package pgfplots Warning: running in backwards compatibility mode (unsuitable tick labels; missing features). Consider writing \pgfplotsset{compat=1.18} into your preamble.
 on input line 10.

Package hyperref Info: Link coloring OFF on input line 10.
(Programmazione di Sistemi Multicore.out) (Programmazione di Sistemi Multicore.out)
\@outlinefile=\write5
\openout5 = `"Programmazione di Sistemi Multicore.out"'.

\c@lstlisting=\count419
LaTeX Info: Redefining \it@ocap on input line 10.
LaTeX Info: Redefining \it@ccap on input line 10.

*geometry* driver: auto-detecting
*geometry* detected driver: pdftex
*geometry* verbose mode - [ preamble ] result:
* driver: pdftex
* paper: a4paper
* layout: <same size as paper>
* layoutoffset:(h,v)=(0.0pt,0.0pt)
* modes: 
* h-part:(L,W,R)=(71.13188pt, 455.24411pt, 71.13188pt)
* v-part:(T,H,B)=(71.13188pt, 702.78308pt, 71.13188pt)
* \paperwidth=597.50787pt
* \paperheight=845.04684pt
* \textwidth=455.24411pt
* \textheight=702.78308pt
* \oddsidemargin=-1.1381pt
* \evensidemargin=-1.1381pt
* \topmargin=-38.1381pt
* \headheight=12.0pt
* \headsep=25.0pt
* \topskip=10.0pt
* \footskip=30.0pt
* \marginparwidth=65.0pt
* \marginparsep=11.0pt
* \columnsep=10.0pt
* \skip\footins=9.0pt plus 4.0pt minus 2.0pt
* \hoffset=0.0pt
* \voffset=0.0pt
* \mag=1000
* \@twocolumnfalse
* \@twosidefalse
* \@mparswitchfalse
* \@reversemarginfalse
* (1in=72.27pt=25.4mm, 1cm=28.453pt)

LaTeX Font Info:    Trying to load font information for U+futs on input line 22.
(C:\Program Files\MiKTeX2\tex/latex/fourier\ufuts.fd
File: ufuts.fd 2024/07/22 Fontinst v1.933 font definitions for U/futs.
)
<images/copertina.jpeg, id=134, 2055.68pt x 2055.68pt>
File: images/copertina.jpeg Graphic file (type jpg)
<use images/copertina.jpeg>
Package pdftex.def Info: images/copertina.jpeg  used on input line 30.
(pdftex.def)             Requested size: 455.24411pt x 455.23088pt.
<../../../preamble/Stemma_sapienza.png, id=135, 1204.5pt x 362.35374pt>
File: ../../../preamble/Stemma_sapienza.png Graphic file (type png)
<use ../../../preamble/Stemma_sapienza.png>
Package pdftex.def Info: ../../../preamble/Stemma_sapienza.png  used on input line 34.
(pdftex.def)             Requested size: 182.09486pt x 54.77644pt.


[1
Non-PDF special ignored!
<special> header=pstricks.pro
Non-PDF special ignored!
<special> header=pst-algparser.pro
Non-PDF special ignored!
<special> header=pst-tools.pro
Non-PDF special ignored!
<special> header=pst-dots.pro
Non-PDF special ignored!
<special> header=psvectorian.pro

Non-PDF special ignored!
<special> ps: /pssetRGBcolor /setrgbcolor load def /pssetCMYKcolor /setcmyk...
Non-PDF special ignored!
<special> ps:tx@Dict begin  gsave STV CP T /ps@rot 0 def grestore  end
Non-PDF special ignored!
<special> ps:tx@Dict begin  gsave STV CP T /ps@refangle 0.  def grestore  e...
{C:/Users/mcasu/AppData/Local/MiKTeX/fonts/map/pdftex/pdftex.map}{C:/Users/mcasu/AppData/Local/Programs/MiKTeX/fonts/enc/dvips/lm/lm-ec.enc} <./images/copertina.jpeg> <../../../preamble/Stemma_sapienza.png>]
<../../../preamble/tomodachi.pdf, id=147, 501.875pt x 580.1675pt>
File: ../../../preamble/tomodachi.pdf Graphic file (type pdf)
<use ../../../preamble/tomodachi.pdf>
Package pdftex.def Info: ../../../preamble/tomodachi.pdf  used on input line 52.
(pdftex.def)             Requested size: 182.09486pt x 210.50671pt.



pdfTeX warning (ext4): destination with the same identifier (name{page.1}) has been already used, duplicate ignored
<to be read again> 
                   \relax 
l.54 \newpage
              %\setmainfont{Times New Roman} [1 <../../../preamble/tomodachi.pdf>]
LaTeX Font Info:    Trying to load font information for OT1+lmr on input line 56.
 (C:\Users\mcasu\AppData\Local\Programs\MiKTeX\tex/latex/lm\ot1lmr.fd
File: ot1lmr.fd 2015/05/01 v1.6.1 Font defs for Latin Modern
)
LaTeX Font Info:    Trying to load font information for OML+lmm on input line 56.
 (C:\Users\mcasu\AppData\Local\Programs\MiKTeX\tex/latex/lm\omllmm.fd
File: omllmm.fd 2015/05/01 v1.6.1 Font defs for Latin Modern
)
LaTeX Font Info:    Trying to load font information for OMS+lmsy on input line 56.
 (C:\Users\mcasu\AppData\Local\Programs\MiKTeX\tex/latex/lm\omslmsy.fd
File: omslmsy.fd 2015/05/01 v1.6.1 Font defs for Latin Modern
)
LaTeX Font Info:    Trying to load font information for OMX+lmex on input line 56.
 (C:\Users\mcasu\AppData\Local\Programs\MiKTeX\tex/latex/lm\omxlmex.fd
File: omxlmex.fd 2015/05/01 v1.6.1 Font defs for Latin Modern
)
LaTeX Font Info:    External font `lmex10' loaded for size
(Font)              <10> on input line 56.
LaTeX Font Info:    External font `lmex10' loaded for size
(Font)              <7> on input line 56.
LaTeX Font Info:    External font `lmex10' loaded for size
(Font)              <5> on input line 56.
LaTeX Font Info:    Trying to load font information for U+msa on input line 56.
 (C:\Users\mcasu\AppData\Local\Programs\MiKTeX\tex/latex/amsfonts\umsa.fd
File: umsa.fd 2013/01/14 v3.01 AMS symbols A
)
LaTeX Font Info:    Trying to load font information for U+msb on input line 56.
 (C:\Users\mcasu\AppData\Local\Programs\MiKTeX\tex/latex/amsfonts\umsb.fd
File: umsb.fd 2013/01/14 v3.01 AMS symbols B
)
LaTeX Font Info:    Trying to load font information for U+rsfs on input line 56.
 (C:\Program Files\MiKTeX2\tex/latex/jknappen\ursfs.fd
File: ursfs.fd 1998/03/24 rsfs font definition file (jk)
)
Overfull \hbox (6.0pt too wide) in paragraph at lines 56--56
[][] 
 []

(Programmazione di Sistemi Multicore.toc)
\tf@toc=\write6
\openout6 = `"Programmazione di Sistemi Multicore.toc"'.



[2

{C:/Users/mcasu/AppData/Local/Programs/MiKTeX/fonts/enc/dvips/lm/lm-mathit.enc}]
Capitolo 1.
LaTeX Font Info:    External font `lmex10' loaded for size
(Font)              <14.4> on input line 73.
Package epstopdf Info: Source file: <images/processor_trend.eps>
(epstopdf)                    date: 2024-09-24 16:03:04
(epstopdf)                    size: 33450 bytes
(epstopdf)             Output file: <images/processor_trend-eps-converted-to.pdf>
(epstopdf)                    date: 2024-09-24 16:03:08
(epstopdf)                    size: 18927 bytes
(epstopdf)             Command: <miktex-epstopdf --outfile=images/processor_trend-eps-converted-to.pdf images/processor_trend.eps>
(epstopdf)             \includegraphics on input line 88.
Package epstopdf Info: Output file is already uptodate.
<images/processor_trend-eps-converted-to.pdf, id=193, 289.08pt x 201.75375pt>
File: images/processor_trend-eps-converted-to.pdf Graphic file (type pdf)
<use images/processor_trend-eps-converted-to.pdf>
Package pdftex.def Info: images/processor_trend-eps-converted-to.pdf  used on input line 88.
(pdftex.def)             Requested size: 300.0pt x 209.38487pt.


[3

 <./images/processor_trend-eps-converted-to.pdf>]
LaTeX Font Info:    Trying to load font information for T1+lmtt on input line 135.
 (C:\Users\mcasu\AppData\Local\Programs\MiKTeX\tex/latex/lm\t1lmtt.fd
File: t1lmtt.fd 2015/05/01 v1.6.1 Font defs for Latin Modern
)
Package epstopdf Info: Source file: <images/tree.eps>
(epstopdf)                    date: 2024-09-24 16:39:17
(epstopdf)                    size: 25932 bytes
(epstopdf)             Output file: <images/tree-eps-converted-to.pdf>
(epstopdf)                    date: 2024-09-24 16:40:36
(epstopdf)                    size: 6373 bytes
(epstopdf)             Command: <miktex-epstopdf --outfile=images/tree-eps-converted-to.pdf images/tree.eps>
(epstopdf)             \includegraphics on input line 159.
Package epstopdf Info: Output file is already uptodate.
<images/tree-eps-converted-to.pdf, id=206, 501.875pt x 295.1025pt>
File: images/tree-eps-converted-to.pdf Graphic file (type pdf)
<use images/tree-eps-converted-to.pdf>
Package pdftex.def Info: images/tree-eps-converted-to.pdf  used on input line 159.
(pdftex.def)             Requested size: 280.0pt x 164.64836pt.


LaTeX Warning: `!h' float specifier changed to `!ht'.

LaTeX Font Info:    Trying to load font information for TS1+lmr on input line 164.
(C:\Users\mcasu\AppData\Local\Programs\MiKTeX\tex/latex/lm\ts1lmr.fd
File: ts1lmr.fd 2015/05/01 v1.6.1 Font defs for Latin Modern
)


Package fancyhdr Warning: \headheight is too small (12.0pt): 
(fancyhdr)                Make it at least 12.39996pt, for example:
(fancyhdr)                \setlength{\headheight}{12.39996pt}.
(fancyhdr)                You might also make \topmargin smaller to compensate:
(fancyhdr)                \addtolength{\topmargin}{-0.39996pt}.

[4{C:/Users/mcasu/AppData/Local/Programs/MiKTeX/fonts/enc/dvips/lm/lm-mathsy.enc}{C:/Users/mcasu/AppData/Local/Programs/MiKTeX/fonts/enc/dvips/lm/lm-rm.enc}]
Package epstopdf Info: Source file: <images/sdmem.eps>
(epstopdf)                    date: 2024-09-24 17:03:50
(epstopdf)                    size: 39768 bytes
(epstopdf)             Output file: <images/sdmem-eps-converted-to.pdf>
(epstopdf)                    date: 2024-09-24 17:04:13
(epstopdf)                    size: 7008 bytes
(epstopdf)             Command: <miktex-epstopdf --outfile=images/sdmem-eps-converted-to.pdf images/sdmem.eps>
(epstopdf)             \includegraphics on input line 189.
Package epstopdf Info: Output file is already uptodate.
<images/sdmem-eps-converted-to.pdf, id=247, 379.4175pt x 122.4575pt>
File: images/sdmem-eps-converted-to.pdf Graphic file (type pdf)
<use images/sdmem-eps-converted-to.pdf>
Package pdftex.def Info: images/sdmem-eps-converted-to.pdf  used on input line 189.
(pdftex.def)             Requested size: 280.0pt x 90.37233pt.



Package fancyhdr Warning: \headheight is too small (12.0pt): 
(fancyhdr)                Make it at least 12.39996pt, for example:
(fancyhdr)                \setlength{\headheight}{12.39996pt}.
(fancyhdr)                You might also make \topmargin smaller to compensate:
(fancyhdr)                \addtolength{\topmargin}{-0.39996pt}.

[5
pdfTeX warning (ext4): destination with the same identifier (name{figure.1.1}) has been already used, duplicate ignored
<argument> ...shipout:D \box_use:N \l_shipout_box 
                                                  \__shipout_drop_firstpage_...
l.199 ...na struttura \textit{SIMD}.\begin{center}
                                                  {C:/Users/mcasu/AppData/Local/Programs/MiKTeX/fonts/enc/dvips/lm/lm-ts1.enc}
pdfTeX warning (ext4): destination with the same identifier (name{figure.1.2}) has been already used, duplicate ignored
<argument> ...shipout:D \box_use:N \l_shipout_box 
                                                  \__shipout_drop_firstpage_...
l.199 ...na struttura \textit{SIMD}.\begin{center}
                                                   <./images/tree-eps-converted-to.pdf> <./images/sdmem-eps-converted-to.pdf>]


Package fancyhdr Warning: \headheight is too small (12.0pt): 
(fancyhdr)                Make it at least 12.39996pt, for example:
(fancyhdr)                \setlength{\headheight}{12.39996pt}.
(fancyhdr)                You might also make \topmargin smaller to compensate:
(fancyhdr)                \addtolength{\topmargin}{-0.39996pt}.

[6]
Capitolo 2.


[7

]


Package fancyhdr Warning: \headheight is too small (12.0pt): 
(fancyhdr)                Make it at least 12.39996pt, for example:
(fancyhdr)                \setlength{\headheight}{12.39996pt}.
(fancyhdr)                You might also make \topmargin smaller to compensate:
(fancyhdr)                \addtolength{\topmargin}{-0.39996pt}.

[8]


Package fancyhdr Warning: \headheight is too small (12.0pt): 
(fancyhdr)                Make it at least 12.39996pt, for example:
(fancyhdr)                \setlength{\headheight}{12.39996pt}.
(fancyhdr)                You might also make \topmargin smaller to compensate:
(fancyhdr)                \addtolength{\topmargin}{-0.39996pt}.

[9]
Overfull \hbox (41.42162pt too wide) in paragraph at lines 392--396
\T1/lmr/m/n/10 Nella chia-ma-ta [][][][][][], i cam-pi [][][][][][] e [][][][][][] pos-so-no es-se-re riem-pi-ti con, ri-spet-ti-va-men-te, [][][][][][]
 []

Package epstopdf Info: Source file: <images/foster.eps>
(epstopdf)                    date: 2024-10-06 09:48:42
(epstopdf)                    size: 52818 bytes
(epstopdf)             Output file: <images/foster-eps-converted-to.pdf>
(epstopdf)                    date: 2024-10-08 16:40:31
(epstopdf)                    size: 10670 bytes
(epstopdf)             Command: <miktex-epstopdf --outfile=images/foster-eps-converted-to.pdf images/foster.eps>
(epstopdf)             \includegraphics on input line 403.
Package epstopdf Info: Output file is already uptodate.
<images/foster-eps-converted-to.pdf, id=343, 433.62pt x 219.82124pt>
File: images/foster-eps-converted-to.pdf Graphic file (type pdf)
<use images/foster-eps-converted-to.pdf>
Package pdftex.def Info: images/foster-eps-converted-to.pdf  used on input line 403.
(pdftex.def)             Requested size: 409.71692pt x 207.7154pt.



Package fancyhdr Warning: \headheight is too small (12.0pt): 
(fancyhdr)                Make it at least 12.39996pt, for example:
(fancyhdr)                \setlength{\headheight}{12.39996pt}.
(fancyhdr)                You might also make \topmargin smaller to compensate:
(fancyhdr)                \addtolength{\topmargin}{-0.39996pt}.

[10
pdfTeX warning (ext4): destination with the same identifier (name{figure.2.1}) has been already used, duplicate ignored
<argument> ...shipout:D \box_use:N \l_shipout_box 
                                                  \__shipout_drop_firstpage_...
l.410     \item \textit
                       {Comunicazione} : determinare quali sono le attivit... <./images/foster-eps-converted-to.pdf>]
Package epstopdf Info: Source file: <images/GPLSoGSLP.eps>
(epstopdf)                    date: 2024-10-05 11:40:48
(epstopdf)                    size: 39265 bytes
(epstopdf)             Output file: <images/GPLSoGSLP-eps-converted-to.pdf>
(epstopdf)                    date: 2024-10-05 11:41:24
(epstopdf)                    size: 6745 bytes
(epstopdf)             Command: <miktex-epstopdf --outfile=images/GPLSoGSLP-eps-converted-to.pdf images/GPLSoGSLP.eps>
(epstopdf)             \includegraphics on input line 426.
Package epstopdf Info: Output file is already uptodate.
<images/GPLSoGSLP-eps-converted-to.pdf, id=380, 407.5225pt x 192.72pt>
File: images/GPLSoGSLP-eps-converted-to.pdf Graphic file (type pdf)
<use images/GPLSoGSLP-eps-converted-to.pdf>
Package pdftex.def Info: images/GPLSoGSLP-eps-converted-to.pdf  used on input line 426.
(pdftex.def)             Requested size: 273.14923pt x 129.18053pt.



Package fancyhdr Warning: \headheight is too small (12.0pt): 
(fancyhdr)                Make it at least 12.39996pt, for example:
(fancyhdr)                \setlength{\headheight}{12.39996pt}.
(fancyhdr)                You might also make \topmargin smaller to compensate:
(fancyhdr)                \addtolength{\topmargin}{-0.39996pt}.

[11
pdfTeX warning (ext4): destination with the same identifier (name{figure.2.2}) has been already used, duplicate ignored
<argument> ...shipout:D \box_use:N \l_shipout_box 
                                                  \__shipout_drop_firstpage_...
l.457     \item \textbf
                       {Loop-Parallelism} : Risulta estremamente semplice da... <./images/GPLSoGSLP-eps-converted-to.pdf>]


Package fancyhdr Warning: \headheight is too small (12.0pt): 
(fancyhdr)                Make it at least 12.39996pt, for example:
(fancyhdr)                \setlength{\headheight}{12.39996pt}.
(fancyhdr)                You might also make \topmargin smaller to compensate:
(fancyhdr)                \addtolength{\topmargin}{-0.39996pt}.

[12]
Package epstopdf Info: Source file: <images/ring.eps>
(epstopdf)                    date: 2024-10-08 17:14:31
(epstopdf)                    size: 32767 bytes
(epstopdf)             Output file: <images/ring-eps-converted-to.pdf>
(epstopdf)                    date: 2024-10-08 17:14:58
(epstopdf)                    size: 5122 bytes
(epstopdf)             Command: <miktex-epstopdf --outfile=images/ring-eps-converted-to.pdf images/ring.eps>
(epstopdf)             \includegraphics on input line 556.
Package epstopdf Info: Output file is already uptodate.
<images/ring-eps-converted-to.pdf, id=422, 314.17375pt x 49.18375pt>
File: images/ring-eps-converted-to.pdf Graphic file (type pdf)
<use images/ring-eps-converted-to.pdf>
Package pdftex.def Info: images/ring-eps-converted-to.pdf  used on input line 556.
(pdftex.def)             Requested size: 227.62206pt x 35.63364pt.


LaTeX Warning: `!h' float specifier changed to `!ht'.




Package fancyhdr Warning: \headheight is too small (12.0pt): 
(fancyhdr)                Make it at least 12.39996pt, for example:
(fancyhdr)                \setlength{\headheight}{12.39996pt}.
(fancyhdr)                You might also make \topmargin smaller to compensate:
(fancyhdr)                \addtolength{\topmargin}{-0.39996pt}.

[13]
Package epstopdf Info: Source file: <images/trapezio.eps>
(epstopdf)                    date: 2024-10-08 18:04:24
(epstopdf)                    size: 108656 bytes
(epstopdf)             Output file: <images/trapezio-eps-converted-to.pdf>
(epstopdf)                    date: 2024-10-08 18:04:29
(epstopdf)                    size: 11739 bytes
(epstopdf)             Command: <miktex-epstopdf --outfile=images/trapezio-eps-converted-to.pdf images/trapezio.eps>
(epstopdf)             \includegraphics on input line 567.
Package epstopdf Info: Output file is already uptodate.
<images/trapezio-eps-converted-to.pdf, id=450, 222.8325pt x 128.48pt>
File: images/trapezio-eps-converted-to.pdf Graphic file (type pdf)
<use images/trapezio-eps-converted-to.pdf>
Package pdftex.def Info: images/trapezio-eps-converted-to.pdf  used on input line 567.
(pdftex.def)             Requested size: 364.19667pt x 210.00475pt.



Package fancyhdr Warning: \headheight is too small (12.0pt): 
(fancyhdr)                Make it at least 12.39996pt, for example:
(fancyhdr)                \setlength{\headheight}{12.39996pt}.
(fancyhdr)                You might also make \topmargin smaller to compensate:
(fancyhdr)                \addtolength{\topmargin}{-0.39996pt}.

[14
pdfTeX warning (ext4): destination with the same identifier (name{figure.2.3}) has been already used, duplicate ignored
<argument> ...shipout:D \box_use:N \l_shipout_box 
                                                  \__shipout_drop_firstpage_...
l.602  
          int n = 1024; //numero di intervalli, piu' e' grande, piu' la stim...{C:/Users/mcasu/AppData/Local/Programs/MiKTeX/fonts/enc/dvips/lm/lm-mathex.enc} <./images/ring-eps-converted-to.pdf> <./images/trapezio-eps-converted-to.pdf>]
Package epstopdf Info: Source file: <images/tree2.eps>
(epstopdf)                    date: 2024-10-08 18:32:32
(epstopdf)                    size: 32008 bytes
(epstopdf)             Output file: <images/tree2-eps-converted-to.pdf>
(epstopdf)                    date: 2024-10-08 18:32:43
(epstopdf)                    size: 7657 bytes
(epstopdf)             Command: <miktex-epstopdf --outfile=images/tree2-eps-converted-to.pdf images/tree2.eps>
(epstopdf)             \includegraphics on input line 648.
Package epstopdf Info: Output file is already uptodate.
<images/tree2-eps-converted-to.pdf, id=513, 596.2275pt x 181.67876pt>
File: images/tree2-eps-converted-to.pdf Graphic file (type pdf)
<use images/tree2-eps-converted-to.pdf>
Package pdftex.def Info: images/tree2-eps-converted-to.pdf  used on input line 648.
(pdftex.def)             Requested size: 450.0pt x 137.12086pt.



Package fancyhdr Warning: \headheight is too small (12.0pt): 
(fancyhdr)                Make it at least 12.39996pt, for example:
(fancyhdr)                \setlength{\headheight}{12.39996pt}.
(fancyhdr)                You might also make \topmargin smaller to compensate:
(fancyhdr)                \addtolength{\topmargin}{-0.39996pt}.

[15
pdfTeX warning (ext4): destination with the same identifier (name{figure.2.4}) has been already used, duplicate ignored
<argument> ...shipout:D \box_use:N \l_shipout_box 
                                                  \__shipout_drop_firstpage_...
l.664     \item
                \code{void* input\_data\_o}  il puntatore alla variabile i... <./images/tree2-eps-converted-to.pdf>]
Package epstopdf Info: Source file: <images/tree3.eps>
(epstopdf)                    date: 2024-10-09 18:10:26
(epstopdf)                    size: 22206 bytes
(epstopdf)             Output file: <images/tree3-eps-converted-to.pdf>
(epstopdf)                    date: 2024-10-09 18:10:51
(epstopdf)                    size: 5153 bytes
(epstopdf)             Command: <miktex-epstopdf --outfile=images/tree3-eps-converted-to.pdf images/tree3.eps>
(epstopdf)             \includegraphics on input line 706.
Package epstopdf Info: Output file is already uptodate.
<images/tree3-eps-converted-to.pdf, id=571, 271.0125pt x 158.5925pt>
File: images/tree3-eps-converted-to.pdf Graphic file (type pdf)
<use images/tree3-eps-converted-to.pdf>
Package pdftex.def Info: images/tree3-eps-converted-to.pdf  used on input line 706.
(pdftex.def)             Requested size: 227.62206pt x 133.20467pt.



Package fancyhdr Warning: \headheight is too small (12.0pt): 
(fancyhdr)                Make it at least 12.39996pt, for example:
(fancyhdr)                \setlength{\headheight}{12.39996pt}.
(fancyhdr)                You might also make \topmargin smaller to compensate:
(fancyhdr)                \addtolength{\topmargin}{-0.39996pt}.

[16]


Package fancyhdr Warning: \headheight is too small (12.0pt): 
(fancyhdr)                Make it at least 12.39996pt, for example:
(fancyhdr)                \setlength{\headheight}{12.39996pt}.
(fancyhdr)                You might also make \topmargin smaller to compensate:
(fancyhdr)                \addtolength{\topmargin}{-0.39996pt}.

[17 <./images/tree3-eps-converted-to.pdf>]
Package epstopdf Info: Source file: <images/cerchio.eps>
(epstopdf)                    date: 2024-10-09 18:34:12
(epstopdf)                    size: 32450 bytes
(epstopdf)             Output file: <images/cerchio-eps-converted-to.pdf>
(epstopdf)                    date: 2024-10-09 18:34:30
(epstopdf)                    size: 4955 bytes
(epstopdf)             Command: <miktex-epstopdf --outfile=images/cerchio-eps-converted-to.pdf images/cerchio.eps>
(epstopdf)             \includegraphics on input line 762.
Package epstopdf Info: Output file is already uptodate.
<images/cerchio-eps-converted-to.pdf, id=595, 128.48pt x 128.48pt>
File: images/cerchio-eps-converted-to.pdf Graphic file (type pdf)
<use images/cerchio-eps-converted-to.pdf>
Package pdftex.def Info: images/cerchio-eps-converted-to.pdf  used on input line 762.
(pdftex.def)             Requested size: 227.62206pt x 227.6409pt.



Package fancyhdr Warning: \headheight is too small (12.0pt): 
(fancyhdr)                Make it at least 12.39996pt, for example:
(fancyhdr)                \setlength{\headheight}{12.39996pt}.
(fancyhdr)                You might also make \topmargin smaller to compensate:
(fancyhdr)                \addtolength{\topmargin}{-0.39996pt}.

[18 <./images/cerchio-eps-converted-to.pdf>]
LaTeX Font Info:    External font `lmex10' loaded for size
(Font)              <12> on input line 827.
LaTeX Font Info:    External font `lmex10' loaded for size
(Font)              <8> on input line 827.
LaTeX Font Info:    External font `lmex10' loaded for size
(Font)              <6> on input line 827.



Package fancyhdr Warning: \headheight is too small (12.0pt): 
(fancyhdr)                Make it at least 12.39996pt, for example:
(fancyhdr)                \setlength{\headheight}{12.39996pt}.
(fancyhdr)                You might also make \topmargin smaller to compensate:
(fancyhdr)                \addtolength{\topmargin}{-0.39996pt}.

[19]
Package epstopdf Info: Source file: <images/distribuzioni.eps>
(epstopdf)                    date: 2024-10-16 18:01:52
(epstopdf)                    size: 46349 bytes
(epstopdf)             Output file: <images/distribuzioni-eps-converted-to.pdf>
(epstopdf)                    date: 2024-10-16 18:01:52
(epstopdf)                    size: 14225 bytes
(epstopdf)             Command: <miktex-epstopdf --outfile=images/distribuzioni-eps-converted-to.pdf images/distribuzioni.eps>
(epstopdf)             \includegraphics on input line 903.
Package epstopdf Info: Output file is already uptodate.
<images/distribuzioni-eps-converted-to.pdf, id=666, 234.8775pt x 78.2925pt>
File: images/distribuzioni-eps-converted-to.pdf Graphic file (type pdf)
<use images/distribuzioni-eps-converted-to.pdf>
Package pdftex.def Info: images/distribuzioni-eps-converted-to.pdf  used on input line 903.
(pdftex.def)             Requested size: 227.62206pt x 75.87433pt.



Package fancyhdr Warning: \headheight is too small (12.0pt): 
(fancyhdr)                Make it at least 12.39996pt, for example:
(fancyhdr)                \setlength{\headheight}{12.39996pt}.
(fancyhdr)                You might also make \topmargin smaller to compensate:
(fancyhdr)                \addtolength{\topmargin}{-0.39996pt}.

[20 <./images/distribuzioni-eps-converted-to.pdf>]


Package fancyhdr Warning: \headheight is too small (12.0pt): 
(fancyhdr)                Make it at least 12.39996pt, for example:
(fancyhdr)                \setlength{\headheight}{12.39996pt}.
(fancyhdr)                You might also make \topmargin smaller to compensate:
(fancyhdr)                \addtolength{\topmargin}{-0.39996pt}.

[21]
<images/Amdahls.png, id=701, 3212.0pt x 2509.375pt>
File: images/Amdahls.png Graphic file (type png)
<use images/Amdahls.png>
Package pdftex.def Info: images/Amdahls.png  used on input line 997.
(pdftex.def)             Requested size: 318.66948pt x 248.96112pt.
Package epstopdf Info: Source file: <images/speedUp.eps>
(epstopdf)                    date: 2024-10-23 16:38:25
(epstopdf)                    size: 84102 bytes
(epstopdf)             Output file: <images/speedUp-eps-converted-to.pdf>
(epstopdf)                    date: 2024-10-23 16:38:40
(epstopdf)                    size: 10167 bytes
(epstopdf)             Command: <miktex-epstopdf --outfile=images/speedUp-eps-converted-to.pdf images/speedUp.eps>
(epstopdf)             \includegraphics on input line 1003.
Package epstopdf Info: Output file is already uptodate.
<images/speedUp-eps-converted-to.pdf, id=702, 340.27126pt x 126.4725pt>
File: images/speedUp-eps-converted-to.pdf Graphic file (type pdf)
<use images/speedUp-eps-converted-to.pdf>
Package pdftex.def Info: images/speedUp-eps-converted-to.pdf  used on input line 1003.
(pdftex.def)             Requested size: 318.66948pt x 118.44995pt.



Package fancyhdr Warning: \headheight is too small (12.0pt): 
(fancyhdr)                Make it at least 12.39996pt, for example:
(fancyhdr)                \setlength{\headheight}{12.39996pt}.
(fancyhdr)                You might also make \topmargin smaller to compensate:
(fancyhdr)                \addtolength{\topmargin}{-0.39996pt}.

[22 <./images/Amdahls.png (PNG copy)>]
Package epstopdf Info: Source file: <images/scatter.eps>
(epstopdf)                    date: 2024-10-23 17:09:57
(epstopdf)                    size: 20012 bytes
(epstopdf)             Output file: <images/scatter-eps-converted-to.pdf>
(epstopdf)                    date: 2024-10-23 17:10:14
(epstopdf)                    size: 4453 bytes
(epstopdf)             Command: <miktex-epstopdf --outfile=images/scatter-eps-converted-to.pdf images/scatter.eps>
(epstopdf)             \includegraphics on input line 1021.
Package epstopdf Info: Output file is already uptodate.
<images/scatter-eps-converted-to.pdf, id=709, 116.435pt x 75.28125pt>
File: images/scatter-eps-converted-to.pdf Graphic file (type pdf)
<use images/scatter-eps-converted-to.pdf>
Package pdftex.def Info: images/scatter-eps-converted-to.pdf  used on input line 1021.
(pdftex.def)             Requested size: 182.09486pt x 117.7461pt.



Package fancyhdr Warning: \headheight is too small (12.0pt): 
(fancyhdr)                Make it at least 12.39996pt, for example:
(fancyhdr)                \setlength{\headheight}{12.39996pt}.
(fancyhdr)                You might also make \topmargin smaller to compensate:
(fancyhdr)                \addtolength{\topmargin}{-0.39996pt}.

[23 <./images/speedUp-eps-converted-to.pdf> <./images/scatter-eps-converted-to.pdf>]
Package epstopdf Info: Source file: <images/gather.eps>
(epstopdf)                    date: 2024-10-23 17:18:13
(epstopdf)                    size: 20017 bytes
(epstopdf)             Output file: <images/gather-eps-converted-to.pdf>
(epstopdf)                    date: 2024-10-23 17:18:27
(epstopdf)                    size: 4446 bytes
(epstopdf)             Command: <miktex-epstopdf --outfile=images/gather-eps-converted-to.pdf images/gather.eps>
(epstopdf)             \includegraphics on input line 1040.
Package epstopdf Info: Output file is already uptodate.
<images/gather-eps-converted-to.pdf, id=744, 116.435pt x 75.28125pt>
File: images/gather-eps-converted-to.pdf Graphic file (type pdf)
<use images/gather-eps-converted-to.pdf>
Package pdftex.def Info: images/gather-eps-converted-to.pdf  used on input line 1040.
(pdftex.def)             Requested size: 182.09486pt x 117.7461pt.



Package fancyhdr Warning: \headheight is too small (12.0pt): 
(fancyhdr)                Make it at least 12.39996pt, for example:
(fancyhdr)                \setlength{\headheight}{12.39996pt}.
(fancyhdr)                You might also make \topmargin smaller to compensate:
(fancyhdr)                \addtolength{\topmargin}{-0.39996pt}.

[24 <./images/gather-eps-converted-to.pdf>]


Package fancyhdr Warning: \headheight is too small (12.0pt): 
(fancyhdr)                Make it at least 12.39996pt, for example:
(fancyhdr)                \setlength{\headheight}{12.39996pt}.
(fancyhdr)                You might also make \topmargin smaller to compensate:
(fancyhdr)                \addtolength{\topmargin}{-0.39996pt}.

[25]
Package epstopdf Info: Source file: <images/matrixDeclaration.eps>
(epstopdf)                    date: 2024-10-23 17:45:45
(epstopdf)                    size: 43255 bytes
(epstopdf)             Output file: <images/matrixDeclaration-eps-converted-to.pdf>
(epstopdf)                    date: 2024-10-23 17:45:51
(epstopdf)                    size: 7945 bytes
(epstopdf)             Command: <miktex-epstopdf --outfile=images/matrixDeclaration-eps-converted-to.pdf images/matrixDeclaration.eps>
(epstopdf)             \includegraphics on input line 1159.
Package epstopdf Info: Output file is already uptodate.
<images/matrixDeclaration-eps-converted-to.pdf, id=854, 282.05376pt x 65.24374pt>
File: images/matrixDeclaration-eps-converted-to.pdf Graphic file (type pdf)
<use images/matrixDeclaration-eps-converted-to.pdf>
Package pdftex.def Info: images/matrixDeclaration-eps-converted-to.pdf  used on input line 1159.
(pdftex.def)             Requested size: 364.19667pt x 84.25038pt.
Package epstopdf Info: Source file: <images/matrixDeclaration2.eps>
(epstopdf)                    date: 2024-10-23 17:47:49
(epstopdf)                    size: 27584 bytes
(epstopdf)             Output file: <images/matrixDeclaration2-eps-converted-to.pdf>
(epstopdf)                    date: 2024-10-23 17:48:03
(epstopdf)                    size: 6789 bytes
(epstopdf)             Command: <miktex-epstopdf --outfile=images/matrixDeclaration2-eps-converted-to.pdf images/matrixDeclaration2.eps>
(epstopdf)             \includegraphics on input line 1181.
Package epstopdf Info: Output file is already uptodate.
<images/matrixDeclaration2-eps-converted-to.pdf, id=855, 296.10625pt x 65.24374pt>
File: images/matrixDeclaration2-eps-converted-to.pdf Graphic file (type pdf)
<use images/matrixDeclaration2-eps-converted-to.pdf>
Package pdftex.def Info: images/matrixDeclaration2-eps-converted-to.pdf  used on input line 1181.
(pdftex.def)             Requested size: 364.19667pt x 80.24931pt.



Package fancyhdr Warning: \headheight is too small (12.0pt): 
(fancyhdr)                Make it at least 12.39996pt, for example:
(fancyhdr)                \setlength{\headheight}{12.39996pt}.
(fancyhdr)                You might also make \topmargin smaller to compensate:
(fancyhdr)                \addtolength{\topmargin}{-0.39996pt}.

[26 <./images/matrixDeclaration-eps-converted-to.pdf> <./images/matrixDeclaration2-eps-converted-to.pdf>]
Package epstopdf Info: Source file: <images/allgather.eps>
(epstopdf)                    date: 2024-10-25 17:19:08
(epstopdf)                    size: 22066 bytes
(epstopdf)             Output file: <images/allgather-eps-converted-to.pdf>
(epstopdf)                    date: 2024-10-25 17:19:08
(epstopdf)                    size: 4722 bytes
(epstopdf)             Command: <miktex-epstopdf --outfile=images/allgather-eps-converted-to.pdf images/allgather.eps>
(epstopdf)             \includegraphics on input line 1226.
Package epstopdf Info: Output file is already uptodate.
<images/allgather-eps-converted-to.pdf, id=897, 116.435pt x 109.40875pt>
File: images/allgather-eps-converted-to.pdf Graphic file (type pdf)
<use images/allgather-eps-converted-to.pdf>
Package pdftex.def Info: images/allgather-eps-converted-to.pdf  used on input line 1226.
(pdftex.def)             Requested size: 136.57462pt x 128.34659pt.



Package fancyhdr Warning: \headheight is too small (12.0pt): 
(fancyhdr)                Make it at least 12.39996pt, for example:
(fancyhdr)                \setlength{\headheight}{12.39996pt}.
(fancyhdr)                You might also make \topmargin smaller to compensate:
(fancyhdr)                \addtolength{\topmargin}{-0.39996pt}.

[27 <./images/allgather-eps-converted-to.pdf>]


Package fancyhdr Warning: \headheight is too small (12.0pt): 
(fancyhdr)                Make it at least 12.39996pt, for example:
(fancyhdr)                \setlength{\headheight}{12.39996pt}.
(fancyhdr)                You might also make \topmargin smaller to compensate:
(fancyhdr)                \addtolength{\topmargin}{-0.39996pt}.

[28]
Capitolo 3.
Package epstopdf Info: Source file: <images/thread..eps>
(epstopdf)                    date: 2024-11-01 14:53:10
(epstopdf)                    size: 36101 bytes
(epstopdf)             Output file: <images/thread.-eps-converted-to.pdf>
(epstopdf)                    date: 2024-11-01 14:53:36
(epstopdf)                    size: 6201 bytes
(epstopdf)             Command: <miktex-epstopdf --outfile=images/thread.-eps-converted-to.pdf images/thread..eps>
(epstopdf)             \includegraphics on input line 1318.
Package epstopdf Info: Output file is already uptodate.
<images/thread.-eps-converted-to.pdf, id=925, 244.915pt x 46.1725pt>
File: images/thread.-eps-converted-to.pdf Graphic file (type pdf)
<use images/thread.-eps-converted-to.pdf>
Package pdftex.def Info: images/thread.-eps-converted-to.pdf  used on input line 1318.
(pdftex.def)             Requested size: 364.19667pt x 68.6618pt.


[29

 <./images/thread.-eps-converted-to.pdf>]


Package fancyhdr Warning: \headheight is too small (12.0pt): 
(fancyhdr)                Make it at least 12.39996pt, for example:
(fancyhdr)                \setlength{\headheight}{12.39996pt}.
(fancyhdr)                You might also make \topmargin smaller to compensate:
(fancyhdr)                \addtolength{\topmargin}{-0.39996pt}.

[30]
Package epstopdf Info: Source file: <images/threadMatProd.eps>
(epstopdf)                    date: 2024-11-01 15:37:34
(epstopdf)                    size: 79792 bytes
(epstopdf)             Output file: <images/threadMatProd-eps-converted-to.pdf>
(epstopdf)                    date: 2024-11-01 15:37:58
(epstopdf)                    size: 9408 bytes
(epstopdf)             Command: <miktex-epstopdf --outfile=images/threadMatProd-eps-converted-to.pdf images/threadMatProd.eps>
(epstopdf)             \includegraphics on input line 1399.
Package epstopdf Info: Output file is already uptodate.
<images/threadMatProd-eps-converted-to.pdf, id=984, 165.61874pt x 48.18pt>
File: images/threadMatProd-eps-converted-to.pdf Graphic file (type pdf)
<use images/threadMatProd-eps-converted-to.pdf>
Package pdftex.def Info: images/threadMatProd-eps-converted-to.pdf  used on input line 1399.
(pdftex.def)             Requested size: 227.62206pt x 66.22083pt.



Package fancyhdr Warning: \headheight is too small (12.0pt): 
(fancyhdr)                Make it at least 12.39996pt, for example:
(fancyhdr)                \setlength{\headheight}{12.39996pt}.
(fancyhdr)                You might also make \topmargin smaller to compensate:
(fancyhdr)                \addtolength{\topmargin}{-0.39996pt}.

[31 <./images/threadMatProd-eps-converted-to.pdf>]


Package fancyhdr Warning: \headheight is too small (12.0pt): 
(fancyhdr)                Make it at least 12.39996pt, for example:
(fancyhdr)                \setlength{\headheight}{12.39996pt}.
(fancyhdr)                You might also make \topmargin smaller to compensate:
(fancyhdr)                \addtolength{\topmargin}{-0.39996pt}.

[32]
Overfull \hbox (2.37589pt too wide) in paragraph at lines 1524--1538
 [] 
 []


Overfull \hbox (1.67102pt too wide) in paragraph at lines 1577--1584
\T1/lmr/m/n/10 Quando un th-read ter-mi-na con l'u-ti-liz-zo del se-ma-fo-ro, pu chia-ma-re la fun-zio-ne [][][][][][]
 []




Package fancyhdr Warning: \headheight is too small (12.0pt): 
(fancyhdr)                Make it at least 12.39996pt, for example:
(fancyhdr)                \setlength{\headheight}{12.39996pt}.
(fancyhdr)                You might also make \topmargin smaller to compensate:
(fancyhdr)                \addtolength{\topmargin}{-0.39996pt}.

[33]
Package epstopdf Info: Source file: <images/sem.eps>
(epstopdf)                    date: 2024-11-03 13:17:26
(epstopdf)                    size: 30958 bytes
(epstopdf)             Output file: <images/sem-eps-converted-to.pdf>
(epstopdf)                    date: 2024-11-03 13:17:32
(epstopdf)                    size: 6752 bytes
(epstopdf)             Command: <miktex-epstopdf --outfile=images/sem-eps-converted-to.pdf images/sem.eps>
(epstopdf)             \includegraphics on input line 1585.
Package epstopdf Info: Output file is already uptodate.
<images/sem-eps-converted-to.pdf, id=1071, 426.59375pt x 73.27374pt>
File: images/sem-eps-converted-to.pdf Graphic file (type pdf)
<use images/sem-eps-converted-to.pdf>
Package pdftex.def Info: images/sem-eps-converted-to.pdf  used on input line 1585.
(pdftex.def)             Requested size: 455.24411pt x 78.19974pt.



Package fancyhdr Warning: \headheight is too small (12.0pt): 
(fancyhdr)                Make it at least 12.39996pt, for example:
(fancyhdr)                \setlength{\headheight}{12.39996pt}.
(fancyhdr)                You might also make \topmargin smaller to compensate:
(fancyhdr)                \addtolength{\topmargin}{-0.39996pt}.

[34 <./images/sem-eps-converted-to.pdf>]


Package fancyhdr Warning: \headheight is too small (12.0pt): 
(fancyhdr)                Make it at least 12.39996pt, for example:
(fancyhdr)                \setlength{\headheight}{12.39996pt}.
(fancyhdr)                You might also make \topmargin smaller to compensate:
(fancyhdr)                \addtolength{\topmargin}{-0.39996pt}.

[35]

Package hyperref Warning: Token not allowed in a PDF string (Unicode):
(hyperref)                removing `math shift' on input line 1686.


Package hyperref Warning: Token not allowed in a PDF string (Unicode):
(hyperref)                removing `\pi' on input line 1686.


Package hyperref Warning: Token not allowed in a PDF string (Unicode):
(hyperref)                removing `math shift' on input line 1686.




Package fancyhdr Warning: \headheight is too small (12.0pt): 
(fancyhdr)                Make it at least 12.39996pt, for example:
(fancyhdr)                \setlength{\headheight}{12.39996pt}.
(fancyhdr)                You might also make \topmargin smaller to compensate:
(fancyhdr)                \addtolength{\topmargin}{-0.39996pt}.

[36]

pdfTeX warning: pdflatex.exe (file ./images/lista.pdf): PDF inclusion: found PDF version <1.7>, but at most version <1.5> allowed
<images/lista.pdf, id=1204, 246.9225pt x 30.1125pt>
File: images/lista.pdf Graphic file (type pdf)
<use images/lista.pdf>
Package pdftex.def Info: images/lista.pdf  used on input line 1780.
(pdftex.def)             Requested size: 318.66948pt x 38.86456pt.



Package fancyhdr Warning: \headheight is too small (12.0pt): 
(fancyhdr)                Make it at least 12.39996pt, for example:
(fancyhdr)                \setlength{\headheight}{12.39996pt}.
(fancyhdr)                You might also make \topmargin smaller to compensate:
(fancyhdr)                \addtolength{\topmargin}{-0.39996pt}.

[37 <./images/lista.pdf>]


Package fancyhdr Warning: \headheight is too small (12.0pt): 
(fancyhdr)                Make it at least 12.39996pt, for example:
(fancyhdr)                \setlength{\headheight}{12.39996pt}.
(fancyhdr)                You might also make \topmargin smaller to compensate:
(fancyhdr)                \addtolength{\topmargin}{-0.39996pt}.

[38]


Package fancyhdr Warning: \headheight is too small (12.0pt): 
(fancyhdr)                Make it at least 12.39996pt, for example:
(fancyhdr)                \setlength{\headheight}{12.39996pt}.
(fancyhdr)                You might also make \topmargin smaller to compensate:
(fancyhdr)                \addtolength{\topmargin}{-0.39996pt}.

[39]


Package fancyhdr Warning: \headheight is too small (12.0pt): 
(fancyhdr)                Make it at least 12.39996pt, for example:
(fancyhdr)                \setlength{\headheight}{12.39996pt}.
(fancyhdr)                You might also make \topmargin smaller to compensate:
(fancyhdr)                \addtolength{\topmargin}{-0.39996pt}.

[40]


Package fancyhdr Warning: \headheight is too small (12.0pt): 
(fancyhdr)                Make it at least 12.39996pt, for example:
(fancyhdr)                \setlength{\headheight}{12.39996pt}.
(fancyhdr)                You might also make \topmargin smaller to compensate:
(fancyhdr)                \addtolength{\topmargin}{-0.39996pt}.

[41]


Package fancyhdr Warning: \headheight is too small (12.0pt): 
(fancyhdr)                Make it at least 12.39996pt, for example:
(fancyhdr)                \setlength{\headheight}{12.39996pt}.
(fancyhdr)                You might also make \topmargin smaller to compensate:
(fancyhdr)                \addtolength{\topmargin}{-0.39996pt}.

[42]
Capitolo 4.


[43

] (Programmazione di Sistemi Multicore.aux)
 ***********
LaTeX2e <2024-06-01> patch level 2
L3 programming layer <2024-10-09>
 ***********
Package rerunfilecheck Info: File `"Programmazione di Sistemi Multicore".out' has not changed.
(rerunfilecheck)             Checksum: D830CC309094838095C8263B5D41D48D;5919.
 ) 
Here is how much of TeX's memory you used:
 43795 strings out of 473897
 986067 string characters out of 5726462
 2182398 words of memory out of 5000000
 65124 multiletter control sequences out of 15000+600000
 627227 words of font info for 101 fonts, out of 8000000 for 9000
 1141 hyphenation exceptions out of 8191
 101i,14n,104p,909b,2190s stack positions out of 10000i,1000n,20000p,200000b,200000s
<C:/Program Files/MiKTeX2/fonts/type1/public/fourier/fourier-orns.pfb><C:/Users/mcasu/AppData/Local/Programs/MiKTeX/fonts/type1/public/lm/lmbx10.pfb><C:/Users/mcasu/AppData/Local/Programs/MiKTeX/fonts/type1/public/lm/lmbx12.pfb><C:/Users/mcasu/AppData/Local/Programs/MiKTeX/fonts/type1/public/lm/lmex10.pfb><C:/Users/mcasu/AppData/Local/Programs/MiKTeX/fonts/type1/public/lm/lmmi10.pfb><C:/Users/mcasu/AppData/Local/Programs/MiKTeX/fonts/type1/public/lm/lmmi12.pfb><C:/Users/mcasu/AppData/Local/Programs/MiKTeX/fonts/type1/public/lm/lmmi5.pfb><C:/Users/mcasu/AppData/Local/Programs/MiKTeX/fonts/type1/public/lm/lmmi7.pfb><C:/Users/mcasu/AppData/Local/Programs/MiKTeX/fonts/type1/public/lm/lmr10.pfb><C:/Users/mcasu/AppData/Local/Programs/MiKTeX/fonts/type1/public/lm/lmr12.pfb><C:/Users/mcasu/AppData/Local/Programs/MiKTeX/fonts/type1/public/lm/lmr17.pfb><C:/Users/mcasu/AppData/Local/Programs/MiKTeX/fonts/type1/public/lm/lmr5.pfb><C:/Users/mcasu/AppData/Local/Programs/MiKTeX/fonts/type1/public/lm/lmr7.pfb><C:/Users/mcasu/AppData/Local/Programs/MiKTeX/fonts/type1/public/lm/lmr8.pfb><C:/Users/mcasu/AppData/Local/Programs/MiKTeX/fonts/type1/public/lm/lmri10.pfb><C:/Users/mcasu/AppData/Local/Programs/MiKTeX/fonts/type1/public/lm/lmsy10.pfb><C:/Users/mcasu/AppData/Local/Programs/MiKTeX/fonts/type1/public/lm/lmsy7.pfb><C:/Users/mcasu/AppData/Local/Programs/MiKTeX/fonts/type1/public/lm/lmtt10.pfb>
Output written on "Programmazione di Sistemi Multicore.pdf" (44 pages, 2313793 bytes).
PDF statistics:
 1554 PDF objects out of 1728 (max. 8388607)
 786 named destinations out of 1000 (max. 500000)
 394 words of extra memory for PDF output out of 10000 (max. 10000000)

