\BOOKMARK [1][-]{section.1}{\376\377\000G\000r\000a\000f\000i}{}% 1
\BOOKMARK [2][-]{subsection.1.1}{\376\377\000I\000n\000t\000r\000o\000d\000u\000z\000i\000o\000n\000e\000\040\000e\000\040\000D\000e\000f\000i\000n\000i\000z\000i\000o\000n\000i}{section.1}% 2
\BOOKMARK [2][-]{subsection.1.2}{\376\377\000R\000a\000p\000p\000r\000e\000s\000e\000n\000t\000a\000z\000i\000o\000n\000e\000\040\000F\000i\000s\000i\000c\000a}{section.1}% 3
\BOOKMARK [2][-]{subsection.1.3}{\376\377\000R\000i\000c\000e\000r\000c\000a\000\040\000d\000i\000\040\000u\000n\000\040\000C\000i\000c\000l\000o}{section.1}% 4
\BOOKMARK [2][-]{subsection.1.4}{\376\377\000C\000a\000m\000m\000i\000n\000i\000\040\000s\000u\000i\000\040\000G\000r\000a\000f\000i}{section.1}% 5
\BOOKMARK [3][-]{subsubsection.1.4.1}{\376\377\000D\000e\000p\000t\000h\000-\000F\000i\000r\000s\000t\000\040\000S\000e\000a\000r\000c\000h}{subsection.1.4}% 6
\BOOKMARK [3][-]{subsubsection.1.4.2}{\376\377\000C\000o\000m\000p\000o\000n\000e\000n\000t\000i\000\040\000d\000i\000\040\000u\000n\000\040\000G\000r\000a\000f\000o}{subsection.1.4}% 7
\BOOKMARK [2][-]{subsection.1.5}{\376\377\000O\000r\000d\000i\000n\000a\000m\000e\000n\000t\000o\000\040\000T\000o\000p\000o\000l\000o\000g\000i\000c\000o}{section.1}% 8
\BOOKMARK [3][-]{subsubsection.1.5.1}{\376\377\000C\000o\000n\000t\000a\000t\000o\000r\000e\000\040\000n\000e\000l\000\040\000D\000F\000S\000\040\000e\000\040\000R\000e\000l\000a\000z\000i\000o\000n\000i\000\040\000s\000u\000l\000l\000'\000A\000r\000b\000o\000r\000e\000s\000c\000e\000n\000z\000a}{subsection.1.5}% 9
\BOOKMARK [3][-]{subsubsection.1.5.2}{\376\377\000P\000o\000z\000z\000o\000\040\000U\000n\000i\000v\000e\000r\000s\000a\000l\000e}{subsection.1.5}% 10
\BOOKMARK [3][-]{subsubsection.1.5.3}{\376\377\000O\000r\000d\000i\000n\000e\000\040\000T\000o\000p\000o\000l\000o\000g\000i\000c\000o\000\040\000i\000n\000\040\000T\000e\000m\000p\000o\000\040\000L\000i\000n\000e\000a\000r\000e}{subsection.1.5}% 11
\BOOKMARK [2][-]{subsection.1.6}{\376\377\000P\000o\000n\000t\000i\000\040\000s\000u\000i\000\040\000G\000r\000a\000f\000i\000\040\000n\000o\000n\000\040\000D\000i\000r\000e\000t\000t\000i}{section.1}% 12
\BOOKMARK [2][-]{subsection.1.7}{\376\377\000C\000o\000m\000p\000o\000n\000e\000n\000t\000i\000\040\000F\000o\000r\000t\000e\000m\000e\000n\000t\000e\000\040\000C\000o\000n\000n\000e\000s\000s\000e}{section.1}% 13
\BOOKMARK [3][-]{subsubsection.1.7.1}{\376\377\000C\000o\000n\000t\000r\000a\000z\000i\000o\000n\000e\000\040\000d\000i\000\040\000V\000e\000r\000t\000i\000c\000i}{subsection.1.7}% 14
\BOOKMARK [3][-]{subsubsection.1.7.2}{\376\377\000C\000-\000r\000a\000d\000i\000c\000e\000\040\000d\000i\000\040\000u\000n\000\040\000C\000o\000m\000p\000o\000n\000e\000n\000t\000e\000\040\000F\000o\000r\000t\000e\000m\000e\000n\000t\000e\000\040\000C\000o\000n\000n\000e\000s\000s\000o}{subsection.1.7}% 15
\BOOKMARK [2][-]{subsection.1.8}{\376\377\000B\000r\000e\000a\000d\000t\000h\000\040\000F\000i\000r\000s\000t\000\040\000S\000e\000a\000r\000c\000h}{section.1}% 16
\BOOKMARK [3][-]{subsubsection.1.8.1}{\376\377\000D\000i\000s\000t\000a\000n\000z\000a\000\040\000f\000r\000a\000\040\000I\000n\000s\000i\000e\000m\000e\000\040\000e\000\040\000D\000i\000s\000t\000a\000n\000z\000a\000\040\000t\000r\000a\000m\000i\000t\000e\000\040\000V\000e\000t\000t\000o\000r\000e\000\040\000d\000e\000i\000\040\000P\000a\000d\000r\000i}{subsection.1.8}% 17
\BOOKMARK [2][-]{subsection.1.9}{\376\377\000G\000r\000a\000f\000i\000\040\000P\000e\000s\000a\000t\000i}{section.1}% 18
\BOOKMARK [1][-]{section.2}{\376\377\000G\000l\000i\000\040\000A\000l\000g\000o\000r\000i\000t\000m\000i\000\040\000G\000r\000e\000e\000d\000y}{}% 19
\BOOKMARK [2][-]{subsection.2.1}{\376\377\000M\000i\000n\000i\000m\000u\000m\000\040\000S\000p\000a\000n\000n\000i\000n\000g\000\040\000T\000r\000e\000e}{section.2}% 20
