This is pdfTeX, Version 3.141592653-2.6-1.40.25 (MiKTeX 23.9.24) (preloaded format=pdflatex 2024.2.10)  16 APR 2024 15:13
entering extended mode
 restricted \write18 enabled.
 file:line:error style messages enabled.
 %&-line parsing enabled.
**"c:/Users/mcasu/OneDrive/Desktop/University_notes/Secondo Anno/Secondo Semestre/Progettazione di Algoritmi/Latex source file/Progettazione di Algoritmi.tex"
(c:/Users/mcasu/OneDrive/Desktop/University_notes/Secondo Anno/Secondo Semestre/Progettazione di Algoritmi/Latex source file/Progettazione di Algoritmi.tex
LaTeX2e <2023-11-01> patch level 1
L3 programming layer <2024-01-22>
(C:\Users\mcasu\AppData\Local\Programs\MiKTeX\tex/latex/base\article.cls
Document Class: article 2023/05/17 v1.4n Standard LaTeX document class
(C:\Users\mcasu\AppData\Local\Programs\MiKTeX\tex/latex/base\size12.clo
File: size12.clo 2023/05/17 v1.4n Standard LaTeX file (size option)
)
\c@part=\count187
\c@section=\count188
\c@subsection=\count189
\c@subsubsection=\count190
\c@paragraph=\count191
\c@subparagraph=\count192
\c@figure=\count193
\c@table=\count194
\abovecaptionskip=\skip48
\belowcaptionskip=\skip49
\bibindent=\dimen140
) (C:\Users\mcasu\AppData\Local\Programs\MiKTeX\tex/latex/graphics\graphicx.sty
Package: graphicx 2021/09/16 v1.2d Enhanced LaTeX Graphics (DPC,SPQR)
 (C:\Users\mcasu\AppData\Local\Programs\MiKTeX\tex/latex/graphics\keyval.sty
Package: keyval 2022/05/29 v1.15 key=value parser (DPC)
\KV@toks@=\toks17
) (C:\Users\mcasu\AppData\Local\Programs\MiKTeX\tex/latex/graphics\graphics.sty
Package: graphics 2022/03/10 v1.4e Standard LaTeX Graphics (DPC,SPQR)
 (C:\Users\mcasu\AppData\Local\Programs\MiKTeX\tex/latex/graphics\trig.sty
Package: trig 2021/08/11 v1.11 sin cos tan (DPC)
) (C:\Users\mcasu\AppData\Local\Programs\MiKTeX\tex/latex/graphics-cfg\graphics.cfg
File: graphics.cfg 2016/06/04 v1.11 sample graphics configuration
)
Package graphics Info: Driver file: pdftex.def on input line 107.
 (C:\Users\mcasu\AppData\Local\Programs\MiKTeX\tex/latex/graphics-def\pdftex.def
File: pdftex.def 2022/09/22 v1.2b Graphics/color driver for pdftex
))
\Gin@req@height=\dimen141
\Gin@req@width=\dimen142
) (C:\Users\mcasu\AppData\Local\Programs\MiKTeX\tex/latex/hyperref\hyperref.sty
Package: hyperref 2024-01-20 v7.01h Hypertext links for LaTeX
 (C:\Users\mcasu\AppData\Local\Programs\MiKTeX\tex/generic/iftex\iftex.sty
Package: iftex 2022/02/03 v1.0f TeX engine tests
) (C:\Program Files\MiKTeX2\tex/latex/kvsetkeys\kvsetkeys.sty
Package: kvsetkeys 2022-10-05 v1.19 Key value parser (HO)
) (C:\Program Files\MiKTeX2\tex/generic/kvdefinekeys\kvdefinekeys.sty
Package: kvdefinekeys 2019-12-19 v1.6 Define keys (HO)
) (C:\Program Files\MiKTeX2\tex/generic/pdfescape\pdfescape.sty
Package: pdfescape 2019/12/09 v1.15 Implements pdfTeX's escape features (HO)
 (C:\Program Files\MiKTeX2\tex/generic/ltxcmds\ltxcmds.sty
Package: ltxcmds 2020-05-10 v1.25 LaTeX kernel commands for general use (HO)
) (C:\Users\mcasu\AppData\Local\Programs\MiKTeX\tex/generic/pdftexcmds\pdftexcmds.sty
Package: pdftexcmds 2020-06-27 v0.33 Utility functions of pdfTeX for LuaTeX (HO)
 (C:\Program Files\MiKTeX2\tex/generic/infwarerr\infwarerr.sty
Package: infwarerr 2019/12/03 v1.5 Providing info/warning/error messages (HO)
)
Package pdftexcmds Info: \pdf@primitive is available.
Package pdftexcmds Info: \pdf@ifprimitive is available.
Package pdftexcmds Info: \pdfdraftmode found.
)) (C:\Program Files\MiKTeX2\tex/latex/hycolor\hycolor.sty
Package: hycolor 2020-01-27 v1.10 Color options for hyperref/bookmark (HO)
) (C:\Program Files\MiKTeX2\tex/latex/auxhook\auxhook.sty
Package: auxhook 2019-12-17 v1.6 Hooks for auxiliary files (HO)
) (C:\Users\mcasu\AppData\Local\Programs\MiKTeX\tex/latex/hyperref\nameref.sty
Package: nameref 2023-11-26 v2.56 Cross-referencing by name of section
 (C:\Program Files\MiKTeX2\tex/latex/refcount\refcount.sty
Package: refcount 2019/12/15 v3.6 Data extraction from label references (HO)
) (C:\Program Files\MiKTeX2\tex/generic/gettitlestring\gettitlestring.sty
Package: gettitlestring 2019/12/15 v1.6 Cleanup title references (HO)
 (C:\Program Files\MiKTeX2\tex/latex/kvoptions\kvoptions.sty
Package: kvoptions 2022-06-15 v3.15 Key value format for package options (HO)
))
\c@section@level=\count195
) (C:\Users\mcasu\AppData\Local\Programs\MiKTeX\tex/latex/etoolbox\etoolbox.sty
Package: etoolbox 2020/10/05 v2.5k e-TeX tools for LaTeX (JAW)
\etb@tempcnta=\count196
)
\@linkdim=\dimen143
\Hy@linkcounter=\count197
\Hy@pagecounter=\count198
 (C:\Users\mcasu\AppData\Local\Programs\MiKTeX\tex/latex/hyperref\pd1enc.def
File: pd1enc.def 2024-01-20 v7.01h Hyperref: PDFDocEncoding definition (HO)
Now handling font encoding PD1 ...
... no UTF-8 mapping file for font encoding PD1
) (C:\Program Files\MiKTeX2\tex/generic/intcalc\intcalc.sty
Package: intcalc 2019/12/15 v1.3 Expandable calculations with integers (HO)
)
\Hy@SavedSpaceFactor=\count199
 (C:\Users\mcasu\AppData\Local\Programs\MiKTeX\tex/latex/hyperref\puenc.def
File: puenc.def 2024-01-20 v7.01h Hyperref: PDF Unicode definition (HO)
Now handling font encoding PU ...
... no UTF-8 mapping file for font encoding PU
)
Package hyperref Info: Hyper figures OFF on input line 4179.
Package hyperref Info: Link nesting OFF on input line 4184.
Package hyperref Info: Hyper index ON on input line 4187.
Package hyperref Info: Plain pages OFF on input line 4194.
Package hyperref Info: Backreferencing OFF on input line 4199.
Package hyperref Info: Implicit mode ON; LaTeX internals redefined.
Package hyperref Info: Bookmarks ON on input line 4446.
\c@Hy@tempcnt=\count266
 (C:\Users\mcasu\AppData\Local\Programs\MiKTeX\tex/latex/url\url.sty
\Urlmuskip=\muskip16
Package: url 2013/09/16  ver 3.4  Verb mode for urls, etc.
)
LaTeX Info: Redefining \url on input line 4784.
\XeTeXLinkMargin=\dimen144
 (C:\Program Files\MiKTeX2\tex/generic/bitset\bitset.sty
Package: bitset 2019/12/09 v1.3 Handle bit-vector datatype (HO)
 (C:\Program Files\MiKTeX2\tex/generic/bigintcalc\bigintcalc.sty
Package: bigintcalc 2019/12/15 v1.5 Expandable calculations on big integers (HO)
))
\Fld@menulength=\count267
\Field@Width=\dimen145
\Fld@charsize=\dimen146
Package hyperref Info: Hyper figures OFF on input line 6063.
Package hyperref Info: Link nesting OFF on input line 6068.
Package hyperref Info: Hyper index ON on input line 6071.
Package hyperref Info: backreferencing OFF on input line 6078.
Package hyperref Info: Link coloring OFF on input line 6083.
Package hyperref Info: Link coloring with OCG OFF on input line 6088.
Package hyperref Info: PDF/A mode OFF on input line 6093.
 (C:\Users\mcasu\AppData\Local\Programs\MiKTeX\tex/latex/base\atbegshi-ltx.sty
Package: atbegshi-ltx 2021/01/10 v1.0c Emulation of the original atbegshi
package with kernel methods
)
\Hy@abspage=\count268
\c@Item=\count269
\c@Hfootnote=\count270
)
Package hyperref Info: Driver (autodetected): hpdftex.
 (C:\Users\mcasu\AppData\Local\Programs\MiKTeX\tex/latex/hyperref\hpdftex.def
File: hpdftex.def 2024-01-20 v7.01h Hyperref driver for pdfTeX
 (C:\Users\mcasu\AppData\Local\Programs\MiKTeX\tex/latex/base\atveryend-ltx.sty
Package: atveryend-ltx 2020/08/19 v1.0a Emulation of the original atveryend package
with kernel methods
)
\Fld@listcount=\count271
\c@bookmark@seq@number=\count272
 (C:\Program Files\MiKTeX2\tex/latex/rerunfilecheck\rerunfilecheck.sty
Package: rerunfilecheck 2022-07-10 v1.10 Rerun checks for auxiliary files (HO)
 (C:\Program Files\MiKTeX2\tex/generic/uniquecounter\uniquecounter.sty
Package: uniquecounter 2019/12/15 v1.4 Provide unlimited unique counter (HO)
)
Package uniquecounter Info: New unique counter `rerunfilecheck' on input line 285.
)
\Hy@SectionHShift=\skip50
) (C:\Users\mcasu\AppData\Local\Programs\MiKTeX\tex/latex/listings\listings.sty
\lst@mode=\count273
\lst@gtempboxa=\box51
\lst@token=\toks18
\lst@length=\count274
\lst@currlwidth=\dimen147
\lst@column=\count275
\lst@pos=\count276
\lst@lostspace=\dimen148
\lst@width=\dimen149
\lst@newlines=\count277
\lst@lineno=\count278
\lst@maxwidth=\dimen150
 (C:\Users\mcasu\AppData\Local\Programs\MiKTeX\tex/latex/listings\lstmisc.sty
File: lstmisc.sty 2023/02/27 1.9 (Carsten Heinz)
\c@lstnumber=\count279
\lst@skipnumbers=\count280
\lst@framebox=\box52
) (C:\Users\mcasu\AppData\Local\Programs\MiKTeX\tex/latex/listings\listings.cfg
File: listings.cfg 2023/02/27 1.9 listings configuration
))
Package: listings 2023/02/27 1.9 (Carsten Heinz)
 (C:\Users\mcasu\AppData\Local\Programs\MiKTeX\tex/latex/amsfonts\amssymb.sty
Package: amssymb 2013/01/14 v3.01 AMS font symbols
 (C:\Users\mcasu\AppData\Local\Programs\MiKTeX\tex/latex/amsfonts\amsfonts.sty
Package: amsfonts 2013/01/14 v3.01 Basic AMSFonts support
\@emptytoks=\toks19
\symAMSa=\mathgroup4
\symAMSb=\mathgroup5
LaTeX Font Info:    Redeclaring math symbol \hbar on input line 98.
LaTeX Font Info:    Overwriting math alphabet `\mathfrak' in version `bold'
(Font)                  U/euf/m/n --> U/euf/b/n on input line 106.
)) (C:\Users\mcasu\AppData\Local\Programs\MiKTeX\tex/latex/amsmath\amsmath.sty
Package: amsmath 2023/05/13 v2.17o AMS math features
\@mathmargin=\skip51

For additional information on amsmath, use the `?' option.
(C:\Users\mcasu\AppData\Local\Programs\MiKTeX\tex/latex/amsmath\amstext.sty
Package: amstext 2021/08/26 v2.01 AMS text
 (C:\Users\mcasu\AppData\Local\Programs\MiKTeX\tex/latex/amsmath\amsgen.sty
File: amsgen.sty 1999/11/30 v2.0 generic functions
\@emptytoks=\toks20
\ex@=\dimen151
)) (C:\Users\mcasu\AppData\Local\Programs\MiKTeX\tex/latex/amsmath\amsbsy.sty
Package: amsbsy 1999/11/29 v1.2d Bold Symbols
\pmbraise@=\dimen152
) (C:\Users\mcasu\AppData\Local\Programs\MiKTeX\tex/latex/amsmath\amsopn.sty
Package: amsopn 2022/04/08 v2.04 operator names
)
\inf@bad=\count281
LaTeX Info: Redefining \frac on input line 234.
\uproot@=\count282
\leftroot@=\count283
LaTeX Info: Redefining \overline on input line 399.
LaTeX Info: Redefining \colon on input line 410.
\classnum@=\count284
\DOTSCASE@=\count285
LaTeX Info: Redefining \ldots on input line 496.
LaTeX Info: Redefining \dots on input line 499.
LaTeX Info: Redefining \cdots on input line 620.
\Mathstrutbox@=\box53
\strutbox@=\box54
LaTeX Info: Redefining \big on input line 722.
LaTeX Info: Redefining \Big on input line 723.
LaTeX Info: Redefining \bigg on input line 724.
LaTeX Info: Redefining \Bigg on input line 725.
\big@size=\dimen153
LaTeX Font Info:    Redeclaring font encoding OML on input line 743.
LaTeX Font Info:    Redeclaring font encoding OMS on input line 744.
\macc@depth=\count286
LaTeX Info: Redefining \bmod on input line 905.
LaTeX Info: Redefining \pmod on input line 910.
LaTeX Info: Redefining \smash on input line 940.
LaTeX Info: Redefining \relbar on input line 970.
LaTeX Info: Redefining \Relbar on input line 971.
\c@MaxMatrixCols=\count287
\dotsspace@=\muskip17
\c@parentequation=\count288
\dspbrk@lvl=\count289
\tag@help=\toks21
\row@=\count290
\column@=\count291
\maxfields@=\count292
\andhelp@=\toks22
\eqnshift@=\dimen154
\alignsep@=\dimen155
\tagshift@=\dimen156
\tagwidth@=\dimen157
\totwidth@=\dimen158
\lineht@=\dimen159
\@envbody=\toks23
\multlinegap=\skip52
\multlinetaggap=\skip53
\mathdisplay@stack=\toks24
LaTeX Info: Redefining \[ on input line 2953.
LaTeX Info: Redefining \] on input line 2954.
) (C:\Users\mcasu\AppData\Local\Programs\MiKTeX\tex/generic/babel\babel.sty
Package: babel 2024/01/07 v24.1 The Babel package
\babel@savecnt=\count293
\U@D=\dimen160
\l@unhyphenated=\language79
 (C:\Users\mcasu\AppData\Local\Programs\MiKTeX\tex/generic/babel\txtbabel.def)
\bbl@readstream=\read2
\bbl@dirlevel=\count294

*************************************
* Local config file bblopts.cfg used
*
(C:\Users\mcasu\AppData\Local\Programs\MiKTeX\tex/latex/arabi\bblopts.cfg
File: bblopts.cfg 2005/09/08 v0.1 add Arabic and Farsi to "declared" options of babel
) (C:\Users\mcasu\AppData\Local\Programs\MiKTeX\tex/latex/babel-english\english.ldf
Language: english 2017/06/06 v3.3r English support from the babel system
Package babel Info: Hyphen rules for 'canadian' set to \l@english
(babel)             (\language0). Reported on input line 102.
Package babel Info: Hyphen rules for 'australian' set to \l@ukenglish
(babel)             (\language73). Reported on input line 105.
Package babel Info: Hyphen rules for 'newzealand' set to \l@ukenglish
(babel)             (\language73). Reported on input line 108.
)) (C:\Users\mcasu\AppData\Local\Programs\MiKTeX\tex/generic/babel/locale/en\babel-english.tex
Package babel Info: Importing font and identification data for english
(babel)             from babel-en.ini. Reported on input line 11.
) (C:\Program Files\MiKTeX2\tex/latex/units\nicefrac.sty
Package: nicefrac 1998/08/04 v0.9b Nice fractions
\L@UnitsRaiseDisplaystyle=\skip54
\L@UnitsRaiseTextstyle=\skip55
\L@UnitsRaiseScriptstyle=\skip56
 (C:\Users\mcasu\AppData\Local\Programs\MiKTeX\tex/latex/base\ifthen.sty
Package: ifthen 2022/04/13 v1.1d Standard LaTeX ifthen package (DPC)
)) (C:\Users\mcasu\AppData\Local\Programs\MiKTeX\tex/latex/l3packages/xfrac\xfrac.sty (C:\Users\mcasu\AppData\Local\Programs\MiKTeX\tex/latex/l3kernel\expl3.sty
Package: expl3 2024-01-22 L3 programming layer (loader) 
 (C:\Users\mcasu\AppData\Local\Programs\MiKTeX\tex/latex/l3backend\l3backend-pdftex.def
File: l3backend-pdftex.def 2024-01-04 L3 backend support: PDF output (pdfTeX)
\l__color_backend_stack_int=\count295
\l__pdf_internal_box=\box55
)) (C:\Users\mcasu\AppData\Local\Programs\MiKTeX\tex/latex/l3packages/l3keys2e\l3keys2e.sty
Package: l3keys2e 2023-10-10 LaTeX2e option processing using LaTeX3 keys
) (C:\Users\mcasu\AppData\Local\Programs\MiKTeX\tex/latex/base\textcomp.sty
Package: textcomp 2020/02/02 v2.0n Standard LaTeX package
) (C:\Users\mcasu\AppData\Local\Programs\MiKTeX\tex/latex/l3packages/xparse\xparse.sty
Package: xparse 2023-10-10 L3 Experimental document command parser
) (C:\Users\mcasu\AppData\Local\Programs\MiKTeX\tex/latex/l3packages/xtemplate\xtemplate.sty
Package: xtemplate 2023-10-10 L3 Experimental prototype document functions
\l__xtemplate_tmp_dim=\dimen161
\l__xtemplate_tmp_int=\count296
\l__xtemplate_tmp_muskip=\muskip18
\l__xtemplate_tmp_skip=\skip57
)
Package: xfrac 2023-10-10 L3 Experimental split-level fractions
\l__xfrac_slash_box=\box56
\l__xfrac_tmp_box=\box57
\l__xfrac_denominator_bot_sep_dim=\dimen162
\l__xfrac_numerator_bot_sep_dim=\dimen163
\l__xfrac_numerator_top_sep_dim=\dimen164
\l__xfrac_slash_left_sep_dim=\dimen165
\l__xfrac_slash_right_sep_dim=\dimen166
\l__xfrac_slash_left_muskip=\muskip19
\l__xfrac_slash_right_muskip=\muskip20

Package xtemplate Info: Declaring object type 'xfrac' taking 3 argument(s) on
(xtemplate)             line 80.

) (C:\Program Files\MiKTeX2\tex/latex/mathtools\mathtools.sty
Package: mathtools 2022/06/29 v1.29 mathematical typesetting tools
 (C:\Users\mcasu\AppData\Local\Programs\MiKTeX\tex/latex/tools\calc.sty
Package: calc 2023/07/08 v4.3 Infix arithmetic (KKT,FJ)
\calc@Acount=\count297
\calc@Bcount=\count298
\calc@Adimen=\dimen167
\calc@Bdimen=\dimen168
\calc@Askip=\skip58
\calc@Bskip=\skip59
LaTeX Info: Redefining \setlength on input line 80.
LaTeX Info: Redefining \addtolength on input line 81.
\calc@Ccount=\count299
\calc@Cskip=\skip60
) (C:\Program Files\MiKTeX2\tex/latex/mathtools\mhsetup.sty
Package: mhsetup 2021/03/18 v1.4 programming setup (MH)
)
\g_MT_multlinerow_int=\count300
\l_MT_multwidth_dim=\dimen169
\origjot=\skip61
\l_MT_shortvdotswithinadjustabove_dim=\dimen170
\l_MT_shortvdotswithinadjustbelow_dim=\dimen171
\l_MT_above_intertext_sep=\dimen172
\l_MT_below_intertext_sep=\dimen173
\l_MT_above_shortintertext_sep=\dimen174
\l_MT_below_shortintertext_sep=\dimen175
\xmathstrut@box=\box58
\xmathstrut@dim=\dimen176
) (C:\Users\mcasu\AppData\Local\Programs\MiKTeX\tex/latex/xcolor\xcolor.sty
Package: xcolor 2023/11/15 v3.01 LaTeX color extensions (UK)
 (C:\Users\mcasu\AppData\Local\Programs\MiKTeX\tex/latex/graphics-cfg\color.cfg
File: color.cfg 2016/01/02 v1.6 sample color configuration
)
Package xcolor Info: Driver file: pdftex.def on input line 274.
 (C:\Users\mcasu\AppData\Local\Programs\MiKTeX\tex/latex/graphics\mathcolor.ltx)
Package xcolor Info: Model `cmy' substituted by `cmy0' on input line 1350.
Package xcolor Info: Model `hsb' substituted by `rgb' on input line 1354.
Package xcolor Info: Model `RGB' extended on input line 1366.
Package xcolor Info: Model `HTML' substituted by `rgb' on input line 1368.
Package xcolor Info: Model `Hsb' substituted by `hsb' on input line 1369.
Package xcolor Info: Model `tHsb' substituted by `hsb' on input line 1370.
Package xcolor Info: Model `HSB' substituted by `hsb' on input line 1371.
Package xcolor Info: Model `Gray' substituted by `gray' on input line 1372.
Package xcolor Info: Model `wave' substituted by `hsb' on input line 1373.
) (C:\Program Files\MiKTeX2\tex/latex/colortbl\colortbl.sty
Package: colortbl 2022/06/20 v1.0f Color table columns (DPC)
 (C:\Users\mcasu\AppData\Local\Programs\MiKTeX\tex/latex/tools\array.sty
Package: array 2023/10/16 v2.5g Tabular extension package (FMi)
\col@sep=\dimen177
\ar@mcellbox=\box59
\extrarowheight=\dimen178
\NC@list=\toks25
\extratabsurround=\skip62
\backup@length=\skip63
\ar@cellbox=\box60
)
\everycr=\toks26
\minrowclearance=\skip64
\rownum=\count301
) (C:\Program Files\MiKTeX2\tex/latex/geometry\geometry.sty
Package: geometry 2020/01/02 v5.9 Page Geometry
 (C:\Users\mcasu\AppData\Local\Programs\MiKTeX\tex/generic/iftex\ifvtex.sty
Package: ifvtex 2019/10/25 v1.7 ifvtex legacy package. Use iftex instead.
)
\Gm@cnth=\count302
\Gm@cntv=\count303
\c@Gm@tempcnt=\count304
\Gm@bindingoffset=\dimen179
\Gm@wd@mp=\dimen180
\Gm@odd@mp=\dimen181
\Gm@even@mp=\dimen182
\Gm@layoutwidth=\dimen183
\Gm@layoutheight=\dimen184
\Gm@layouthoffset=\dimen185
\Gm@layoutvoffset=\dimen186
\Gm@dimlist=\toks27
 (C:\Program Files\MiKTeX2\tex/latex/geometry\geometry.cfg)) (Progettazione di Algoritmi.aux)
\openout1 = `"Progettazione di Algoritmi.aux"'.

LaTeX Font Info:    Checking defaults for OML/cmm/m/it on input line 28.
LaTeX Font Info:    ... okay on input line 28.
LaTeX Font Info:    Checking defaults for OMS/cmsy/m/n on input line 28.
LaTeX Font Info:    ... okay on input line 28.
LaTeX Font Info:    Checking defaults for OT1/cmr/m/n on input line 28.
LaTeX Font Info:    ... okay on input line 28.
LaTeX Font Info:    Checking defaults for T1/cmr/m/n on input line 28.
LaTeX Font Info:    ... okay on input line 28.
LaTeX Font Info:    Checking defaults for TS1/cmr/m/n on input line 28.
LaTeX Font Info:    ... okay on input line 28.
LaTeX Font Info:    Checking defaults for OMX/cmex/m/n on input line 28.
LaTeX Font Info:    ... okay on input line 28.
LaTeX Font Info:    Checking defaults for U/cmr/m/n on input line 28.
LaTeX Font Info:    ... okay on input line 28.
LaTeX Font Info:    Checking defaults for PD1/pdf/m/n on input line 28.
LaTeX Font Info:    ... okay on input line 28.
LaTeX Font Info:    Checking defaults for PU/pdf/m/n on input line 28.
LaTeX Font Info:    ... okay on input line 28.
 (C:\Users\mcasu\AppData\Local\Programs\MiKTeX\tex/context/base/mkii\supp-pdf.mkii
[Loading MPS to PDF converter (version 2006.09.02).]
\scratchcounter=\count305
\scratchdimen=\dimen187
\scratchbox=\box61
\nofMPsegments=\count306
\nofMParguments=\count307
\everyMPshowfont=\toks28
\MPscratchCnt=\count308
\MPscratchDim=\dimen188
\MPnumerator=\count309
\makeMPintoPDFobject=\count310
\everyMPtoPDFconversion=\toks29
) (C:\Users\mcasu\AppData\Local\Programs\MiKTeX\tex/latex/epstopdf-pkg\epstopdf-base.sty
Package: epstopdf-base 2020-01-24 v2.11 Base part for package epstopdf
Package epstopdf-base Info: Redefining graphics rule for `.eps' on input line 485.
 (C:\Users\mcasu\AppData\Local\Programs\MiKTeX\tex/latex/00miktex\epstopdf-sys.cfg
File: epstopdf-sys.cfg 2021/03/18 v2.0 Configuration of epstopdf for MiKTeX
))
Package hyperref Info: Link coloring OFF on input line 28.
 (Progettazione di Algoritmi.out) (Progettazione di Algoritmi.out)
\@outlinefile=\write3
\openout3 = `"Progettazione di Algoritmi.out"'.

\c@lstlisting=\count311

*geometry* driver: auto-detecting
*geometry* detected driver: pdftex
*geometry* verbose mode - [ preamble ] result:
* driver: pdftex
* paper: a4paper
* layout: <same size as paper>
* layoutoffset:(h,v)=(0.0pt,0.0pt)
* modes: 
* h-part:(L,W,R)=(56.9055pt, 483.69687pt, 56.9055pt)
* v-part:(T,H,B)=(71.13188pt, 702.78308pt, 71.13188pt)
* \paperwidth=597.50787pt
* \paperheight=845.04684pt
* \textwidth=483.69687pt
* \textheight=702.78308pt
* \oddsidemargin=-15.36449pt
* \evensidemargin=-15.36449pt
* \topmargin=-38.1381pt
* \headheight=12.0pt
* \headsep=25.0pt
* \topskip=12.0pt
* \footskip=30.0pt
* \marginparwidth=44.0pt
* \marginparsep=10.0pt
* \columnsep=10.0pt
* \skip\footins=10.8pt plus 4.0pt minus 2.0pt
* \hoffset=0.0pt
* \voffset=0.0pt
* \mag=1000
* \@twocolumnfalse
* \@twosidefalse
* \@mparswitchfalse
* \@reversemarginfalse
* (1in=72.27pt=25.4mm, 1cm=28.453pt)

LaTeX Font Info:    Trying to load font information for U+msa on input line 33.
(C:\Users\mcasu\AppData\Local\Programs\MiKTeX\tex/latex/amsfonts\umsa.fd
File: umsa.fd 2013/01/14 v3.01 AMS symbols A
)
LaTeX Font Info:    Trying to load font information for U+msb on input line 33.
 (C:\Users\mcasu\AppData\Local\Programs\MiKTeX\tex/latex/amsfonts\umsb.fd
File: umsb.fd 2013/01/14 v3.01 AMS symbols B
)
<images/cop.jpg, id=79, 1027.84pt x 1027.84pt>
File: images/cop.jpg Graphic file (type jpg)
<use images/cop.jpg>
Package pdftex.def Info: images/cop.jpg  used on input line 35.
(pdftex.def)             Requested size: 483.69687pt x 483.69653pt.
 [1

{C:/Users/mcasu/AppData/Local/MiKTeX/fonts/map/pdftex/pdftex.map} <./images/cop.jpg>] (Progettazione di Algoritmi.toc)
\tf@toc=\write4
\openout4 = `"Progettazione di Algoritmi.toc"'.

 [2]
Package epstopdf Info: Source file: <images/defGrafi.eps>
(epstopdf)                    date: 2024-02-27 19:46:02
(epstopdf)                    size: 29769 bytes
(epstopdf)             Output file: <images/defGrafi-eps-converted-to.pdf>
(epstopdf)                    date: 2024-02-27 19:46:19
(epstopdf)                    size: 6521 bytes
(epstopdf)             Command: <miktex-epstopdf --outfile=images/defGrafi-eps-converted-to.pdf images/defGrafi.eps>
(epstopdf)             \includegraphics on input line 51.
Package epstopdf Info: Output file is already uptodate.
<images/defGrafi-eps-converted-to.pdf, id=112, 536.0025pt x 150.5625pt>
File: images/defGrafi-eps-converted-to.pdf Graphic file (type pdf)
<use images/defGrafi-eps-converted-to.pdf>
Package pdftex.def Info: images/defGrafi-eps-converted-to.pdf  used on input line 51.
(pdftex.def)             Requested size: 483.69687pt x 135.86797pt.
Package epstopdf Info: Source file: <images/konigsberg.eps>
(epstopdf)                    date: 2024-02-27 20:00:49
(epstopdf)                    size: 754903 bytes
(epstopdf)             Output file: <images/konigsberg-eps-converted-to.pdf>
(epstopdf)                    date: 2024-02-27 20:00:52
(epstopdf)                    size: 160631 bytes
(epstopdf)             Command: <miktex-epstopdf --outfile=images/konigsberg-eps-converted-to.pdf images/konigsberg.eps>
(epstopdf)             \includegraphics on input line 56.
Package epstopdf Info: Output file is already uptodate.
<images/konigsberg-eps-converted-to.pdf, id=113, 587.19376pt x 142.5325pt>
File: images/konigsberg-eps-converted-to.pdf Graphic file (type pdf)
<use images/konigsberg-eps-converted-to.pdf>
Package pdftex.def Info: images/konigsberg-eps-converted-to.pdf  used on input line 56.
(pdftex.def)             Requested size: 483.69687pt x 117.41023pt.
 [3 <./images/defGrafi-eps-converted-to.pdf> <./images/konigsberg-eps-converted-to.pdf>]
Package epstopdf Info: Source file: <images/nonConnesso.eps>
(epstopdf)                    date: 2024-02-27 20:09:30
(epstopdf)                    size: 41688 bytes
(epstopdf)             Output file: <images/nonConnesso-eps-converted-to.pdf>
(epstopdf)                    date: 2024-02-27 20:09:33
(epstopdf)                    size: 7846 bytes
(epstopdf)             Command: <miktex-epstopdf --outfile=images/nonConnesso-eps-converted-to.pdf images/nonConnesso.eps>
(epstopdf)             \includegraphics on input line 70.
Package epstopdf Info: Output file is already uptodate.
<images/nonConnesso-eps-converted-to.pdf, id=133, 450.68375pt x 98.3675pt>
File: images/nonConnesso-eps-converted-to.pdf Graphic file (type pdf)
<use images/nonConnesso-eps-converted-to.pdf>
Package pdftex.def Info: images/nonConnesso-eps-converted-to.pdf  used on input line 70.
(pdftex.def)             Requested size: 483.69687pt x 105.57787pt.
Package epstopdf Info: Source file: <images/ciclo.eps>
(epstopdf)                    date: 2024-02-27 20:49:21
(epstopdf)                    size: 22240 bytes
(epstopdf)             Output file: <images/ciclo-eps-converted-to.pdf>
(epstopdf)                    date: 2024-02-27 20:49:37
(epstopdf)                    size: 5098 bytes
(epstopdf)             Command: <miktex-epstopdf --outfile=images/ciclo-eps-converted-to.pdf images/ciclo.eps>
(epstopdf)             \includegraphics on input line 102.
Package epstopdf Info: Output file is already uptodate.
<images/ciclo-eps-converted-to.pdf, id=134, 533.995pt x 162.6075pt>
File: images/ciclo-eps-converted-to.pdf Graphic file (type pdf)
<use images/ciclo-eps-converted-to.pdf>
Package pdftex.def Info: images/ciclo-eps-converted-to.pdf  used on input line 102.
(pdftex.def)             Requested size: 386.95897pt x 117.83655pt.
 [4 <./images/nonConnesso-eps-converted-to.pdf>]
Package epstopdf Info: Source file: <images/algoCiclo.eps>
(epstopdf)                    date: 2024-02-27 21:09:31
(epstopdf)                    size: 59637 bytes
(epstopdf)             Output file: <images/algoCiclo-eps-converted-to.pdf>
(epstopdf)                    date: 2024-02-27 21:09:43
(epstopdf)                    size: 12981 bytes
(epstopdf)             Command: <miktex-epstopdf --outfile=images/algoCiclo-eps-converted-to.pdf images/algoCiclo.eps>
(epstopdf)             \includegraphics on input line 119.
Package epstopdf Info: Output file is already uptodate.
<images/algoCiclo-eps-converted-to.pdf, id=151, 450.68375pt x 146.5475pt>
File: images/algoCiclo-eps-converted-to.pdf Graphic file (type pdf)
<use images/algoCiclo-eps-converted-to.pdf>
Package pdftex.def Info: images/algoCiclo-eps-converted-to.pdf  used on input line 119.
(pdftex.def)             Requested size: 386.95897pt x 125.83159pt.
LaTeX Font Info:    Trying to load font information for OMS+cmtt on input line 127.
LaTeX Font Info:    No file OMScmtt.fd. on input line 127.


LaTeX Font Warning: Font shape `OMS/cmtt/m/n' undefined
(Font)              using `OMS/cmsy/m/n' instead
(Font)              for symbol `textbraceleft' on input line 127.

[5 <./images/ciclo-eps-converted-to.pdf> <./images/algoCiclo-eps-converted-to.pdf>]
Overfull \hbox (9.07579pt too wide) in paragraph at lines 150--158
\OT1/cmr/m/n/12 Nei grafi di-retti vale la stessa re-gola, con ovvi-a-mente il vin-cola che bisogna rispettare l'orientazione
 []

Package epstopdf Info: Source file: <images/fortConnesso.eps>
(epstopdf)                    date: 2024-02-28 19:32:27
(epstopdf)                    size: 23222 bytes
(epstopdf)             Output file: <images/fortConnesso-eps-converted-to.pdf>
(epstopdf)                    date: 2024-02-28 19:32:27
(epstopdf)                    size: 5053 bytes
(epstopdf)             Command: <miktex-epstopdf --outfile=images/fortConnesso-eps-converted-to.pdf images/fortConnesso.eps>
(epstopdf)             \includegraphics on input line 159.
Package epstopdf Info: Output file is already uptodate.


pdfTeX warning: pdflatex.exe (file ./images/fortConnesso-eps-converted-to.pdf): PDF inclusion: found PDF version <1.7>, but at most version <1.5> allowed
<images/fortConnesso-eps-converted-to.pdf, id=177, 407.5225pt x 154.5775pt>
File: images/fortConnesso-eps-converted-to.pdf Graphic file (type pdf)
<use images/fortConnesso-eps-converted-to.pdf>
Package pdftex.def Info: images/fortConnesso-eps-converted-to.pdf  used on input line 159.
(pdftex.def)             Requested size: 290.22107pt x 110.08806pt.
[6 <./images/fortConnesso-eps-converted-to.pdf>]
Package epstopdf Info: Source file: <images/DFS.eps>
(epstopdf)                    date: 2024-02-28 19:59:06
(epstopdf)                    size: 46716 bytes
(epstopdf)             Output file: <images/DFS-eps-converted-to.pdf>
(epstopdf)                    date: 2024-02-28 19:59:46
(epstopdf)                    size: 8777 bytes
(epstopdf)             Command: <miktex-epstopdf --outfile=images/DFS-eps-converted-to.pdf images/DFS.eps>
(epstopdf)             \includegraphics on input line 193.
Package epstopdf Info: Output file is already uptodate.
<images/DFS-eps-converted-to.pdf, id=187, 676.5275pt x 169.63374pt>
File: images/DFS-eps-converted-to.pdf Graphic file (type pdf)
<use images/DFS-eps-converted-to.pdf>
Package pdftex.def Info: images/DFS-eps-converted-to.pdf  used on input line 193.
(pdftex.def)             Requested size: 483.69687pt x 121.28719pt.

Overfull \hbox (2.66269pt too wide) in paragraph at lines 199--202
\OT1/cmr/m/n/12 Essendo $\OML/cmm/m/it/12 x$ \OT1/cmr/m/n/12 il ver-tice di partenza, esso si-cu-ra-mente si tro-ver^^Ra in Vis, per costruzione dell'algoritmo.
 []

[7 <./images/DFS-eps-converted-to.pdf>]
Package epstopdf Info: Source file: <images/xxx.eps>
(epstopdf)                    date: 2024-02-28 20:31:03
(epstopdf)                    size: 115396 bytes
(epstopdf)             Output file: <images/xxx-eps-converted-to.pdf>
(epstopdf)                    date: 2024-02-28 20:31:10
(epstopdf)                    size: 13468 bytes
(epstopdf)             Command: <miktex-epstopdf --outfile=images/xxx-eps-converted-to.pdf images/xxx.eps>
(epstopdf)             \includegraphics on input line 203.
Package epstopdf Info: Output file is already uptodate.
<images/xxx-eps-converted-to.pdf, id=201, 396.48125pt x 90.3375pt>
File: images/xxx-eps-converted-to.pdf Graphic file (type pdf)
<use images/xxx-eps-converted-to.pdf>
Package pdftex.def Info: images/xxx-eps-converted-to.pdf  used on input line 203.
(pdftex.def)             Requested size: 338.58632pt x 77.14838pt.
 [8 <./images/xxx-eps-converted-to.pdf>]
Package epstopdf Info: Source file: <images/AlberoDiVisita.eps>
(epstopdf)                    date: 2024-02-28 21:47:18
(epstopdf)                    size: 70431 bytes
(epstopdf)             Output file: <images/AlberoDiVisita-eps-converted-to.pdf>
(epstopdf)                    date: 2024-02-28 21:47:21
(epstopdf)                    size: 16567 bytes
(epstopdf)             Command: <miktex-epstopdf --outfile=images/AlberoDiVisita-eps-converted-to.pdf images/AlberoDiVisita.eps>
(epstopdf)             \includegraphics on input line 260.
Package epstopdf Info: Output file is already uptodate.
<images/AlberoDiVisita-eps-converted-to.pdf, id=231, 563.10374pt x 161.60374pt>
File: images/AlberoDiVisita-eps-converted-to.pdf Graphic file (type pdf)
<use images/AlberoDiVisita-eps-converted-to.pdf>
Package pdftex.def Info: images/AlberoDiVisita-eps-converted-to.pdf  used on input line 260.
(pdftex.def)             Requested size: 435.32422pt x 124.93336pt.
 [9 <./images/AlberoDiVisita-eps-converted-to.pdf>]
Package epstopdf Info: Source file: <images/comp.eps>
(epstopdf)                    date: 2024-02-28 22:01:39
(epstopdf)                    size: 41818 bytes
(epstopdf)             Output file: <images/comp-eps-converted-to.pdf>
(epstopdf)                    date: 2024-02-28 22:01:50
(epstopdf)                    size: 7665 bytes
(epstopdf)             Command: <miktex-epstopdf --outfile=images/comp-eps-converted-to.pdf images/comp.eps>
(epstopdf)             \includegraphics on input line 293.
Package epstopdf Info: Output file is already uptodate.
<images/comp-eps-converted-to.pdf, id=251, 450.68375pt x 162.6075pt>
File: images/comp-eps-converted-to.pdf Graphic file (type pdf)
<use images/comp-eps-converted-to.pdf>
Package pdftex.def Info: images/comp-eps-converted-to.pdf  used on input line 293.
(pdftex.def)             Requested size: 435.32422pt x 157.07405pt.
 [10 <./images/comp-eps-converted-to.pdf>]
Package epstopdf Info: Source file: <images/processiGrafo.eps>
(epstopdf)                    date: 2024-02-29 19:51:23
(epstopdf)                    size: 33000 bytes
(epstopdf)             Output file: <images/processiGrafo-eps-converted-to.pdf>
(epstopdf)                    date: 2024-02-29 19:52:17
(epstopdf)                    size: 5031 bytes
(epstopdf)             Command: <miktex-epstopdf --outfile=images/processiGrafo-eps-converted-to.pdf images/processiGrafo.eps>
(epstopdf)             \includegraphics on input line 336.
Package epstopdf Info: Output file is already uptodate.
<images/processiGrafo-eps-converted-to.pdf, id=265, 130.4875pt x 98.3675pt>
File: images/processiGrafo-eps-converted-to.pdf Graphic file (type pdf)
<use images/processiGrafo-eps-converted-to.pdf>
Package pdftex.def Info: images/processiGrafo-eps-converted-to.pdf  used on input line 336.
(pdftex.def)             Requested size: 145.11053pt x 109.39331pt.
 [11]
Package epstopdf Info: Source file: <images/controEsempio.eps>
(epstopdf)                    date: 2024-02-29 20:07:03
(epstopdf)                    size: 40935 bytes
(epstopdf)             Output file: <images/controEsempio-eps-converted-to.pdf>
(epstopdf)                    date: 2024-02-29 20:07:06
(epstopdf)                    size: 7559 bytes
(epstopdf)             Command: <miktex-epstopdf --outfile=images/controEsempio-eps-converted-to.pdf images/controEsempio.eps>
(epstopdf)             \includegraphics on input line 353.
Package epstopdf Info: Output file is already uptodate.
<images/controEsempio-eps-converted-to.pdf, id=270, 418.56375pt x 129.48375pt>
File: images/controEsempio-eps-converted-to.pdf Graphic file (type pdf)
<use images/controEsempio-eps-converted-to.pdf>
Package pdftex.def Info: images/controEsempio-eps-converted-to.pdf  used on input line 353.
(pdftex.def)             Requested size: 338.58632pt x 104.74097pt.
 [12 <./images/processiGrafo-eps-converted-to.pdf> <./images/controEsempio-eps-converted-to.pdf>]
Package epstopdf Info: Source file: <images/ordTopologico.eps>
(epstopdf)                    date: 2024-02-29 20:28:10
(epstopdf)                    size: 41477 bytes
(epstopdf)             Output file: <images/ordTopologico-eps-converted-to.pdf>
(epstopdf)                    date: 2024-02-29 20:28:27
(epstopdf)                    size: 7384 bytes
(epstopdf)             Command: <miktex-epstopdf --outfile=images/ordTopologico-eps-converted-to.pdf images/ordTopologico.eps>
(epstopdf)             \includegraphics on input line 376.
Package epstopdf Info: Output file is already uptodate.
<images/ordTopologico-eps-converted-to.pdf, id=293, 486.81876pt x 114.4275pt>
File: images/ordTopologico-eps-converted-to.pdf Graphic file (type pdf)
<use images/ordTopologico-eps-converted-to.pdf>
Package pdftex.def Info: images/ordTopologico-eps-converted-to.pdf  used on input line 376.
(pdftex.def)             Requested size: 483.69687pt x 113.69388pt.
 [13 <./images/ordTopologico-eps-converted-to.pdf>]
Package epstopdf Info: Source file: <images/dfsContatore.eps>
(epstopdf)                    date: 2024-02-29 21:47:21
(epstopdf)                    size: 76765 bytes
(epstopdf)             Output file: <images/dfsContatore-eps-converted-to.pdf>
(epstopdf)                    date: 2024-02-29 21:47:36
(epstopdf)                    size: 13988 bytes
(epstopdf)             Command: <miktex-epstopdf --outfile=images/dfsContatore-eps-converted-to.pdf images/dfsContatore.eps>
(epstopdf)             \includegraphics on input line 399.
Package epstopdf Info: Output file is already uptodate.
<images/dfsContatore-eps-converted-to.pdf, id=308, 582.175pt x 301.125pt>
File: images/dfsContatore-eps-converted-to.pdf Graphic file (type pdf)
<use images/dfsContatore-eps-converted-to.pdf>
Package pdftex.def Info: images/dfsContatore-eps-converted-to.pdf  used on input line 399.
(pdftex.def)             Requested size: 507.88318pt x 262.7026pt.

Overfull \hbox (24.18631pt too wide) in paragraph at lines 399--400
 [] 
 []


Overfull \hbox (9.14107pt too wide) in paragraph at lines 409--420
\OT1/cmr/m/n/12 Vi ^^Re un fatto in-ter-es-sante, con-sid-e-ri-amo tutti un qual-si-asi arco non facente parte dell'arborescenza,
 []

[14 <./images/dfsContatore-eps-converted-to.pdf>]
Package epstopdf Info: Source file: <images/archiArborescenza.eps>
(epstopdf)                    date: 2024-02-29 22:13:01
(epstopdf)                    size: 76014 bytes
(epstopdf)             Output file: <images/archiArborescenza-eps-converted-to.pdf>
(epstopdf)                    date: 2024-02-29 22:13:04
(epstopdf)                    size: 13376 bytes
(epstopdf)             Command: <miktex-epstopdf --outfile=images/archiArborescenza-eps-converted-to.pdf images/archiArborescenza.eps>
(epstopdf)             \includegraphics on input line 426.
Package epstopdf Info: Output file is already uptodate.
<images/archiArborescenza-eps-converted-to.pdf, id=324, 603.25375pt x 291.0875pt>
File: images/archiArborescenza-eps-converted-to.pdf Graphic file (type pdf)
<use images/archiArborescenza-eps-converted-to.pdf>
Package pdftex.def Info: images/archiArborescenza-eps-converted-to.pdf  used on input line 426.
(pdftex.def)             Requested size: 507.88318pt x 245.06702pt.

Overfull \hbox (24.18631pt too wide) in paragraph at lines 426--427
 [] 
 []

[15 <./images/archiArborescenza-eps-converted-to.pdf>]
Overfull \hbox (9.11642pt too wide) in paragraph at lines 443--489
[][][][][][][][][][][]\OT1/cmr/m/it/12 // [][] 
 []


Overfull \hbox (24.14153pt too wide) in paragraph at lines 443--489
[][][][][][][][][][][]\OT1/cmr/m/it/12 // [][] 
 []


Overfull \hbox (29.33012pt too wide) in paragraph at lines 443--489
[][][][][][][][][][][]\OT1/cmr/m/it/12 // [][] 
 []

[16]
Package epstopdf Info: Source file: <images/discentente.eps>
(epstopdf)                    date: 2024-03-05 20:03:26
(epstopdf)                    size: 21413 bytes
(epstopdf)             Output file: <images/discentente-eps-converted-to.pdf>
(epstopdf)                    date: 2024-03-05 20:04:42
(epstopdf)                    size: 4485 bytes
(epstopdf)             Command: <miktex-epstopdf --outfile=images/discentente-eps-converted-to.pdf images/discentente.eps>
(epstopdf)             \includegraphics on input line 494.
Package epstopdf Info: Output file is already uptodate.
<images/discentente-eps-converted-to.pdf, id=345, 230.8625pt x 66.2475pt>
File: images/discentente-eps-converted-to.pdf Graphic file (type pdf)
<use images/discentente-eps-converted-to.pdf>
Package pdftex.def Info: images/discentente-eps-converted-to.pdf  used on input line 494.
(pdftex.def)             Requested size: 241.84843pt x 69.40018pt.

Overfull \hbox (7.9236pt too wide) in paragraph at lines 497--511
\OT1/cmr/m/n/12 Assumendo che in $\OML/cmm/m/it/12 G$ \OT1/cmr/m/n/12 ci sia un ci-clo, con-sid-e-ri-amo i ver-tici che com-pon-gono il ci-clo : $\OML/cmm/m/it/12 c[]; c[]; c[] [] ; c[]$\OT1/cmr/m/n/12 ,
 []

[17 <./images/discentente-eps-converted-to.pdf>]
Package epstopdf Info: Source file: <images/realLine.eps>
(epstopdf)                    date: 2024-03-05 20:26:10
(epstopdf)                    size: 80177 bytes
(epstopdf)             Output file: <images/realLine-eps-converted-to.pdf>
(epstopdf)                    date: 2024-03-05 20:26:13
(epstopdf)                    size: 8960 bytes
(epstopdf)             Command: <miktex-epstopdf --outfile=images/realLine-eps-converted-to.pdf images/realLine.eps>
(epstopdf)             \includegraphics on input line 517.
Package epstopdf Info: Output file is already uptodate.
<images/realLine-eps-converted-to.pdf, id=355, 374.39874pt x 30.1125pt>
File: images/realLine-eps-converted-to.pdf Graphic file (type pdf)
<use images/realLine-eps-converted-to.pdf>
Package pdftex.def Info: images/realLine-eps-converted-to.pdf  used on input line 517.
(pdftex.def)             Requested size: 483.69687pt x 38.90546pt.
Package epstopdf Info: Source file: <images/realLine2.eps>
(epstopdf)                    date: 2024-03-05 20:34:08
(epstopdf)                    size: 95561 bytes
(epstopdf)             Output file: <images/realLine2-eps-converted-to.pdf>
(epstopdf)                    date: 2024-03-05 20:34:12
(epstopdf)                    size: 10865 bytes
(epstopdf)             Command: <miktex-epstopdf --outfile=images/realLine2-eps-converted-to.pdf images/realLine2.eps>
(epstopdf)             \includegraphics on input line 524.
Package epstopdf Info: Output file is already uptodate.
<images/realLine2-eps-converted-to.pdf, id=356, 489.83pt x 30.1125pt>
File: images/realLine2-eps-converted-to.pdf Graphic file (type pdf)
<use images/realLine2-eps-converted-to.pdf>
Package pdftex.def Info: images/realLine2-eps-converted-to.pdf  used on input line 524.
(pdftex.def)             Requested size: 483.69687pt x 29.73608pt.
Package epstopdf Info: Source file: <images/pozzo.eps>
(epstopdf)                    date: 2024-03-05 20:41:27
(epstopdf)                    size: 6331 bytes
(epstopdf)             Output file: <images/pozzo-eps-converted-to.pdf>
(epstopdf)                    date: 2024-03-05 20:41:37
(epstopdf)                    size: 3301 bytes
(epstopdf)             Command: <miktex-epstopdf --outfile=images/pozzo-eps-converted-to.pdf images/pozzo.eps>
(epstopdf)             \includegraphics on input line 532.
Package epstopdf Info: Output file is already uptodate.
<images/pozzo-eps-converted-to.pdf, id=357, 359.3425pt x 114.4275pt>
File: images/pozzo-eps-converted-to.pdf Graphic file (type pdf)
<use images/pozzo-eps-converted-to.pdf>
Package pdftex.def Info: images/pozzo-eps-converted-to.pdf  used on input line 532.
(pdftex.def)             Requested size: 290.22107pt x 92.42386pt.
 [18 <./images/realLine-eps-converted-to.pdf> <./images/realLine2-eps-converted-to.pdf> <./images/pozzo-eps-converted-to.pdf>] [19]
Package epstopdf Info: Source file: <images/cases.eps>
(epstopdf)                    date: 2024-03-09 11:35:35
(epstopdf)                    size: 33267 bytes
(epstopdf)             Output file: <images/cases-eps-converted-to.pdf>
(epstopdf)                    date: 2024-03-09 11:35:49
(epstopdf)                    size: 5359 bytes
(epstopdf)             Command: <miktex-epstopdf --outfile=images/cases-eps-converted-to.pdf images/cases.eps>
(epstopdf)             \includegraphics on input line 604.
Package epstopdf Info: Output file is already uptodate.
<images/cases-eps-converted-to.pdf, id=412, 248.93pt x 65.24374pt>
File: images/cases-eps-converted-to.pdf Graphic file (type pdf)
<use images/cases-eps-converted-to.pdf>
Package pdftex.def Info: images/cases-eps-converted-to.pdf  used on input line 604.
(pdftex.def)             Requested size: 386.95897pt x 101.42938pt.
Package epstopdf Info: Source file: <images/t_T_crescenza.eps>
(epstopdf)                    date: 2024-03-09 11:42:52
(epstopdf)                    size: 37626 bytes
(epstopdf)             Output file: <images/t_T_crescenza-eps-converted-to.pdf>
(epstopdf)                    date: 2024-03-09 11:43:00
(epstopdf)                    size: 6219 bytes
(epstopdf)             Command: <miktex-epstopdf --outfile=images/t_T_crescenza-eps-converted-to.pdf images/t_T_crescenza.eps>
(epstopdf)             \includegraphics on input line 609.
Package epstopdf Info: Output file is already uptodate.
<images/t_T_crescenza-eps-converted-to.pdf, id=413, 222.8325pt x 74.2775pt>
File: images/t_T_crescenza-eps-converted-to.pdf Graphic file (type pdf)
<use images/t_T_crescenza-eps-converted-to.pdf>
Package pdftex.def Info: images/t_T_crescenza-eps-converted-to.pdf  used on input line 609.
(pdftex.def)             Requested size: 338.58632pt x 112.87123pt.
 [20 <./images/cases-eps-converted-to.pdf> <./images/t_T_crescenza-eps-converted-to.pdf>]
Package epstopdf Info: Source file: <images/ponte.eps>
(epstopdf)                    date: 2024-03-09 12:08:16
(epstopdf)                    size: 73059 bytes
(epstopdf)             Output file: <images/ponte-eps-converted-to.pdf>
(epstopdf)                    date: 2024-03-09 12:08:19
(epstopdf)                    size: 10155 bytes
(epstopdf)             Command: <miktex-epstopdf --outfile=images/ponte-eps-converted-to.pdf images/ponte.eps>
(epstopdf)             \includegraphics on input line 637.
Package epstopdf Info: Output file is already uptodate.
<images/ponte-eps-converted-to.pdf, id=434, 266.9975pt x 66.2475pt>
File: images/ponte-eps-converted-to.pdf Graphic file (type pdf)
<use images/ponte-eps-converted-to.pdf>
Package pdftex.def Info: images/ponte-eps-converted-to.pdf  used on input line 637.
(pdftex.def)             Requested size: 338.58632pt x 84.01814pt.
 [21 <./images/ponte-eps-converted-to.pdf>]
Package epstopdf Info: Source file: <images/checkPonte.eps>
(epstopdf)                    date: 2024-03-09 12:20:19
(epstopdf)                    size: 36092 bytes
(epstopdf)             Output file: <images/checkPonte-eps-converted-to.pdf>
(epstopdf)                    date: 2024-03-09 12:20:34
(epstopdf)                    size: 8254 bytes
(epstopdf)             Command: <miktex-epstopdf --outfile=images/checkPonte-eps-converted-to.pdf images/checkPonte.eps>
(epstopdf)             \includegraphics on input line 648.
Package epstopdf Info: Output file is already uptodate.
<images/checkPonte-eps-converted-to.pdf, id=454, 409.53pt x 149.55875pt>
File: images/checkPonte-eps-converted-to.pdf Graphic file (type pdf)
<use images/checkPonte-eps-converted-to.pdf>
Package pdftex.def Info: images/checkPonte-eps-converted-to.pdf  used on input line 648.
(pdftex.def)             Requested size: 483.69687pt x 176.65579pt.
Package epstopdf Info: Source file: <images/back.eps>
(epstopdf)                    date: 2024-03-09 12:36:29
(epstopdf)                    size: 91561 bytes
(epstopdf)             Output file: <images/back-eps-converted-to.pdf>
(epstopdf)                    date: 2024-03-09 12:36:41
(epstopdf)                    size: 26010 bytes
(epstopdf)             Command: <miktex-epstopdf --outfile=images/back-eps-converted-to.pdf images/back.eps>
(epstopdf)             \includegraphics on input line 666.
Package epstopdf Info: Output file is already uptodate.
<images/back-eps-converted-to.pdf, id=455, 358.33875pt x 76.285pt>
File: images/back-eps-converted-to.pdf Graphic file (type pdf)
<use images/back-eps-converted-to.pdf>
Package pdftex.def Info: images/back-eps-converted-to.pdf  used on input line 666.
(pdftex.def)             Requested size: 483.69687pt x 102.97913pt.
 [22 <./images/checkPonte-eps-converted-to.pdf> <./images/back-eps-converted-to.pdf>]
Underfull \hbox (badness 10000) in paragraph at lines 673--699

 []

[23]
Package epstopdf Info: Source file: <images/compoGrafDir.eps>
(epstopdf)                    date: 2024-03-13 11:23:24
(epstopdf)                    size: 74975 bytes
(epstopdf)             Output file: <images/compoGrafDir-eps-converted-to.pdf>
(epstopdf)                    date: 2024-03-13 11:25:12
(epstopdf)                    size: 53994 bytes
(epstopdf)             Command: <miktex-epstopdf --outfile=images/compoGrafDir-eps-converted-to.pdf images/compoGrafDir.eps>
(epstopdf)             \includegraphics on input line 710.
Package epstopdf Info: Output file is already uptodate.
<images/compoGrafDir-eps-converted-to.pdf, id=488, 419.5675pt x 202.7575pt>
File: images/compoGrafDir-eps-converted-to.pdf Graphic file (type pdf)
<use images/compoGrafDir-eps-converted-to.pdf>
Package pdftex.def Info: images/compoGrafDir-eps-converted-to.pdf  used on input line 710.
(pdftex.def)             Requested size: 338.58632pt x 163.62318pt.
Package epstopdf Info: Source file: <images/contrazione.eps>
(epstopdf)                    date: 2024-03-13 11:45:11
(epstopdf)                    size: 36439 bytes
(epstopdf)             Output file: <images/contrazione-eps-converted-to.pdf>
(epstopdf)                    date: 2024-03-13 11:45:23
(epstopdf)                    size: 5820 bytes
(epstopdf)             Command: <miktex-epstopdf --outfile=images/contrazione-eps-converted-to.pdf images/contrazione.eps>
(epstopdf)             \includegraphics on input line 722.
Package epstopdf Info: Output file is already uptodate.
<images/contrazione-eps-converted-to.pdf, id=489, 473.77pt x 190.7125pt>
File: images/contrazione-eps-converted-to.pdf Graphic file (type pdf)
<use images/contrazione-eps-converted-to.pdf>
Package pdftex.def Info: images/contrazione-eps-converted-to.pdf  used on input line 722.
(pdftex.def)             Requested size: 266.03474pt x 107.09218pt.
Package epstopdf Info: Source file: <images/propFortCOnn.eps>
(epstopdf)                    date: 2024-03-13 11:54:44
(epstopdf)                    size: 8192 bytes
(epstopdf)             Output file: <images/propFortCOnn-eps-converted-to.pdf>
(epstopdf)                    date: 2024-03-13 11:55:01
(epstopdf)                    size: 3628 bytes
(epstopdf)             Command: <miktex-epstopdf --outfile=images/propFortCOnn-eps-converted-to.pdf images/propFortCOnn.eps>
(epstopdf)             \includegraphics on input line 726.
Package epstopdf Info: Output file is already uptodate.
<images/propFortCOnn-eps-converted-to.pdf, id=490, 351.3125pt x 93.34875pt>
File: images/propFortCOnn-eps-converted-to.pdf Graphic file (type pdf)
<use images/propFortCOnn-eps-converted-to.pdf>
Package pdftex.def Info: images/propFortCOnn-eps-converted-to.pdf  used on input line 726.
(pdftex.def)             Requested size: 314.40001pt x 83.5473pt.
 [24 <./images/compoGrafDir-eps-converted-to.pdf> <./images/contrazione-eps-converted-to.pdf> <./images/propFortCOnn-eps-converted-to.pdf>] [25]
Overfull \hbox (3.17549pt too wide) in paragraph at lines 793--827
[][][][][][][][]\OT1/cmr/m/it/12 // [][] 
 []

[26] [27]
Package epstopdf Info: Source file: <images/dist.eps>
(epstopdf)                    date: 2024-03-27 11:00:56
(epstopdf)                    size: 36542 bytes
(epstopdf)             Output file: <images/dist-eps-converted-to.pdf>
(epstopdf)                    date: 2024-03-27 11:01:21
(epstopdf)                    size: 6324 bytes
(epstopdf)             Command: <miktex-epstopdf --outfile=images/dist-eps-converted-to.pdf images/dist.eps>
(epstopdf)             \includegraphics on input line 874.
Package epstopdf Info: Output file is already uptodate.
<images/dist-eps-converted-to.pdf, id=527, 274.02374pt x 66.2475pt>
File: images/dist-eps-converted-to.pdf Graphic file (type pdf)
<use images/dist-eps-converted-to.pdf>
Package pdftex.def Info: images/dist-eps-converted-to.pdf  used on input line 874.
(pdftex.def)             Requested size: 241.84843pt x 58.46982pt.

Underfull \hbox (badness 10000) in paragraph at lines 876--881

 []

[28 <./images/dist-eps-converted-to.pdf>]
Package epstopdf Info: Source file: <images/xvy.eps>
(epstopdf)                    date: 2024-03-27 11:33:35
(epstopdf)                    size: 19784 bytes
(epstopdf)             Output file: <images/xvy-eps-converted-to.pdf>
(epstopdf)                    date: 2024-03-27 11:33:49
(epstopdf)                    size: 4283 bytes
(epstopdf)             Command: <miktex-epstopdf --outfile=images/xvy-eps-converted-to.pdf images/xvy.eps>
(epstopdf)             \includegraphics on input line 908.
Package epstopdf Info: Output file is already uptodate.
<images/xvy-eps-converted-to.pdf, id=540, 170.6375pt x 18.0675pt>
File: images/xvy-eps-converted-to.pdf Graphic file (type pdf)
<use images/xvy-eps-converted-to.pdf>
Package pdftex.def Info: images/xvy-eps-converted-to.pdf  used on input line 908.
(pdftex.def)             Requested size: 193.47578pt x 20.48686pt.
 [29 <./images/xvy-eps-converted-to.pdf>]
Package epstopdf Info: Source file: <images/distInsiemi.eps>
(epstopdf)                    date: 2024-04-03 19:42:18
(epstopdf)                    size: 28469 bytes
(epstopdf)             Output file: <images/distInsiemi-eps-converted-to.pdf>
(epstopdf)                    date: 2024-04-03 19:42:36
(epstopdf)                    size: 6467 bytes
(epstopdf)             Command: <miktex-epstopdf --outfile=images/distInsiemi-eps-converted-to.pdf images/distInsiemi.eps>
(epstopdf)             \includegraphics on input line 932.
Package epstopdf Info: Output file is already uptodate.
<images/distInsiemi-eps-converted-to.pdf, id=550, 338.26375pt x 86.3225pt>
File: images/distInsiemi-eps-converted-to.pdf Graphic file (type pdf)
<use images/distInsiemi-eps-converted-to.pdf>
Package pdftex.def Info: images/distInsiemi-eps-converted-to.pdf  used on input line 932.
(pdftex.def)             Requested size: 338.58632pt x 86.40787pt.
 [30 <./images/distInsiemi-eps-converted-to.pdf>] [31]
Package epstopdf Info: Source file: <images/grafoPesato.eps>
(epstopdf)                    date: 2024-04-03 21:03:24
(epstopdf)                    size: 101972 bytes
(epstopdf)             Output file: <images/grafoPesato-eps-converted-to.pdf>
(epstopdf)                    date: 2024-04-03 21:03:27
(epstopdf)                    size: 12697 bytes
(epstopdf)             Command: <miktex-epstopdf --outfile=images/grafoPesato-eps-converted-to.pdf images/grafoPesato.eps>
(epstopdf)             \includegraphics on input line 986.
Package epstopdf Info: Output file is already uptodate.
<images/grafoPesato-eps-converted-to.pdf, id=565, 326.21875pt x 82.3075pt>
File: images/grafoPesato-eps-converted-to.pdf Graphic file (type pdf)
<use images/grafoPesato-eps-converted-to.pdf>
Package pdftex.def Info: images/grafoPesato-eps-converted-to.pdf  used on input line 986.
(pdftex.def)             Requested size: 483.69687pt x 122.05179pt.
Package epstopdf Info: Source file: <images/distNodiVicini.eps>
(epstopdf)                    date: 2024-04-04 19:29:03
(epstopdf)                    size: 141345 bytes
(epstopdf)             Output file: <images/distNodiVicini-eps-converted-to.pdf>
(epstopdf)                    date: 2024-04-04 19:29:07
(epstopdf)                    size: 14685 bytes
(epstopdf)             Command: <miktex-epstopdf --outfile=images/distNodiVicini-eps-converted-to.pdf images/distNodiVicini.eps>
(epstopdf)             \includegraphics on input line 1003.
Package epstopdf Info: Output file is already uptodate.
<images/distNodiVicini-eps-converted-to.pdf, id=566, 380.42125pt x 110.4125pt>
File: images/distNodiVicini-eps-converted-to.pdf Graphic file (type pdf)
<use images/distNodiVicini-eps-converted-to.pdf>
Package pdftex.def Info: images/distNodiVicini-eps-converted-to.pdf  used on input line 1003.
(pdftex.def)             Requested size: 435.32422pt x 126.35168pt.
 [32 <./images/grafoPesato-eps-converted-to.pdf> <./images/distNodiVicini-eps-converted-to.pdf>]
Package epstopdf Info: Source file: <images/insiemeR.eps>
(epstopdf)                    date: 2024-04-04 19:42:04
(epstopdf)                    size: 27863 bytes
(epstopdf)             Output file: <images/insiemeR-eps-converted-to.pdf>
(epstopdf)                    date: 2024-04-04 19:42:19
(epstopdf)                    size: 11469 bytes
(epstopdf)             Command: <miktex-epstopdf --outfile=images/insiemeR-eps-converted-to.pdf images/insiemeR.eps>
(epstopdf)             \includegraphics on input line 1016.
Package epstopdf Info: Output file is already uptodate.
<images/insiemeR-eps-converted-to.pdf, id=625, 142.5325pt x 69.25874pt>
File: images/insiemeR-eps-converted-to.pdf Graphic file (type pdf)
<use images/insiemeR-eps-converted-to.pdf>
Package pdftex.def Info: images/insiemeR-eps-converted-to.pdf  used on input line 1016.
(pdftex.def)             Requested size: 169.29684pt x 82.26355pt.
LaTeX Font Info:    Trying to load font information for OMS+cmr on input line 1020.
 (C:\Users\mcasu\AppData\Local\Programs\MiKTeX\tex/latex/base\omscmr.fd
File: omscmr.fd 2023/04/13 v2.5m Standard LaTeX font definitions
)
LaTeX Font Info:    Font shape `OMS/cmr/m/n' in size <12> not available
(Font)              Font shape `OMS/cmsy/m/n' tried instead on input line 1020.
 [33 <./images/insiemeR-eps-converted-to.pdf>] [34]
Package epstopdf Info: Source file: <images/intervallIReali.eps>
(epstopdf)                    date: 2024-04-16 14:21:47
(epstopdf)                    size: 38328 bytes
(epstopdf)             Output file: <images/intervallIReali-eps-converted-to.pdf>
(epstopdf)                    date: 2024-04-16 14:22:04
(epstopdf)                    size: 6348 bytes
(epstopdf)             Command: <miktex-epstopdf --outfile=images/intervallIReali-eps-converted-to.pdf images/intervallIReali.eps>
(epstopdf)             \includegraphics on input line 1093.
Package epstopdf Info: Output file is already uptodate.
<images/intervallIReali-eps-converted-to.pdf, id=642, 248.93pt x 24.09pt>
File: images/intervallIReali-eps-converted-to.pdf Graphic file (type pdf)
<use images/intervallIReali-eps-converted-to.pdf>
Package pdftex.def Info: images/intervallIReali-eps-converted-to.pdf  used on input line 1093.
(pdftex.def)             Requested size: 435.32422pt x 42.13199pt.
 [35 <./images/intervallIReali-eps-converted-to.pdf>] [36]
Package epstopdf Info: Source file: <images/dimPropIntervalli.eps>
(epstopdf)                    date: 2024-04-16 15:03:10
(epstopdf)                    size: 60834 bytes
(epstopdf)             Output file: <images/dimPropIntervalli-eps-converted-to.pdf>
(epstopdf)                    date: 2024-04-16 15:03:14
(epstopdf)                    size: 7414 bytes
(epstopdf)             Command: <miktex-epstopdf --outfile=images/dimPropIntervalli-eps-converted-to.pdf images/dimPropIntervalli.eps>
(epstopdf)             \includegraphics on input line 1161.
Package epstopdf Info: Output file is already uptodate.
<images/dimPropIntervalli-eps-converted-to.pdf, id=662, 157.58875pt x 46.1725pt>
File: images/dimPropIntervalli-eps-converted-to.pdf Graphic file (type pdf)
<use images/dimPropIntervalli-eps-converted-to.pdf>
Package pdftex.def Info: images/dimPropIntervalli-eps-converted-to.pdf  used on input line 1161.
(pdftex.def)             Requested size: 193.47578pt x 56.69035pt.
Package epstopdf Info: Source file: <images/dimPropIntervalli2.eps>
(epstopdf)                    date: 2024-04-16 15:13:25
(epstopdf)                    size: 100441 bytes
(epstopdf)             Output file: <images/dimPropIntervalli2-eps-converted-to.pdf>
(epstopdf)                    date: 2024-04-16 15:12:51
(epstopdf)                    size: 11872 bytes
(epstopdf)             Command: <miktex-epstopdf --outfile=images/dimPropIntervalli2-eps-converted-to.pdf images/dimPropIntervalli2.eps>
(epstopdf)             \includegraphics on input line 1170.
runsystem(miktex-epstopdf --outfile=images/dimPropIntervalli2-eps-converted-to.pdf images/dimPropIntervalli2.eps)...executed safely (allowed).

Package epstopdf Info: Result file: <images/dimPropIntervalli2-eps-converted-to.pdf>
(epstopdf)                    date: 2024-04-16 15:13:29
(epstopdf)                    size: 11870 bytes.
<images/dimPropIntervalli2-eps-converted-to.pdf, id=663, 232.87pt x 36.135pt>
File: images/dimPropIntervalli2-eps-converted-to.pdf Graphic file (type pdf)
<use images/dimPropIntervalli2-eps-converted-to.pdf>
Package pdftex.def Info: images/dimPropIntervalli2-eps-converted-to.pdf  used on input line 1170.
(pdftex.def)             Requested size: 338.58632pt x 52.54489pt.
 [37 <./images/dimPropIntervalli-eps-converted-to.pdf> <./images/dimPropIntervalli2-eps-converted-to.pdf>] (Progettazione di Algoritmi.aux)
 ***********
LaTeX2e <2023-11-01> patch level 1
L3 programming layer <2024-01-22>
 ***********


LaTeX Font Warning: Some font shapes were not available, defaults substituted.

Package rerunfilecheck Info: File `"Progettazione di Algoritmi".out' has not changed.
(rerunfilecheck)             Checksum: C90903589E83DCC4DAA4797AFA9373FB;3702.
 ) 
Here is how much of TeX's memory you used:
 14749 strings out of 474542
 245587 string characters out of 5744446
 1939978 words of memory out of 5000000
 36716 multiletter control sequences out of 15000+600000
 568044 words of font info for 74 fonts, out of 8000000 for 9000
 1141 hyphenation exceptions out of 8191
 75i,14n,79p,574b,580s stack positions out of 10000i,1000n,20000p,200000b,200000s
 <C:\Users\mcasu\AppData\Local\MiKTeX\fonts/pk/ljfour/jknappen/ec/dpi600\tcrm1200.pk><C:/Users/mcasu/AppData/Local/Programs/MiKTeX/fonts/type1/public/amsfonts/cm/cmbx12.pfb><C:/Users/mcasu/AppData/Local/Programs/MiKTeX/fonts/type1/public/amsfonts/cm/cmbxti10.pfb><C:/Users/mcasu/AppData/Local/Programs/MiKTeX/fonts/type1/public/amsfonts/cm/cmex10.pfb><C:/Users/mcasu/AppData/Local/Programs/MiKTeX/fonts/type1/public/amsfonts/cm/cmmi12.pfb><C:/Users/mcasu/AppData/Local/Programs/MiKTeX/fonts/type1/public/amsfonts/cm/cmmi6.pfb><C:/Users/mcasu/AppData/Local/Programs/MiKTeX/fonts/type1/public/amsfonts/cm/cmmi8.pfb><C:/Users/mcasu/AppData/Local/Programs/MiKTeX/fonts/type1/public/amsfonts/cm/cmr12.pfb><C:/Users/mcasu/AppData/Local/Programs/MiKTeX/fonts/type1/public/amsfonts/cm/cmr17.pfb><C:/Users/mcasu/AppData/Local/Programs/MiKTeX/fonts/type1/public/amsfonts/cm/cmr8.pfb><C:/Users/mcasu/AppData/Local/Programs/MiKTeX/fonts/type1/public/amsfonts/cm/cmsy10.pfb><C:/Users/mcasu/AppData/Local/Programs/MiKTeX/fonts/type1/public/amsfonts/cm/cmsy8.pfb><C:/Users/mcasu/AppData/Local/Programs/MiKTeX/fonts/type1/public/amsfonts/cm/cmti12.pfb><C:/Users/mcasu/AppData/Local/Programs/MiKTeX/fonts/type1/public/amsfonts/cm/cmtt12.pfb><C:/Users/mcasu/AppData/Local/Programs/MiKTeX/fonts/type1/public/amsfonts/symbols/msam10.pfb><C:/Users/mcasu/AppData/Local/Programs/MiKTeX/fonts/type1/public/amsfonts/symbols/msbm10.pfb>
Output written on "Progettazione di Algoritmi.pdf" (37 pages, 1028836 bytes).
PDF statistics:
 792 PDF objects out of 1000 (max. 8388607)
 60 named destinations out of 1000 (max. 500000)
 338 words of extra memory for PDF output out of 10000 (max. 10000000)

