This is pdfTeX, Version 3.141592653-2.6-1.40.25 (MiKTeX 23.9.24) (preloaded format=pdflatex 2024.2.10)  11 FEB 2024 19:08
entering extended mode
 restricted \write18 enabled.
 file:line:error style messages enabled.
 %&-line parsing enabled.
**"c:/Users/mcasu/OneDrive/Desktop/University_notes/Secondo Anno/Sistemi Operativi 1/Latex source file/Sistemi Operativi modulo 1.tex"
(c:/Users/mcasu/OneDrive/Desktop/University_notes/Secondo Anno/Sistemi Operativi 1/Latex source file/Sistemi Operativi modulo 1.tex
LaTeX2e <2023-11-01> patch level 1
L3 programming layer <2024-01-22>
(C:\Users\mcasu\AppData\Local\Programs\MiKTeX\tex/latex/base\article.cls
Document Class: article 2023/05/17 v1.4n Standard LaTeX document class
(C:\Users\mcasu\AppData\Local\Programs\MiKTeX\tex/latex/base\size12.clo
File: size12.clo 2023/05/17 v1.4n Standard LaTeX file (size option)
)
\c@part=\count187
\c@section=\count188
\c@subsection=\count189
\c@subsubsection=\count190
\c@paragraph=\count191
\c@subparagraph=\count192
\c@figure=\count193
\c@table=\count194
\abovecaptionskip=\skip48
\belowcaptionskip=\skip49
\bibindent=\dimen140
) (C:\Users\mcasu\AppData\Local\Programs\MiKTeX\tex/latex/graphics\graphicx.sty
Package: graphicx 2021/09/16 v1.2d Enhanced LaTeX Graphics (DPC,SPQR)
 (C:\Users\mcasu\AppData\Local\Programs\MiKTeX\tex/latex/graphics\keyval.sty
Package: keyval 2022/05/29 v1.15 key=value parser (DPC)
\KV@toks@=\toks17
) (C:\Users\mcasu\AppData\Local\Programs\MiKTeX\tex/latex/graphics\graphics.sty
Package: graphics 2022/03/10 v1.4e Standard LaTeX Graphics (DPC,SPQR)
 (C:\Users\mcasu\AppData\Local\Programs\MiKTeX\tex/latex/graphics\trig.sty
Package: trig 2021/08/11 v1.11 sin cos tan (DPC)
) (C:\Users\mcasu\AppData\Local\Programs\MiKTeX\tex/latex/graphics-cfg\graphics.cfg
File: graphics.cfg 2016/06/04 v1.11 sample graphics configuration
)
Package graphics Info: Driver file: pdftex.def on input line 107.
 (C:\Users\mcasu\AppData\Local\Programs\MiKTeX\tex/latex/graphics-def\pdftex.def
File: pdftex.def 2022/09/22 v1.2b Graphics/color driver for pdftex
))
\Gin@req@height=\dimen141
\Gin@req@width=\dimen142
) (C:\Users\mcasu\AppData\Local\Programs\MiKTeX\tex/latex/hyperref\hyperref.sty
Package: hyperref 2024-01-20 v7.01h Hypertext links for LaTeX
 (C:\Users\mcasu\AppData\Local\Programs\MiKTeX\tex/generic/iftex\iftex.sty
Package: iftex 2022/02/03 v1.0f TeX engine tests
) (C:\Program Files\MiKTeX2\tex/latex/kvsetkeys\kvsetkeys.sty
Package: kvsetkeys 2022-10-05 v1.19 Key value parser (HO)
) (C:\Program Files\MiKTeX2\tex/generic/kvdefinekeys\kvdefinekeys.sty
Package: kvdefinekeys 2019-12-19 v1.6 Define keys (HO)
) (C:\Program Files\MiKTeX2\tex/generic/pdfescape\pdfescape.sty
Package: pdfescape 2019/12/09 v1.15 Implements pdfTeX's escape features (HO)
 (C:\Program Files\MiKTeX2\tex/generic/ltxcmds\ltxcmds.sty
Package: ltxcmds 2020-05-10 v1.25 LaTeX kernel commands for general use (HO)
) (C:\Users\mcasu\AppData\Local\Programs\MiKTeX\tex/generic/pdftexcmds\pdftexcmds.sty
Package: pdftexcmds 2020-06-27 v0.33 Utility functions of pdfTeX for LuaTeX (HO)
 (C:\Program Files\MiKTeX2\tex/generic/infwarerr\infwarerr.sty
Package: infwarerr 2019/12/03 v1.5 Providing info/warning/error messages (HO)
)
Package pdftexcmds Info: \pdf@primitive is available.
Package pdftexcmds Info: \pdf@ifprimitive is available.
Package pdftexcmds Info: \pdfdraftmode found.
)) (C:\Program Files\MiKTeX2\tex/latex/hycolor\hycolor.sty
Package: hycolor 2020-01-27 v1.10 Color options for hyperref/bookmark (HO)
) (C:\Program Files\MiKTeX2\tex/latex/auxhook\auxhook.sty
Package: auxhook 2019-12-17 v1.6 Hooks for auxiliary files (HO)
) (C:\Users\mcasu\AppData\Local\Programs\MiKTeX\tex/latex/hyperref\nameref.sty
Package: nameref 2023-11-26 v2.56 Cross-referencing by name of section
 (C:\Program Files\MiKTeX2\tex/latex/refcount\refcount.sty
Package: refcount 2019/12/15 v3.6 Data extraction from label references (HO)
) (C:\Program Files\MiKTeX2\tex/generic/gettitlestring\gettitlestring.sty
Package: gettitlestring 2019/12/15 v1.6 Cleanup title references (HO)
 (C:\Program Files\MiKTeX2\tex/latex/kvoptions\kvoptions.sty
Package: kvoptions 2022-06-15 v3.15 Key value format for package options (HO)
))
\c@section@level=\count195
) (C:\Users\mcasu\AppData\Local\Programs\MiKTeX\tex/latex/etoolbox\etoolbox.sty
Package: etoolbox 2020/10/05 v2.5k e-TeX tools for LaTeX (JAW)
\etb@tempcnta=\count196
)
\@linkdim=\dimen143
\Hy@linkcounter=\count197
\Hy@pagecounter=\count198
 (C:\Users\mcasu\AppData\Local\Programs\MiKTeX\tex/latex/hyperref\pd1enc.def
File: pd1enc.def 2024-01-20 v7.01h Hyperref: PDFDocEncoding definition (HO)
Now handling font encoding PD1 ...
... no UTF-8 mapping file for font encoding PD1
) (C:\Program Files\MiKTeX2\tex/generic/intcalc\intcalc.sty
Package: intcalc 2019/12/15 v1.3 Expandable calculations with integers (HO)
)
\Hy@SavedSpaceFactor=\count199
 (C:\Users\mcasu\AppData\Local\Programs\MiKTeX\tex/latex/hyperref\puenc.def
File: puenc.def 2024-01-20 v7.01h Hyperref: PDF Unicode definition (HO)
Now handling font encoding PU ...
... no UTF-8 mapping file for font encoding PU
)
Package hyperref Info: Hyper figures OFF on input line 4179.
Package hyperref Info: Link nesting OFF on input line 4184.
Package hyperref Info: Hyper index ON on input line 4187.
Package hyperref Info: Plain pages OFF on input line 4194.
Package hyperref Info: Backreferencing OFF on input line 4199.
Package hyperref Info: Implicit mode ON; LaTeX internals redefined.
Package hyperref Info: Bookmarks ON on input line 4446.
\c@Hy@tempcnt=\count266
 (C:\Users\mcasu\AppData\Local\Programs\MiKTeX\tex/latex/url\url.sty
\Urlmuskip=\muskip16
Package: url 2013/09/16  ver 3.4  Verb mode for urls, etc.
)
LaTeX Info: Redefining \url on input line 4784.
\XeTeXLinkMargin=\dimen144
 (C:\Program Files\MiKTeX2\tex/generic/bitset\bitset.sty
Package: bitset 2019/12/09 v1.3 Handle bit-vector datatype (HO)
 (C:\Program Files\MiKTeX2\tex/generic/bigintcalc\bigintcalc.sty
Package: bigintcalc 2019/12/15 v1.5 Expandable calculations on big integers (HO)
))
\Fld@menulength=\count267
\Field@Width=\dimen145
\Fld@charsize=\dimen146
Package hyperref Info: Hyper figures OFF on input line 6063.
Package hyperref Info: Link nesting OFF on input line 6068.
Package hyperref Info: Hyper index ON on input line 6071.
Package hyperref Info: backreferencing OFF on input line 6078.
Package hyperref Info: Link coloring OFF on input line 6083.
Package hyperref Info: Link coloring with OCG OFF on input line 6088.
Package hyperref Info: PDF/A mode OFF on input line 6093.
 (C:\Users\mcasu\AppData\Local\Programs\MiKTeX\tex/latex/base\atbegshi-ltx.sty
Package: atbegshi-ltx 2021/01/10 v1.0c Emulation of the original atbegshi
package with kernel methods
)
\Hy@abspage=\count268
\c@Item=\count269
\c@Hfootnote=\count270
)
Package hyperref Info: Driver (autodetected): hpdftex.
 (C:\Users\mcasu\AppData\Local\Programs\MiKTeX\tex/latex/hyperref\hpdftex.def
File: hpdftex.def 2024-01-20 v7.01h Hyperref driver for pdfTeX
 (C:\Users\mcasu\AppData\Local\Programs\MiKTeX\tex/latex/base\atveryend-ltx.sty
Package: atveryend-ltx 2020/08/19 v1.0a Emulation of the original atveryend package
with kernel methods
)
\Fld@listcount=\count271
\c@bookmark@seq@number=\count272
 (C:\Program Files\MiKTeX2\tex/latex/rerunfilecheck\rerunfilecheck.sty
Package: rerunfilecheck 2022-07-10 v1.10 Rerun checks for auxiliary files (HO)
 (C:\Program Files\MiKTeX2\tex/generic/uniquecounter\uniquecounter.sty
Package: uniquecounter 2019/12/15 v1.4 Provide unlimited unique counter (HO)
)
Package uniquecounter Info: New unique counter `rerunfilecheck' on input line 285.
)
\Hy@SectionHShift=\skip50
) (C:\Users\mcasu\AppData\Local\Programs\MiKTeX\tex/latex/xcolor\xcolor.sty
Package: xcolor 2023/11/15 v3.01 LaTeX color extensions (UK)
 (C:\Users\mcasu\AppData\Local\Programs\MiKTeX\tex/latex/graphics-cfg\color.cfg
File: color.cfg 2016/01/02 v1.6 sample color configuration
)
Package xcolor Info: Driver file: pdftex.def on input line 274.
 (C:\Users\mcasu\AppData\Local\Programs\MiKTeX\tex/latex/graphics\mathcolor.ltx)
Package xcolor Info: Model `cmy' substituted by `cmy0' on input line 1350.
Package xcolor Info: Model `hsb' substituted by `rgb' on input line 1354.
Package xcolor Info: Model `RGB' extended on input line 1366.
Package xcolor Info: Model `HTML' substituted by `rgb' on input line 1368.
Package xcolor Info: Model `Hsb' substituted by `hsb' on input line 1369.
Package xcolor Info: Model `tHsb' substituted by `hsb' on input line 1370.
Package xcolor Info: Model `HSB' substituted by `hsb' on input line 1371.
Package xcolor Info: Model `Gray' substituted by `gray' on input line 1372.
Package xcolor Info: Model `wave' substituted by `hsb' on input line 1373.
) (C:\Users\mcasu\AppData\Local\Programs\MiKTeX\tex/latex/amsfonts\amssymb.sty
Package: amssymb 2013/01/14 v3.01 AMS font symbols
 (C:\Users\mcasu\AppData\Local\Programs\MiKTeX\tex/latex/amsfonts\amsfonts.sty
Package: amsfonts 2013/01/14 v3.01 Basic AMSFonts support
\@emptytoks=\toks18
\symAMSa=\mathgroup4
\symAMSb=\mathgroup5
LaTeX Font Info:    Redeclaring math symbol \hbar on input line 98.
LaTeX Font Info:    Overwriting math alphabet `\mathfrak' in version `bold'
(Font)                  U/euf/m/n --> U/euf/b/n on input line 106.
)) (C:\Users\mcasu\AppData\Local\Programs\MiKTeX\tex/latex/amsmath\amsmath.sty
Package: amsmath 2023/05/13 v2.17o AMS math features
\@mathmargin=\skip51

For additional information on amsmath, use the `?' option.
(C:\Users\mcasu\AppData\Local\Programs\MiKTeX\tex/latex/amsmath\amstext.sty
Package: amstext 2021/08/26 v2.01 AMS text
 (C:\Users\mcasu\AppData\Local\Programs\MiKTeX\tex/latex/amsmath\amsgen.sty
File: amsgen.sty 1999/11/30 v2.0 generic functions
\@emptytoks=\toks19
\ex@=\dimen147
)) (C:\Users\mcasu\AppData\Local\Programs\MiKTeX\tex/latex/amsmath\amsbsy.sty
Package: amsbsy 1999/11/29 v1.2d Bold Symbols
\pmbraise@=\dimen148
) (C:\Users\mcasu\AppData\Local\Programs\MiKTeX\tex/latex/amsmath\amsopn.sty
Package: amsopn 2022/04/08 v2.04 operator names
)
\inf@bad=\count273
LaTeX Info: Redefining \frac on input line 234.
\uproot@=\count274
\leftroot@=\count275
LaTeX Info: Redefining \overline on input line 399.
LaTeX Info: Redefining \colon on input line 410.
\classnum@=\count276
\DOTSCASE@=\count277
LaTeX Info: Redefining \ldots on input line 496.
LaTeX Info: Redefining \dots on input line 499.
LaTeX Info: Redefining \cdots on input line 620.
\Mathstrutbox@=\box51
\strutbox@=\box52
LaTeX Info: Redefining \big on input line 722.
LaTeX Info: Redefining \Big on input line 723.
LaTeX Info: Redefining \bigg on input line 724.
LaTeX Info: Redefining \Bigg on input line 725.
\big@size=\dimen149
LaTeX Font Info:    Redeclaring font encoding OML on input line 743.
LaTeX Font Info:    Redeclaring font encoding OMS on input line 744.
\macc@depth=\count278
LaTeX Info: Redefining \bmod on input line 905.
LaTeX Info: Redefining \pmod on input line 910.
LaTeX Info: Redefining \smash on input line 940.
LaTeX Info: Redefining \relbar on input line 970.
LaTeX Info: Redefining \Relbar on input line 971.
\c@MaxMatrixCols=\count279
\dotsspace@=\muskip17
\c@parentequation=\count280
\dspbrk@lvl=\count281
\tag@help=\toks20
\row@=\count282
\column@=\count283
\maxfields@=\count284
\andhelp@=\toks21
\eqnshift@=\dimen150
\alignsep@=\dimen151
\tagshift@=\dimen152
\tagwidth@=\dimen153
\totwidth@=\dimen154
\lineht@=\dimen155
\@envbody=\toks22
\multlinegap=\skip52
\multlinetaggap=\skip53
\mathdisplay@stack=\toks23
LaTeX Info: Redefining \[ on input line 2953.
LaTeX Info: Redefining \] on input line 2954.
) (C:\Users\mcasu\AppData\Local\Programs\MiKTeX\tex/generic/babel\babel.sty
Package: babel 2024/01/07 v24.1 The Babel package
\babel@savecnt=\count285
\U@D=\dimen156
\l@unhyphenated=\language79
 (C:\Users\mcasu\AppData\Local\Programs\MiKTeX\tex/generic/babel\txtbabel.def)
\bbl@readstream=\read2
\bbl@dirlevel=\count286

*************************************
* Local config file bblopts.cfg used
*
(C:\Users\mcasu\AppData\Local\Programs\MiKTeX\tex/latex/arabi\bblopts.cfg
File: bblopts.cfg 2005/09/08 v0.1 add Arabic and Farsi to "declared" options of babel
) (C:\Users\mcasu\AppData\Local\Programs\MiKTeX\tex/latex/babel-english\english.ldf
Language: english 2017/06/06 v3.3r English support from the babel system
Package babel Info: Hyphen rules for 'canadian' set to \l@english
(babel)             (\language0). Reported on input line 102.
Package babel Info: Hyphen rules for 'australian' set to \l@ukenglish
(babel)             (\language73). Reported on input line 105.
Package babel Info: Hyphen rules for 'newzealand' set to \l@ukenglish
(babel)             (\language73). Reported on input line 108.
)) (C:\Users\mcasu\AppData\Local\Programs\MiKTeX\tex/generic/babel/locale/en\babel-english.tex
Package babel Info: Importing font and identification data for english
(babel)             from babel-en.ini. Reported on input line 11.
) (C:\Program Files\MiKTeX2\tex/latex/geometry\geometry.sty
Package: geometry 2020/01/02 v5.9 Page Geometry
 (C:\Users\mcasu\AppData\Local\Programs\MiKTeX\tex/generic/iftex\ifvtex.sty
Package: ifvtex 2019/10/25 v1.7 ifvtex legacy package. Use iftex instead.
)
\Gm@cnth=\count287
\Gm@cntv=\count288
\c@Gm@tempcnt=\count289
\Gm@bindingoffset=\dimen157
\Gm@wd@mp=\dimen158
\Gm@odd@mp=\dimen159
\Gm@even@mp=\dimen160
\Gm@layoutwidth=\dimen161
\Gm@layoutheight=\dimen162
\Gm@layouthoffset=\dimen163
\Gm@layoutvoffset=\dimen164
\Gm@dimlist=\toks24
 (C:\Program Files\MiKTeX2\tex/latex/geometry\geometry.cfg)) (C:\Program Files\MiKTeX2\tex/latex/wrapfig\wrapfig.sty
\wrapoverhang=\dimen165
\WF@size=\dimen166
\c@WF@wrappedlines=\count290
\WF@box=\box53
\WF@everypar=\toks25
Package: wrapfig 2003/01/31  v 3.6
) (C:\Program Files\MiKTeX2\tex/latex/float\float.sty
Package: float 2001/11/08 v1.3d Float enhancements (AL)
\c@float@type=\count291
\float@exts=\toks26
\float@box=\box54
\@float@everytoks=\toks27
\@floatcapt=\box55
) (C:\Users\mcasu\AppData\Local\Programs\MiKTeX\tex/latex/listings\listings.sty
\lst@mode=\count292
\lst@gtempboxa=\box56
\lst@token=\toks28
\lst@length=\count293
\lst@currlwidth=\dimen167
\lst@column=\count294
\lst@pos=\count295
\lst@lostspace=\dimen168
\lst@width=\dimen169
\lst@newlines=\count296
\lst@lineno=\count297
\lst@maxwidth=\dimen170
 (C:\Users\mcasu\AppData\Local\Programs\MiKTeX\tex/latex/listings\lstmisc.sty
File: lstmisc.sty 2023/02/27 1.9 (Carsten Heinz)
\c@lstnumber=\count298
\lst@skipnumbers=\count299
\lst@framebox=\box57
) (C:\Users\mcasu\AppData\Local\Programs\MiKTeX\tex/latex/listings\listings.cfg
File: listings.cfg 2023/02/27 1.9 listings configuration
))
Package: listings 2023/02/27 1.9 (Carsten Heinz)
 (C:\Users\mcasu\AppData\Local\Programs\MiKTeX\tex/latex/l3backend\l3backend-pdftex.def
File: l3backend-pdftex.def 2024-01-04 L3 backend support: PDF output (pdfTeX)
\l__color_backend_stack_int=\count300
\l__pdf_internal_box=\box58
) (Sistemi Operativi modulo 1.aux)
\openout1 = `"Sistemi Operativi modulo 1.aux"'.

LaTeX Font Info:    Checking defaults for OML/cmm/m/it on input line 19.
LaTeX Font Info:    ... okay on input line 19.
LaTeX Font Info:    Checking defaults for OMS/cmsy/m/n on input line 19.
LaTeX Font Info:    ... okay on input line 19.
LaTeX Font Info:    Checking defaults for OT1/cmr/m/n on input line 19.
LaTeX Font Info:    ... okay on input line 19.
LaTeX Font Info:    Checking defaults for T1/cmr/m/n on input line 19.
LaTeX Font Info:    ... okay on input line 19.
LaTeX Font Info:    Checking defaults for TS1/cmr/m/n on input line 19.
LaTeX Font Info:    ... okay on input line 19.
LaTeX Font Info:    Checking defaults for OMX/cmex/m/n on input line 19.
LaTeX Font Info:    ... okay on input line 19.
LaTeX Font Info:    Checking defaults for U/cmr/m/n on input line 19.
LaTeX Font Info:    ... okay on input line 19.
LaTeX Font Info:    Checking defaults for PD1/pdf/m/n on input line 19.
LaTeX Font Info:    ... okay on input line 19.
LaTeX Font Info:    Checking defaults for PU/pdf/m/n on input line 19.
LaTeX Font Info:    ... okay on input line 19.
 (C:\Users\mcasu\AppData\Local\Programs\MiKTeX\tex/context/base/mkii\supp-pdf.mkii
[Loading MPS to PDF converter (version 2006.09.02).]
\scratchcounter=\count301
\scratchdimen=\dimen171
\scratchbox=\box59
\nofMPsegments=\count302
\nofMParguments=\count303
\everyMPshowfont=\toks29
\MPscratchCnt=\count304
\MPscratchDim=\dimen172
\MPnumerator=\count305
\makeMPintoPDFobject=\count306
\everyMPtoPDFconversion=\toks30
) (C:\Users\mcasu\AppData\Local\Programs\MiKTeX\tex/latex/epstopdf-pkg\epstopdf-base.sty
Package: epstopdf-base 2020-01-24 v2.11 Base part for package epstopdf
Package epstopdf-base Info: Redefining graphics rule for `.eps' on input line 485.
 (C:\Users\mcasu\AppData\Local\Programs\MiKTeX\tex/latex/00miktex\epstopdf-sys.cfg
File: epstopdf-sys.cfg 2021/03/18 v2.0 Configuration of epstopdf for MiKTeX
))
Package hyperref Info: Link coloring OFF on input line 19.
 (Sistemi Operativi modulo 1.out) (Sistemi Operativi modulo 1.out)
\@outlinefile=\write3
\openout3 = `"Sistemi Operativi modulo 1.out"'.


*geometry* driver: auto-detecting
*geometry* detected driver: pdftex
*geometry* verbose mode - [ preamble ] result:
* driver: pdftex
* paper: a4paper
* layout: <same size as paper>
* layoutoffset:(h,v)=(0.0pt,0.0pt)
* modes: 
* h-part:(L,W,R)=(56.9055pt, 483.69687pt, 56.9055pt)
* v-part:(T,H,B)=(71.13188pt, 702.78308pt, 71.13188pt)
* \paperwidth=597.50787pt
* \paperheight=845.04684pt
* \textwidth=483.69687pt
* \textheight=702.78308pt
* \oddsidemargin=-15.36449pt
* \evensidemargin=-15.36449pt
* \topmargin=-38.1381pt
* \headheight=12.0pt
* \headsep=25.0pt
* \topskip=12.0pt
* \footskip=30.0pt
* \marginparwidth=44.0pt
* \marginparsep=10.0pt
* \columnsep=10.0pt
* \skip\footins=10.8pt plus 4.0pt minus 2.0pt
* \hoffset=0.0pt
* \voffset=0.0pt
* \mag=1000
* \@twocolumnfalse
* \@twosidefalse
* \@mparswitchfalse
* \@reversemarginfalse
* (1in=72.27pt=25.4mm, 1cm=28.453pt)

\c@lstlisting=\count307
LaTeX Font Info:    Trying to load font information for U+msa on input line 24.
(C:\Users\mcasu\AppData\Local\Programs\MiKTeX\tex/latex/amsfonts\umsa.fd
File: umsa.fd 2013/01/14 v3.01 AMS symbols A
)
LaTeX Font Info:    Trying to load font information for U+msb on input line 24.
 (C:\Users\mcasu\AppData\Local\Programs\MiKTeX\tex/latex/amsfonts\umsb.fd
File: umsb.fd 2013/01/14 v3.01 AMS symbols B
)
<images/copertina.jpeg, id=239, 543.53062pt x 708.39656pt>
File: images/copertina.jpeg Graphic file (type jpg)
<use images/copertina.jpeg>
Package pdftex.def Info: images/copertina.jpeg  used on input line 26.
(pdftex.def)             Requested size: 338.58632pt x 441.30913pt.
 [1

{C:/Users/mcasu/AppData/Local/MiKTeX/fonts/map/pdftex/pdftex.map} <./images/copertina.jpeg>] (Sistemi Operativi modulo 1.toc [2])
\tf@toc=\write4
\openout4 = `"Sistemi Operativi modulo 1.toc"'.

 [3]
<images/osHardwareXApplication.png, id=316, 1028.34187pt x 91.84312pt>
File: images/osHardwareXApplication.png Graphic file (type png)
<use images/osHardwareXApplication.png>
Package pdftex.def Info: images/osHardwareXApplication.png  used on input line 43.
(pdftex.def)             Requested size: 386.95897pt x 34.5602pt.
 [4 <./images/osHardwareXApplication.png>]
<images/jobScheduling.png, id=325, 861.2175pt x 283.0575pt>
File: images/jobScheduling.png Graphic file (type png)
<use images/jobScheduling.png>
Package pdftex.def Info: images/jobScheduling.png  used on input line 107.
(pdftex.def)             Requested size: 338.58632pt x 111.28603pt.
 [5 <./images/jobScheduling.png>]
<images/protectionRings.png, id=331, 367.3725pt x 280.04625pt>
File: images/protectionRings.png Graphic file (type png)
<use images/protectionRings.png>
Package pdftex.def Info: images/protectionRings.png  used on input line 137.
(pdftex.def)             Requested size: 120.92421pt x 92.18051pt.

Underfull \hbox (badness 1953) in paragraph at lines 138--138
[]\OT1/cmr/m/n/12 Figure 1: []Protection
 []

<images/trapTerminologia.png, id=332, 843.15pt x 396.7322pt>
File: images/trapTerminologia.png Graphic file (type png)
<use images/trapTerminologia.png>
Package pdftex.def Info: images/trapTerminologia.png  used on input line 164.
(pdftex.def)             Requested size: 338.58632pt x 159.31964pt.
[6
pdfTeX warning (ext4): destination with the same identifier (name{figure.1}) has been already used, duplicate ignored
<argument> ...shipout:D \box_use:N \l_shipout_box 
                                                  \__shipout_drop_firstpage_...
l.168 \begin{itemize}
                      <./images/protectionRings.png>]
<images/syscallFlow.png, id=339, 1250.42157pt x 241.65282pt>
File: images/syscallFlow.png Graphic file (type png)
<use images/syscallFlow.png>
Package pdftex.def Info: images/syscallFlow.png  used on input line 185.
(pdftex.def)             Requested size: 435.32422pt x 84.1299pt.
 [7 <./images/trapTerminologia.png> <./images/syscallFlow.png>]
Overfull \hbox (11.49521pt too wide) in paragraph at lines 189--198
[]\OT1/cmr/m/n/12 Quando un utente chiama una fun-zione che richiede una syscall, viene gen-er-ata un'interruzione,
 []

[8] [9] [10]
<images/processStates.png, id=363, 1169.87062pt x 386.19281pt>
File: images/processStates.png Graphic file (type png)
<use images/processStates.png>
Package pdftex.def Info: images/processStates.png  used on input line 319.
(pdftex.def)             Requested size: 338.58632pt x 111.7691pt.

Overfull \hbox (2.193pt too wide) in paragraph at lines 323--336
\OT1/cmr/m/n/12 iden-tico a quello chia-mante, si uti-lizza poi una chia-mata [][][][][][], che pren-dendo come parametri
 []

[11 <./images/processStates.png>] (C:\Users\mcasu\AppData\Local\Programs\MiKTeX\tex/latex/listings\lstlang1.sty
File: lstlang1.sty 2023/02/27 1.9 listings language file
) (C:\Users\mcasu\AppData\Local\Programs\MiKTeX\tex/latex/listings\lstmisc.sty
File: lstmisc.sty 2023/02/27 1.9 (Carsten Heinz)
)
LaTeX Font Info:    Trying to load font information for OML+cmr on input line 343.
 (C:\Users\mcasu\AppData\Local\Programs\MiKTeX\tex/latex/base\omlcmr.fd
File: omlcmr.fd 2023/04/13 v2.5m Standard LaTeX font definitions
)
LaTeX Font Info:    Font shape `OML/cmr/m/n' in size <12> not available
(Font)              Font shape `OML/cmm/m/it' tried instead on input line 343.
LaTeX Font Info:    Trying to load font information for OMS+cmr on input line 347.
 (C:\Users\mcasu\AppData\Local\Programs\MiKTeX\tex/latex/base\omscmr.fd
File: omscmr.fd 2023/04/13 v2.5m Standard LaTeX font definitions
)
LaTeX Font Info:    Font shape `OMS/cmr/m/n' in size <12> not available
(Font)              Font shape `OMS/cmsy/m/n' tried instead on input line 347.
<images/forkGraph.png, id=369, 1367.1075pt x 369.63094pt>
File: images/forkGraph.png Graphic file (type png)
<use images/forkGraph.png>
Package pdftex.def Info: images/forkGraph.png  used on input line 380.
(pdftex.def)             Requested size: 435.32422pt x 117.69774pt.
 [12 <./images/forkGraph.png>] [13]
Package epstopdf Info: Source file: <images/processCommunication.eps>
(epstopdf)                    date: 2023-10-29 18:23:56
(epstopdf)                    size: 28987 bytes
(epstopdf)             Output file: <images/processCommunication-eps-converted-to.pdf>
(epstopdf)                    date: 2023-10-29 18:24:23
(epstopdf)                    size: 6729 bytes
(epstopdf)             Command: <miktex-epstopdf --outfile=images/processCommunication-eps-converted-to.pdf images/processCommunication.eps>
(epstopdf)             \includegraphics on input line 466.
Package epstopdf Info: Output file is already uptodate.
<images/processCommunication-eps-converted-to.pdf, id=414, 466.74374pt x 129.48375pt>
File: images/processCommunication-eps-converted-to.pdf Graphic file (type pdf)
<use images/processCommunication-eps-converted-to.pdf>
Package pdftex.def Info: images/processCommunication-eps-converted-to.pdf  used on input line 466.
(pdftex.def)             Requested size: 314.40001pt x 87.22388pt.
 [14 <./images/processCommunication-eps-converted-to.pdf>] [15] [16] [17]
Package epstopdf Info: Source file: <images/expSmoothing.eps>
(epstopdf)                    date: 2023-11-16 19:24:51
(epstopdf)                    size: 26240 bytes
(epstopdf)             Output file: <images/expSmoothing-eps-converted-to.pdf>
(epstopdf)                    date: 2023-11-16 19:24:55
(epstopdf)                    size: 6214 bytes
(epstopdf)             Command: <miktex-epstopdf --outfile=images/expSmoothing-eps-converted-to.pdf images/expSmoothing.eps>
(epstopdf)             \includegraphics on input line 643.
Package epstopdf Info: Output file is already uptodate.
<images/expSmoothing-eps-converted-to.pdf, id=445, 722.7pt x 290.08376pt>
File: images/expSmoothing-eps-converted-to.pdf Graphic file (type pdf)
<use images/expSmoothing-eps-converted-to.pdf>
Package pdftex.def Info: images/expSmoothing-eps-converted-to.pdf  used on input line 643.
(pdftex.def)             Requested size: 386.95897pt x 155.31941pt.

Underfull \hbox (badness 10000) in paragraph at lines 633--646

 []

[18] [19 <./images/expSmoothing-eps-converted-to.pdf>]
Package epstopdf Info: Source file: <images/threads.eps>
(epstopdf)                    date: 2023-11-19 12:44:11
(epstopdf)                    size: 59142 bytes
(epstopdf)             Output file: <images/threads-eps-converted-to.pdf>
(epstopdf)                    date: 2023-11-19 12:44:27
(epstopdf)                    size: 9535 bytes
(epstopdf)             Command: <miktex-epstopdf --outfile=images/threads-eps-converted-to.pdf images/threads.eps>
(epstopdf)             \includegraphics on input line 697.
Package epstopdf Info: Output file is already uptodate.
<images/threads-eps-converted-to.pdf, id=464, 482.80376pt x 135.50626pt>
File: images/threads-eps-converted-to.pdf Graphic file (type pdf)
<use images/threads-eps-converted-to.pdf>
Package pdftex.def Info: images/threads-eps-converted-to.pdf  used on input line 697.
(pdftex.def)             Requested size: 353.09663pt x 99.10481pt.
 [20 <./images/threads-eps-converted-to.pdf>] [21]
Package epstopdf Info: Source file: <images/manyToOne.eps>
(epstopdf)                    date: 2023-11-19 17:43:42
(epstopdf)                    size: 37628 bytes
(epstopdf)             Output file: <images/manyToOne-eps-converted-to.pdf>
(epstopdf)                    date: 2023-11-19 17:44:02
(epstopdf)                    size: 6343 bytes
(epstopdf)             Command: <miktex-epstopdf --outfile=images/manyToOne-eps-converted-to.pdf images/manyToOne.eps>
(epstopdf)             \includegraphics on input line 765.
Package epstopdf Info: Output file is already uptodate.
<images/manyToOne-eps-converted-to.pdf, id=491, 394.47375pt x 178.6675pt>
File: images/manyToOne-eps-converted-to.pdf Graphic file (type pdf)
<use images/manyToOne-eps-converted-to.pdf>
Package pdftex.def Info: images/manyToOne-eps-converted-to.pdf  used on input line 765.
(pdftex.def)             Requested size: 193.47578pt x 87.62962pt.
Package epstopdf Info: Source file: <images/OneToOne.eps>
(epstopdf)                    date: 2023-11-19 17:49:45
(epstopdf)                    size: 19258 bytes
(epstopdf)             Output file: <images/OneToOne-eps-converted-to.pdf>
(epstopdf)                    date: 2023-11-19 17:50:06
(epstopdf)                    size: 4319 bytes
(epstopdf)             Command: <miktex-epstopdf --outfile=images/OneToOne-eps-converted-to.pdf images/OneToOne.eps>
(epstopdf)             \includegraphics on input line 775.
Package epstopdf Info: Output file is already uptodate.
<images/OneToOne-eps-converted-to.pdf, id=492, 208.78pt x 192.72pt>
File: images/OneToOne-eps-converted-to.pdf Graphic file (type pdf)
<use images/OneToOne-eps-converted-to.pdf>
Package pdftex.def Info: images/OneToOne-eps-converted-to.pdf  used on input line 775.
(pdftex.def)             Requested size: 145.11053pt x 133.95616pt.
Package epstopdf Info: Source file: <images/manyToMany.eps>
(epstopdf)                    date: 2023-11-19 17:54:15
(epstopdf)                    size: 19251 bytes
(epstopdf)             Output file: <images/manyToMany-eps-converted-to.pdf>
(epstopdf)                    date: 2023-11-19 17:54:42
(epstopdf)                    size: 4353 bytes
(epstopdf)             Command: <miktex-epstopdf --outfile=images/manyToMany-eps-converted-to.pdf images/manyToMany.eps>
(epstopdf)             \includegraphics on input line 783.
Package epstopdf Info: Output file is already uptodate.
<images/manyToMany-eps-converted-to.pdf, id=493, 209.78375pt x 178.6675pt>
File: images/manyToMany-eps-converted-to.pdf Graphic file (type pdf)
<use images/manyToMany-eps-converted-to.pdf>
Package pdftex.def Info: images/manyToMany-eps-converted-to.pdf  used on input line 783.
(pdftex.def)             Requested size: 145.11053pt x 123.58603pt.
Package epstopdf Info: Source file: <images/TwoLevel.eps>
(epstopdf)                    date: 2023-11-19 17:58:42
(epstopdf)                    size: 19160 bytes
(epstopdf)             Output file: <images/TwoLevel-eps-converted-to.pdf>
(epstopdf)                    date: 2023-11-19 17:58:55
(epstopdf)                    size: 4344 bytes
(epstopdf)             Command: <miktex-epstopdf --outfile=images/TwoLevel-eps-converted-to.pdf images/TwoLevel.eps>
(epstopdf)             \includegraphics on input line 789.
Package epstopdf Info: Output file is already uptodate.
<images/TwoLevel-eps-converted-to.pdf, id=494, 207.77625pt x 185.69376pt>
File: images/TwoLevel-eps-converted-to.pdf Graphic file (type pdf)
<use images/TwoLevel-eps-converted-to.pdf>
Package pdftex.def Info: images/TwoLevel-eps-converted-to.pdf  used on input line 789.
(pdftex.def)             Requested size: 145.11053pt x 129.69289pt.
 [22 <./images/manyToOne-eps-converted-to.pdf>] [23 <./images/OneToOne-eps-converted-to.pdf> <./images/manyToMany-eps-converted-to.pdf> <./images/TwoLevel-eps-converted-to.pdf>] [24] [25] [26] [27] (C:\Users\mcasu\AppData\Local\Programs\MiKTeX\tex/latex/listings\lstlang1.sty
File: lstlang1.sty 2023/02/27 1.9 listings language file
)
Package epstopdf Info: Source file: <images/grafo.eps>
(epstopdf)                    date: 2023-11-27 14:17:43
(epstopdf)                    size: 35579 bytes
(epstopdf)             Output file: <images/grafo-eps-converted-to.pdf>
(epstopdf)                    date: 2023-11-27 14:18:08
(epstopdf)                    size: 5725 bytes
(epstopdf)             Command: <miktex-epstopdf --outfile=images/grafo-eps-converted-to.pdf images/grafo.eps>
(epstopdf)             \includegraphics on input line 997.
Package epstopdf Info: Output file is already uptodate.
<images/grafo-eps-converted-to.pdf, id=547, 226.8475pt x 162.6075pt>
File: images/grafo-eps-converted-to.pdf Graphic file (type pdf)
<use images/grafo-eps-converted-to.pdf>
Package pdftex.def Info: images/grafo-eps-converted-to.pdf  used on input line 997.
(pdftex.def)             Requested size: 217.66211pt x 156.0245pt.
 [28] [29 <./images/grafo-eps-converted-to.pdf>]
Package epstopdf Info: Source file: <images/grafo2.eps>
(epstopdf)                    date: 2023-11-27 14:49:07
(epstopdf)                    size: 35636 bytes
(epstopdf)             Output file: <images/grafo2-eps-converted-to.pdf>
(epstopdf)                    date: 2023-11-27 14:49:10
(epstopdf)                    size: 5755 bytes
(epstopdf)             Command: <miktex-epstopdf --outfile=images/grafo2-eps-converted-to.pdf images/grafo2.eps>
(epstopdf)             \includegraphics on input line 1039.
Package epstopdf Info: Output file is already uptodate.
<images/grafo2-eps-converted-to.pdf, id=583, 226.8475pt x 162.6075pt>
File: images/grafo2-eps-converted-to.pdf Graphic file (type pdf)
<use images/grafo2-eps-converted-to.pdf>
Package pdftex.def Info: images/grafo2-eps-converted-to.pdf  used on input line 1039.
(pdftex.def)             Requested size: 217.66211pt x 156.0245pt.
 [30 <./images/grafo2-eps-converted-to.pdf>] [31] [32] [33]
Package epstopdf Info: Source file: <images/static1.eps>
(epstopdf)                    date: 2023-11-29 12:11:06
(epstopdf)                    size: 32699 bytes
(epstopdf)             Output file: <images/static1-eps-converted-to.pdf>
(epstopdf)                    date: 2023-11-29 12:11:09
(epstopdf)                    size: 5075 bytes
(epstopdf)             Command: <miktex-epstopdf --outfile=images/static1-eps-converted-to.pdf images/static1.eps>
(epstopdf)             \includegraphics on input line 1170.
Package epstopdf Info: Output file is already uptodate.
<images/static1-eps-converted-to.pdf, id=625, 176.66pt x 193.72375pt>
File: images/static1-eps-converted-to.pdf Graphic file (type pdf)
<use images/static1-eps-converted-to.pdf>
Package pdftex.def Info: images/static1-eps-converted-to.pdf  used on input line 1170.
(pdftex.def)             Requested size: 145.11053pt x 159.1294pt.
Package epstopdf Info: Source file: <images/static2.eps>
(epstopdf)                    date: 2023-11-29 12:26:30
(epstopdf)                    size: 68746 bytes
(epstopdf)             Output file: <images/static2-eps-converted-to.pdf>
(epstopdf)                    date: 2023-11-29 12:26:34
(epstopdf)                    size: 8913 bytes
(epstopdf)             Command: <miktex-epstopdf --outfile=images/static2-eps-converted-to.pdf images/static2.eps>
(epstopdf)             \includegraphics on input line 1176.
Package epstopdf Info: Output file is already uptodate.
<images/static2-eps-converted-to.pdf, id=626, 477.785pt x 193.72375pt>
File: images/static2-eps-converted-to.pdf Graphic file (type pdf)
<use images/static2-eps-converted-to.pdf>
Package pdftex.def Info: images/static2-eps-converted-to.pdf  used on input line 1176.
(pdftex.def)             Requested size: 362.77264pt x 147.08968pt.
Package epstopdf Info: Source file: <images/MMU.eps>
(epstopdf)                    date: 2023-11-29 22:04:37
(epstopdf)                    size: 72960 bytes
(epstopdf)             Output file: <images/MMU-eps-converted-to.pdf>
(epstopdf)                    date: 2023-11-29 22:04:56
(epstopdf)                    size: 26716 bytes
(epstopdf)             Command: <miktex-epstopdf --outfile=images/MMU-eps-converted-to.pdf images/MMU.eps>
(epstopdf)             \includegraphics on input line 1194.
Package epstopdf Info: Output file is already uptodate.
<images/MMU-eps-converted-to.pdf, id=628, 598.235pt x 354.32375pt>
File: images/MMU-eps-converted-to.pdf Graphic file (type pdf)
<use images/MMU-eps-converted-to.pdf>
Package pdftex.def Info: images/MMU-eps-converted-to.pdf  used on input line 1194.
(pdftex.def)             Requested size: 386.95897pt x 229.19395pt.

Underfull \hbox (badness 10000) in paragraph at lines 1184--1197

 []

[34 <./images/static1-eps-converted-to.pdf> <./images/static2-eps-converted-to.pdf>]
Underfull \hbox (badness 10000) in paragraph at lines 1204--1206

 []

[35 <./images/MMU-eps-converted-to.pdf>]
Package epstopdf Info: Source file: <images/paging2.eps>
(epstopdf)                    date: 2023-12-01 12:47:07
(epstopdf)                    size: 84705 bytes
(epstopdf)             Output file: <images/paging2-eps-converted-to.pdf>
(epstopdf)                    date: 2023-12-01 12:47:14
(epstopdf)                    size: 23236 bytes
(epstopdf)             Command: <miktex-epstopdf --outfile=images/paging2-eps-converted-to.pdf images/paging2.eps>
(epstopdf)             \includegraphics on input line 1252.
Package epstopdf Info: Output file is already uptodate.
<images/paging2-eps-converted-to.pdf, id=674, 338.26375pt x 244.915pt>
File: images/paging2-eps-converted-to.pdf Graphic file (type pdf)
<use images/paging2-eps-converted-to.pdf>
Package pdftex.def Info: images/paging2-eps-converted-to.pdf  used on input line 1252.
(pdftex.def)             Requested size: 338.58632pt x 245.15729pt.
Package epstopdf Info: Source file: <images/pageTable.eps>
(epstopdf)                    date: 2023-12-01 12:56:16
(epstopdf)                    size: 75259 bytes
(epstopdf)             Output file: <images/pageTable-eps-converted-to.pdf>
(epstopdf)                    date: 2023-12-01 12:56:28
(epstopdf)                    size: 25685 bytes
(epstopdf)             Command: <miktex-epstopdf --outfile=images/pageTable-eps-converted-to.pdf images/pageTable.eps>
(epstopdf)             \includegraphics on input line 1261.
Package epstopdf Info: Output file is already uptodate.
<images/pageTable-eps-converted-to.pdf, id=675, 359.3425pt x 225.84375pt>
File: images/pageTable-eps-converted-to.pdf Graphic file (type pdf)
<use images/pageTable-eps-converted-to.pdf>
Package pdftex.def Info: images/pageTable-eps-converted-to.pdf  used on input line 1261.
(pdftex.def)             Requested size: 338.58632pt x 212.81349pt.
 [36] [37 <./images/paging2-eps-converted-to.pdf> <./images/pageTable-eps-converted-to.pdf>]
Package epstopdf Info: Source file: <images/pagingTranslate.eps>
(epstopdf)                    date: 2023-12-11 11:19:27
(epstopdf)                    size: 39504 bytes
(epstopdf)             Output file: <images/pagingTranslate-eps-converted-to.pdf>
(epstopdf)                    date: 2023-12-11 11:19:31
(epstopdf)                    size: 20305 bytes
(epstopdf)             Command: <miktex-epstopdf --outfile=images/pagingTranslate-eps-converted-to.pdf images/pagingTranslate.eps>
(epstopdf)             \includegraphics on input line 1286.
Package epstopdf Info: Output file is already uptodate.
<images/pagingTranslate-eps-converted-to.pdf, id=722, 514.92375pt x 230.8625pt>
File: images/pagingTranslate-eps-converted-to.pdf Graphic file (type pdf)
<use images/pagingTranslate-eps-converted-to.pdf>
Package pdftex.def Info: images/pagingTranslate-eps-converted-to.pdf  used on input line 1286.
(pdftex.def)             Requested size: 435.32422pt x 195.17723pt.
Package epstopdf Info: Source file: <images/ind.eps>
(epstopdf)                    date: 2023-12-11 11:31:17
(epstopdf)                    size: 38048 bytes
(epstopdf)             Output file: <images/ind-eps-converted-to.pdf>
(epstopdf)                    date: 2023-12-11 11:31:31
(epstopdf)                    size: 6454 bytes
(epstopdf)             Command: <miktex-epstopdf --outfile=images/ind-eps-converted-to.pdf images/ind.eps>
(epstopdf)             \includegraphics on input line 1301.
Package epstopdf Info: Output file is already uptodate.
<images/ind-eps-converted-to.pdf, id=723, 161.60374pt x 40.15pt>
File: images/ind-eps-converted-to.pdf Graphic file (type pdf)
<use images/ind-eps-converted-to.pdf>
Package pdftex.def Info: images/ind-eps-converted-to.pdf  used on input line 1301.
(pdftex.def)             Requested size: 193.47578pt x 48.0713pt.

Underfull \hbox (badness 10000) in paragraph at lines 1280--1304

 []

[38 <./images/pagingTranslate-eps-converted-to.pdf>]
Package epstopdf Info: Source file: <images/segmentC.eps>
(epstopdf)                    date: 2024-01-31 16:30:11
(epstopdf)                    size: 25423 bytes
(epstopdf)             Output file: <images/segmentC-eps-converted-to.pdf>
(epstopdf)                    date: 2024-01-31 16:30:18
(epstopdf)                    size: 5813 bytes
(epstopdf)             Command: <miktex-epstopdf --outfile=images/segmentC-eps-converted-to.pdf images/segmentC.eps>
(epstopdf)             \includegraphics on input line 1339.
Package epstopdf Info: Output file is already uptodate.
<images/segmentC-eps-converted-to.pdf, id=739, 450.68375pt x 33.12375pt>
File: images/segmentC-eps-converted-to.pdf Graphic file (type pdf)
<use images/segmentC-eps-converted-to.pdf>
Package pdftex.def Info: images/segmentC-eps-converted-to.pdf  used on input line 1339.
(pdftex.def)             Requested size: 483.69687pt x 35.55173pt.
 [39 <./images/ind-eps-converted-to.pdf>]
Package epstopdf Info: Source file: <images/pagingSegmentation.eps>
(epstopdf)                    date: 2024-01-31 16:57:52
(epstopdf)                    size: 67259 bytes
(epstopdf)             Output file: <images/pagingSegmentation-eps-converted-to.pdf>
(epstopdf)                    date: 2024-01-31 16:58:11
(epstopdf)                    size: 17145 bytes
(epstopdf)             Command: <miktex-epstopdf --outfile=images/pagingSegmentation-eps-converted-to.pdf images/pagingSegmentation.eps>
(epstopdf)             \includegraphics on input line 1361.
Package epstopdf Info: Output file is already uptodate.
<images/pagingSegmentation-eps-converted-to.pdf, id=753, 249.93375pt x 133.49875pt>
File: images/pagingSegmentation-eps-converted-to.pdf Graphic file (type pdf)
<use images/pagingSegmentation-eps-converted-to.pdf>
Package pdftex.def Info: images/pagingSegmentation-eps-converted-to.pdf  used on input line 1361.
(pdftex.def)             Requested size: 338.58632pt x 180.86938pt.
 [40 <./images/segmentC-eps-converted-to.pdf> <./images/pagingSegmentation-eps-converted-to.pdf>] [41] [42] [43] [44] [45]
Package epstopdf Info: Source file: <images/trashing.eps>
(epstopdf)                    date: 2024-02-02 15:32:33
(epstopdf)                    size: 24397 bytes
(epstopdf)             Output file: <images/trashing-eps-converted-to.pdf>
(epstopdf)                    date: 2024-02-02 15:33:08
(epstopdf)                    size: 5549 bytes
(epstopdf)             Command: <miktex-epstopdf --outfile=images/trashing-eps-converted-to.pdf images/trashing.eps>
(epstopdf)             \includegraphics on input line 1557.
Package epstopdf Info: Output file is already uptodate.
<images/trashing-eps-converted-to.pdf, id=810, 172.645pt x 108.405pt>
File: images/trashing-eps-converted-to.pdf Graphic file (type pdf)
<use images/trashing-eps-converted-to.pdf>
Package pdftex.def Info: images/trashing-eps-converted-to.pdf  used on input line 1557.
(pdftex.def)             Requested size: 169.29684pt x 106.30399pt.
 [46 <./images/trashing-eps-converted-to.pdf>]
Package epstopdf Info: Source file: <images/WS.eps>
(epstopdf)                    date: 2024-02-02 15:50:57
(epstopdf)                    size: 119813 bytes
(epstopdf)             Output file: <images/WS-eps-converted-to.pdf>
(epstopdf)                    date: 2024-02-02 15:51:15
(epstopdf)                    size: 14450 bytes
(epstopdf)             Command: <miktex-epstopdf --outfile=images/WS-eps-converted-to.pdf images/WS.eps>
(epstopdf)             \includegraphics on input line 1582.
Package epstopdf Info: Output file is already uptodate.
<images/WS-eps-converted-to.pdf, id=820, 438.63875pt x 141.52875pt>
File: images/WS-eps-converted-to.pdf Graphic file (type pdf)
<use images/WS-eps-converted-to.pdf>
Package pdftex.def Info: images/WS-eps-converted-to.pdf  used on input line 1582.
(pdftex.def)             Requested size: 338.58632pt x 109.2474pt.
 [47 <./images/WS-eps-converted-to.pdf>]
Underfull \hbox (badness 10000) in paragraph at lines 1600--1602

 []

Package epstopdf Info: Source file: <images/Disk.eps>
(epstopdf)                    date: 2024-01-14 18:45:35
(epstopdf)                    size: 32431 bytes
(epstopdf)             Output file: <images/Disk-eps-converted-to.pdf>
(epstopdf)                    date: 2024-02-02 16:15:14
(epstopdf)                    size: 7846 bytes
(epstopdf)             Command: <miktex-epstopdf --outfile=images/Disk-eps-converted-to.pdf images/Disk.eps>
(epstopdf)             \includegraphics on input line 1610.
Package epstopdf Info: Output file is already uptodate.
<images/Disk-eps-converted-to.pdf, id=849, 484.81125pt x 438.63875pt>
File: images/Disk-eps-converted-to.pdf Graphic file (type pdf)
<use images/Disk-eps-converted-to.pdf>
Package pdftex.def Info: images/Disk-eps-converted-to.pdf  used on input line 1610.
(pdftex.def)             Requested size: 290.22107pt x 262.59628pt.
[48 <./images/Disk-eps-converted-to.pdf>] [49] [50] [51] [52] (Sistemi Operativi modulo 1.aux)
 ***********
LaTeX2e <2023-11-01> patch level 1
L3 programming layer <2024-01-22>
 ***********
Package rerunfilecheck Info: File `"Sistemi Operativi modulo 1".out' has not changed.
(rerunfilecheck)             Checksum: 302CC97868FF1642C76F73B7669DF7E2;10441.
 ) 
Here is how much of TeX's memory you used:
 14029 strings out of 474542
 218977 string characters out of 5744446
 1950978 words of memory out of 5000000
 35877 multiletter control sequences out of 15000+600000
 568707 words of font info for 77 fonts, out of 8000000 for 9000
 1141 hyphenation exceptions out of 8191
 75i,9n,79p,542b,1377s stack positions out of 10000i,1000n,20000p,200000b,200000s
 <C:\Users\mcasu\AppData\Local\MiKTeX\fonts/pk/ljfour/jknappen/ec/dpi600\tcti1200.pk> <C:\Users\mcasu\AppData\Local\MiKTeX\fonts/pk/ljfour/jknappen/ec/dpi600\tcrm1200.pk><C:/Users/mcasu/AppData/Local/Programs/MiKTeX/fonts/type1/public/amsfonts/cm/cmbx12.pfb><C:/Users/mcasu/AppData/Local/Programs/MiKTeX/fonts/type1/public/amsfonts/cm/cmex10.pfb><C:/Users/mcasu/AppData/Local/Programs/MiKTeX/fonts/type1/public/amsfonts/cm/cmmi12.pfb><C:/Users/mcasu/AppData/Local/Programs/MiKTeX/fonts/type1/public/amsfonts/cm/cmmi8.pfb><C:/Users/mcasu/AppData/Local/Programs/MiKTeX/fonts/type1/public/amsfonts/cm/cmr10.pfb><C:/Users/mcasu/AppData/Local/Programs/MiKTeX/fonts/type1/public/amsfonts/cm/cmr12.pfb><C:/Users/mcasu/AppData/Local/Programs/MiKTeX/fonts/type1/public/amsfonts/cm/cmr17.pfb><C:/Users/mcasu/AppData/Local/Programs/MiKTeX/fonts/type1/public/amsfonts/cm/cmr7.pfb><C:/Users/mcasu/AppData/Local/Programs/MiKTeX/fonts/type1/public/amsfonts/cm/cmr8.pfb><C:/Users/mcasu/AppData/Local/Programs/MiKTeX/fonts/type1/public/amsfonts/cm/cmsy10.pfb><C:/Users/mcasu/AppData/Local/Programs/MiKTeX/fonts/type1/public/amsfonts/cm/cmsy8.pfb><C:/Users/mcasu/AppData/Local/Programs/MiKTeX/fonts/type1/public/amsfonts/cm/cmti12.pfb><C:/Users/mcasu/AppData/Local/Programs/MiKTeX/fonts/type1/public/amsfonts/cm/cmtt12.pfb><C:/Users/mcasu/AppData/Local/Programs/MiKTeX/fonts/type1/public/amsfonts/symbols/msbm10.pfb>
Output written on "Sistemi Operativi modulo 1.pdf" (52 pages, 1378463 bytes).
PDF statistics:
 993 PDF objects out of 1000 (max. 8388607)
 204 named destinations out of 1000 (max. 500000)
 618 words of extra memory for PDF output out of 10000 (max. 10000000)

