\BOOKMARK [1][-]{section.1}{\376\377\000I\000n\000t\000r\000o\000d\000u\000z\000i\000o\000n\000e}{}% 1
\BOOKMARK [2][-]{subsection.1.1}{\376\377\000J\000o\000b\000\040\000s\000c\000h\000e\000d\000u\000l\000i\000n\000g\000\040\000e\000\040\000T\000i\000m\000e\000\040\000S\000h\000a\000r\000i\000n\000g}{section.1}% 2
\BOOKMARK [1][-]{section.2}{\376\377\000A\000r\000c\000h\000i\000t\000e\000t\000t\000u\000r\000a\000\040\000N\000e\000c\000e\000s\000s\000a\000r\000i\000a\000\040\000p\000e\000r\000\040\000i\000\040\000S\000e\000r\000v\000i\000z\000i\000\040\000d\000e\000l\000l\000'\000O\000S}{}% 3
\BOOKMARK [2][-]{subsection.2.1}{\376\377\000U\000s\000e\000r\000\040\000e\000\040\000K\000e\000r\000n\000e\000l\000\040\000M\000o\000d\000e}{section.2}% 4
\BOOKMARK [2][-]{subsection.2.2}{\376\377\000L\000e\000\040\000S\000y\000s\000t\000e\000m\000\040\000C\000a\000l\000l}{section.2}% 5
\BOOKMARK [2][-]{subsection.2.3}{\376\377\000A\000P\000I\000\040\000p\000e\000r\000\040\000l\000e\000\040\000S\000y\000s\000t\000e\000m\000\040\000C\000a\000l\000l}{section.2}% 6
\BOOKMARK [2][-]{subsection.2.4}{\376\377\000L\000a\000\040\000M\000e\000m\000o\000r\000i\000a\000\040\000V\000i\000r\000t\000u\000a\000l\000e}{section.2}% 7
\BOOKMARK [2][-]{subsection.2.5}{\376\377\000D\000e\000s\000i\000g\000n\000\040\000d\000i\000\040\000N\000o\000t\000i\000\040\000M\000o\000d\000e\000l\000l\000i\000\040\000d\000i\000\040\000S\000i\000s\000t\000e\000m\000a\000\040\000O\000p\000e\000r\000a\000t\000i\000v\000o}{section.2}% 8
\BOOKMARK [1][-]{section.3}{\376\377\000L\000a\000\040\000G\000e\000s\000t\000i\000o\000n\000e\000\040\000d\000e\000i\000\040\000P\000r\000o\000c\000e\000s\000s\000i}{}% 9
\BOOKMARK [2][-]{subsection.3.1}{\376\377\000S\000t\000a\000t\000i\000\040\000d\000i\000\040\000u\000n\000\040\000P\000r\000o\000c\000e\000s\000s\000o}{section.3}% 10
\BOOKMARK [2][-]{subsection.3.2}{\376\377\000C\000r\000e\000a\000z\000i\000o\000n\000e\000\040\000d\000e\000i\000\040\000P\000r\000o\000c\000e\000s\000s\000i}{section.3}% 11
\BOOKMARK [2][-]{subsection.3.3}{\376\377\000S\000c\000h\000e\000d\000u\000l\000i\000n\000g\000\040\000d\000e\000i\000\040\000P\000r\000o\000c\000e\000s\000s\000i}{section.3}% 12
\BOOKMARK [2][-]{subsection.3.4}{\376\377\000C\000o\000m\000u\000n\000i\000c\000a\000z\000i\000o\000n\000e\000\040\000f\000r\000a\000\040\000p\000r\000o\000c\000e\000s\000s\000i}{section.3}% 13
\BOOKMARK [2][-]{subsection.3.5}{\376\377\000A\000l\000g\000o\000r\000i\000t\000m\000i\000\040\000d\000i\000\040\000S\000c\000h\000e\000d\000u\000l\000i\000n\000g}{section.3}% 14
\BOOKMARK [3][-]{subsubsection.3.5.1}{\376\377\000C\000r\000i\000t\000e\000r\000i\000\040\000e\000\040\000P\000o\000l\000i\000t\000i\000c\000h\000e\000\040\000d\000e\000l\000l\000o\000\040\000S\000c\000h\000e\000d\000u\000l\000i\000n\000g}{subsection.3.5}% 15
\BOOKMARK [3][-]{subsubsection.3.5.2}{\376\377\000F\000i\000r\000s\000t\000\040\000C\000o\000m\000e\000\040\000F\000i\000r\000s\000t\000\040\000S\000e\000r\000v\000e\000d\000\040\000\050\000F\000C\000F\000S\000\051}{subsection.3.5}% 16
\BOOKMARK [3][-]{subsubsection.3.5.3}{\376\377\000R\000o\000u\000n\000d\000-\000R\000o\000b\000i\000n\000\040\000\050\000R\000R\000\051}{subsection.3.5}% 17
\BOOKMARK [3][-]{subsubsection.3.5.4}{\376\377\000S\000h\000o\000r\000t\000e\000s\000t\000-\000J\000o\000b\000-\000F\000i\000r\000s\000t\000\040\000\050\000S\000J\000B\000\051}{subsection.3.5}% 18
\BOOKMARK [3][-]{subsubsection.3.5.5}{\376\377\000P\000r\000i\000o\000r\000i\000t\000y\000\040\000S\000c\000h\000e\000d\000u\000l\000i\000n\000g}{subsection.3.5}% 19
\BOOKMARK [3][-]{subsubsection.3.5.6}{\376\377\000M\000u\000l\000t\000i\000-\000L\000e\000v\000e\000l\000-\000Q\000u\000e\000u\000e\000\040\000\050\000M\000L\000Q\000\051}{subsection.3.5}% 20
\BOOKMARK [3][-]{subsubsection.3.5.7}{\376\377\000M\000u\000l\000t\000i\000-\000L\000e\000v\000e\000l\000-\000F\000e\000e\000d\000b\000a\000c\000k\000-\000Q\000u\000e\000u\000e\000\040\000\050\000M\000L\000F\000Q\000\051}{subsection.3.5}% 21
\BOOKMARK [3][-]{subsubsection.3.5.8}{\376\377\000L\000o\000t\000t\000e\000r\000y\000\040\000S\000c\000h\000e\000d\000u\000l\000i\000n\000g}{subsection.3.5}% 22
\BOOKMARK [1][-]{section.4}{\376\377\000I\000\040\000T\000h\000r\000e\000a\000d\000s}{}% 23
\BOOKMARK [2][-]{subsection.4.1}{\376\377\000D\000e\000f\000i\000n\000i\000z\000i\000o\000n\000e\000\040\000e\000\040\000M\000o\000t\000i\000v\000a\000z\000i\000o\000n\000i}{section.4}% 24
\BOOKMARK [2][-]{subsection.4.2}{\376\377\000U\000s\000e\000r\000\040\000e\000\040\000K\000e\000r\000n\000e\000l\000\040\000T\000h\000r\000e\000a\000d}{section.4}% 25
\BOOKMARK [3][-]{subsubsection.4.2.1}{\376\377\000M\000o\000d\000e\000l\000l\000i\000\040\000d\000i\000\040\000M\000u\000l\000t\000i\000-\000T\000h\000r\000e\000a\000d\000i\000n\000g}{subsection.4.2}% 26
\BOOKMARK [3][-]{subsubsection.4.2.2}{\376\377\000L\000e\000\040\000L\000i\000b\000r\000e\000r\000i\000e\000\040\000p\000e\000r\000\040\000l\000a\000\040\000G\000e\000s\000t\000i\000o\000n\000e\000\040\000d\000e\000i\000\040\000T\000h\000r\000e\000a\000d}{subsection.4.2}% 27
\BOOKMARK [3][-]{subsubsection.4.2.3}{\376\377\000T\000h\000r\000e\000a\000d\000\040\000P\000o\000o\000l\000s}{subsection.4.2}% 28
\BOOKMARK [2][-]{subsection.4.3}{\376\377\000S\000i\000n\000c\000r\000o\000n\000i\000z\000z\000a\000z\000i\000o\000n\000e\000\040\000d\000e\000i\000\040\000T\000h\000r\000e\000a\000d\000\040\000e\000\040\000P\000r\000o\000c\000e\000s\000s\000i}{section.4}% 29
\BOOKMARK [3][-]{subsubsection.4.3.1}{\376\377\000L\000o\000c\000k}{subsection.4.3}% 30
\BOOKMARK [3][-]{subsubsection.4.3.2}{\376\377\000S\000e\000m\000a\000f\000o\000r\000i}{subsection.4.3}% 31
\BOOKMARK [3][-]{subsubsection.4.3.3}{\376\377\000M\000o\000n\000i\000t\000o\000r}{subsection.4.3}% 32
\BOOKMARK [2][-]{subsection.4.4}{\376\377\000I\000\040\000D\000e\000a\000d\000l\000o\000c\000k}{section.4}% 33
\BOOKMARK [3][-]{subsubsection.4.4.1}{\376\377\000R\000i\000l\000e\000v\000a\000m\000e\000n\000t\000o\000\040\000d\000e\000i\000\040\000D\000e\000a\000d\000l\000o\000c\000k}{subsection.4.4}% 34
\BOOKMARK [3][-]{subsubsection.4.4.2}{\376\377\000E\000s\000e\000t\000e\000n\000s\000i\000o\000n\000e\000\040\000d\000e\000l\000\040\000R\000A\000G}{subsection.4.4}% 35
\BOOKMARK [3][-]{subsubsection.4.4.3}{\376\377\000L\000'\000a\000l\000g\000o\000r\000i\000t\000m\000o\000\040\000d\000e\000l\000\040\000B\000a\000n\000c\000h\000i\000e\000r\000e}{subsection.4.4}% 36
\BOOKMARK [1][-]{section.5}{\376\377\000L\000a\000\040\000M\000e\000m\000o\000r\000i\000a}{}% 37
\BOOKMARK [2][-]{subsection.5.1}{\376\377\000A\000d\000d\000r\000e\000s\000s\000\040\000B\000i\000n\000d\000i\000n\000g}{section.5}% 38
\BOOKMARK [3][-]{subsubsection.5.1.1}{\376\377\000R\000i\000l\000o\000c\000a\000z\000i\000o\000n\000e\000\040\000S\000t\000a\000t\000i\000c\000a}{subsection.5.1}% 39
\BOOKMARK [3][-]{subsubsection.5.1.2}{\376\377\000R\000i\000l\000o\000c\000a\000z\000i\000o\000n\000e\000\040\000D\000i\000n\000a\000m\000i\000c\000a}{subsection.5.1}% 40
\BOOKMARK [2][-]{subsection.5.2}{\376\377\000P\000o\000l\000i\000t\000i\000c\000h\000e\000\040\000d\000i\000\040\000A\000l\000l\000o\000c\000a\000z\000i\000o\000n\000e}{section.5}% 41
\BOOKMARK [3][-]{subsubsection.5.2.1}{\376\377\000S\000w\000a\000p\000p\000i\000n\000g}{subsection.5.2}% 42
\BOOKMARK [2][-]{subsection.5.3}{\376\377\000P\000a\000g\000i\000n\000g}{section.5}% 43
\BOOKMARK [3][-]{subsubsection.5.3.1}{\376\377\000I\000m\000p\000l\000e\000m\000e\000n\000t\000a\000z\000i\000o\000n\000e}{subsection.5.3}% 44
\BOOKMARK [3][-]{subsubsection.5.3.2}{\376\377\000T\000r\000a\000n\000s\000l\000a\000t\000i\000o\000n\000\040\000L\000o\000o\000k\000-\000a\000s\000i\000d\000e\000\040\000B\000u\000f\000f\000e\000r\000\040}{subsection.5.3}% 45
\BOOKMARK [2][-]{subsection.5.4}{\376\377\000S\000e\000g\000m\000e\000n\000t\000a\000z\000i\000o\000n\000e}{section.5}% 46
\BOOKMARK [3][-]{subsubsection.5.4.1}{\376\377\000S\000e\000g\000m\000e\000n\000t\000a\000z\000i\000o\000n\000e\000\040\000e\000\040\000P\000a\000g\000i\000n\000g\000\040\000C\000o\000m\000b\000i\000n\000a\000t\000i}{subsection.5.4}% 47
\BOOKMARK [2][-]{subsection.5.5}{\376\377\000P\000a\000g\000i\000n\000g\000\040\000A\000v\000a\000n\000z\000a\000t\000o}{section.5}% 48
\BOOKMARK [2][-]{subsection.5.6}{\376\377\000M\000e\000m\000o\000r\000i\000a\000\040\000V\000i\000r\000t\000u\000a\000l\000e}{section.5}% 49
\BOOKMARK [3][-]{subsubsection.5.6.1}{\376\377\000C\000a\000c\000h\000e\000\040\000d\000e\000l\000l\000a\000\040\000M\000e\000m\000o\000r\000i\000a\000\040\000S\000e\000c\000o\000n\000d\000a\000r\000i\000a\000\040\000e\000\040\000G\000e\000s\000t\000i\000o\000n\000e\000\040\000d\000e\000i\000\040\000P\000a\000g\000e\000-\000F\000a\000u\000l\000t}{subsection.5.6}% 50
\BOOKMARK [3][-]{subsubsection.5.6.2}{\376\377\000P\000a\000g\000e\000\040\000F\000e\000t\000c\000h\000i\000n\000g}{subsection.5.6}% 51
\BOOKMARK [3][-]{subsubsection.5.6.3}{\376\377\000P\000a\000g\000e\000\040\000R\000e\000p\000l\000a\000c\000e\000m\000e\000n\000t}{subsection.5.6}% 52
